1 7 1236 1560 2 
7 8 1161 1561 2 
8 9 1093 1562 2 
9 10 1028 1563 2 
10 11 960 1564 2 
11 12 885 1565 2 
12 13 821 1566 2 
13 14 749 1567 2 
14 15 674 1568 2 
15 16 609 1569 2 
16 17 522 1570 2 
17 18 441 1571 2 
18 19 362 1572 2 
19 20 279 1573 2 
20 21 204 1574 2 
21 22 129 1575 2 
22 23 72 1576 2 
23 2 1 1577 2 
2 24 7 1578 2 
24 25 15 1579 2 
25 26 20 1580 2 
26 27 27 1581 2 
27 28 31 1582 2 
28 29 30 1583 2 
29 30 26 1584 2 
30 31 18 1585 2 
31 32 13 1586 2 
32 33 5 1587 2 
33 34 9 1588 2 
34 35 19 1589 2 
35 36 33 1590 2 
36 37 37 1591 2 
37 38 41 1592 2 
38 39 40 1593 2 
39 40 36 1594 2 
40 41 25 1595 2 
41 42 14 1596 2 
42 43 4 1597 2 
43 44 11 1598 2 
44 45 21 1599 2 
45 46 34 1600 2 
46 47 38 1601 2 
47 48 42 1602 2 
48 49 39 1603 2 
49 50 35 1604 2 
50 51 23 1605 2 
51 52 12 1606 2 
52 53 3 1607 2 
53 54 10 1608 2 
54 55 17 1609 2 
55 56 24 1610 2 
56 57 29 1611 2 
57 58 32 1612 2 
58 59 28 1613 2 
59 60 22 1614 2 
60 61 16 1615 2 
61 62 8 1616 2 
62 63 6 1617 2 
63 3 2 1618 2 
3 64 43 1619 2 
64 65 98 1620 2 
65 66 165 1621 2 
66 67 240 1622 2 
67 68 320 1623 2 
68 69 392 1624 2 
69 70 460 1625 2 
70 71 544 1626 2 
71 72 618 1627 2 
72 73 679 1628 2 
73 74 751 1629 2 
74 75 816 1630 2 
75 76 871 1631 2 
76 77 939 1632 2 
77 78 1001 1633 2 
78 79 1067 1634 2 
79 80 1134 1635 2 
80 81 1199 1636 2 
81 82 1222 1637 2 
82 4 1283 1638 2 
4 83 1313 1639 4 
83 84 1334 1640 4 
84 85 1385 1641 4 
85 86 1414 1642 4 
86 87 1456 1643 4 
87 88 1470 1644 4 
88 89 1505 1645 4 
89 90 1530 1646 4 
90 5 1539 1647 4 
5 91 1553 1648 2 
91 92 1552 1649 2 
92 93 1543 1650 2 
93 94 1555 1651 2 
94 95 1546 1652 2 
95 96 1556 1653 2 
96 97 1554 1654 2 
97 98 1544 1655 2 
98 99 1548 1656 2 
99 100 1551 1657 2 
100 101 1557 1658 2 
101 102 1550 1659 2 
102 103 1545 1660 2 
103 104 1549 1661 2 
104 105 1558 1662 2 
105 106 1559 1663 2 
106 107 1540 1664 2 
107 108 1533 1665 2 
108 109 1541 1666 2 
109 6 1535 1667 2 
6 110 1536 1668 4 
110 111 1523 1669 4 
111 112 1487 1670 4 
112 113 1465 1671 4 
113 114 1425 1672 4 
114 115 1382 1673 4 
115 116 1336 1674 4 
116 117 1314 1675 4 
117 1 1271 1676 4 
