0 -1 0.0211325 0 0.0788675 0 0.1 
0 -1 0.119548 0 0.172952 0 0.0925 
0 -1 0.210581 0 0.259981 0 0.0855625 
0 -1 0.294788 0 0.340482 0 0.0791453 
0 -1 0.372679 0 0.414946 0 0.0732094 
0 -1 0.444728 0 0.483825 0 0.0677187 
0 -1 0.511373 0 0.547538 0 0.0626398 
0 -1 0.57302 0 0.606473 0 0.0579418 
0 -1 0.630044 0 0.660988 0 0.0535962 
0 -1 0.68279 0 0.711413 0 0.0495765 
0 -1 0.731581 0 0.758057 0 0.0458582 
0 -1 0.776713 0 0.801203 0 0.0424189 
0 -1 0.818459 0 0.841113 0 0.0392375 
0 -1 0.857075 0 0.878029 0 0.0362946 
0 -1 0.892794 0 0.912177 0 0.0335725 
0 -1 0.924959 0 0.940495 0 0.0269094 
0 -1 0.951868 0 0.967404 0 0.0269093 
0 -1 0.978777 0 0.994313 0 0.0269094 
0.356557 -0.934274 1.00494 0.00188531 1.01844 0.00703608 0.0250209 
0.352229 -0.935914 1.02836 0.0107966 1.04197 0.0159197 0.0251923 
0.343467 -0.939165 1.05199 0.0196347 1.06573 0.0246615 0.0253489 
0.330133 -0.943934 1.07584 0.0282791 1.08973 0.0331361 0.0254822 
0.312103 -0.950048 1.09995 0.0366013 1.11398 0.0412114 0.0255842 
0.289707 -0.957115 1.12431 0.044469 1.13848 0.048759 0.0256483 
0.266599 -0.963807 1.1489 0.0517748 1.16317 0.0557242 0.0256582 
0.244689 -0.969602 1.17365 0.0584938 1.18798 0.0621112 0.025606 
0.224049 -0.974578 1.19848 0.0646423 1.21282 0.0679399 0.025493 
0.204719 -0.978821 1.22331 0.0702424 1.23762 0.0732353 0.0253216 
0.186625 -0.982431 1.24807 0.0753205 1.2623 0.0780244 0.0250951 
0.168699 -0.985668 1.27277 0.0799138 1.28713 0.0823719 0.0252372 
0.150223 -0.988652 1.29771 0.0840807 1.31226 0.0862913 0.0254879 
0.131165 -0.991361 1.32296 0.0878122 1.33766 0.0897566 0.0256763 
0.111565 -0.993757 1.34846 0.0910766 1.36326 0.0927384 0.0257993 
0.0915111 -0.995804 1.37412 0.0938466 1.38898 0.0952126 0.0258543 
0.0713821 -0.997449 1.39987 0.0961023 1.41475 0.0971672 0.0258376 
0.0514005 -0.998678 1.42563 0.0978366 1.44047 0.0986007 0.0257478 
0.0316219 -0.9995 1.45131 0.0990514 1.46608 0.0995185 0.025586 
0.0120976 -0.999927 1.47684 0.0997543 1.49148 0.0999314 0.025354 
-0.00714529 -0.999974 1.50213 0.0999583 1.51659 0.099855 0.0250541 
-0.0264119 -0.999651 1.52723 0.0996761 1.54182 0.0992905 0.0252815 
-0.0459609 -0.998943 1.55255 0.0989015 1.56727 0.0982241 0.0255288 
-0.0657784 -0.997834 1.57808 0.0976187 1.59289 0.0966424 0.0257082 
-0.0858137 -0.996311 1.60375 0.0958169 1.6186 0.0945378 0.0258174 
-0.105934 -0.994373 1.62947 0.0934908 1.64431 0.0919094 0.0258552 
-0.125731 -0.992064 1.65516 0.0906445 1.66995 0.0887701 0.0258222 
-0.145048 -0.989425 1.68074 0.0872956 1.69543 0.0851417 0.02572 
-0.163836 -0.986488 1.70614 0.0834687 1.72069 0.081052 0.0255498 
-0.182054 -0.983288 1.73128 0.0791935 1.74565 0.0765327 0.0253142 
-0.199966 -0.979803 1.75609 0.0745009 1.77025 0.0716106 0.0250349 
-0.218793 -0.975771 1.78065 0.0693844 1.79488 0.0661928 0.0252665 
-0.238955 -0.971031 1.80531 0.0637396 1.81958 0.0602289 0.0254465 
-0.260434 -0.965492 1.83002 0.0575366 1.84427 0.0536916 0.0255716 
-0.283187 -0.959065 1.85469 0.0507499 1.86888 0.0465579 0.0256395 
-0.30626 -0.951948 1.87924 0.0433634 1.89334 0.0388279 0.0256505 
-0.325659 -0.945487 1.90361 0.0354053 1.91759 0.0305901 0.02561 
-0.340323 -0.940308 1.92778 0.026992 1.94164 0.0219771 0.0255233 
-0.349419 -0.936967 1.95047 0.0187396 1.96074 0.0149095 0.0189856 
-0.354384 -0.9351 1.96825 0.0120854 1.97851 0.00819991 0.0189902 
-0.356862 -0.934157 1.98601 0.00534543 1.99625 0.0014323 0.0189926 
0 -1 2.00528 0 2.01972 0 0.025 
0 -1 2.03068 0 2.0462 0 0.026875 
0 -1 2.05798 0 2.07466 0 0.0288906 
0 -1 2.08733 0 2.10526 0 0.0310574 
0 -1 2.11888 0 2.13815 0 0.0333868 
0 -1 2.15279 0 2.17352 0 0.0358907 
0 -1 2.18925 0 2.21153 0 0.0385825 
0 -1 2.22845 0 2.25239 0 0.0414763 
0 -1 2.27058 0 2.29632 0 0.0445869 
0 -1 2.31588 0 2.34355 0 0.047931 
0 -1 2.36457 0 2.39431 0 0.0515258 
0 -1 2.41691 0 2.44889 0 0.0553902 
0 -1 2.47318 0 2.50755 0 0.0595445 
0 -1 2.53366 0 2.57062 0 0.0640103 
0 -1 2.59869 0 2.63842 0 0.0688111 
0 -1 2.66859 0 2.7113 0 0.073972 
0 -1 2.74374 0 2.78965 0 0.0795198 
0 -1 2.82008 0 2.85733 0 0.0645164 
0 -1 2.8846 0 2.92185 0 0.0645163 
0 -1 2.94912 0 2.98637 0 0.0645164 
1 0 3 0.0211325 3 0.0788675 0.1 
1 0 3 0.122189 3 0.182811 0.105 
1 0 3 0.228299 3 0.291951 0.11025 
1 0 3 0.339713 3 0.406549 0.115763 
1 0 3 0.456699 3 0.526876 0.121551 
1 0 3 0.579534 3 0.65322 0.127628 
1 0 3 0.702719 3 0.764266 0.106603 
1 0 3 0.809322 3 0.870869 0.106603 
1 0 3 0.915925 3 0.977472 0.106603 
0 1 2.9683 1 2.8817 1 0.15 
0 1 2.8183 1 2.7317 1 0.15 
0 1 2.6683 1 2.5817 1 0.15 
0 1 2.5183 1 2.4317 1 0.15 
0 1 2.3683 1 2.2817 1 0.15 
0 1 2.2183 1 2.1317 1 0.15 
0 1 2.0683 1 1.9817 1 0.15 
0 1 1.9183 1 1.8317 1 0.15 
0 1 1.7683 1 1.6817 1 0.15 
0 1 1.6183 1 1.5317 1 0.15 
0 1 1.4683 1 1.3817 1 0.15 
0 1 1.3183 1 1.2317 1 0.15 
0 1 1.1683 1 1.0817 1 0.15 
0 1 1.0183 1 0.931699 1 0.15 
0 1 0.868301 1 0.781699 1 0.15 
0 1 0.718301 1 0.631699 1 0.15 
0 1 0.568301 1 0.481699 1 0.15 
0 1 0.418301 1 0.331699 1 0.15 
0 1 0.268301 1 0.181699 1 0.15 
0 1 0.118301 1 0.0316987 1 0.15 
-1 0 0 0.968301 0 0.881699 0.15 
-1 0 0 0.819886 0 0.737614 0.1425 
-1 0 0 0.678892 0 0.600733 0.135375 
-1 0 0 0.544947 0 0.470696 0.128606 
-1 0 0 0.4177 0 0.347162 0.122176 
-1 0 0 0.298707 0 0.236864 0.107114 
-1 0 0 0.191593 0 0.12975 0.107114 
-1 0 0 0.0957963 0 0.0648751 0.0535571 
-1 0 0 0.0422392 0 0.011318 0.0535571 
