1 0 
20.5 0 
0.5 20 
-19.5 0 
0.5 -20 
0.980389 -0.00389417 
0.958255 -0.00699308 
0.933996 -0.0101594 
0.907507 -0.0135253 
0.878616 -0.0171014 
0.847919 -0.0207724 
0.817015 -0.024329 
0.786393 -0.0277255 
0.755813 -0.030995 
0.725302 -0.0341331 
0.694886 -0.037135 
0.664592 -0.0399954 
0.634448 -0.0427077 
0.60448 -0.0452642 
0.574717 -0.0476564 
0.54519 -0.0498749 
0.515929 -0.051908 
0.486967 -0.053744 
0.45834 -0.0553709 
0.430083 -0.0567761 
0.402236 -0.0579463 
0.374839 -0.0588675 
0.347935 -0.0595279 
0.32157 -0.0599139 
0.295791 -0.0600134 
0.270647 -0.0598164 
0.246188 -0.0593119 
0.222469 -0.0584916 
0.199541 -0.0573485 
0.17746 -0.0558763 
0.156282 -0.0540704 
0.136063 -0.0519269 
0.116862 -0.0494428 
0.0987367 -0.0466131 
0.0817502 -0.0434341 
0.0648093 -0.0396101 
0.0487934 -0.0351776 
0.033923 -0.0300095 
0.0204274 -0.0238295 
0.00994854 -0.0169954 
0.00263074 -0.00893662 
4.18498e-06 0.00035955 
0.00291522 0.00939587 
0.0103466 0.0173155 
0.0206119 0.0239287 
0.0332649 0.0297483 
0.0472228 0.0346881 
0.0622806 0.03897 
0.0783338 0.0427212 
0.0953226 0.0460188 
0.112544 0.0488151 
0.13048 0.0512532 
0.149436 0.0533938 
0.169365 0.0552351 
0.190221 0.0567744 
0.211957 0.0580129 
0.234524 0.0589518 
0.257876 0.0595938 
0.281965 0.0599432 
0.306743 0.0600065 
0.332164 0.0597917 
0.358183 0.0593065 
0.384754 0.0585619 
0.411834 0.0575684 
0.439383 0.0563368 
0.46736 0.0548795 
0.495728 0.0532081 
0.524449 0.0513338 
0.55349 0.0492676 
0.582817 0.0470204 
0.6124 0.0446025 
0.642208 0.0420227 
0.672212 0.0392884 
0.702384 0.0364069 
0.732698 0.0333839 
0.763127 0.0302242 
0.793644 0.0269322 
0.824223 0.0235114 
0.854837 0.0199574 
0.885879 0.0162128 
0.916179 0.0124318 
0.944271 0.00883291 
0.962925 0.00636583 
0.981559 0.00370866 
20.0259 4.21764 
18.6179 8.49578 
16.185 12.4045 
13.0838 15.5419 
9.35278 17.9432 
5.04558 19.4615 
-3.75217 19.5194 
-8.04267 18.0954 
-11.9557 15.6445 
-15.09 12.524 
-17.4673 8.80459 
-18.9668 4.51943 
-19.0265 -4.21418 
-17.6208 -8.48963 
-15.191 -12.3969 
-12.0934 -15.5342 
-8.37276 -17.9332 
-4.05643 -19.4592 
4.75217 -19.5194 
9.05051 -18.0917 
12.9689 -15.634 
16.1055 -12.5046 
18.4807 -8.7778 
19.9698 -4.50491 
-0.00593567 -0.00755492 
-0.00793343 0.00412449 
-0.000158761 -0.0185832 
-0.00782784 0.0164361 
-0.0171479 -0.00411814 
0.00157713 0.0220361 
0.00903187 -0.0284153 
0.0103536 0.0290092 
-0.0188177 0.0104137 
-0.0122544 -0.0180979 
-0.006716 0.0276294 
0.000551567 0.0324616 
-0.0040281 -0.0310853 
0.0209757 -0.0369395 
0.0210695 0.0365986 
-0.01736 0.0253479 
-0.0305684 0.00166772 
-0.0265002 -0.0153271 
0.00694916 -0.0424824 
0.00766612 0.041417 
0.0198953 0.0512956 
0.0352135 -0.0443506 
0.0341884 0.0438408 
0.0201969 -0.0523251 
-0.019117 -0.031608 
-0.0313843 0.0190442 
-0.00988086 0.0418399 
0.0513085 -0.0507638 
0.0490906 0.0502703 
0.0344208 0.0602636 
-0.00878033 -0.0463643 
0.00360901 0.0565337 
0.0357676 -0.0610128 
0.00375334 -0.0590852 
-0.0430832 -0.0102468 
0.0686748 -0.056255 
0.0654304 0.0557983 
-0.0365677 -0.0297729 
-0.0287273 0.0368061 
0.0827291 0.0603752 
-0.0463626 0.00967771 
0.104832 -0.0649598 
0.0865505 -0.0609148 
0.0176749 0.0686207 
0.0183649 -0.0702629 
0.050966 0.0681383 
0.0535217 -0.0686277 
0.100466 0.0642269 
0.123878 -0.0686113 
-0.0268522 -0.0482131 
-0.0462928 0.0300765 
-0.0123911 0.0604287 
0.0689817 0.0746214 
0.118558 0.0677039 
0.0723392 -0.0750579 
-0.0245614 0.0531805 
-0.0625149 -0.00310633 
0.0342861 0.0795023 
-0.0146211 -0.064417 
0.0356536 -0.0804307 
0.143889 -0.071915 
-0.00209296 0.07457 
-0.000675416 -0.0783464 
-0.0567832 -0.0256202 
0.995784 0.0198596 
0.137367 0.070913 
0.0873514 0.0792806 
0.16489 -0.0748555 
0.091211 -0.0805475 
-0.0478252 -0.0476875 
-0.041956 0.0512987 
0.157096 0.0738305 
0.014652 0.089291 
0.186844 -0.0773842 
-0.0651778 0.0198283 
0.0154848 -0.0912141 
0.10541 0.0836177 
0.05311 0.0888522 
0.11026 -0.0855975 
0.0553622 -0.0892813 
0.977634 0.020729 
0.177772 0.0764222 
0.209642 -0.0794003 
-0.0357301 -0.0680377 
0.998608 -0.0198122 
-0.0287136 0.0750623 
0.199357 0.0786702 
0.123994 0.0878177 
0.130145 -0.0902036 
-0.0641098 0.0438459 
0.233158 -0.0810305 
-0.0215245 -0.0849227 
0.0737085 0.0956859 
0.0754712 -0.0960891 
0.0339582 0.102386 
0.2218 0.0805698 
0.960885 0.0293626 
1.01689 0.0148471 
1.01923 -0.00808257 
-0.0802841 -0.0194517 
0.0350779 -0.103289 
0.143442 0.0918578 
0.257426 -0.0824137 
0.151032 -0.0943109 
-0.00860714 0.096477 
-0.0854506 0.0059029 
-0.0722019 -0.044704 
0.245048 0.0821224 
-0.00656118 -0.100094 
1.01854 -0.0296975 
0.282469 -0.0834852 
0.975995 -0.0274479 
1.04081 0.0070534 
0.0920193 0.0970721 
0.0945171 -0.102563 
0.269052 0.0833313 
0.163892 0.0955669 
0.172906 -0.0980144 
0.308196 -0.0842148 
-0.0605722 -0.0694564 
-0.0578157 0.0691635 
0.293763 0.0842035 
0.0108988 0.11418 
1.01128 0.0346262 
0.935195 0.0368791 
0.334535 -0.0846039 
0.185317 0.0989621 
0.109053 0.105057 
0.0113602 -0.115869 
1.04156 -0.0209112 
0.319133 0.0847465 
0.0562708 0.113296 
0.114217 -0.109374 
0.195851 -0.10104 
0.0576207 -0.112961 
-0.0875943 0.0324783 
0.361429 -0.0846646 
0.345114 0.0849706 
0.951502 -0.0332249 
0.207643 0.101921 
0.388829 -0.0844105 
-0.0450508 -0.0915955 
0.219281 -0.102893 
0.371661 0.0848857 
1.03499 0.0339289 
-0.0311194 0.101958 
0.128857 0.106841 
0.41669 -0.0838571 
0.13544 -0.114457 
0.398729 0.0845046 
-0.107356 -0.0115033 
0.23082 0.104526 
0.44497 -0.0830188 
0.084996 0.1205 
0.243029 -0.105036 
0.426275 0.0838392 
-0.0493228 0.0921814 
-0.0849045 0.0614242 
-0.028004 -0.10527 
0.0778923 -0.116411 
0.988397 0.0438503 
0.47363 -0.0819117 
0.0335468 0.129805 
0.905447 0.0427591 
0.454258 0.0829033 
-0.100313 -0.0393385 
0.034957 -0.130627 
0.254761 0.106686 
0.147832 0.115032 
0.50263 -0.0805503 
0.482639 0.08171 
-0.0899307 -0.0679014 
0.157163 -0.119289 
0.267829 -0.107014 
1.03492 -0.0497169 
0.531936 -0.0789494 
0.999503 -0.0489236 
0.925349 -0.0394861 
0.511382 0.0802728 
0.561514 -0.0771224 
0.279441 0.108493 
-0.0166185 0.122636 
0.540451 0.0786043 
1.06877 -0.00542181 
0.591334 -0.0750829 
0.569812 0.0767173 
0.293477 -0.10869 
-0.112357 0.0168625 
-0.0161239 -0.124655 
0.0941939 -0.127829 
0.621364 -0.0728423 
0.169964 0.116122 
0.599435 0.0746232 
1.06492 0.0269625 
0.651577 -0.0704118 
0.62929 0.0723331 
0.304781 0.109876 
0.180301 -0.123613 
0.681944 -0.0678011 
0.659349 0.069856 
0.71244 -0.0650211 
0.319804 -0.109935 
0.689582 0.0672008 
0.874465 0.0475734 
0.743042 -0.0620911 
0.719965 0.0643765 
0.773775 -0.0590523 
0.750471 0.0614012 
-0.0747105 -0.0963273 
0.804747 -0.055957 
0.781105 0.0583256 
0.835874 -0.0525389 
0.811991 0.0552027 
0.330763 0.11092 
0.896624 -0.0443025 
0.191114 0.124001 
-0.0747732 0.0921198 
0.866644 -0.0484988 
0.346728 -0.110827 
0.0064948 0.14437 
0.11999 0.131994 
0.843181 0.0517149 
0.205334 -0.126455 
0.00616621 -0.145867 
0.117903 -0.136631 
0.35731 0.111568 
0.0593191 0.1424 
0.0653318 -0.141188 
0.37416 -0.111311 
1.02069 0.0583871 
1.06805 -0.0390695 
0.970416 -0.0509877 
0.384404 0.111897 
0.215171 0.123908 
0.402078 -0.111469 
-0.114036 0.0485852 
-0.0506586 -0.123994 
0.227908 -0.124846 
-0.0516029 0.121861 
0.411974 0.111863 
0.430411 -0.111259 
-0.137024 -0.00219084 
0.140332 -0.137871 
0.440003 0.111534 
1.0558 0.0594068 
0.238165 0.13126 
0.960011 0.0602247 
0.459143 -0.110754 
0.251222 -0.131845 
-0.1314 -0.0312293 
0.468426 0.110877 
0.488211 -0.109921 
0.497229 0.109951 
0.263685 0.129891 
0.517603 -0.108822 
0.0340222 0.162277 
-0.108426 0.084956 
0.160795 0.144175 
-0.110954 -0.0959555 
-0.123742 -0.0626441 
0.526353 0.108731 
0.0884704 0.155713 
0.277332 -0.130318 
0.54726 -0.107433 
0.161883 -0.147716 
0.0352716 -0.163972 
0.555785 0.107268 
1.09852 0.0148044 
0.577174 -0.105806 
0.947399 -0.0640404 
0.585475 0.105543 
0.288238 0.136662 
0.607292 -0.103922 
0.615411 0.103599 
1.06166 -0.0758497 
0.302835 -0.137011 
0.637605 -0.101823 
0.645546 0.101419 
0.0932662 -0.158434 
0.668067 -0.0994966 
0.675874 0.0990387 
-0.0272135 0.155286 
0.69866 -0.0969847 
0.706348 0.0964481 
0.314965 0.134088 
0.729348 -0.0942932 
0.736958 0.0936903 
0.895337 0.0766645 
0.188681 -0.148279 
0.760153 -0.0915386 
0.767675 0.0908232 
0.79135 -0.088857 
0.798637 0.0881203 
-0.0283081 -0.156683 
0.330524 -0.134268 
1.10131 -0.0214481 
0.823617 -0.0864547 
0.927957 0.0703164 
0.86319 0.081666 
0.830656 0.0858153 
0.855642 -0.0820786 
0.885881 -0.0758645 
1.09317 0.0514121 
-0.144136 0.0292586 
1.02054 -0.0827153 
0.340865 0.14028 
0.916681 -0.0722366 
-0.0926218 -0.129587 
-0.0925507 0.123877 
0.357348 -0.140349 
0.206789 0.155126 
0.368619 0.136607 
0.22099 -0.155782 
0.00268501 0.181454 
0.129528 -0.169415 
0.385962 -0.136462 
0.061316 0.17165 
0.124071 0.172382 
0.395674 0.142241 
0.00126335 -0.183428 
0.994614 0.0822086 
0.0646194 -0.174079 
0.413821 -0.14196 
0.424283 0.137574 
0.443159 -0.137065 
0.979675 -0.0797856 
1.1011 -0.0605803 
1.03769 0.0940591 
0.452311 0.142678 
-0.160112 -0.0203048 
-0.145795 0.0694768 
0.256475 0.163983 
0.471871 -0.142024 
0.481615 0.137123 
0.270203 -0.164606 
0.501783 -0.136243 
1.08296 0.0913845 
0.510452 0.141734 
-0.0692658 -0.164314 
-0.068213 0.16227 
-0.166809 0.00493561 
-0.161108 -0.0508721 
0.531191 -0.140706 
0.54031 0.135392 
1.13435 0.000132098 
-0.135617 0.116625 
0.561545 -0.134149 
-0.151864 -0.0904693 
0.56981 0.139546 
0.591508 -0.138152 
0.177236 -0.184399 
0.600097 0.132511 
-0.136492 -0.129775 
0.0858155 0.19321 
0.0418262 0.202932 
0.622183 -0.130915 
0.630138 0.136238 
0.308866 0.170619 
0.168211 0.189284 
0.652548 -0.134483 
0.66075 0.128592 
0.683423 -0.126664 
0.324426 -0.171144 
0.0419858 -0.206584 
0.691229 0.131922 
1.13186 0.037298 
0.713995 -0.129929 
0.722065 0.123752 
0.74497 -0.121758 
0.752846 0.126826 
0.775764 -0.125372 
0.884625 0.112882 
0.783816 0.118557 
0.808307 -0.117899 
0.814938 0.122884 
0.0893549 -0.196055 
0.845703 -0.124568 
0.851597 0.118862 
0.877279 -0.105623 
0.903652 -0.101217 
0.918492 0.108483 
1.09576 -0.104083 
-0.0378923 0.19699 
0.363504 0.175187 
0.957555 0.100585 
0.380917 -0.175415 
-0.0404639 -0.198456 
0.942458 -0.107153 
1.12775 0.0796729 
1.13895 -0.0379961 
1.04912 -0.118535 
-0.188367 0.0396104 
-0.115629 -0.169514 
0.218366 0.204097 
-0.115413 0.163937 
0.420072 0.177873 
0.230077 -0.20428 
0.439051 -0.177716 
0.125322 0.217441 
-0.00115833 0.22565 
0.130721 -0.218912 
-0.0041845 -0.228747 
-0.202315 -0.0207512 
0.478247 0.178854 
0.49853 -0.178286 
0.537725 0.1783 
1.14141 -0.0836811 
0.271859 0.215874 
-0.183492 0.0997632 
0.0782641 0.236897 
0.559083 -0.17731 
1.06538 0.137845 
0.286133 -0.216875 
0.997081 -0.122284 
0.598247 0.176365 
-0.197343 -0.0769484 
0.620431 -0.174892 
1.11812 0.129036 
-0.185523 -0.12415 
1.16582 0.0195226 
0.659619 0.173179 
0.080116 -0.24269 
0.682071 -0.171129 
1.00323 0.136563 
-0.0882846 -0.209994 
-0.0864236 0.208051 
-0.168419 0.156991 
0.721724 0.168901 
0.743475 -0.167004 
1.16919 -0.0111429 
0.327408 0.224709 
0.903942 0.143372 
0.784008 0.164152 
0.804633 -0.165009 
-0.167082 -0.169996 
0.875645 0.147581 
0.840699 0.162204 
0.896588 -0.140835 
0.0357838 0.246509 
0.34403 -0.22564 
0.174833 0.240327 
0.183628 -0.241246 
0.0340144 -0.252791 
1.17315 0.0580794 
0.943075 0.147933 
-0.237488 0.0204055 
0.384731 0.230944 
0.403202 -0.231522 
1.13498 -0.137214 
-0.0481082 0.246773 
-0.0519251 -0.248823 
1.17051 0.112666 
1.08495 -0.147068 
0.443638 0.234889 
0.230579 0.259223 
0.463578 -0.235012 
1.18502 -0.0489318 
-0.237765 0.0740193 
0.12208 0.271332 
0.85529 -0.171628 
0.242975 -0.2606 
-0.142634 -0.216883 
-0.143574 0.211731 
0.503866 0.23685 
0.00106932 0.277099 
0.12907 -0.27503 
0.525015 -0.236476 
0.954962 -0.164985 
-0.00387523 -0.281531 
0.565185 0.237048 
-0.24234 -0.0599614 
0.587386 -0.236034 
1.2174 0.0120352 
-0.258703 -0.0202513 
0.0608463 0.287393 
0.288522 0.273618 
-0.227863 0.140465 
0.62741 0.23562 
0.650357 -0.23332 
0.303986 -0.275199 
1.19163 -0.109481 
-0.240945 -0.109131 
0.690575 0.232659 
-0.223659 -0.163957 
0.0622831 -0.301174 
0.711839 -0.227887 
0.755224 0.228024 
1.10427 0.185495 
0.772035 -0.224229 
0.896944 0.197098 
0.822333 0.220134 
1.16095 0.171829 
1.0313 -0.179315 
0.347526 0.284236 
-0.107017 0.262617 
0.834269 -0.220534 
0.89706 -0.201774 
-0.108454 -0.265055 
0.365405 -0.28562 
-0.208635 0.20571 
-0.202479 -0.216297 
0.179579 0.301719 
0.19089 -0.302658 
0.40773 0.291482 
1.22496 0.0850829 
0.975835 0.201935 
1.04374 0.196218 
0.427379 -0.29241 
-0.298119 0.0276587 
1.10923 -0.195999 
-0.0556184 0.307635 
0.468965 0.296132 
1.18351 -0.180233 
0.0160718 0.346104 
0.489979 -0.296509 
1.24654 -0.0607742 
1.22258 0.152613 
-0.0595175 -0.310015 
0.24296 0.323729 
0.108478 0.344702 
0.00507146 -0.344484 
0.531256 0.298833 
0.256376 -0.325382 
0.553526 -0.298544 
-0.294848 0.112906 
0.128585 -0.339172 
-0.177559 0.268969 
-0.173915 -0.273659 
0.594607 0.2996 
-0.307802 -0.0686683 
0.618655 -0.297945 
0.961513 -0.235281 
0.658901 0.298481 
0.685602 -0.292287 
0.305595 0.339983 
0.724693 0.295457 
0.741571 -0.276743 
-0.281405 0.189245 
0.793569 0.29001 
0.322243 -0.34215 
-0.287363 -0.153005 
0.867314 0.280451 
-0.259354 -0.205718 
0.801458 -0.283388 
0.880682 -0.269801 
1.2756 0.0523818 
1.25636 -0.142139 
1.28717 -0.00389959 
1.209 0.225764 
1.14706 0.228716 
0.368618 0.351214 
0.943348 0.271167 
0.387841 -0.35311 
0.0689239 -0.364332 
-0.129824 0.329174 
0.18606 0.375321 
-0.247948 -0.266999 
-0.257837 0.263727 
-0.12757 -0.333328 
0.195698 -0.373652 
0.43148 0.357219 
0.452398 -0.358515 
-0.378913 -0.00817377 
1.28893 0.116506 
1.01854 0.267693 
-0.0651847 0.380936 
0.0582653 0.404691 
1.1589 -0.261062 
0.494148 0.362455 
-0.370211 0.0773077 
0.516417 -0.363115 
1.05331 -0.274392 
-0.0587735 -0.385112 
1.09227 0.255658 
0.558556 0.36588 
0.255332 0.398872 
1.24709 -0.234792 
0.582784 -0.365649 
1.28693 0.201334 
1.3356 -0.0741833 
0.26838 -0.401177 
0.624273 0.367267 
0.0287973 -0.416984 
0.654334 -0.364522 
0.691164 0.366386 
0.118763 -0.411546 
-0.362696 0.161921 
0.120805 0.428737 
0.743309 -0.351857 
0.948002 -0.321907 
-0.218011 0.338884 
-0.209584 -0.344772 
0.760509 0.363493 
-0.353427 -0.139692 
0.834149 0.358084 
0.323453 0.414209 
-0.00276397 0.41758 
0.912553 0.350241 
0.846788 -0.349451 
1.35232 0.0439194 
-0.331653 -0.224744 
0.341411 -0.417245 
-0.346853 0.246675 
-0.390054 -0.0852322 
0.392736 0.423322 
0.413556 -0.425779 
1.33555 -0.191663 
1.27145 0.293748 
1.1715 0.308528 
0.98315 0.334922 
-0.15477 0.412738 
0.193298 0.458065 
0.453967 0.418599 
-0.441412 0.0381462 
0.476182 -0.42028 
-0.318271 0.333507 
0.194705 -0.45892 
-0.306112 -0.334902 
-0.143212 -0.421465 
0.0394863 0.484005 
1.22671 -0.333991 
0.516252 0.436385 
0.540206 -0.437742 
1.06954 0.355001 
1.37105 0.153376 
-0.0675654 0.467203 
1.43841 -0.0294694 
0.0851983 -0.507084 
0.5848 0.429198 
-0.0439621 -0.479023 
0.612021 -0.429853 
-0.460554 -0.0472188 
-0.451449 0.119319 
0.270646 0.484452 
1.02641 -0.384722 
0.651536 0.443509 
0.688777 -0.445613 
0.285488 -0.489029 
0.722764 0.430794 
0.916898 -0.421485 
1.36743 0.261199 
1.32505 -0.301576 
0.794594 0.442371 
0.799497 -0.442721 
0.874562 0.425275 
1.1276 -0.355612 
0.125744 0.503611 
-0.445148 0.216671 
-0.438603 -0.166443 
1.43062 -0.138897 
-0.267835 0.426721 
0.346128 0.485237 
-0.251113 -0.438308 
0.366395 -0.489106 
-0.417726 -0.303295 
0.970086 0.436492 
-0.427193 0.314029 
1.46112 0.0809947 
0.43541 0.505193 
0.458914 -0.508188 
-0.546142 0.036782 
1.35105 0.370976 
1.4284 -0.255762 
0.191884 0.554669 
0.201872 -0.564426 
-0.0432948 0.570095 
1.25118 0.395495 
-0.0114571 -0.590358 
-0.180202 0.531899 
0.568948 0.524212 
-0.394003 0.41764 
-0.155349 -0.548316 
0.596399 -0.527567 
1.30709 -0.415586 
0.0796199 0.58557 
-0.375579 -0.42949 
1.16182 0.411098 
1.47419 0.204802 
0.712246 0.532966 
0.315635 0.590051 
0.736995 -0.547777 
-0.559556 -0.110489 
1.09834 -0.450045 
1.0049 -0.499112 
0.87463 -0.535011 
1.51483 -0.0866625 
1.53053 0.000152613 
0.338892 -0.595566 
0.860816 0.54009 
1.09179 0.480947 
-0.553638 0.168203 
1.46397 0.336576 
0.103405 -0.61803 
1.19652 -0.444797 
1.41727 -0.378798 
-0.543999 -0.257832 
-0.544752 0.280491 
-0.337694 0.533996 
-0.511132 -0.403146 
-0.310106 -0.554816 
1.53661 -0.188305 
-0.524615 0.392937 
0.465405 0.639524 
0.494168 -0.642341 
0.170231 0.698822 
-0.00172055 0.692725 
1.00245 0.575991 
1.59659 0.108428 
-0.684074 -0.037592 
-0.12545 0.652883 
-0.0906495 -0.673337 
0.0364519 -0.713654 
1.43503 0.466424 
0.2038 -0.709365 
1.54093 -0.327678 
0.618437 0.663131 
1.3262 0.469265 
-0.675297 0.105975 
0.654239 -0.665092 
1.39581 -0.492361 
-0.488643 0.517953 
0.766195 0.673073 
-0.460899 -0.545035 
0.81573 -0.664857 
1.22369 0.518529 
0.973684 -0.637772 
1.6343 -0.0661363 
-0.259706 0.665486 
1.13153 -0.577876 
1.59501 0.277439 
-0.223525 -0.689001 
-0.682715 -0.197852 
0.345159 0.753232 
-0.670119 0.231706 
0.377295 -0.753656 
0.908274 0.69251 
1.29006 -0.547407 
1.12381 0.59493 
1.57668 0.432163 
-0.661165 -0.360778 
1.52152 -0.477463 
-0.659263 0.352378 
-0.429579 0.661461 
0.0513339 0.839659 
-0.622126 -0.519747 
1.74005 0.0540359 
-0.390132 -0.692891 
1.6781 -0.237885 
-0.639331 0.482289 
0.514456 0.791746 
-0.815038 0.0474252 
0.550749 -0.793212 
0.108175 -0.859778 
-0.137338 0.806515 
-0.0917548 -0.830938 
0.21782 0.874958 
0.679209 0.805684 
1.06325 0.716693 
1.73744 0.203758 
0.734631 -0.809472 
0.916681 -0.798805 
-0.831448 -0.117094 
1.5297 0.596482 
0.266359 -0.855783 
1.36382 0.589229 
1.6808 -0.41564 
0.814419 0.794886 
1.45035 -0.645087 
-0.785377 0.172216 
1.0917 -0.764887 
-0.566009 -0.68214 
-0.60517 0.636195 
1.22994 0.685747 
1.83643 -0.0951845 
1.26571 -0.718341 
1.73169 0.367294 
-0.341083 0.822308 
-0.829989 -0.297123 
-0.293015 -0.853146 
0.391447 0.926477 
-0.803031 0.29755 
0.419596 -0.921072 
0.943392 0.852792 
1.71504 0.546102 
-0.799772 -0.477242 
-0.0464205 0.985098 
0.0116278 -1.01706 
-0.771496 0.426747 
1.65729 -0.604129 
0.104903 0.980032 
-0.955998 -0.0154548 
-0.75569 -0.653713 
-0.539583 0.815667 
0.581693 0.957497 
0.624169 -0.964448 
0.231255 -1.03434 
1.88811 0.118233 
-0.783976 0.574685 
-0.486713 -0.858379 
1.85016 -0.313262 
0.834788 -0.975446 
-0.95478 0.173544 
0.773101 0.939465 
1.16247 0.903528 
0.242491 1.05554 
-0.231941 0.995033 
1.03419 -0.957766 
-0.178033 -1.02515 
1.86859 0.282696 
1.66498 0.756297 
-1.03222 -0.195212 
1.41758 0.793816 
1.22248 -0.921769 
1.61579 -0.818821 
1.85633 -0.521012 
-0.693318 -0.844501 
2.05715 -0.00604067 
-0.748737 0.780583 
1.41294 -0.873021 
1.90124 0.449422 
0.0596524 1.1387 
0.44299 1.12768 
-0.994999 -0.415196 
-0.439173 1.01169 
-0.960512 0.429126 
0.470916 -1.12267 
2.00423 -0.200495 
-0.378079 -1.05001 
0.934771 1.06535 
0.0883739 -1.18071 
-0.957982 -0.605553 
1.8923 0.679007 
-1.14316 0.0221683 
0.686567 1.14344 
0.716947 -1.16657 
-0.912649 -0.803086 
-0.116567 1.14196 
-0.0642884 -1.17213 
1.83531 -0.752047 
-0.670512 1.00584 
0.953165 -1.16995 
-0.972833 0.698718 
2.07609 0.262638 
-0.601732 -1.05872 
2.06036 -0.389019 
0.276099 -1.27841 
1.36085 1.0337 
1.16376 -1.14012 
0.237839 1.27947 
-1.19784 0.27459 
-0.293625 1.20852 
1.58762 1.00296 
1.84674 0.939058 
-0.228019 -1.24129 
1.1648 1.18951 
1.36077 -1.10158 
-1.29559 -0.173439 
-1.1818 -0.350552 
2.21944 -0.188323 
-0.848645 -1.03549 
1.78464 -1.00227 
2.08023 -0.643317 
1.56392 -1.05553 
-0.924583 0.964435 
2.311 0.0726354 
0.520304 1.39882 
2.12378 0.550749 
0.876085 1.36363 
0.548739 -1.36647 
-1.17564 -0.545974 
-0.0514343 1.3688 
0.0165271 -1.38911 
-0.544431 1.24513 
-1.22065 0.566355 
-0.465555 -1.29113 
-1.11164 -0.73252 
0.832708 -1.40544 
2.11339 0.842989 
-1.41078 0.0771194 
-1.11292 -0.956657 
2.04406 -0.931345 
-0.826837 1.24173 
1.09784 -1.38925 
-1.20421 0.875549 
-0.738048 -1.3035 
2.37046 0.371622 
2.37058 -0.456236 
0.223701 1.57302 
1.45855 1.29094 
1.29327 -1.31431 
0.319892 -1.56045 
2.51555 -0.146687 
1.76684 1.22602 
-1.3969 -0.416813 
1.5017 -1.31575 
-0.352298 1.48733 
1.18596 1.49543 
-0.258111 -1.52378 
2.06228 1.15703 
-1.5904 -0.18077 
-1.48462 0.381283 
1.95642 -1.23524 
-1.041 -1.2667 
0.708812 1.60634 
1.70973 -1.23401 
2.34911 -0.809127 
-1.13858 1.19464 
0.650556 -1.65741 
2.39704 0.699968 
-1.38265 -0.75208 
-0.088563 1.72555 
2.62395 0.158136 
0.486154 1.69277 
0.0370654 -1.73932 
-0.670095 1.53529 
0.982495 -1.68656 
-0.562407 -1.59215 
-1.51016 0.724992 
2.38078 1.04867 
-1.73868 0.125768 
0.942678 1.65281 
-1.37639 -1.1548 
2.29218 -1.15697 
1.33687 -1.61944 
-1.01717 1.5322 
-1.48323 1.09076 
2.70519 -0.361379 
1.67531 1.49379 
-0.902155 -1.60545 
0.265142 1.95787 
2.86841 -0.0942487 
1.45396 1.60342 
0.397651 -1.9095 
2.69251 0.506593 
2.69009 -0.655092 
1.95926 1.49494 
-1.70788 -0.519014 
1.75143 -1.56173 
2.31986 1.42498 
-1.95669 -0.210455 
-0.294186 -1.88457 
0.731908 1.91995 
-0.441546 1.83468 
1.21673 1.88016 
2.18156 -1.53767 
-1.27804 -1.55837 
0.779427 -2.00928 
-1.83197 0.492002 
2.65531 -1.01833 
-1.39968 1.47619 
2.7201 0.888815 
2.99172 0.27191 
-0.142085 2.1134 
-1.75241 -0.953251 
0.0726322 -2.14333 
-0.824655 1.89062 
1.1657 -2.03931 
-0.67729 -1.96704 
-1.86196 0.904439 
2.70478 1.29912 
-2.14232 0.16489 
-1.70309 -1.43665 
2.60143 -1.42906 
1.57921 -2.01992 
1.71885 1.84998 
3.08942 -0.449498 
-1.24853 1.88874 
0.529709 2.32337 
-1.82465 1.34822 
-1.10357 -1.97901 
3.2919 -0.0150294 
0.496488 -2.3297 
0.15573 2.33678 
0.982965 2.31883 
2.19553 1.83943 
-2.11551 -0.645132 
3.06089 0.675997 
2.99339 -0.839335 
2.02624 -1.97653 
-0.335341 -2.339 
-2.40908 -0.253251 
2.63547 1.74758 
2.49253 -1.89942 
-0.541351 2.24958 
-1.56534 -1.9236 
0.930868 -2.43721 
-2.25973 0.608078 
3.0398 -1.23298 
-1.7184 1.82041 
1.48237 2.32852 
3.10786 1.10853 
-0.159528 2.55263 
3.42313 0.434226 
-2.22142 -1.21828 
0.118456 -2.64141 
1.37477 -2.47966 
-1.00447 2.32864 
-0.827409 -2.43875 
-2.29375 1.11299 
3.10256 1.5931 
-2.63741 0.200529 
-2.07019 -1.80011 
0.308503 2.70836 
0.735697 2.67524 
2.98727 -1.75879 
3.57491 -0.329489 
2.01139 2.31062 
3.50704 -0.851733 
1.84308 -2.46958 
-2.24236 1.66036 
-1.52845 2.32832 
0.61211 -2.83577 
2.51057 2.23439 
-1.36064 -2.43531 
-2.61419 -0.762481 
3.81015 0.104458 
1.17394 2.79368 
2.33495 -2.41989 
3.43697 0.857261 
-0.397657 -2.97554 
-2.95796 -0.307828 
3.00346 2.12191 
-1.91641 -2.36397 
2.86195 -2.33125 
-0.625124 2.77128 
1.10448 -2.95432 
-0.0691425 3.10063 
-2.78325 0.741263 
3.53486 -1.51896 
-2.10829 2.24194 
3.63775 1.32934 
1.7604 2.839 
-2.55751 -1.65536 
0.205519 -3.22885 
3.95067 0.741738 
0.658054 3.21561 
1.61466 -3.00115 
-1.21597 2.88136 
-2.76528 -1.26736 
-2.82104 1.36516 
-1.06361 -3.00619 
4.17796 -0.427426 
3.55254 1.95609 
-3.24081 0.240367 
-2.52324 -2.19653 
3.45331 -2.17619 
2.36706 2.78658 
0.742074 -3.4381 
2.13298 -2.97613 
-2.75299 2.04202 
-1.87541 2.86541 
2.84385 2.6075 
-1.68799 -2.98565 
-3.1901 -0.928613 
4.16905 -1.18319 
2.66868 -2.93201 
-0.178676 -3.59234 
4.44347 0.265889 
1.39 3.39811 
-0.700602 3.51943 
-3.6243 -0.378347 
-2.34764 -2.89445 
3.39417 2.58933 
3.28528 -2.86306 
0.12524 3.81104 
1.3077 -3.5692 
-0.711817 -3.6363 
4.2212 1.30446 
-3.42106 0.903362 
4.12529 -1.9246 
-2.58662 2.75717 
4.06252 1.74368 
0.287681 -3.89452 
-3.2404 -1.77631 
2.11745 3.43402 
4.87521 -0.164195 
1.90861 -3.59648 
4.64949 0.951722 
0.916014 4.00025 
-1.51807 3.53349 
-3.46433 1.67409 
-1.37298 -3.67337 
-3.97599 0.288523 
4.09505 2.34874 
-3.07797 -2.69119 
4.87664 -0.798746 
2.95601 3.28079 
4.01129 -2.6976 
2.42107 -3.47116 
0.88902 -4.15168 
-3.37786 2.50894 
-2.30297 3.51765 
-2.08557 -3.65271 
-3.9038 -1.12751 
-0.271269 -4.22821 
-0.431124 4.4027 
2.98955 -3.57613 
5.16879 0.461888 
4.85637 -1.56755 
1.70403 4.11443 
-4.43757 -0.467417 
-2.87296 -3.5417 
3.91544 3.18781 
0.383314 4.63143 
3.78548 -3.52694 
-1.12396 4.17231 
1.57355 -4.27773 
4.73335 1.77951 
-0.948093 -4.40659 
-4.19867 1.10237 
4.83009 -2.40383 
0.338031 -4.69261 
-3.17345 3.38714 
-3.80032 -2.45951 
2.55017 4.17279 
5.67861 -0.262363 
2.40982 -4.26955 
-4.11358 -1.87882 
-1.85774 4.31821 
5.29159 1.21769 
-4.25027 2.05217 
-4.87306 0.346903 
-1.71419 -4.48308 
1.24242 4.83163 
-3.76215 -3.28315 
4.8432 2.8114 
4.69152 -3.33338 
5.50586 -1.13394 
3.54575 4.13855 
1.10331 -4.99661 
-0.157166 5.17387 
-4.14346 3.07968 
-2.82482 4.31958 
-2.55913 -4.46786 
-4.76645 -1.38936 
-0.360219 -5.11065 
3.38579 -4.42525 
-1.08535 5.12832 
5.98798 0.840713 
5.69935 -1.9167 
2.04971 4.83482 
-5.42896 -0.578604 
-3.50875 -4.3339 
0.64181 5.56469 
4.64482 3.92232 
4.40931 -4.34174 
1.8744 -5.02648 
-1.18548 -5.36365 
5.82566 2.08413 
0.450551 -5.68657 
-5.14818 1.34554 
5.71454 -2.96528 
-3.89536 4.1584 
-4.82119 -2.65044 
2.98371 5.20133 
6.4013 -1.0716 
6.8353 0.112935 
-2.26533 5.32172 
-5.96767 0.416094 
2.76205 -5.46717 
1.83477 5.82029 
-5.2117 2.51391 
-2.10613 -5.47612 
-4.57535 -4.02258 
5.79202 3.50506 
5.51709 -4.11268 
-0.259775 6.12485 
4.2443 5.04272 
1.59734 -6.05488 
-5.0823 3.77709 
-0.432274 -6.21591 
-3.12762 -5.46537 
-3.47855 5.3064 
-5.81654 -1.69562 
3.96905 -5.41436 
7.03234 1.4702 
6.94847 -2.28289 
-6.63085 -0.722936 
-4.27806 -5.30017 
0.88654 6.76428 
5.51741 4.8263 
-1.46687 6.42712 
5.16853 -5.32578 
0.606619 -6.93782 
-1.44454 -6.54183 
7.69779 -0.877409 
-6.30861 1.64133 
7.03631 2.92743 
6.73551 -3.70421 
-4.78463 5.10193 
-5.59814 -3.65888 
2.9287 6.31807 
3.79328 6.01492 
2.643 -6.6459 
-6.06686 -2.79892 
8.14774 0.61389 
-7.30299 0.49439 
-2.56884 -6.69253 
-2.84179 6.54683 
-5.55703 -4.88836 
-6.38881 3.07737 
6.90555 4.41964 
3.49486 -6.37947 
2.23948 7.1558 
6.5104 -5.05645 
-0.339195 7.65524 
1.90417 -7.51519 
4.96659 6.12233 
-0.491786 -7.57867 
-6.23403 4.62921 
-3.81589 -6.68539 
-7.04575 -2.10825 
-4.29127 6.51098 
4.59239 -6.57736 
8.3536 2.19794 
8.58377 -2.08058 
7.89814 -3.24134 
-8.08876 -0.927361 
-5.22239 -6.4775 
9.27198 -0.508255 
6.0803 -6.52815 
6.54602 5.94582 
1.26663 8.2103 
-1.95452 7.85284 
-1.73946 -7.9859 
0.795057 -8.47756 
3.84626 7.30729 
-6.91604 -3.87552 
-7.72846 2.00053 
7.94502 -4.53118 
-5.87711 6.25612 
8.37638 3.81389 
3.51592 -7.73229 
-8.93647 0.582938 
-3.12513 -8.18057 
-6.82389 -5.93004 
9.71136 1.23937 
-7.83254 3.76506 
-3.53411 8.01741 
0.234088 9.15584 
8.23528 5.48533 
7.73539 -6.18707 
2.73491 8.43692 
5.79757 7.5662 
-0.54393 -9.24874 
-1.02354 9.00799 
2.41245 -9.16528 
-7.65046 5.67044 
-4.65646 -8.17911 
-8.54323 -2.72572 
-5.28202 7.98566 
5.34284 -8.07175 
9.32762 -3.54574 
10.4092 -1.95885 
9.88107 2.99892 
-9.88303 -1.19102 
-6.38621 -7.93955 
1.87043 10.0551 
11.1283 -0.0148488 
7.21892 -8.01345 
7.83195 7.30328 
-2.41459 9.54115 
1.05748 -10.3586 
-2.09355 -9.75171 
-9.47272 2.43812 
-8.63243 -4.93808 
9.54374 -5.44246 
4.43819 9.44942 
-7.22555 7.6704 
4.31502 -9.65985 
-0.559194 10.8017 
-3.8147 -9.99294 
-8.37975 -7.34461 
-10.9441 0.690651 
9.94054 4.74433 
-9.61561 4.60386 
-4.35533 9.84017 
9.87565 6.67411 
9.2457 -7.61059 
11.5227 2.03754 
-0.611159 -11.3056 
7.05615 9.35117 
3.03875 -11.2337 
-9.4075 6.93672 
-5.70045 -10.0003 
-10.477 -3.44114 
12.5673 -1.6259 
11.6012 -4.01778 
6.408 -9.91489 
-6.50738 9.79081 
1.34497 12.4753 
3.59126 11.9204 
-7.82161 -9.76629 
-12.0894 -1.4904 
11.3962 3.78455 
8.64267 -9.85835 
9.45233 8.90197 
1.39807 -12.7453 
13.3036 0.66053 
-2.95706 11.8042 
-2.5756 -11.8912 
-11.647 2.9725 
-10.661 -6.21724 
11.4832 -6.81613 
-8.92285 9.41167 
6.0521 11.6933 
11.9045 5.5599 
5.32255 -11.8344 
-0.940802 13.5566 
-4.73402 -12.1546 
-10.2659 -9.16406 
-13.4149 0.821651 
-11.8551 5.61692 
-5.44781 12.0945 
11.0145 -9.47143 
11.914 8.0423 
-0.812968 -13.8556 
13.6576 3.46748 
8.67669 11.4055 
14.9693 -1.26911 
13.8952 -3.24598 
3.90344 -13.7513 
-11.5865 8.42208 
-7.02515 -12.1631 
-12.8925 -4.2621 
7.77031 -12.1048 
-7.99847 11.9203 
2.80551 13.9221 
1.12346 14.6133 
13.9065 -5.64635 
-9.58263 -12.0759 
-14.6801 -1.76708 
4.85074 14.0968 
10.3996 -12.1848 
1.89634 -16.1138 
11.3398 10.7276 
15.8365 1.32919 
-3.38628 -14.3414 
-4.07956 15.1109 
-14.4944 3.62181 
-13.4778 -8.10382 
13.6301 -8.8764 
-11.1941 11.7181 
14.5643 6.60158 
7.58567 14.1974 
-0.685131 16.5518 
6.73234 -14.4245 
-6.07922 -14.6304 
-12.0789 -11.4505 
-16.4011 0.877062 
-14.6705 6.83429 
12.8164 -11.7045 
-6.93188 14.2929 
-1.71093 -16.7522 
14.3015 9.79621 
17.6783 -1.05447 
16.2033 -3.80912 
10.531 13.7156 
16.8559 4.31457 
2.85048 16.4667 
-8.58704 -14.4638 
5.24031 -16.358 
-13.9497 9.70302 
-15.8348 -4.77249 
9.35561 -14.4839 
-9.20655 14.3288 
16.4133 -7.32916 
-17.133 -1.95989 
5.96541 16.4417 
13.1027 12.4576 
18.2276 1.7787 
-4.67351 -16.6533 
