-1 2 6 
1 3 7 
2 -1 5 
-1 6 12 
3 8 13 
1 14 4 
2 15 17 
5 9 18 
8 -1 11 
-1 12 21 
9 16 19 
4 20 10 
5 23 15 
6 17 24 
7 13 25 
11 -1 22 
7 27 14 
8 30 31 
11 33 30 
12 24 34 
10 28 26 
16 32 29 
13 31 42 
14 41 20 
15 47 39 
-1 21 38 
17 39 44 
21 34 40 
22 35 33 
18 19 48 
18 52 23 
22 -1 37 
19 29 51 
20 55 28 
29 45 56 
-1 38 53 
32 43 45 
26 46 36 
25 60 27 
28 59 46 
24 44 66 
23 67 47 
37 -1 50 
27 65 41 
37 54 35 
40 57 38 
25 42 71 
30 51 52 
-1 53 69 
43 58 61 
33 74 48 
31 48 76 
36 62 49 
45 61 77 
34 66 83 
35 81 74 
46 79 62 
50 -1 64 
40 83 87 
39 86 89 
50 82 54 
53 57 85 
-1 69 73 
58 68 80 
44 89 95 
41 92 55 
42 76 94 
64 -1 70 
49 84 63 
68 78 97 
47 104 86 
-1 93 112 
63 99 75 
51 56 96 
-1 73 93 
52 100 67 
54 102 81 
-1 91 70 
57 87 105 
64 108 82 
56 77 109 
61 80 110 
55 103 59 
69 85 111 
62 113 84 
60 71 101 
59 114 79 
-1 107 91 
60 115 65 
-1 112 126 
78 88 118 
66 95 121 
75 120 72 
67 125 104 
65 124 92 
74 127 122 
70 129 108 
-1 123 107 
73 111 130 
76 122 131 
86 140 135 
77 110 132 
83 121 133 
71 94 136 
79 137 113 
-1 126 149 
88 98 138 
80 97 139 
81 145 127 
82 142 102 
84 143 99 
72 141 90 
85 105 147 
87 133 150 
89 135 151 
-1 174 202 
-1 144 123 
91 154 129 
-1 149 164 
93 130 156 
92 153 103 
96 157 100 
98 117 160 
95 151 165 
94 131 163 
90 162 106 
96 109 161 
-1 158 144 
97 118 168 
99 169 120 
100 170 125 
102 171 145 
103 167 114 
-1 164 188 
101 177 115 
104 187 140 
105 150 178 
107 180 154 
108 181 142 
101 136 192 
112 156 184 
110 139 185 
111 147 186 
117 128 182 
109 132 190 
-1 202 253 
113 191 143 
-1 179 158 
106 189 119 
114 195 137 
115 193 124 
-1 188 205 
121 165 204 
118 138 201 
-1 210 176 
120 203 141 
122 161 170 
128 148 207 
-1 197 179 
123 208 180 
127 209 157 
126 184 212 
125 217 187 
119 211 134 
124 214 153 
-1 205 223 
133 204 220 
129 221 181 
130 186 222 
131 157 218 
132 185 224 
-1 215 197 
-1 253 307 
116 175 225 
174 176 200 
175 155 196 
135 216 233 
137 230 191 
148 159 228 
138 160 229 
139 168 234 
144 237 208 
-1 223 245 
141 235 162 
142 239 171 
143 240 169 
136 163 241 
134 236 152 
149 212 242 
145 248 209 
147 178 244 
140 250 216 
151 233 246 
-1 238 215 
150 220 256 
176 313 231 
159 172 252 
-1 245 263 
-1 271 210 
175 251 262 
154 258 221 
116 286 146 
156 222 261 
153 257 167 
152 259 166 
-1 254 238 
158 265 237 
160 182 266 
161 190 264 
155 199 317 
164 242 269 
162 268 189 
-1 263 277 
165 246 280 
172 194 274 
192 272 177 
163 218 283 
170 282 217 
-1 273 254 
167 284 195 
168 201 278 
169 285 203 
166 279 183 
171 289 248 
174 275 344 
-1 307 402 
-1 277 297 
179 291 265 
180 293 258 
178 256 295 
196 310 251 
-1 287 273 
177 294 193 
181 302 239 
184 261 301 
188 269 300 
182 207 298 
194 206 296 
185 234 305 
186 244 306 
187 319 250 
189 308 211 
-1 297 318 
191 314 240 
183 309 198 
193 304 214 
-1 311 287 
190 224 322 
-1 350 271 
192 241 333 
200 231 324 
197 325 291 
146 366 173 
206 219 321 
-1 318 335 
195 334 230 
204 280 330 
201 229 329 
205 300 336 
-1 326 311 
203 337 235 
200 341 275 
198 332 213 
209 355 327 
207 228 339 
208 343 293 
-1 335 353 
212 301 352 
211 349 236 
-1 342 326 
199 249 414 
216 345 364 
219 232 348 
215 357 325 
262 409 225 
-1 353 370 
213 358 227 
221 329 302 
223 336 372 
214 368 257 
-1 360 342 
218 327 381 
217 383 319 
220 330 380 
222 306 376 
202 344 366 
232 247 375 
-1 370 385 
224 305 386 
-1 402 456 
228 252 379 
-1 378 360 
229 266 387 
233 364 399 
230 393 314 
238 390 357 
227 384 243 
237 392 343 
-1 385 398 
236 391 259 
235 394 268 
234 278 396 
-1 389 378 
246 399 403 
239 406 289 
240 401 285 
173 452 226 
242 352 407 
245 372 405 
231 444 412 
247 260 395 
-1 398 410 
196 317 444 
244 295 411 
-1 438 350 
-1 404 389 
210 477 313 
243 408 255 
241 283 421 
-1 410 417 
254 418 390 
248 426 355 
-1 413 404 
251 435 400 
252 274 416 
260 270 415 
264 428 282 
-1 417 423 
258 397 278 
257 422 284 
-1 419 413 
263 405 425 
250 442 345 
256 380 439 
255 420 267 
259 424 279 
261 376 430 
-1 423 431 
265 432 392 
-1 427 419 
262 400 449 
270 281 429 
266 298 434 
225 497 286 
272 333 440 
-1 431 437 
-1 433 427 
273 443 418 
269 407 447 
249 315 506 
-1 437 445 
268 446 308 
267 436 276 
-1 441 433 
264 322 463 
-1 445 453 
274 296 451 
277 425 455 
-1 450 441 
281 292 448 
-1 456 467 
-1 453 457 
-1 454 450 
272 466 294 
-1 457 460 
253 286 475 
-1 459 454 
280 403 476 
-1 460 462 
276 458 288 
-1 461 459 
279 464 309 
-1 462 468 
-1 465 461 
287 472 443 
285 471 337 
-1 470 438 
292 303 469 
291 479 432 
284 483 334 
282 485 383 
-1 468 470 
283 381 486 
297 455 480 
288 474 299 
289 484 426 
293 434 397 
-1 467 465 
303 316 478 
296 321 481 
300 447 491 
298 339 487 
295 439 500 
301 430 493 
311 492 472 
302 494 406 
329 387 495 
299 482 312 
294 489 304 
324 503 341 
306 411 471 
226 549 290 
304 488 368 
316 323 490 
309 496 332 
305 396 502 
308 499 349 
318 480 511 
275 473 497 
312 498 320 
314 505 401 
310 516 435 
323 331 501 
271 572 477 
326 510 492 
325 513 479 
320 504 328 
321 348 509 
331 340 508 
335 511 515 
319 529 442 
330 476 483 
328 512 338 
336 491 520 
332 517 358 
322 386 527 
340 347 514 
327 463 485 
342 523 510 
337 524 394 
338 518 346 
339 379 525 
347 354 519 
343 507 387 
324 412 546 
353 515 532 
346 522 351 
315 377 564 
334 543 393 
345 555 533 
354 359 526 
333 421 558 
348 375 531 
310 313 556 
351 528 356 
352 493 545 
349 537 391 
360 540 523 
341 554 473 
359 363 530 
357 548 513 
307 475 606 
356 534 362 
363 367 535 
358 544 384 
290 536 361 
362 538 365 
370 532 557 
367 371 539 
365 541 369 
371 374 542 
369 547 373 
355 560 428 
372 520 563 
374 388 551 
364 533 569 
361 550 388 
373 552 382 
378 561 540 
382 553 377 
376 401 521 
375 395 562 
449 621 409 
385 557 565 
366 622 452 
368 566 422 
317 414 616 
389 571 561 
379 416 570 
384 568 408 
390 574 548 
398 565 573 
380 422 559 
386 502 579 
381 428 567 
383 589 529 
392 525 507 
403 584 585 
399 569 584 
404 578 571 
391 577 424 
395 415 575 
394 580 446 
396 495 586 
397 587 494 
405 563 583 
344 409 600 
410 573 581 
407 545 590 
393 594 505 
413 588 578 
406 593 484 
400 576 604 
417 581 591 
411 500 602 
350 661 572 
434 487 596 
419 595 588 
418 599 574 
415 429 592 
420 408 582 
423 591 601 
416 451 598 
427 605 595 
420 603 436 
412 613 617 
425 583 610 
431 601 607 
433 609 605 
424 611 464 
471 620 524 
437 607 612 
429 448 608 
430 521 624 
432 597 487 
441 614 609 
426 644 560 
445 612 618 
421 486 635 
450 619 614 
443 626 599 
436 615 458 
440 632 466 
453 618 625 
454 628 619 
456 623 630 
447 590 637 
457 625 629 
459 631 628 
448 469 627 
460 629 633 
461 634 631 
439 559 649 
455 610 645 
446 640 499 
435 653 576 
462 633 636 
451 481 638 
402 606 623 
467 630 643 
465 643 634 
468 636 642 
470 642 641 
449 604 651 
440 558 656 
444 697 613 
458 639 474 
442 657 555 
483 654 543 
463 527 655 
469 478 646 
472 650 626 
464 647 496 
438 641 661 
474 648 482 
476 585 663 
485 669 589 
480 645 659 
466 658 489 
479 598 597 
478 490 652 
414 506 714 
482 660 498 
481 509 662 
492 667 650 
503 546 665 
491 637 611 
490 501 664 
484 680 644 
493 624 640 
498 668 504 
511 659 674 
496 672 517 
488 489 670 
488 678 566 
494 682 593 
495 596 679 
501 508 671 
486 567 666 
499 676 537 
504 675 512 
510 683 667 
502 586 690 
500 649 698 
508 514 677 
507 691 587 
525 570 687 
513 673 570 
509 531 686 
497 754 622 
512 681 518 
505 700 620 
515 674 693 
503 701 554 
514 519 685 
452 735 549 
518 689 522 
523 702 683 
519 526 692 
517 696 544 
520 577 684 
522 694 528 
516 556 747 
526 530 699 
532 693 709 
477 714 697 
516 727 653 
528 703 534 
530 535 704 
521 602 723 
473 688 754 
475 600 770 
536 549 721 
524 716 580 
534 705 538 
531 562 712 
540 722 702 
535 539 707 
538 708 541 
536 710 550 
539 542 711 
533 706 729 
541 713 547 
542 551 715 
529 733 657 
547 717 552 
537 724 577 
548 662 673 
557 709 726 
545 580 695 
553 720 564 
552 719 553 
550 718 551 
527 579 730 
544 725 568 
561 728 722 
563 684 672 
565 726 732 
543 738 594 
562 575 731 
554 740 688 
571 736 728 
546 617 745 
559 663 761 
560 758 669 
555 751 706 
558 635 750 
569 729 749 
568 737 582 
573 732 741 
506 564 739 
574 734 638 
566 755 654 
578 743 736 
576 763 746 
589 762 733 
575 592 744 
581 741 748 
567 655 759 
584 749 757 
588 752 743 
583 647 742 
598 638 756 
582 753 603 
591 748 760 
590 695 724 
595 764 752 
585 757 773 
587 771 682 
579 690 774 
601 760 766 
586 679 775 
592 608 765 
611 767 647 
605 768 764 
599 712 734 
597 781 691 
651 819 621 
607 766 772 
593 775 680 
596 687 788 
609 776 768 
603 769 615 
612 772 778 
640 780 676 
610 742 725 
556 616 823 
594 792 700 
614 779 776 
602 698 793 
604 746 804 
608 627 777 
618 778 784 
619 786 779 
625 784 789 
656 795 632 
628 791 786 
629 789 794 
615 787 639 
630 790 797 
631 796 791 
626 782 686 
633 794 798 
572 807 616 
634 801 796 
624 723 806 
636 798 802 
643 797 801 
642 802 803 
641 803 809 
623 810 790 
627 646 800 
620 793 716 
637 676 783 
645 696 799 
639 805 648 
617 785 814 
646 652 808 
632 812 658 
644 820 758 
650 744 782 
648 811 660 
635 666 816 
662 686 815 
606 770 810 
652 664 813 
659 799 753 
649 761 828 
661 809 807 
651 804 831 
660 818 668 
672 822 696 
664 671 821 
667 830 731 
653 838 763 
665 834 701 
613 886 785 
668 824 675 
658 827 670 
657 839 751 
656 750 840 
671 677 826 
674 737 825 
600 621 842 
663 773 844 
673 843 781 
678 670 832 
655 730 845 
669 852 762 
675 829 681 
654 847 738 
666 759 850 
665 745 854 
677 685 833 
683 777 830 
681 835 689 
684 783 856 
685 692 836 
693 825 787 
622 891 735 
679 788 862 
689 841 694 
678 864 755 
680 871 820 
682 817 690 
692 699 846 
702 849 765 
694 848 703 
699 704 851 
695 806 875 
687 756 873 
712 731 859 
724 874 767 
703 853 705 
727 747 908 
704 707 855 
709 769 857 
691 876 771 
705 858 708 
710 721 860 
707 711 861 
698 828 879 
700 837 723 
708 863 713 
706 840 812 
711 715 865 
710 866 718 
713 867 717 
725 872 737 
722 808 849 
715 718 868 
717 870 719 
720 719 869 
701 880 740 
726 857 811 
716 884 780 
714 739 894 
728 877 800 
720 883 739 
721 735 882 
732 805 881 
729 795 885 
736 821 877 
727 896 838 
734 892 843 
733 897 839 
775 862 889 
741 881 824 
688 878 940 
730 774 899 
743 890 813 
742 856 900 
697 894 886 
748 818 893 
753 895 769 
752 833 890 
749 885 904 
738 905 792 
760 893 835 
744 765 888 
740 906 878 
757 904 907 
764 901 826 
746 898 912 
766 829 903 
768 846 901 
793 902 884 
745 814 916 
750 816 917 
751 887 795 
772 903 848 
754 940 891 
756 815 913 
755 927 847 
758 925 852 
776 909 836 
761 844 929 
778 841 911 
777 800 910 
762 931 897 
779 855 909 
759 845 932 
784 911 858 
763 934 898 
786 914 851 
767 924 822 
787 915 805 
789 853 918 
782 930 892 
790 933 919 
791 865 914 
771 920 817 
794 918 867 
773 907 935 
796 921 861 
797 919 923 
798 863 922 
801 923 921 
803 870 883 
802 926 869 
774 889 937 
799 900 938 
781 941 876 
783 875 945 
780 946 874 
788 873 944 
808 813 936 
831 973 819 
792 947 902 
804 912 951 
811 942 818 
810 950 933 
809 869 943 
806 837 939 
812 949 827 
747 823 981 
840 954 955 
830 957 930 
817 956 871 
821 826 948 
770 842 950 
815 859 958 
824 952 829 
807 959 823 
825 938 962 
814 928 965 
816 850 960 
854 953 834 
820 970 925 
822 964 872 
833 836 961 
837 879 969 
835 963 841 
827 966 832 
828 929 979 
831 951 978 
864 832 968 
785 1016 928 
846 851 967 
849 976 957 
848 971 853 
834 982 880 
843 984 941 
855 861 972 
857 962 983 
838 987 934 
839 992 954 
858 974 863 
860 975 866 
862 944 986 
865 868 977 
867 991 926 
866 980 868 
856 945 988 
845 899 989 
870 922 993 
844 935 997 
896 908 1032 
847 994 905 
859 888 985 
850 932 998 
852 1001 931 
860 882 990 
854 916 1002 
864 999 927 
877 995 976 
871 1004 970 
872 996 895 
884 1007 946 
819 1019 842 
873 913 1003 
881 983 1000 
883 1012 959 
876 1006 920 
874 1008 924 
875 939 1010 
879 979 1013 
890 1009 995 
885 1005 1020 
882 891 1018 
880 1015 906 
893 1000 1011 
898 1002 982 
887 917 1026 
887 1023 1005 
889 986 1004 
888 910 1014 
892 1024 984 
894 943 1031 
897 1027 992 
901 1021 1009 
895 1022 915 
903 1011 1025 
900 988 1029 
896 1039 987 
904 1020 1033 
909 1028 1021 
907 1033 1034 
902 1013 1007 
899 937 1036 
911 1025 1030 
914 1035 1028 
878 1017 1073 
918 1030 1037 
919 990 980 
910 936 1038 
921 1041 1035 
906 1045 1017 
905 1046 947 
923 975 1041 
886 1031 1016 
912 953 1040 
915 1043 942 
913 958 1047 
930 1052 1024 
920 1048 956 
916 965 1058 
924 1053 964 
925 1060 1001 
933 1049 975 
922 1037 1055 
917 960 1056 
926 1055 1012 
929 997 1064 
936 948 1051 
938 1029 1059 
927 1066 994 
931 1062 1027 
935 1034 1063 
942 1054 952 
932 989 1068 
934 1044 953 
941 1067 1006 
937 956 1042 
955 1069 949 
944 1003 1071 
939 969 1061 
945 1010 1072 
948 961 1065 
946 1076 1008 
952 1070 963 
943 993 1074 
947 1050 969 
957 1077 1052 
951 1040 1081 
908 981 1105 
978 1107 973 
950 1085 1049 
940 1073 1085 
949 1079 966 
961 967 1075 
962 1059 1082 
955 1026 1087 
958 985 1080 
963 1078 971 
954 1092 1023 
960 998 1086 
967 972 1083 
964 1089 996 
971 1084 974 
959 1094 981 
928 1105 1057 
966 1090 968 
968 1093 999 
972 977 1088 
970 1097 1060 
974 1095 991 
976 1096 1077 
965 1057 1101 
982 1100 1015 
980 1091 977 
1004 1102 1097 
983 1082 1098 
1002 1058 1103 
978 1081 1106 
979 1064 1109 
984 1104 1067 
986 1071 1102 
990 1018 1110 
1013 1109 1115 
995 1111 1096 
985 1014 1108 
988 1072 1113 
1000 1098 1112 
993 991 1099 
992 1122 1092 
1039 1032 1148 
987 1116 1044 
996 1114 1022 
989 1036 1119 
1007 1118 1076 
998 1068 1124 
999 1121 1066 
994 1126 1046 
1009 1117 1111 
997 1063 1128 
1003 1047 1120 
1001 1131 1062 
1005 1087 1079 
1011 1112 1123 
1006 1125 1048 
1008 1127 1053 
973 1160 1019 
1012 1141 1094 
1021 1130 1117 
1010 1061 1133 
1014 1038 1129 
1025 1123 1132 
1020 1069 1135 
1024 1140 1104 
1015 1142 1045 
1022 1134 1043 
1028 1137 1130 
1030 1132 1139 
1018 1019 1145 
1027 1152 1122 
1023 1138 1069 
1035 1143 1137 
1029 1113 1150 
1033 1135 1151 
1041 1144 1143 
1026 1056 1156 
1034 1151 1154 
1031 1074 1158 
1037 1139 1155 
1038 1051 1153 
1042 1146 1036 
1043 1157 1054 
1055 1155 1141 
1040 1136 1168 
1039 1164 1116 
1042 1048 1147 
1044 1169 1136 
1047 1080 1163 
1016 1161 1032 
1045 1167 1149 
1017 1149 1206 
1052 1166 1140 
1046 1159 1050 
1049 1173 1144 
1051 1065 1162 
1054 1165 1070 
1053 1170 1089 
1059 1150 1171 
1050 1174 1118 
1058 1101 1178 
1065 1075 1172 
1061 1115 1177 
1060 1185 1131 
1067 1180 1125 
1063 1154 1188 
1056 1086 1179 
1070 1175 1078 
1062 1187 1152 
1071 1120 1182 
1064 1128 1191 
1072 1133 1192 
1066 1198 1126 
1077 1190 1166 
1075 1083 1176 
1068 1119 1197 
1078 1183 1084 
1076 1199 1127 
1082 1171 1196 
1079 1193 1090 
1103 1205 1100 
1083 1088 1189 
1087 1181 1215 
1084 1195 1095 
1080 1108 1200 
1074 1099 1186 
1081 1168 1211 
1088 1091 1194 
1091 1110 1202 
1085 1212 1173 
1097 1208 1185 
1102 1203 1201 
1057 1235 1184 
1106 1232 1107 
1089 1209 1114 
1090 1207 1093 
1086 1124 1214 
1096 1213 1190 
1093 1210 1121 
1095 1204 1099 
1092 1217 1181 
1098 1196 1216 
1094 1221 1161 
1109 1191 1218 
1073 1206 1212 
1105 1158 1235 
1111 1219 1213 
1104 1222 1180 
1101 1184 1225 
1112 1216 1223 
1108 1129 1220 
1106 1211 1229 
1100 1226 1142 
1103 1178 1231 
1113 1192 1227 
1114 1224 1134 
1117 1228 1219 
1110 1145 1233 
1115 1218 1234 
1123 1223 1230 
1130 1236 1228 
1118 1234 1199 
1116 1243 1169 
1122 1250 1217 
1120 1163 1238 
1138 1156 1244 
1125 1248 1203 
1132 1230 1195 
1164 1148 1259 
1119 1146 1237 
1141 1246 1221 
1124 1197 1249 
1121 1252 1198 
1137 1240 1236 
1129 1153 1239 
1126 1253 1159 
1127 1251 1170 
1135 1242 1257 
1143 1245 1240 
1139 1183 1241 
1134 1247 1157 
1131 1258 1187 
1128 1188 1260 
1133 1177 1254 
1140 1256 1222 
1147 1255 1208 
1144 1266 1245 
1147 1182 1263 
1155 1241 1246 
1136 1231 1226 
1107 1284 1160 
1151 1257 1210 
1146 1201 1269 
1150 1227 1262 
1154 1207 1265 
1142 1268 1167 
1145 1160 1267 
1153 1162 1261 
1152 1270 1250 
1138 1277 1242 
1157 1264 1165 
1156 1179 1278 
1159 1275 1174 
1162 1172 1273 
1166 1280 1256 
1158 1186 1281 
1163 1200 1279 
1165 1276 1175 
1171 1262 1286 
1164 1291 1243 
1168 1205 1283 
1170 1287 1209 
1172 1176 1282 
1167 1290 1274 
1175 1285 1183 
1169 1271 1205 
1149 1274 1284 
1173 1297 1266 
1174 1272 1177 
1148 1161 1296 
1176 1189 1288 
1185 1301 1258 
1180 1298 1248 
1190 1299 1280 
1189 1194 1292 
1195 1294 1204 
1193 1215 1306 
1178 1225 1307 
1181 1311 1293 
1194 1202 1295 
1186 1204 1289 
1196 1286 1300 
1182 1238 1302 
1187 1308 1270 
1179 1214 1303 
1192 1254 1304 
1188 1265 1312 
1191 1260 1315 
1199 1305 1251 
1201 1263 1313 
1200 1220 1309 
1193 1310 1207 
1197 1237 1321 
1184 1347 1314 
1198 1322 1253 
1213 1317 1299 
1209 1316 1224 
1203 1318 1255 
1216 1300 1320 
1210 1319 1252 
1202 1233 1323 
1212 1325 1297 
1211 1283 1327 
1208 1313 1301 
1214 1249 1326 
1231 1331 1332 
1234 1324 1305 
1219 1328 1317 
1229 1357 1232 
1218 1315 1324 
1223 1320 1330 
1215 1293 1338 
1217 1339 1311 
1222 1334 1298 
1220 1239 1333 
1221 1343 1329 
1228 1335 1328 
1226 1340 1268 
1206 1232 1325 
1230 1330 1337 
1224 1336 1247 
1227 1304 1341 
1236 1342 1335 
1246 1346 1343 
1229 1327 1350 
1225 1314 1351 
1240 1345 1342 
1244 1344 1277 
1241 1337 1346 
1245 1349 1345 
1235 1329 1347 
1233 1267 1353 
1238 1279 1352 
1239 1261 1348 
1247 1354 1264 
1237 1269 1359 
1248 1361 1318 
1250 1364 1339 
1251 1360 1287 
1254 1272 1355 
1242 1338 1310 
1243 1374 1331 
1249 1321 1366 
1256 1362 1334 
1257 1306 1365 
1244 1278 1368 
1252 1373 1322 
1255 1356 1269 
1291 1259 1371 
1253 1367 1275 
1262 1341 1370 
1261 1273 1363 
1263 1302 1372 
1265 1365 1375 
1264 1369 1276 
1258 1377 1308 
1260 1312 1380 
1266 1353 1349 
1272 1275 1358 
1267 1284 1379 
1270 1382 1364 
1268 1381 1290 
1273 1282 1376 
1281 1387 1296 
1276 1378 1285 
1271 1307 1392 
1271 1394 1340 
1280 1348 1362 
1279 1309 1384 
1282 1288 1383 
1286 1370 1354 
1285 1385 1294 
1277 1386 1306 
1278 1303 1398 
1283 1332 1401 
1287 1395 1316 
1288 1292 1389 
1281 1289 1388 
1293 1368 1399 
1292 1295 1396 
1289 1294 1390 
1259 1296 1407 
1299 1393 1333 
1295 1323 1404 
1290 1405 1391 
1291 1409 1374 
1298 1403 1361 
1297 1397 1323 
1300 1336 1400 
1305 1408 1360 
1313 1402 1413 
1274 1391 1429 
1324 1418 1406 
1301 1413 1377 
1304 1355 1412 
1302 1352 1410 
1309 1333 1411 
1317 1376 1393 
1303 1326 1416 
1310 1415 1319 
1308 1420 1382 
1315 1380 1418 
1311 1414 1344 
1320 1400 1378 
1316 1417 1336 
1314 1449 1424 
1318 1410 1402 
1312 1375 1425 
1307 1351 1427 
1319 1423 1373 
1328 1419 1363 
1321 1359 1428 
1330 1369 1421 
1325 1429 1422 
1322 1433 1367 
1327 1401 1436 
1326 1366 1431 
1335 1389 1419 
1334 1411 1403 
1337 1421 1435 
1338 1399 1444 
1329 1434 1438 
1343 1432 1434 
1342 1430 1383 
1346 1435 1432 
1350 1462 1357 
1331 1446 1426 
1348 1363 1437 
1332 1426 1445 
1341 1412 1417 
1345 1404 1430 
1353 1422 1452 
1339 1447 1414 
1344 1448 1386 
1354 1439 1369 
1340 1454 1381 
1356 1372 1442 
1352 1384 1450 
1349 1443 1396 
1350 1436 1457 
1358 1456 1408 
1347 1438 1449 
1355 1406 1459 
1351 1424 1460 
1361 1440 1372 
1362 1441 1384 
1360 1458 1395 
1356 1453 1359 
1368 1398 1463 
1365 1444 1465 
1364 1466 1447 
1370 1395 1451 
1358 1367 1455 
1376 1383 1461 
1366 1428 1468 
1378 1464 1385 
1379 1474 1397 
1375 1465 1470 
1371 1467 1409 
1373 1476 1433 
1394 1392 1475 
1374 1479 1446 
1377 1477 1420 
1379 1357 1472 
1389 1396 1469 
1382 1481 1466 
1390 1473 1388 
1380 1425 1483 
1387 1388 1478 
1385 1471 1390 
1381 1482 1405 
1393 1484 1441 
1387 1485 1407 
1400 1451 1487 
1410 1450 1486 
1411 1437 1490 
1402 1486 1491 
1404 1452 1499 
1386 1488 1415 
1394 1496 1454 
1392 1427 1495 
1398 1416 1492 
1399 1480 1502 
1371 1407 1500 
1403 1494 1440 
1417 1497 1439 
1397 1503 1443 
1413 1491 1498 
1401 1445 1501 
1418 1504 1493 
1406 1493 1507 
1405 1505 1489 
1412 1459 1506 
1408 1507 1458 
1409 1511 1479 
1419 1508 1484 
1391 1489 1520 
1414 1514 1480 
1421 1487 1510 
1415 1509 1423 
1416 1431 1512 
1424 1539 1519 
1420 1516 1481 
1430 1515 1508 
1423 1518 1476 
1435 1510 1513 
1429 1520 1474 
1432 1513 1522 
1422 1472 1521 
1426 1495 1496 
1425 1470 1524 
1428 1498 1532 
1434 1522 1485 
1427 1460 1525 
1448 1463 1529 
1431 1468 1526 
1436 1501 1531 
1433 1536 1504 
1437 1461 1527 
1438 1478 1528 
1442 1440 1517 
1439 1530 1464 
1444 1502 1538 
1457 1556 1462 
1441 1540 1494 
1442 1534 1453 
1447 1541 1514 
1456 1455 1537 
1450 1490 1542 
1446 1535 1475 
1445 1475 1523 
1451 1506 1543 
1453 1548 1477 
1443 1545 1515 
1449 1528 1539 
1454 1546 1482 
1448 1550 1488 
1452 1521 1553 
1455 1483 1552 
1457 1531 1551 
1458 1554 1497 
1456 1533 1459 
1461 1469 1544 
1465 1538 1555 
1464 1547 1471 
1460 1519 1558 
1466 1559 1541 
1471 1549 1473 
1463 1492 1564 
1469 1499 1560 
1468 1532 1567 
1486 1561 1557 
1470 1555 1566 
1467 1563 1511 
1472 1462 1562 
1474 1569 1503 
1473 1565 1478 
1496 1571 1570 
1476 1576 1536 
1479 1577 1535 
1481 1575 1559 
1484 1572 1540 
1485 1574 1500 
1480 1581 1568 
1487 1543 1578 
1482 1579 1505 
1477 1580 1516 
1507 1573 1582 
1491 1557 1548 
1495 1525 1583 
1483 1524 1586 
1493 1552 1573 
1488 1584 1509 
1467 1500 1585 
1490 1527 1588 
1492 1512 1589 
1494 1594 1561 
1497 1592 1530 
1508 1591 1572 
1499 1553 1596 
1501 1570 1599 
1510 1578 1593 
1498 1534 1590 
1513 1593 1597 
1502 1568 1605 
1505 1598 1587 
1504 1595 1537 
1503 1603 1545 
1506 1582 1600 
1509 1601 1518 
1489 1587 1562 
1517 1602 1534 
1511 1610 1577 
1512 1526 1606 
1515 1607 1591 
1517 1542 1611 
1520 1556 1608 
1519 1585 1615 
1514 1614 1581 
1522 1597 1609 
1518 1613 1576 
1516 1616 1575 
1529 1612 1550 
1521 1608 1603 
1523 1620 1546 
1523 1583 1622 
1527 1544 1617 
1533 1537 1604 
1528 1609 1623 
1526 1567 1621 
1524 1566 1624 
1525 1558 1625 
1530 1618 1547 
1531 1599 1626 
1532 1590 1629 
1529 1564 1628 
1554 1533 1619 
1535 1631 1571 
1538 1605 1633 
1539 1623 1563 
1536 1635 1595 
1551 1653 1556 
1540 1632 1594 
1541 1634 1614 
1548 1640 1580 
1544 1560 1630 
1543 1600 1638 
1547 1627 1549 
1542 1588 1639 
1552 1586 1642 
1545 1645 1607 
1549 1641 1565 
1551 1626 1646 
1546 1643 1579 
1554 1644 1592 
1555 1633 1647 
1557 1636 1656 
1553 1569 1637 
1573 1658 1648 
1550 1651 1584 
1559 1655 1634 
1560 1596 1650 
1562 1652 1569 
1565 1657 1574 
1558 1615 1660 
1561 1654 1636 
1568 1649 1663 
1566 1647 1662 
1564 1589 1661 
1563 1659 1610 
1567 1629 1666 
1572 1664 1632 
1578 1638 1667 
1582 1648 1644 
1570 1622 1669 
1575 1670 1655 
1571 1665 1620 
1574 1668 1585 
1576 1673 1635 
1577 1674 1631 
1579 1672 1598 
1593 1667 1671 
1581 1661 1649 
1580 1678 1616 
1591 1650 1664 
1583 1625 1682 
1588 1617 1676 
1584 1677 1601 
1589 1606 1679 
1586 1624 1684 
1602 1611 1675 
1603 1688 1645 
1592 1681 1618 
1594 1686 1654 
1590 1656 1692 
1597 1671 1687 
1595 1694 1658 
1599 1669 1696 
1600 1619 1683 
1596 1637 1697 
1598 1693 1680 
1601 1691 1613 
1604 1689 1619 
1612 1628 1695 
1607 1685 1630 
1605 1663 1705 
1608 1653 1688 
1587 1680 1652 
1611 1639 1699 
1606 1621 1698 
1602 1706 1640 
1609 1687 1701 
1604 1642 1707 
1615 1712 1709 
1610 1708 1674 
1614 1690 1628 
1613 1704 1673 
1612 1711 1651 
1617 1630 1702 
1622 1700 1716 
1616 1710 1670 
1618 1703 1627 
1623 1701 1712 
1620 1715 1643 
1621 1666 1714 
1627 1713 1641 
1626 1696 1718 
1624 1662 1717 
1625 1660 1719 
1636 1699 1720 
1632 1721 1686 
1633 1705 1723 
1629 1692 1725 
1634 1698 1690 
1646 1739 1653 
1638 1683 1724 
1631 1733 1700 
1644 1726 1681 
1635 1732 1694 
1650 1697 1734 
1639 1676 1730 
1641 1728 1657 
1637 1652 1727 
1648 1722 1729 
1661 1679 1736 
1647 1723 1737 
1640 1738 1678 
1646 1718 1740 
1642 1684 1743 
1649 1742 1711 
1643 1741 1672 
1645 1744 1685 
1655 1735 1679 
1654 1731 1675 
1665 1682 1749 
1657 1745 1668 
1664 1734 1721 
1667 1724 1746 
1662 1737 1750 
1651 1748 1677 
1656 1720 1753 
1658 1754 1722 
1660 1709 1752 
1659 1751 1708 
1666 1725 1756 
1663 1695 1747 
1668 1755 1659 
1671 1746 1757 
1670 1758 1735 
1669 1716 1741 
1665 1759 1715 
1673 1763 1732 
1672 1761 1693 
1674 1768 1733 
1675 1767 1706 
1676 1702 1760 
1689 1707 1769 
1677 1766 1691 
1681 1764 1703 
1678 1771 1710 
1683 1729 1777 
1688 1773 1765 
1687 1757 1774 
1689 1782 1726 
1686 1775 1731 
1699 1730 1776 
1684 1717 1779 
1682 1719 1780 
1685 1762 1702 
1698 1714 1778 
1690 1787 1742 
1691 1781 1704 
1692 1753 1788 
1680 1770 1773 
1693 1786 1770 
1696 1715 1772 
1695 1736 1791 
1694 1789 1754 
1697 1765 1793 
1701 1774 1790 
1703 1783 1713 
1711 1794 1784 
1705 1784 1795 
1700 1780 1785 
1704 1792 1763 
1709 1798 1796 
1708 1800 1768 
1706 1797 1738 
1707 1743 1799 
1712 1790 1798 
1710 1801 1758 
1713 1802 1728 
1714 1756 1803 
1716 1785 1808 
1721 1804 1775 
1718 1772 1805 
1734 1793 1804 
1717 1750 1807 
1724 1777 1806 
1727 1813 1744 
1723 1795 1810 
1720 1776 1797 
1719 1752 1812 
1722 1799 1782 
1740 1822 1739 
1725 1788 1820 
1741 1819 1761 
1727 1739 1814 
1728 1815 1745 
1730 1760 1817 
1731 1811 1767 
1726 1818 1764 
1735 1827 1787 
1732 1824 1789 
1733 1809 1749 
1737 1810 1823 
1729 1769 1816 
1746 1806 1826 
1748 1747 1825 
1759 1749 1821 
1740 1805 1832 
1736 1778 1836 
1738 1834 1771 
1743 1779 1835 
1745 1828 1755 
1742 1839 1794 
1750 1823 1838 
1744 1830 1762 
1747 1791 1833 
1748 1840 1766 
1751 1837 1800 
1753 1767 1829 
1755 1842 1751 
1754 1831 1769 
1752 1796 1843 
1756 1820 1845 
1757 1826 1844 
1758 1847 1827 
1760 1762 1841 
1761 1848 1786 
1764 1846 1783 
1763 1850 1824 
1759 1854 1819 
1780 1812 1855 
1766 1849 1781 
1776 1817 1851 
1768 1860 1809 
1765 1814 1852 
1773 1853 1813 
1774 1844 1857 
1782 1861 1818 
1775 1859 1811 
1777 1816 1863 
1772 1808 1864 
1771 1862 1801 
1785 1855 1856 
1770 1858 1853 
1781 1865 1792 
1779 1807 1868 
1784 1866 1840 
1783 1867 1802 
1778 1803 1869 
1790 1857 1870 
1797 1875 1834 
1793 1852 1874 
1799 1835 1876 
1786 1871 1858 
1794 1872 1866 
1788 1829 1879 
1789 1881 1831 
1787 1884 1839 
1796 1882 1883 
1792 1880 1850 
1791 1836 1885 
1795 1825 1878 
1804 1877 1873 
1798 1870 1882 
1800 1888 1860 
1802 1886 1815 
1801 1889 1847 
1806 1863 1887 
1803 1845 1890 
1805 1864 1893 
1810 1878 1865 
1807 1838 1894 
1811 1895 1875 
1813 1897 1830 
1814 1822 1892 
1808 1856 1901 
1809 1891 1821 
1821 1896 1854 
1815 1898 1828 
1832 1905 1822 
1817 1873 1904 
1812 1843 1903 
1816 1876 1902 
1820 1879 1907 
1818 1900 1846 
1819 1908 1848 
1823 1849 1899 
1825 1833 1906 
1826 1887 1910 
1824 1911 1881 
1827 1912 1884 
1828 1909 1842 
1832 1893 1913 
1833 1885 1914 
1841 1916 1859 
1830 1919 1877 
1829 1851 1917 
1831 1915 1861 
1841 1874 1922 
1840 1918 1849 
1834 1923 1862 
1838 1899 1924 
1835 1868 1925 
1842 1920 1837 
1837 1921 1888 
1836 1869 1927 
1839 1928 1872 
1844 1910 1898 
1846 1926 1867 
1843 1883 1929 
1845 1907 1931 
1847 1934 1912 
1855 1930 1935 
1853 1937 1933 
1848 1936 1871 
1850 1940 1911 
1851 1904 1939 
1856 1935 1938 
1852 1933 1941 
1857 1886 1932 
1865 1942 1880 
1863 1902 1944 
1854 1948 1908 
1861 1946 1900 
1860 1949 1930 
1859 1945 1895 
1858 1943 1937 
1866 1947 1918 
1862 1950 1889 
1864 1901 1952 
1870 1932 1920 
1867 1951 1886 
1868 1894 1953 
1869 1890 1955 
1871 1956 1943 
1872 1959 1947 
1876 1925 1960 
1873 1922 1945 
1875 1961 1923 
1878 1906 1958 
1874 1941 1957 
1882 1909 1954 
1883 1954 1964 
1877 1957 1916 
1879 1917 1963 
1880 1962 1940 
1881 1965 1915 
1887 1944 1966 
1884 1967 1928 
1885 1927 1968 
1888 1972 1949 
1891 1903 1973 
1889 1974 1934 
1898 1969 1909 
1892 1970 1897 
1890 1931 1976 
1891 1971 1896 
1893 1952 1978 
1892 1905 1977 
1896 1980 1948 
1895 1983 1961 
1894 1924 1979 
1897 1982 1919 
1899 1958 1986 
1913 1985 1905 
1900 1981 1926 
1904 1916 1975 
1902 1960 1988 
1906 1914 1987 
1901 1938 1989 
1903 1929 1990 
1907 1963 1992 
1910 1966 1991 
1908 1993 1936 
1911 1995 1965 
1920 1994 1921 
1912 1997 1967 
1913 1978 1999 
1922 1919 1984 
1918 2000 1942 
1914 1968 1998 
1915 1996 1946 
1917 1939 2002 
1924 1986 2003 
1923 2004 1950 
1921 2001 1972 
1925 1953 2007 
1926 2005 1951 
1927 1955 2009 
1928 2008 1959 
1932 1991 2015 
1933 1977 1982 
1935 1973 2010 
1929 1964 2012 
1930 2011 1971 
1931 1992 2017 
1945 2013 2006 
1934 2016 1997 
1937 2014 1970 
1936 2019 1956 
1940 2022 1995 
1938 2010 2023 
1944 1988 2020 
1941 1970 2018 
1939 2006 2021 
1957 2026 2013 
1943 2024 2014 
1942 2025 1962 
1947 2027 2000 
1946 2028 1981 
1948 2029 1993 
1949 2032 2011 
1951 2030 1969 
1950 2031 1974 
1952 1989 2033 
1954 2015 2034 
1953 1979 2035 
1960 2007 2039 
1955 1976 2036 
1959 2040 2027 
1956 2038 2024 
1958 1987 2037 
1964 2034 2045 
1961 2042 2004 
1962 2041 2022 
1963 2002 2046 
1966 2020 2047 
1975 2043 1983 
1965 2049 1996 
1968 2009 2053 
1967 2054 2008 
1980 1971 2048 
1973 1990 2051 
1972 2056 2032 
1975 1984 2044 
1977 1985 2050 
1969 2052 1994 
1976 2017 2055 
1974 2057 2016 
1982 2062 2026 
1978 2033 2059 
1981 2058 2005 
1983 2063 2042 
1979 2003 2061 
1980 2066 2029 
1985 1999 2060 
1986 2037 2065 
1984 2018 2067 
1987 1998 2064 
1988 2039 2068 
1989 2023 2072 
1991 2047 2071 
1992 2046 2074 
1990 2012 2070 
1993 2073 2019 
1994 2069 2001 
1995 2079 2049 
1997 2080 2054 
2000 2078 2025 
1999 2059 2081 
1996 2075 2028 
1998 2053 2077 
2003 2065 2082 
2002 2021 2084 
2006 2076 2063 
2013 2085 2076 
2001 2083 2056 
2004 2088 2031 
2005 2089 2030 
2010 2087 2086 
2007 2035 2090 
2014 2092 2062 
2011 2070 2087 
2015 2071 2097 
2008 2093 2040 
2009 2036 2095 
2016 2098 2080 
2012 2045 2096 
2017 2074 2099 
2020 2068 2094 
2019 2100 2038 
2024 2101 2092 
2022 2103 2079 
2018 2050 2102 
2021 2043 2091 
2027 2105 2078 
2025 2104 2041 
2023 2086 2109 
2026 2108 2085 
2028 2106 2058 
2034 2097 2112 
2032 2107 2051 
2030 2111 2052 
2029 2114 2073 
2033 2072 2115 
2031 2113 2057 
2039 2090 2116 
2043 2044 2110 
2040 2122 2105 
2037 2064 2117 
2035 2061 2119 
2036 2055 2118 
2038 2121 2101 
2041 2123 2103 
2045 2112 2127 
2042 2126 2088 
2044 2067 2124 
2048 2120 2066 
2048 2051 2125 
2046 2084 2130 
2047 2094 2129 
2049 2128 2075 
2063 2132 2126 
2050 2060 2131 
2053 2095 2136 
2058 2133 2089 
2054 2138 2093 
2056 2137 2107 
2052 2134 2069 
2055 2099 2135 
2057 2140 2098 
2059 2115 2142 
2060 2081 2141 
2062 2148 2108 
2061 2082 2143 
2065 2139 2146 
2064 2077 2144 
2068 2116 2145 
2070 2096 2147 
2067 2102 2152 
2066 2151 2114 
2076 2124 2132 
2071 2129 2154 
2069 2149 2083 
2074 2130 2156 
2072 2109 2155 
2073 2155 2100 
2075 2150 2106 
2078 2166 2139 
2080 2160 2138 
2079 2161 2128 
2086 2125 2157 
2081 2142 2164 
2077 2136 2159 
2082 2146 2162 
2085 2153 2110 
2087 2163 2120 
2084 2091 2158 
2083 2165 2137 
2090 2119 2170 
2089 2168 2111 
2088 2169 2113 
2092 2171 2148 
2091 2110 2167 
2094 2145 2172 
2097 2154 2174 
2098 2178 2160 
2093 2175 2122 
2096 2127 2176 
2095 2118 2177 
2104 2117 2183 
2099 2156 2180 
2101 2179 2171 
2100 2181 2121 
2103 2184 2161 
2105 2186 2166 
2106 2182 2133 
2104 2185 2123 
2107 2191 2163 
2102 2131 2187 
2112 2174 2190 
2116 2188 2189 
2109 2157 2195 
2108 2194 2153 
2124 2152 2196 
2111 2193 2134 
2115 2114 2173 
2113 2198 2140 
2120 2192 2151 
2126 2197 2169 
2122 2201 2186 
2118 2135 2199 
2119 2143 2200 
2123 2203 2184 
2125 2147 2205 
2121 2202 2179 
2127 2190 2208 
2117 2144 2204 
2132 2207 2197 
2129 2172 2210 
2130 2158 2209 
2128 2212 2188 
2131 2141 2206 
2133 2215 2168 
2155 2213 2211 
2134 2214 2149 
2136 2177 2218 
2137 2219 2191 
2138 2220 2175 
2135 2180 2216 
2141 2164 2217 
2140 2221 2178 
2142 2211 2224 
2145 2189 2222 
2139 2204 2185 
2143 2162 2223 
2146 2183 2225 
2144 2159 2226 
2148 2229 2194 
2150 2170 2231 
2150 2227 2182 
2149 2230 2165 
2147 2176 2234 
2157 2233 2232 
2154 2210 2235 
2152 2187 2236 
2151 2238 2213 
2153 2240 2207 
2167 2228 2158 
2156 2209 2239 
2160 2243 2220 
2161 2244 2212 
2159 2218 2241 
2164 2224 2245 
2162 2225 2242 
2166 2237 2183 
2163 2249 2233 
2171 2217 2229 
2167 2196 2246 
2165 2247 2219 
2169 2248 2198 
2168 2250 2193 
2173 2251 2181 
2170 2200 2253 
2173 2195 2256 
2174 2235 2255 
2172 2222 2254 
2178 2260 2243 
2179 2252 2206 
2175 2257 2201 
2176 2208 2258 
2177 2199 2261 
2180 2239 2263 
2182 2259 2215 
2184 2265 2244 
2181 2264 2202 
2185 2262 2203 
2186 2266 2237 
2189 2231 2270 
2197 2267 2269 
2187 2206 2268 
2190 2255 2273 
2188 2272 2227 
2192 2271 2238 
2192 2205 2274 
2191 2277 2249 
2193 2275 2214 
2194 2279 2240 
2204 2226 2276 
2195 2232 2280 
2198 2278 2221 
2196 2236 2284 
2201 2282 2266 
2203 2285 2265 
2199 2216 2281 
2200 2223 2283 
2202 2286 2252 
2207 2287 2267 
2208 2273 2288 
2209 2269 2292 
2205 2234 2290 
2210 2254 2289 
2211 2256 2264 
2217 2245 2291 
2212 2295 2272 
2215 2296 2250 
2214 2293 2230 
2213 2294 2251 
2218 2261 2302 
2219 2303 2277 
2222 2270 2297 
2216 2263 2300 
2220 2304 2257 
2225 2298 2308 
2221 2305 2260 
2224 2251 2301 
2223 2242 2306 
2226 2241 2307 
2228 2246 2299 
2229 2310 2279 
2228 2312 2248 
2227 2309 2259 
2232 2274 2315 
2231 2253 2314 
2230 2311 2247 
2233 2313 2271 
2235 2289 2293 
2237 2323 2298 
2234 2258 2316 
2239 2292 2319 
2236 2268 2317 
2238 2321 2294 
2243 2324 2304 
2241 2302 2318 
2244 2325 2295 
2240 2327 2287 
2242 2308 2320 
2245 2301 2328 
2246 2284 2326 
2247 2329 2303 
2250 2330 2275 
2249 2331 2313 
2252 2333 2310 
2248 2332 2278 
2255 2275 2322 
2256 2280 2337 
2253 2283 2335 
2254 2297 2336 
2259 2338 2296 
2262 2276 2345 
2267 2334 2339 
2260 2343 2324 
2264 2341 2286 
2257 2340 2282 
2258 2288 2342 
2261 2281 2344 
2263 2319 2349 
2265 2347 2325 
2266 2350 2323 
2262 2346 2285 
2270 2314 2348 
2268 2291 2351 
2273 2322 2354 
2269 2339 2332 
2274 2290 2353 
2272 2352 2309 
2271 2355 2321 
2277 2356 2331 
2279 2357 2327 
2282 2359 2350 
2278 2358 2305 
2285 2365 2347 
2280 2315 2367 
2293 2360 2311 
2276 2307 2361 
2281 2300 2363 
2283 2306 2364 
2287 2362 2334 
2284 2317 2368 
2286 2366 2333 
2288 2354 2370 
2289 2336 2371 
2290 2316 2374 
2292 2312 2369 
2291 2328 2373 
2299 2326 2372 
2295 2377 2352 
2296 2376 2330 
2294 2367 2341 
2297 2348 2375 
2299 2378 2312 
2302 2344 2382 
2301 2337 2381 
2303 2383 2356 
2300 2349 2380 
2304 2385 2340 
2298 2361 2346 
2308 2345 2386 
2306 2320 2387 
2309 2384 2338 
2305 2388 2343 
2307 2318 2389 
2310 2392 2357 
2314 2335 2390 
2313 2374 2379 
2311 2391 2329 
2315 2379 2394 
2316 2342 2396 
2317 2351 2399 
2319 2369 2400 
2318 2382 2397 
2322 2371 2407 
2323 2395 2345 
2326 2368 2403 
2324 2402 2385 
2325 2401 2377 
2320 2386 2398 
2328 2381 2405 
2321 2393 2337 
2327 2399 2362 
2332 2406 2358 
2329 2408 2383 
2330 2410 2360 
2334 2409 2378 
2333 2413 2392 
2331 2404 2353 
2338 2411 2376 
2336 2375 2410 
2335 2364 2414 
2339 2372 2412 
2355 2353 2415 
2343 2419 2402 
2341 2417 2366 
2340 2416 2359 
2342 2370 2418 
2348 2390 2422 
2344 2363 2421 
2346 2420 2365 
2347 2424 2401 
2349 2400 2426 
2350 2425 2395 
2352 2427 2384 
2354 2407 2428 
2351 2373 2429 
2367 2394 2431 
2355 2433 2393 
2361 2389 2432 
2356 2434 2404 
2359 2435 2425 
2365 2438 2424 
2357 2423 2368 
2358 2437 2388 
2364 2387 2436 
2363 2380 2439 
2362 2442 2409 
2374 2396 2443 
2366 2440 2413 
2369 2412 2446 
2360 2441 2391 
2370 2428 2444 
2372 2403 2445 
2371 2376 2430 
2375 2422 2447 
2378 2452 2406 
2373 2405 2448 
2377 2450 2427 
2379 2443 2449 
2382 2421 2456 
2381 2431 2462 
2383 2457 2434 
2380 2426 2455 
2386 2451 2460 
2385 2459 2416 
2384 2453 2411 
2399 2454 2458 
2387 2398 2461 
2389 2397 2463 
2388 2464 2419 
2390 2414 2465 
2391 2466 2408 
2392 2468 2454 
2410 2469 2467 
2393 2470 2417 
2395 2475 2451 
2394 2449 2480 
2396 2418 2472 
2397 2456 2473 
2401 2477 2450 
2400 2446 2478 
2398 2460 2474 
2402 2479 2459 
2405 2462 2482 
2407 2467 2484 
2403 2458 2485 
2404 2471 2415 
2408 2481 2457 
2409 2483 2452 
2406 2486 2437 
2411 2490 2469 
2413 2488 2468 
2415 2476 2433 
2414 2436 2489 
2420 2432 2493 
2412 2445 2487 
2422 2465 2491 
2423 2429 2492 
2419 2497 2479 
2416 2494 2435 
2418 2444 2495 
2423 2499 2442 
2421 2439 2498 
2420 2496 2438 
2424 2501 2477 
2417 2500 2440 
2425 2502 2475 
2426 2478 2504 
2427 2503 2453 
2428 2484 2505 
2430 2506 2441 
2429 2448 2508 
2430 2447 2509 
2431 2480 2510 
2443 2507 2517 
2434 2512 2507 
2435 2513 2502 
2438 2515 2501 
2432 2463 2511 
2449 2517 2516 
2436 2461 2514 
2437 2519 2464 
2439 2455 2518 
2433 2523 2470 
2444 2505 2524 
2440 2521 2488 
2445 2485 2520 
2441 2522 2466 
2442 2525 2483 
2446 2487 2527 
2452 2530 2486 
2448 2482 2526 
2450 2529 2503 
2447 2491 2531 
2453 2528 2490 
2454 2508 2499 
2451 2511 2496 
2456 2498 2532 
2457 2535 2512 
2460 2493 2534 
2455 2504 2533 
2459 2538 2494 
2458 2492 2536 
2462 2510 2541 
2461 2474 2537 
2463 2473 2539 
2465 2489 2540 
2464 2542 2497 
2466 2543 2481 
2467 2509 2522 
2472 2545 2471 
2468 2544 2492 
2469 2546 2506 
2470 2551 2500 
2475 2549 2493 
2472 2495 2554 
2473 2532 2552 
2477 2555 2529 
2474 2534 2553 
2476 2559 2523 
2471 2547 2476 
2479 2556 2538 
2478 2527 2558 
2483 2557 2548 
2482 2541 2561 
2484 2506 2550 
2480 2516 2562 
2481 2560 2535 
2485 2536 2563 
2488 2566 2544 
2486 2564 2519 
2491 2540 2565 
2489 2514 2567 
2487 2548 2572 
2490 2568 2546 
2494 2569 2513 
2497 2574 2556 
2496 2570 2515 
2495 2524 2571 
2499 2573 2525 
2501 2577 2555 
2498 2518 2575 
2502 2578 2549 
2503 2576 2528 
2500 2605 2521 
2504 2558 2580 
2505 2550 2581 
2508 2526 2579 
2507 2554 2582 
2509 2531 2584 
2517 2582 2583 
2520 2586 2530 
2511 2539 2585 
2522 2588 2543 
2510 2562 2592 
2513 2591 2578 
2515 2590 2577 
2512 2587 2545 
2514 2537 2589 
2518 2533 2593 
2520 2563 2595 
2519 2594 2542 
2516 2583 2598 
2524 2581 2597 
2521 2596 2566 
2523 2599 2551 
2525 2601 2557 
2527 2572 2604 
2528 2600 2568 
2526 2561 2602 
2529 2603 2576 
2531 2565 2606 
2532 2575 2607 
2534 2585 2610 
2535 2609 2587 
2530 2608 2564 
2536 2579 2601 
2533 2580 2611 
2538 2614 2569 
2540 2567 2612 
2537 2553 2613 
2539 2552 2615 
2544 2618 2573 
2542 2621 2574 
2543 2619 2560 
2545 2617 2547 
2559 2547 2616 
2546 2622 2588 
2549 2623 2570 
2548 2595 2608 
2554 2571 2625 
2550 2584 2627 
2555 2630 2603 
2553 2610 2628 
2552 2607 2629 
2551 2631 2605 
2556 2632 2614 
2558 2604 2634 
2557 2624 2586 
2561 2620 2635 
2560 2633 2609 
2559 2637 2599 
2562 2598 2638 
2565 2612 2636 
2563 2573 2626 
2566 2640 2618 
2567 2589 2641 
2564 2642 2594 
2592 2620 2541 
2568 2647 2622 
2569 2643 2591 
2572 2586 2639 
2571 2597 2645 
2570 2644 2590 
2574 2650 2632 
2576 2646 2600 
2577 2651 2630 
2575 2593 2649 
2578 2653 2623 
2583 2652 2648 
2582 2625 2652 
2579 2602 2654 
2581 2627 2656 
2605 2655 2596 
2580 2634 2657 
2584 2606 2659 
2585 2615 2660 
2595 2658 2661 
2587 2662 2617 
2601 2664 2658 
2588 2663 2619 
2590 2666 2651 
2591 2667 2653 
2589 2613 2665 
2592 2638 2669 
2593 2611 2668 
2597 2656 2671 
2594 2670 2621 
2596 2672 2640 
2600 2673 2647 
2598 2648 2674 
2599 2676 2631 
2608 2678 2642 
2602 2635 2675 
2603 2677 2646 
2604 2639 2680 
2607 2649 2682 
2610 2660 2684 
2609 2685 2662 
2612 2641 2683 
2606 2636 2686 
2616 2679 2637 
2614 2689 2643 
2611 2657 2687 
2613 2628 2688 
2616 2617 2681 
2615 2629 2690 
2618 2695 2664 
2620 2669 2692 
2619 2691 2633 
2621 2693 2650 
2624 2626 2694 
2622 2697 2663 
2623 2696 2644 
2624 2698 2678 
2625 2645 2699 
2627 2659 2700 
2626 2654 2704 
2630 2703 2677 
2628 2684 2701 
2629 2682 2702 
2632 2706 2689 
2631 2705 2655 
2634 2680 2708 
2633 2707 2685 
2635 2692 2710 
2636 2683 2709 
2637 2715 2676 
2640 2713 2695 
2638 2674 2705 
2641 2665 2712 
2639 2661 2714 
2648 2716 2711 
2642 2718 2670 
2652 2717 2716 
2643 2719 2667 
2646 2720 2673 
2644 2721 2666 
2645 2671 2722 
2647 2724 2697 
2650 2726 2706 
2651 2725 2703 
2649 2668 2723 
2653 2728 2696 
2656 2700 2731 
2655 2730 2672 
2657 2708 2734 
2658 2732 2727 
2654 2675 2733 
2660 2690 2736 
2659 2686 2737 
2661 2727 2735 
2662 2739 2717 
2663 2738 2691 
2666 2741 2725 
2667 2742 2728 
2665 2688 2740 
2664 2744 2732 
2669 2676 2729 
2668 2687 2743 
2671 2731 2745 
2670 2746 2693 
2673 2747 2724 
2672 2748 2713 
2679 2749 2715 
2677 2752 2720 
2675 2710 2751 
2678 2753 2718 
2674 2711 2754 
2679 2681 2750 
2681 2699 2756 
2680 2714 2757 
2682 2723 2758 
2683 2712 2755 
2684 2736 2759 
2685 2760 2739 
2689 2765 2719 
2686 2709 2763 
2688 2701 2762 
2687 2734 2764 
2694 2761 2698 
2690 2702 2766 
2705 2770 2730 
2692 2729 2771 
2691 2767 2707 
2694 2704 2768 
2695 2772 2744 
2693 2769 2726 
2698 2773 2753 
2696 2774 2721 
2697 2775 2738 
2700 2737 2776 
2699 2722 2777 
2703 2780 2752 
2701 2759 2778 
2702 2758 2779 
2706 2783 2765 
2704 2733 2782 
2707 2781 2760 
2708 2757 2786 
2709 2755 2784 
2710 2771 2787 
2711 2785 2788 
2716 2756 2785 
2713 2790 2772 
2712 2740 2789 
2714 2735 2791 
2715 2798 2770 
2720 2793 2747 
2717 2792 2750 
2718 2797 2746 
2719 2795 2742 
2721 2794 2741 
2722 2745 2796 
2727 2768 2773 
2725 2800 2780 
2724 2801 2775 
2726 2802 2783 
2723 2743 2799 
2728 2805 2774 
2731 2776 2806 
2732 2803 2761 
2734 2786 2808 
2729 2754 2809 
2730 2807 2748 
2733 2751 2810 
2735 2761 2804 
2736 2766 2811 
2737 2763 2812 
2738 2813 2767 
2739 2816 2792 
2741 2832 2800 
2742 2818 2805 
2740 2762 2815 
2745 2806 2834 
2744 2820 2803 
2743 2764 2819 
2747 2836 2814 
2749 2750 2817 
2746 2821 2769 
2748 2823 2790 
2749 2826 2798 
2752 2827 2793 
2751 2787 2825 
2753 2831 2822 
2756 2777 2828 
2755 2789 2829 
2759 2833 2832 
2758 2799 2830 
2760 2834 2816 
2757 2822 2821 
2754 2788 2835 
2765 2840 2795 
2762 2778 2845 
2763 2814 2852 
2764 2824 2846 
2768 2782 2837 
2773 2841 2831 
2766 2779 2839 
2767 2848 2781 
2771 2809 2842 
2769 2850 2824 
2770 2844 2807 
2772 2843 2820 
2774 2853 2833 
2775 2852 2813 
2776 2812 2848 
2801 2784 -3 
2780 2845 2827 
2777 2796 2854 
2785 2828 2838 
2779 2830 2847 
2783 2846 2840 
2782 2810 2856 
2786 2797 2850 
2797 2791 -3 
2787 2842 2849 
2802 2808 -3 
2790 2849 2843 
2788 2838 2851 
2789 2815 2857 
2792 2855 2817 
2793 2857 2836 
2818 2795 -3 
2804 -3 2791 
2778 2794 -3 
2794 2811 -3 
2781 -3 2796 
2798 2851 2844 
2784 2829 -3 
2803 2856 2841 
2826 2817 -3 
2805 2847 2853 
2799 2819 -3 
2804 2837 -3 
2823 2807 -3 
2825 -3 2810 
2835 -3 2809 
2800 -3 2815 
2802 -3 2819 
2818 -3 2839 
2806 2813 -3 
2823 -3 2825 
2808 2821 -3 
2826 -3 2835 
2801 -3 2812 
2839 -3 2811 
2816 -3 2855 
2828 2854 -3 
2837 2820 -3 
2829 2827 -3 
