1.22308e-05 0 0 0 0 
-2.34644e-05 0 0 0 0 
1.49455e-05 0 0 0 0 
3.79979e-05 0 0 0 0 
-2.96459e-06 0 0 0 0 
3.04469e-05 0 0 0 0 
-4.82953e-05 0 0 0 0 
3.57175e-05 0 0 0 0 
-1.68485e-05 0 0 0 0 
4.69911e-05 0 0 0 0 
3.23512e-05 0 0 0 0 
-6.99166e-06 0 0 0 0 
-7.34521e-05 0 0 0 0 
-2.3156e-06 0 0 0 0 
-0.000128315 0 0 0 0 
-8.68188e-05 0 0 0 0 
8.01952e-05 0 0 0 0 
-1.30916e-05 0 0 0 0 
5.94692e-05 0 0 0 0 
4.46134e-05 0 0 0 0 
-0.000106042 0 0 0 0 
5.19155e-05 0 0 0 0 
-0.000115115 0 0 0 0 
7.65649e-05 0 0 0 0 
-0.000179033 0 0 0 0 
3.40392e-05 0 0 0 0 
-0.000109414 0 0 0 0 
6.43684e-05 0 0 0 0 
0.000170002 0 0 0 0 
2.25927e-05 0 0 0 0 
-7.3736e-05 0 0 0 0 
-0.000204073 0 0 0 0 
4.54082e-05 0 0 0 0 
1.62743e-05 0 0 0 0 
8.56004e-05 0 0 0 0 
-2.95004e-05 0 0 0 0 
4.82888e-05 0 0 0 0 
-0.000267951 0 0 0 0 
0.000121713 0 0 0 0 
-0.000111592 0 0 0 0 
-2.29547e-05 0 0 0 0 
-0.000215426 0 0 0 0 
-0.000393132 0 0 0 0 
0.000162033 0 0 0 0 
0.000327528 0 0 0 0 
-0.000236203 0 0 0 0 
-0.000297168 0 0 0 0 
-1.23073e-05 0 0 0 0 
-0.000128482 0 0 0 0 
-4.6492e-06 0 0 0 0 
3.84173e-05 0 0 0 0 
-7.51832e-05 0 0 0 0 
-0.000498213 0 0 0 0 
7.91415e-05 0 0 0 0 
4.74184e-05 0 0 0 0 
0.000188242 0 0 0 0 
-0.000308667 0 0 0 0 
-0.000649285 0 0 0 0 
7.5907e-05 0 0 0 0 
-0.000302831 0 0 0 0 
0.000513009 0 0 0 0 
-1.59254e-05 0 0 0 0 
-0.000259146 0 0 0 0 
-0.000105224 0 0 0 0 
-0.000179936 0 0 0 0 
0.000147097 0 0 0 0 
-0.000253092 0 0 0 0 
-0.000957766 0 0 0 0 
-0.000788445 0 0 0 0 
-0.00024856 0 0 0 0 
-0.00039128 0 0 0 0 
-0.000600708 0 0 0 0 
-0.00112429 0 0 0 0 
5.84117e-05 0 0 0 0 
-0.000427641 0 0 0 0 
-0.000199758 0 0 0 0 
0.000387383 0 0 0 0 
0.000970569 0 0 0 0 
6.19585e-05 0 0 0 0 
0.000720241 0 0 0 0 
0.000110786 0 0 0 0 
2.12988e-05 0 0 0 0 
5.94012e-05 0 0 0 0 
-0.000128861 0 0 0 0 
-0.000582405 0 0 0 0 
-0.000561189 0 0 0 0 
-0.00010193 0 0 0 0 
0.00115788 0 0 0 0 
0.000243872 0 0 0 0 
-0.000805894 0 0 0 0 
-0.000410266 0 0 0 0 
-4.71114e-05 0 0 0 0 
-0.00150001 0 0 0 0 
-0.000437186 0 0 0 0 
0.000286063 0 0 0 0 
-3.90502e-05 0 0 0 0 
0.000928342 0 0 0 0 
0.0013695 0 0 0 0 
-0.000283981 0 0 0 0 
-0.0001532 0 0 0 0 
-0.000594733 0 0 0 0 
0.00011342 0 0 0 0 
4.72803e-05 0 0 0 0 
-0.00053723 0 0 0 0 
-0.000343731 0 0 0 0 
-0.0010465 0 0 0 0 
-0.000578525 0 0 0 0 
-0.000102362 0 0 0 0 
0.000181205 0 0 0 0 
0.000625787 0 0 0 0 
-0.000928029 0 0 0 0 
-0.00191141 0 0 0 0 
-7.30256e-06 0 0 0 0 
8.74686e-05 0 0 0 0 
-0.000446469 0 0 0 0 
0.00625535 0 0 0 0 
0.0016086 0 0 0 0 
0.001109 0 0 0 0 
-0.00132281 0 0 0 0 
-0.000462535 0 0 0 0 
0.000250493 0 0 0 0 
-0.000162099 0 0 0 0 
-0.000765814 0 0 0 0 
-0.000257187 0 0 0 0 
-0.000460592 0 0 0 0 
-0.00237312 0 0 0 0 
4.96498e-05 0 0 0 0 
0.00186821 0 0 0 0 
-0.000298641 0 0 0 0 
-0.00132215 0 0 0 0 
-0.000413176 0 0 0 0 
0.000450516 0 0 0 0 
0.000130804 0 0 0 0 
-0.00163089 0 0 0 0 
0.000326713 0 0 0 0 
-0.000707822 0 0 0 0 
8.22419e-05 0 0 0 0 
0.00132412 0 0 0 0 
0.00087965 0 0 0 0 
-0.000931252 0 0 0 0 
-0.00066418 0 0 0 0 
4.34481e-05 0 0 0 0 
-0.000148055 0 0 0 0 
-0.00098529 0 0 0 0 
0.000136322 0 0 0 0 
0.00576982 0 0 0 0 
-0.000684047 0 0 0 0 
0.00214547 0 0 0 0 
-0.00288977 0 0 0 0 
-6.7151e-05 0 0 0 0 
0.000432697 0 0 0 0 
-0.00195891 0 0 0 0 
-6.98472e-05 0 0 0 0 
-0.000439612 0 0 0 0 
-0.0116589 0 0 0 0 
-0.00175824 0 0 0 0 
-0.000224583 0 0 0 0 
-0.00124116 0 0 0 0 
0.00243826 0 0 0 0 
0.00157172 0 0 0 0 
-0.000102926 0 0 0 0 
-0.0008951 0 0 0 0 
-0.000780071 0 0 0 0 
-0.00345724 0 0 0 0 
0.000467003 0 0 0 0 
-0.00231487 0 0 0 0 
4.33717e-05 0 0 0 0 
0.0010807 0 0 0 0 
-0.000311781 0 0 0 0 
-0.000331311 0 0 0 0 
0.000152776 0 0 0 0 
0.00274458 0 0 0 0 
0.0087195 0 0 0 0 
-0.0123942 0 0 0 0 
-0.0190138 0 0 0 0 
-0.00174577 0 0 0 0 
-0.000832013 0 0 0 0 
-0.000369215 0 0 0 0 
-0.0015326 0 0 0 0 
-0.000589766 0 0 0 0 
-0.000142197 0 0 0 0 
0.00184555 0 0 0 0 
-0.00271332 0 0 0 0 
-0.00224249 0 0 0 0 
0.00076796 0 0 0 0 
-0.00109662 0 0 0 0 
-0.000889898 0 0 0 0 
-0.0040591 0 0 0 0 
-0.00115728 0 0 0 0 
0.000145085 0 0 0 0 
-4.72791e-06 0 0 0 0 
-0.00101048 0 0 0 0 
-0.000612395 0 0 0 0 
0.00306286 0 0 0 0 
0.000102626 0 0 0 0 
-0.01677 0 0 0 0 
-0.00185776 0 0 0 0 
-0.00314716 0 0 0 0 
-0.0128043 0 0 0 0 
-0.0156303 0 0 0 0 
0.00112712 0 0 0 0 
0.0164009 0 0 0 0 
-0.000495316 0 0 0 0 
0.000392804 0 0 0 0 
-0.00468832 0 0 0 0 
0.00339161 0 0 0 0 
0.00213563 0 0 0 0 
-0.000770547 0 0 0 0 
-1.53413e-05 0 0 0 0 
0.00420491 0 0 0 0 
-0.00146463 0 0 0 0 
-0.00277312 0 0 0 0 
-0.00361001 0 0 0 0 
-0.000329632 0 0 0 0 
-0.00221537 0 0 0 0 
0.000416756 0 0 0 0 
-0.00077001 0 0 0 0 
-0.000754996 0 0 0 0 
0.00372976 0 0 0 0 
0.000236272 0 0 0 0 
-0.000544062 0 0 0 0 
-0.00153956 0 0 0 0 
-0.00536661 0 0 0 0 
0.000518526 0 0 0 0 
0.00501227 0 0 0 0 
0.00989385 0 0 0 0 
-0.00409899 0 0 0 0 
0.00244656 0 0 0 0 
0.00155056 0 0 0 0 
0.000114395 0 0 0 0 
-0.0175486 0 0 0 0 
0.00407594 0 0 0 0 
0.000590934 0 0 0 0 
0.00108234 0 0 0 0 
-0.000757153 0 0 0 0 
-0.00181027 0 0 0 0 
-0.0010016 0 0 0 0 
-0.00260443 0 0 0 0 
5.99337e-05 0 0 0 0 
-0.000210134 0 0 0 0 
-0.0011882 0 0 0 0 
-0.00335287 0 0 0 0 
-0.00461164 0 0 0 0 
-0.000803078 0 0 0 0 
-0.0061044 0 0 0 0 
0.000714531 0 0 0 0 
0.00442872 0 0 0 0 
0.000160617 0 0 0 0 
-0.0137673 0 0 0 0 
-0.00146103 0 0 0 0 
-0.0221281 0 0 0 0 
0.00276789 0 0 0 0 
0.0181566 0 0 0 0 
-0.00302334 0 0 0 0 
-0.00514516 0 0 0 0 
1.21308e-05 0 0 0 0 
-6.25101e-05 0 0 0 0 
-0.000198163 0 0 0 0 
-0.00210156 0 0 0 0 
0.00478751 0 0 0 0 
-0.00205897 0 0 0 0 
0.00596759 0 0 0 0 
-0.00688945 0 0 0 0 
-0.000423193 0 0 0 0 
-0.00126706 0 0 0 0 
0.00161484 0 0 0 0 
-0.00569814 0 0 0 0 
-0.0010008 0 0 0 0 
-0.00397241 0 0 0 0 
0.00515092 0 0 0 0 
0.007214 0 0 0 0 
-0.00135739 0 0 0 0 
-0.00347079 0 0 0 0 
0.00310738 0 0 0 0 
0.0199375 0 0 0 0 
-0.00626747 0 0 0 0 
-0.00771192 0 0 0 0 
0.00119276 0 0 0 0 
-0.00245923 0 0 0 0 
0.000738819 0 0 0 0 
0.00551786 0 0 0 0 
-0.000500985 0 0 0 0 
-0.0013197 0 0 0 0 
5.93768e-06 0 0 0 0 
-0.000216607 0 0 0 0 
0.0110869 0 0 0 0 
-0.00394475 0 0 0 0 
-0.00685131 0 0 0 0 
0.000201033 0 0 0 0 
0.0104858 0 0 0 0 
-0.00158526 0 0 0 0 
0.00588793 0 0 0 0 
-0.000829464 0 0 0 0 
-0.00112701 0 0 0 0 
-0.000375905 0 0 0 0 
0.00345258 0 0 0 0 
-0.00856697 0 0 0 0 
0.00216508 0 0 0 0 
-0.00744758 0 0 0 0 
-0.00456876 0 0 0 0 
-0.00263257 0 0 0 0 
-0.000230004 0 0 0 0 
0.00625973 0 0 0 0 
-0.000805786 0 0 0 0 
0.000956703 0 0 0 0 
-0.00122216 0 0 0 0 
0.0231674 0 0 0 0 
-0.0012864 0 0 0 0 
-0.00287707 0 0 0 0 
-0.0192456 0 0 0 0 
-0.00444371 0 0 0 0 
-0.00805442 0 0 0 0 
-0.0045654 0 0 0 0 
-3.11997e-05 0 0 0 0 
-0.0148789 0 0 0 0 
0.00663248 0 0 0 0 
-0.0180189 0 0 0 0 
-0.00945088 0 0 0 0 
-0.00142573 0 0 0 0 
-0.00866975 0 0 0 0 
0.00381311 0 0 0 0 
6.6363e-05 0 0 0 0 
0.00700518 0 0 0 0 
-0.0210498 0 0 0 0 
-0.00192785 0 0 0 0 
-0.00496508 0 0 0 0 
-0.000652501 0 0 0 0 
-0.00929171 0 0 0 0 
0.00164483 0 0 0 0 
0.000530149 0 0 0 0 
0.00737717 0 0 0 0 
-0.00334436 0 0 0 0 
-0.00161544 0 0 0 0 
0.000118426 0 0 0 0 
-0.0103598 0 0 0 0 
-0.0051806 0 0 0 0 
-0.000483184 0 0 0 0 
-0.00991885 0 0 0 0 
0.00218285 0 0 0 0 
0.00774743 0 0 0 0 
-0.0175333 0 0 0 0 
-0.00550713 0 0 0 0 
-0.000377828 0 0 0 0 
0.0194828 0 0 0 0 
-0.00214626 0 0 0 0 
-0.0105501 0 0 0 0 
0.00811445 0 0 0 0 
0.00417624 0 0 0 0 
-0.00165532 0 0 0 0 
0.00804941 0 0 0 0 
-0.0111841 0 0 0 0 
-0.00321289 0 0 0 0 
-0.0112911 0 0 0 0 
0.00847697 0 0 0 0 
-3.70976e-06 0 0 0 0 
-0.0118204 0 0 0 0 
-0.00232091 0 0 0 0 
-0.00383842 0 0 0 0 
0.00883411 0 0 0 0 
-0.0060674 0 0 0 0 
0.0106316 0 0 0 0 
-0.0124629 0 0 0 0 
0.009185 0 0 0 0 
0.000748419 0 0 0 0 
-0.0131242 0 0 0 0 
0.00293382 0 0 0 0 
0.0095328 0 0 0 0 
-0.000355387 0 0 0 0 
-0.0138235 0 0 0 0 
-0.012241 0 0 0 0 
0.00989516 0 0 0 0 
-0.00590099 0 0 0 0 
-0.0144847 0 0 0 0 
0.0102931 0 0 0 0 
0.00455208 0 0 0 0 
-0.00163844 0 0 0 0 
-0.0151434 0 0 0 0 
-0.00664389 0 0 0 0 
0.00287376 0 0 0 0 
0.000360884 0 0 0 0 
-0.00123153 0 0 0 0 
-0.0149239 0 0 0 0 
-0.0012159 0 0 0 0 
-0.00436513 0 0 0 0 
-0.0132065 0 0 0 0 
0.000591535 0 0 0 0 
0.00183271 0 0 0 0 
0.01059 0 0 0 0 
-0.00723429 0 0 0 0 
-0.00273191 0 0 0 0 
-0.00210416 0 0 0 0 
-0.00134947 0 0 0 0 
0.00017139 0 0 0 0 
-0.000922093 0 0 0 0 
0.00492796 0 0 0 0 
0.00143951 0 0 0 0 
-2.95238e-05 0 0 0 0 
-0.0141846 0 0 0 0 
0.0009698 0 0 0 0 
0.00414697 0 0 0 0 
-0.000579463 0 0 0 0 
0.02538 0 0 0 0 
0.00116117 0 0 0 0 
-0.00783698 0 0 0 0 
-0.00669837 0 0 0 0 
7.74387e-05 0 0 0 0 
-0.00385087 0 0 0 0 
-0.00491076 0 0 0 0 
0.0119436 0 0 0 0 
-0.0151726 0 0 0 0 
-0.00100233 0 0 0 0 
-0.0243976 0 0 0 0 
-0.00844974 0 0 0 0 
-0.0140182 0 0 0 0 
0.00531425 0 0 0 0 
0.00280794 0 0 0 0 
-0.0161675 0 0 0 0 
-0.00319058 0 0 0 0 
-0.00907108 0 0 0 0 
-0.00548344 0 0 0 0 
-0.00195152 0 0 0 0 
0.000230287 0 0 0 0 
-0.0171664 0 0 0 0 
-0.00191161 0 0 0 0 
-0.00754581 0 0 0 0 
0.000188698 0 0 0 0 
-0.00969896 0 0 0 0 
-0.000702903 0 0 0 0 
0.00569844 0 0 0 0 
-0.00233765 0 0 0 0 
-0.0181666 0 0 0 0 
-0.000728282 0 0 0 0 
-0.0103324 0 0 0 0 
0.00238698 0 0 0 0 
-0.0258004 0 0 0 0 
-0.00607031 0 0 0 0 
-0.019166 0 0 0 0 
0.00982591 0 0 0 0 
0.000191937 0 0 0 0 
-0.00204577 0 0 0 0 
-0.0109698 0 0 0 0 
-0.00226663 0 0 0 0 
-0.00366297 0 0 0 0 
0.0107632 0 0 0 0 
-0.0201631 0 0 0 0 
-0.000878649 0 0 0 0 
-0.00450171 0 0 0 0 
0.00609084 0 0 0 0 
0.00996091 0 0 0 0 
-0.0116093 0 0 0 0 
0.0036547 0 0 0 0 
0.00770156 0 0 0 0 
-0.0211607 0 0 0 0 
-0.0122468 0 0 0 0 
-0.00843023 0 0 0 0 
0.0259561 0 0 0 0 
-0.0221753 0 0 0 0 
-0.00667906 0 0 0 0 
-0.0128722 0 0 0 0 
-0.02324 0 0 0 0 
-0.0135 0 0 0 0 
-0.0242712 0 0 0 0 
-0.000487122 0 0 0 0 
-0.00275251 0 0 0 0 
-0.0143039 0 0 0 0 
-0.0018314 0 0 0 0 
0.0256889 0 0 0 0 
-0.0250556 0 0 0 0 
0.00647951 0 0 0 0 
-0.02558 0 0 0 0 
1.74539e-05 0 0 0 0 
-0.0041796 0 0 0 0 
0.0260961 0 0 0 0 
-0.00729753 0 0 0 0 
0.0222125 0 0 0 0 
0.00131683 0 0 0 0 
0.00972528 0 0 0 0 
0.00687417 0 0 0 0 
-0.00211953 0 0 0 0 
-0.00934749 0 0 0 0 
0.00347228 0 0 0 0 
-0.00793314 0 0 0 0 
-0.000165537 0 0 0 0 
0.000253074 0 0 0 0 
-0.000735761 0 0 0 0 
-0.00218287 0 0 0 0 
0.0025572 0 0 0 0 
-0.00107857 0 0 0 0 
-0.00154803 0 0 0 0 
0.00726353 0 0 0 0 
-0.00483726 0 0 0 0 
-0.00470577 0 0 0 0 
-0.00288188 0 0 0 0 
-8.3768e-05 0 0 0 0 
0.00260109 0 0 0 0 
-0.00265025 0 0 0 0 
0.00279187 0 0 0 0 
-0.00857461 0 0 0 0 
-0.00150418 0 0 0 0 
-0.000369175 0 0 0 0 
0.00765666 0 0 0 0 
0.00117436 0 0 0 0 
-0.0237405 0 0 0 0 
-0.00922865 0 0 0 0 
-5.32317e-05 0 0 0 0 
-0.0172363 0 0 0 0 
-0.000117203 0 0 0 0 
0.0080431 0 0 0 0 
0.00448589 0 0 0 0 
-0.00527163 0 0 0 0 
0.00547038 0 0 0 0 
-0.00988535 0 0 0 0 
-0.00123674 0 0 0 0 
0.00843062 0 0 0 0 
-0.0112617 0 0 0 0 
-0.0247183 0 0 0 0 
-0.00377407 0 0 0 0 
-0.0105506 0 0 0 0 
0.00880954 0 0 0 0 
-0.00546229 0 0 0 0 
-0.00162892 0 0 0 0 
-0.0112162 0 0 0 0 
-0.00584263 0 0 0 0 
-0.000507921 0 0 0 0 
0.0033502 0 0 0 0 
0.00918656 0 0 0 0 
-7.45664e-05 0 0 0 0 
-0.011889 0 0 0 0 
-0.00227608 0 0 0 0 
0.00955472 0 0 0 0 
0.00416319 0 0 0 0 
-0.0122518 0 0 0 0 
0.000851598 0 0 0 0 
-0.0125596 0 0 0 0 
0.0099285 0 0 0 0 
0.0110653 0 0 0 0 
-0.00167574 0 0 0 0 
-0.013245 0 0 0 0 
0.0103368 0 0 0 0 
-0.0064481 0 0 0 0 
-0.0139741 0 0 0 0 
0.0108768 0 0 0 0 
0.000152596 0 0 0 0 
-0.00359362 0 0 0 0 
-0.00345474 0 0 0 0 
-0.0265393 0 0 0 0 
-0.0150753 0 0 0 0 
-0.00310072 0 0 0 0 
0.0102236 0 0 0 0 
0.0113496 0 0 0 0 
0.01149 0 0 0 0 
-0.015785 0 0 0 0 
-0.0155577 0 0 0 0 
-0.0213842 0 0 0 0 
-0.00307216 0 0 0 0 
-0.0160805 0 0 0 0 
-0.0132603 0 0 0 0 
-0.00248893 0 0 0 0 
0.000805911 0 0 0 0 
-0.000297725 0 0 0 0 
-0.00705467 0 0 0 0 
0.00535264 0 0 0 0 
-0.00625264 0 0 0 0 
-0.0169109 0 0 0 0 
-0.0142825 0 0 0 0 
-0.000491845 0 0 0 0 
-0.00193131 0 0 0 0 
-0.00494353 0 0 0 0 
0.00112444 0 0 0 0 
0.0033397 0 0 0 0 
-0.00769034 0 0 0 0 
0.00240879 0 0 0 0 
-0.0153167 0 0 0 0 
-0.0018751 0 0 0 0 
0.0048713 0 0 0 0 
-0.0304823 0 0 0 0 
-0.00335946 0 0 0 0 
-0.00832394 0 0 0 0 
0.000688998 0 0 0 0 
-0.00177264 0 0 0 0 
-0.0163585 0 0 0 0 
-0.00464397 0 0 0 0 
-0.00710082 0 0 0 0 
-0.00305422 0 0 0 0 
0.00183126 0 0 0 0 
0.00168874 0 0 0 0 
-4.9128e-05 0 0 0 0 
-0.00898136 0 0 0 0 
-0.00184352 0 0 0 0 
-0.00416932 0 0 0 0 
-0.0174063 0 0 0 0 
0.00624386 0 0 0 0 
-6.01523e-05 0 0 0 0 
0.000259314 0 0 0 0 
-0.00963439 0 0 0 0 
0.00397796 0 0 0 0 
-0.00057557 0 0 0 0 
0.00450846 0 0 0 0 
-0.00425256 0 0 0 0 
0.02676 0 0 0 0 
-0.0184557 0 0 0 0 
-0.0013243 0 0 0 0 
-0.00621708 0 0 0 0 
0.00695549 0 0 0 0 
-0.0103063 0 0 0 0 
0.0269664 0 0 0 0 
-0.0195056 0 0 0 0 
0.00558864 0 0 0 0 
-0.0109726 0 0 0 0 
-0.0080139 0 0 0 0 
-0.0018486 0 0 0 0 
-0.0205556 0 0 0 0 
0.0103195 0 0 0 0 
-0.0116524 0 0 0 0 
-0.00577839 0 0 0 0 
-0.016006 0 0 0 0 
-0.0310602 0 0 0 0 
-0.0216117 0 0 0 0 
-0.0123196 0 0 0 0 
0.000293175 0 0 0 0 
0.0193517 0 0 0 0 
0.00300457 0 0 0 0 
-0.0180523 0 0 0 0 
-0.0028141 0 0 0 0 
-0.0227025 0 0 0 0 
-0.00262442 0 0 0 0 
0.00714977 0 0 0 0 
-0.0129737 0 0 0 0 
-0.0238966 0 0 0 0 
0.0279818 0 0 0 0 
-0.0135294 0 0 0 0 
-0.00265628 0 0 0 0 
-0.0253053 0 0 0 0 
-0.0140804 0 0 0 0 
-0.0032064 0 0 0 0 
-0.0263394 0 0 0 0 
-0.00500742 0 0 0 0 
0.00415127 0 0 0 0 
-0.00757322 0 0 0 0 
-0.0007257 0 0 0 0 
-0.0265227 0 0 0 0 
-0.0262585 0 0 0 0 
0.0273447 0 0 0 0 
0.000233511 0 0 0 0 
-0.0089427 0 0 0 0 
0.00630835 0 0 0 0 
-0.00451859 0 0 0 0 
-0.00697805 0 0 0 0 
0.0004983 0 0 0 0 
-0.00554976 0 0 0 0 
0.0132581 0 0 0 0 
0.00806128 0 0 0 0 
-0.0306009 0 0 0 0 
-0.000269388 0 0 0 0 
-0.00141225 0 0 0 0 
-0.00266826 0 0 0 0 
-0.003686 0 0 0 0 
-0.00271709 0 0 0 0 
-0.00992611 0 0 0 0 
-0.00899105 0 0 0 0 
0.00783916 0 0 0 0 
0.00580608 0 0 0 0 
0.00200892 0 0 0 0 
0.00702394 0 0 0 0 
-0.0279915 0 0 0 0 
-0.00357553 0 0 0 0 
-0.00347143 0 0 0 0 
-0.00822525 0 0 0 0 
-0.00089728 0 0 0 0 
-0.00218747 0 0 0 0 
0.00896941 0 0 0 0 
-0.00281299 0 0 0 0 
-0.00141286 0 0 0 0 
-0.0109087 0 0 0 0 
-0.0104503 0 0 0 0 
-0.00287041 0 0 0 0 
0.00772859 0 0 0 0 
-0.00154703 0 0 0 0 
0.00306353 0 0 0 0 
0.000339615 0 0 0 0 
-0.00950312 0 0 0 0 
0.000465109 0 0 0 0 
-0.00697112 0 0 0 0 
-0.00662671 0 0 0 0 
0.00986441 0 0 0 0 
0.00497676 0 0 0 0 
0.00554444 0 0 0 0 
0.0356447 0 0 0 0 
-0.0119306 0 0 0 0 
0.00140583 0 0 0 0 
-0.000390944 0 0 0 0 
0.00841423 0 0 0 0 
-0.0119463 0 0 0 0 
-0.0107914 0 0 0 0 
-0.00413211 0 0 0 0 
-0.00603719 0 0 0 0 
0.0187069 0 0 0 0 
-0.000370045 0 0 0 0 
0.0107382 0 0 0 0 
-0.000246704 0 0 0 0 
-0.0277615 0 0 0 0 
-0.00440105 0 0 0 0 
-0.0134302 0 0 0 0 
0.00908708 0 0 0 0 
-0.0120671 0 0 0 0 
0.00102254 0 0 0 0 
0.0116624 0 0 0 0 
-0.0149394 0 0 0 0 
-0.0129691 0 0 0 0 
0.0118158 0 0 0 0 
0.0100371 0 0 0 0 
0.00720138 0 0 0 0 
-0.0134312 0 0 0 0 
-0.0199749 0 0 0 0 
0.0135179 0 0 0 0 
-0.000531142 0 0 0 0 
-0.0193697 0 0 0 0 
0.0125394 0 0 0 0 
-0.0154839 0 0 0 0 
-0.0144995 0 0 0 0 
0.0119214 0 0 0 0 
-0.00849318 0 0 0 0 
-0.0019451 0 0 0 0 
-0.00187057 0 0 0 0 
-0.00400255 0 0 0 0 
-0.0140467 0 0 0 0 
-0.0314995 0 0 0 0 
-0.00539685 0 0 0 0 
0.000854789 0 0 0 0 
-0.000300077 0 0 0 0 
0.00580765 0 0 0 0 
-0.0150961 0 0 0 0 
-0.00368443 0 0 0 0 
-0.00254731 0 0 0 0 
0.00984702 0 0 0 0 
-0.0100923 0 0 0 0 
-0.0077102 0 0 0 0 
0.000229604 0 0 0 0 
-0.0236428 0 0 0 0 
-0.0280457 0 0 0 0 
-0.0162001 0 0 0 0 
-0.0087897 0 0 0 0 
-0.00644355 0 0 0 0 
0.008671 0 0 0 0 
-0.0306588 0 0 0 0 
0.00469879 0 0 0 0 
-0.0254256 0 0 0 0 
-0.0172615 0 0 0 0 
0.00151309 0 0 0 0 
-0.00365307 0 0 0 0 
-0.00452759 0 0 0 0 
-0.0117468 0 0 0 0 
-0.00531833 0 0 0 0 
-0.00579883 0 0 0 0 
-0.000961852 0 0 0 0 
0.00719572 0 0 0 0 
-0.00448866 0 0 0 0 
-0.000234197 0 0 0 0 
-0.00314295 0 0 0 0 
-0.0183771 0 0 0 0 
0.00155476 0 0 0 0 
-0.0026812 0 0 0 0 
-0.0332352 0 0 0 0 
-0.00752803 0 0 0 0 
0.0066358 0 0 0 0 
-0.019435 0 0 0 0 
-0.00319174 0 0 0 0 
-0.0134382 0 0 0 0 
-0.00949593 0 0 0 0 
0.0306241 0 0 0 0 
0.00060953 0 0 0 0 
-0.0205505 0 0 0 0 
0.00273364 0 0 0 0 
0.000953106 0 0 0 0 
0.00200322 0 0 0 0 
-0.00863807 0 0 0 0 
0.0101968 0 0 0 0 
-0.0216254 0 0 0 0 
-0.0151458 0 0 0 0 
-0.000907424 0 0 0 0 
-0.0013414 0 0 0 0 
-0.00390676 0 0 0 0 
-0.00745974 0 0 0 0 
-0.0228003 0 0 0 0 
0.00779714 0 0 0 0 
-0.00972078 0 0 0 0 
-0.00673848 0 0 0 0 
0.0048382 0 0 0 0 
-0.0240879 0 0 0 0 
-0.0179885 0 0 0 0 
-0.0167265 0 0 0 0 
0.000472107 0 0 0 0 
-0.00151159 0 0 0 0 
-0.025713 0 0 0 0 
-0.00198341 0 0 0 0 
-0.0102004 0 0 0 0 
0.0299249 0 0 0 0 
-0.0283529 0 0 0 0 
-0.0111903 0 0 0 0 
0.00745496 0 0 0 0 
-0.0167748 0 0 0 0 
-0.0281338 0 0 0 0 
0.00950342 0 0 0 0 
0.00827899 0 0 0 0 
-0.01137 0 0 0 0 
-0.00393672 0 0 0 0 
-0.00525135 0 0 0 0 
0.0117611 0 0 0 0 
-0.0290591 0 0 0 0 
-0.0211925 0 0 0 0 
-0.0082429 0 0 0 0 
-0.00487368 0 0 0 0 
0.00825985 0 0 0 0 
-0.0366072 0 0 0 0 
0.00886464 0 0 0 0 
-0.00549065 0 0 0 0 
0.00125403 0 0 0 0 
-0.0133043 0 0 0 0 
0.0223216 0 0 0 0 
0.000332818 0 0 0 0 
0.0133468 0 0 0 0 
-0.00511779 0 0 0 0 
-0.0178874 0 0 0 0 
-0.00981037 0 0 0 0 
-0.013732 0 0 0 0 
0.00904316 0 0 0 0 
-0.00409585 0 0 0 0 
0.000907396 0 0 0 0 
-0.0152575 0 0 0 0 
-0.00545683 0 0 0 0 
0.0148889 0 0 0 0 
-0.00310959 0 0 0 0 
0.0149355 0 0 0 0 
-0.0311149 0 0 0 0 
-0.011407 0 0 0 0 
0.00979549 0 0 0 0 
-0.00144938 0 0 0 0 
-0.038013 0 0 0 0 
-0.00719793 0 0 0 0 
-0.000472756 0 0 0 0 
-0.0171793 0 0 0 0 
0.0340948 0 0 0 0 
-0.00286944 0 0 0 0 
0.00282111 0 0 0 0 
-0.00205152 0 0 0 0 
0.0165104 0 0 0 0 
-0.000291174 0 0 0 0 
-0.0129127 0 0 0 0 
-0.00717032 0 0 0 0 
-0.00553756 0 0 0 0 
0.0105267 0 0 0 0 
-0.00140837 0 0 0 0 
-0.0191966 0 0 0 0 
-0.0280461 0 0 0 0 
0.0181046 0 0 0 0 
-0.011373 0 0 0 0 
-0.0163813 0 0 0 0 
-0.0141057 0 0 0 0 
0.0105364 0 0 0 0 
0.0120569 0 0 0 0 
0.0115154 0 0 0 0 
0.00377717 0 0 0 0 
-0.0212928 0 0 0 0 
-0.00226463 0 0 0 0 
0.0202745 0 0 0 0 
0.0101565 0 0 0 0 
-0.0135243 0 0 0 0 
0.0151035 0 0 0 0 
-0.0193686 0 0 0 0 
-0.0231992 0 0 0 0 
0.000449381 0 0 0 0 
-0.00733395 0 0 0 0 
0.00681876 0 0 0 0 
-0.000988596 0 0 0 0 
-0.00677408 0 0 0 0 
0.00016051 0 0 0 0 
-0.00901741 0 0 0 0 
0.0463615 0 0 0 0 
-0.000368591 0 0 0 0 
-0.0361145 0 0 0 0 
-0.0191049 0 0 0 0 
0.0152605 0 0 0 0 
-0.0124212 0 0 0 0 
0.000431575 0 0 0 0 
0.000211444 0 0 0 0 
0.0168771 0 0 0 0 
-0.00998231 0 0 0 0 
0.0121991 0 0 0 0 
0.00241556 0 0 0 0 
-0.0109711 0 0 0 0 
0.00909352 0 0 0 0 
-0.00478712 0 0 0 0 
-0.0218512 0 0 0 0 
-0.0334321 0 0 0 0 
-0.00974267 0 0 0 0 
-0.0409732 0 0 0 0 
-0.00542747 0 0 0 0 
0.00494067 0 0 0 0 
-0.000571832 0 0 0 0 
-0.0152148 0 0 0 0 
-0.0130065 0 0 0 0 
0.00123429 0 0 0 0 
-0.0245526 0 0 0 0 
0.0022967 0 0 0 0 
0.000342803 0 0 0 0 
-0.0368272 0 0 0 0 
-0.00648882 0 0 0 0 
-0.0304661 0 0 0 0 
-0.0150856 0 0 0 0 
0.0138399 0 0 0 0 
-0.027352 0 0 0 0 
0.00205417 0 0 0 0 
0.0087792 0 0 0 0 
-0.0169705 0 0 0 0 
-0.0123109 0 0 0 0 
-0.0322575 0 0 0 0 
-0.00882229 0 0 0 0 
-0.030883 0 0 0 0 
0.0291691 0 0 0 0 
0.00139641 0 0 0 0 
-0.0169712 0 0 0 0 
-0.0360333 0 0 0 0 
0.0312046 0 0 0 0 
-0.00322808 0 0 0 0 
-0.000255665 0 0 0 0 
-0.00572855 0 0 0 0 
-0.00138863 0 0 0 0 
0.0134018 0 0 0 0 
0.00245674 0 0 0 0 
-0.00697363 0 0 0 0 
-0.00374382 0 0 0 0 
-0.00461087 0 0 0 0 
-0.0136738 0 0 0 0 
-0.037218 0 0 0 0 
0.00398504 0 0 0 0 
0.0154608 0 0 0 0 
0.000908436 0 0 0 0 
-0.0192172 0 0 0 0 
-0.00380214 0 0 0 0 
0.0453596 0 0 0 0 
-0.00110391 0 0 0 0 
-0.0150211 0 0 0 0 
-0.0417976 0 0 0 0 
0.00614503 0 0 0 0 
-0.00942331 0 0 0 0 
-0.000157647 0 0 0 0 
0.000469055 0 0 0 0 
0.0170523 0 0 0 0 
-0.00726341 0 0 0 0 
-0.0277699 0 0 0 0 
0.0071767 0 0 0 0 
-0.017842 0 0 0 0 
-0.0222523 0 0 0 0 
-0.00732999 0 0 0 0 
-0.00422268 0 0 0 0 
0.00142793 0 0 0 0 
-0.00938057 0 0 0 0 
0.0106537 0 0 0 0 
-0.0125787 0 0 0 0 
-0.00867789 0 0 0 0 
0.0185903 0 0 0 0 
-0.0233628 0 0 0 0 
-0.0205759 0 0 0 0 
-0.0055824 0 0 0 0 
-0.0451926 0 0 0 0 
-0.0058605 0 0 0 0 
0.0200529 0 0 0 0 
-0.00439013 0 0 0 0 
-0.00139928 0 0 0 0 
0.000490532 0 0 0 0 
-0.0222963 0 0 0 0 
0.021463 0 0 0 0 
0.0219463 0 0 0 0 
-0.0228174 0 0 0 0 
0.0205372 0 0 0 0 
-0.0119607 0 0 0 0 
0.0227684 0 0 0 0 
0.0158933 0 0 0 0 
0.0014124 0 0 0 0 
0.00913059 0 0 0 0 
-0.0322672 0 0 0 0 
-0.0494562 0 0 0 0 
-0.0276279 0 0 0 0 
-0.00304106 0 0 0 0 
0.0124716 0 0 0 0 
0.00442984 0 0 0 0 
-0.0551451 0 0 0 0 
-0.0133411 0 0 0 0 
-0.00298578 0 0 0 0 
0.0273953 0 0 0 0 
-0.0168449 0 0 0 0 
-0.00915668 0 0 0 0 
-0.0398646 0 0 0 0 
-0.000291569 0 0 0 0 
-0.0146977 0 0 0 0 
-0.00812004 0 0 0 0 
0.00423086 0 0 0 0 
-0.00810705 0 0 0 0 
-0.00339279 0 0 0 0 
-0.0319553 0 0 0 0 
-0.00193471 0 0 0 0 
-0.00835795 0 0 0 0 
0.00872975 0 0 0 0 
0.00016784 0 0 0 0 
0.00502132 0 0 0 0 
0.000763773 0 0 0 0 
0.00103982 0 0 0 0 
-0.00151026 0 0 0 0 
-0.0175754 0 0 0 0 
-0.00706516 0 0 0 0 
-0.0361273 0 0 0 0 
-0.00496086 0 0 0 0 
-0.000395025 0 0 0 0 
0.0141873 0 0 0 0 
-0.0481262 0 0 0 0 
-0.00143679 0 0 0 0 
0.0566972 0 0 0 0 
0.0217269 0 0 0 0 
0.032421 0 0 0 0 
0.00222345 0 0 0 0 
-0.0205647 0 0 0 0 
-0.0107625 0 0 0 0 
-0.010948 0 0 0 0 
-0.00531739 0 0 0 0 
-0.0396658 0 0 0 0 
-0.00722859 0 0 0 0 
-0.00737696 0 0 0 0 
-0.0236876 0 0 0 0 
-0.0176413 0 0 0 0 
-0.0429998 0 0 0 0 
-0.0485193 0 0 0 0 
-0.0374817 0 0 0 0 
0.00340239 0 0 0 0 
0.00467337 0 0 0 0 
-0.0272115 0 0 0 0 
-0.000696917 0 0 0 0 
-0.0452592 0 0 0 0 
0.0158642 0 0 0 0 
-0.0566743 0 0 0 0 
-0.0105714 0 0 0 0 
0.0406478 0 0 0 0 
0.00210487 0 0 0 0 
-0.0135304 0 0 0 0 
-0.0802508 0 0 0 0 
-0.0455889 0 0 0 0 
0.000676145 0 0 0 0 
0.0109653 0 0 0 0 
0.00300945 0 0 0 0 
-0.0197677 0 0 0 0 
0.000695644 0 0 0 0 
0.0175656 0 0 0 0 
-0.00786613 0 0 0 0 
-0.00387764 0 0 0 0 
-0.0165392 0 0 0 0 
0.0054988 0 0 0 0 
-0.0123297 0 0 0 0 
0.0165104 0 0 0 0 
-0.0429319 0 0 0 0 
-0.0220308 0 0 0 0 
-0.000235116 0 0 0 0 
-0.00368466 0 0 0 0 
-0.00516918 0 0 0 0 
0.00570618 0 0 0 0 
0.00373964 0 0 0 0 
0.0192198 0 0 0 0 
-0.00199867 0 0 0 0 
-0.00127813 0 0 0 0 
-0.00671568 0 0 0 0 
-0.00368543 0 0 0 0 
-0.0198627 0 0 0 0 
0.00844265 0 0 0 0 
-0.0112927 0 0 0 0 
0.0576127 0 0 0 0 
-0.0490957 0 0 0 0 
0.0207761 0 0 0 0 
0.000280432 0 0 0 0 
-0.010506 0 0 0 0 
-0.0228753 0 0 0 0 
-0.0108265 0 0 0 0 
0.0130637 0 0 0 0 
0.0083242 0 0 0 0 
-0.0264453 0 0 0 0 
0.0221128 0 0 0 0 
-0.0201023 0 0 0 0 
-0.0347641 0 0 0 0 
-0.012522 0 0 0 0 
0.00101978 0 0 0 0 
0.0225074 0 0 0 0 
-0.00668814 0 0 0 0 
-0.00745063 0 0 0 0 
0.0175785 0 0 0 0 
-0.0170449 0 0 0 0 
-0.00648195 0 0 0 0 
-0.019334 0 0 0 0 
-0.0258045 0 0 0 0 
-0.0132202 0 0 0 0 
0.000282282 0 0 0 0 
-0.0309649 0 0 0 0 
-0.0367908 0 0 0 0 
-0.0646456 0 0 0 0 
-0.0614806 0 0 0 0 
-0.000514458 0 0 0 0 
-0.0542508 0 0 0 0 
-0.00374276 0 0 0 0 
-0.0427237 0 0 0 0 
0.0218158 0 0 0 0 
0.0175433 0 0 0 0 
0.0149137 0 0 0 0 
0.00192861 0 0 0 0 
0.0383092 0 0 0 0 
-0.0161952 0 0 0 0 
-0.0354933 0 0 0 0 
-0.0162098 0 0 0 0 
-0.00963902 0 0 0 0 
-0.0015089 0 0 0 0 
-0.0788361 0 0 0 0 
-0.0193726 0 0 0 0 
0.00165952 0 0 0 0 
-0.00425976 0 0 0 0 
0.0109175 0 0 0 0 
-0.00566221 0 0 0 0 
-0.0127603 0 0 0 0 
-0.0392549 0 0 0 0 
-0.0117497 0 0 0 0 
0.000418007 0 0 0 0 
-7.37311e-05 0 0 0 0 
-0.00169418 0 0 0 0 
0.00640333 0 0 0 0 
0.016362 0 0 0 0 
-0.0227293 0 0 0 0 
-0.00265744 0 0 0 0 
-0.0396693 0 0 0 0 
-0.00804953 0 0 0 0 
-0.0122461 0 0 0 0 
0.00187753 0 0 0 0 
0.0162669 0 0 0 0 
-0.026491 0 0 0 0 
-0.0238421 0 0 0 0 
-0.0422064 0 0 0 0 
-0.00656657 0 0 0 0 
0.000625635 0 0 0 0 
-0.0633952 0 0 0 0 
-0.0316558 0 0 0 0 
-0.0403109 0 0 0 0 
0.0315274 0 0 0 0 
-0.000480753 0 0 0 0 
0.00316639 0 0 0 0 
-0.0541582 0 0 0 0 
0.0656962 0 0 0 0 
-0.0212023 0 0 0 0 
0.00477549 0 0 0 0 
-0.0100865 0 0 0 0 
0.0182505 0 0 0 0 
0.00550387 0 0 0 0 
-0.0459616 0 0 0 0 
-0.0200263 0 0 0 0 
-0.0152557 0 0 0 0 
-0.0745683 0 0 0 0 
0.00129644 0 0 0 0 
0.0272221 0 0 0 0 
-0.0311704 0 0 0 0 
0.020137 0 0 0 0 
0.0134562 0 0 0 0 
-0.0787579 0 0 0 0 
-0.0189235 0 0 0 0 
-0.00978488 0 0 0 0 
-0.0591543 0 0 0 0 
1.30336e-05 0 0 0 0 
-0.0804093 0 0 0 0 
-0.00486485 0 0 0 0 
-0.0257899 0 0 0 0 
0.0219601 0 0 0 0 
-0.0343495 0 0 0 0 
0.000550479 0 0 0 0 
-0.0242839 0 0 0 0 
0.0236089 0 0 0 0 
-0.0041117 0 0 0 0 
-0.0591356 0 0 0 0 
-0.0181508 0 0 0 0 
-0.00193863 0 0 0 0 
-0.0195305 0 0 0 0 
0.00947854 0 0 0 0 
-0.0315125 0 0 0 0 
0.0184744 0 0 0 0 
-4.13766e-05 0 0 0 0 
-0.0547404 0 0 0 0 
-0.00734834 0 0 0 0 
0.00823707 0 0 0 0 
0.0250219 0 0 0 0 
-0.0119511 0 0 0 0 
0.00548383 0 0 0 0 
-0.0136041 0 0 0 0 
-0.0141663 0 0 0 0 
0.0257282 0 0 0 0 
-0.022724 0 0 0 0 
-0.0302573 0 0 0 0 
-0.00988324 0 0 0 0 
-0.00281084 0 0 0 0 
0.000937438 0 0 0 0 
0.0153965 0 0 0 0 
0.00255309 0 0 0 0 
0.0288914 0 0 0 0 
-0.000443407 0 0 0 0 
-0.0379011 0 0 0 0 
-0.0413426 0 0 0 0 
0.0641042 0 0 0 0 
-0.004102 0 0 0 0 
0.00142973 0 0 0 0 
-0.0082081 0 0 0 0 
-0.0130768 0 0 0 0 
0.00932689 0 0 0 0 
-0.0426807 0 0 0 0 
-0.0148097 0 0 0 0 
-0.0178836 0 0 0 0 
-0.00617202 0 0 0 0 
-0.0351978 0 0 0 0 
-0.0190635 0 0 0 0 
0.00202752 0 0 0 0 
-0.0180979 0 0 0 0 
0.0166634 0 0 0 0 
-0.00224524 0 0 0 0 
-0.00517482 0 0 0 0 
-0.0403428 0 0 0 0 
-0.0118214 0 0 0 0 
-0.0890834 0 0 0 0 
-0.087622 0 0 0 0 
-0.0195875 0 0 0 0 
-0.0217607 0 0 0 0 
0.0289763 0 0 0 0 
-0.0442515 0 0 0 0 
-0.0133 0 0 0 0 
0.0465535 0 0 0 0 
0.0308304 0 0 0 0 
-0.00249433 0 0 0 0 
0.0303076 0 0 0 0 
-0.0255602 0 0 0 0 
-0.00608357 0 0 0 0 
0.0127545 0 0 0 0 
0.0162949 0 0 0 0 
-0.0300882 0 0 0 0 
-0.0519897 0 0 0 0 
-0.0209324 0 0 0 0 
-0.11918 0 0 0 0 
-0.0247691 0 0 0 0 
-0.0357802 0 0 0 0 
0.0125693 0 0 0 0 
-0.0117428 0 0 0 0 
-0.000498008 0 0 0 0 
-0.0172957 0 0 0 0 
-0.0168801 0 0 0 0 
-0.00195643 0 0 0 0 
-0.00937351 0 0 0 0 
0.000797005 0 0 0 0 
-0.00877127 0 0 0 0 
0.00195295 0 0 0 0 
-0.00850821 0 0 0 0 
0.0107647 0 0 0 0 
-0.00373543 0 0 0 0 
-0.073861 0 0 0 0 
0.00996599 0 0 0 0 
0.021493 0 0 0 0 
-0.024842 0 0 0 0 
0.00549133 0 0 0 0 
-0.0178768 0 0 0 0 
0.00602156 0 0 0 0 
-0.0433049 0 0 0 0 
0.0415531 0 0 0 0 
-0.0854905 0 0 0 0 
-0.00131354 0 0 0 0 
-0.0141514 0 0 0 0 
-0.128865 0 0 0 0 
-0.00169854 0 0 0 0 
0.0201515 0 0 0 0 
0.0937106 0 0 0 0 
0.00228205 0 0 0 0 
-0.0194058 0 0 0 0 
-0.0222304 0 0 0 0 
-0.0232811 0 0 0 0 
0.0157984 0 0 0 0 
-0.0139996 0 0 0 0 
-0.0773204 0 0 0 0 
0.0260728 0 0 0 0 
-0.0218501 0 0 0 0 
0.0156086 0 0 0 0 
-0.0353814 0 0 0 0 
-0.0279869 0 0 0 0 
-0.00688985 0 0 0 0 
0.0234913 0 0 0 0 
-0.055217 0 0 0 0 
-0.0796944 0 0 0 0 
-0.0973357 0 0 0 0 
0.0308414 0 0 0 0 
-0.000158155 0 0 0 0 
-0.0356827 0 0 0 0 
0.027386 0 0 0 0 
-0.0575191 0 0 0 0 
-0.0228229 0 0 0 0 
-0.00235211 0 0 0 0 
-0.00834921 0 0 0 0 
-0.0325285 0 0 0 0 
0.000685815 0 0 0 0 
0.00900797 0 0 0 0 
-0.0248649 0 0 0 0 
-0.0163011 0 0 0 0 
0.00175193 0 0 0 0 
-0.00440673 0 0 0 0 
-0.121667 0 0 0 0 
-0.0110166 0 0 0 0 
0.0154216 0 0 0 0 
-0.0244064 0 0 0 0 
-0.0236687 0 0 0 0 
0.0132821 0 0 0 0 
0.000887915 0 0 0 0 
0.0240345 0 0 0 0 
0.00779291 0 0 0 0 
-0.00904553 0 0 0 0 
-0.0202061 0 0 0 0 
9.30199e-05 0 0 0 0 
-0.0221016 0 0 0 0 
-0.0383492 0 0 0 0 
-0.0148477 0 0 0 0 
-0.00372658 0 0 0 0 
0.0354098 0 0 0 0 
0.00424222 0 0 0 0 
-0.078507 0 0 0 0 
-0.0257773 0 0 0 0 
0.0101796 0 0 0 0 
-0.013642 0 0 0 0 
-0.0997879 0 0 0 0 
-0.0461891 0 0 0 0 
-0.105234 0 0 0 0 
-0.0229575 0 0 0 0 
0.0176557 0 0 0 0 
-0.00937858 0 0 0 0 
-0.0295181 0 0 0 0 
-0.0194867 0 0 0 0 
-0.0661378 0 0 0 0 
0.0112874 0 0 0 0 
-0.0272711 0 0 0 0 
-0.123976 0 0 0 0 
-0.0225117 0 0 0 0 
-0.019919 0 0 0 0 
0.0148111 0 0 0 0 
-0.038197 0 0 0 0 
-0.0406172 0 0 0 0 
0.0240332 0 0 0 0 
0.0322033 0 0 0 0 
0.0263892 0 0 0 0 
-0.0276927 0 0 0 0 
0.0321095 0 0 0 0 
-0.115864 0 0 0 0 
0.015623 0 0 0 0 
0.0641869 0 0 0 0 
-0.0120559 0 0 0 0 
-0.00918334 0 0 0 0 
0.00146379 0 0 0 0 
0.04663 0 0 0 0 
0.00302581 0 0 0 0 
-0.00824039 0 0 0 0 
-0.00304211 0 0 0 0 
0.00207117 0 0 0 0 
-0.00679658 0 0 0 0 
0.0238257 0 0 0 0 
-0.0235626 0 0 0 0 
0.00755845 0 0 0 0 
-0.0261006 0 0 0 0 
0.00369652 0 0 0 0 
-0.0176073 0 0 0 0 
-0.0288067 0 0 0 0 
-0.0281917 0 0 0 0 
-0.091404 0 0 0 0 
0.00677264 0 0 0 0 
-0.014333 0 0 0 0 
-0.115784 0 0 0 0 
0.0149183 0 0 0 0 
0.0351366 0 0 0 0 
-0.0062666 0 0 0 0 
-0.019651 0 0 0 0 
0.008006 0 0 0 0 
0.0171331 0 0 0 0 
-0.112381 0 0 0 0 
-0.0206488 0 0 0 0 
0.028186 0 0 0 0 
0.0183817 0 0 0 0 
-0.0373365 0 0 0 0 
-0.0390311 0 0 0 0 
-0.0648761 0 0 0 0 
-0.0713091 0 0 0 0 
0.0447764 0 0 0 0 
-0.055117 0 0 0 0 
0.117828 0 0 0 0 
-0.119612 0 0 0 0 
-0.0100705 0 0 0 0 
-0.138843 0 0 0 0 
-0.0151825 0 0 0 0 
0.0359385 0 0 0 0 
-0.015754 0 0 0 0 
-0.032855 0 0 0 0 
-0.00206606 0 0 0 0 
-0.0396385 0 0 0 0 
-0.0120486 0 0 0 0 
0.00216914 0 0 0 0 
-0.00194866 0 0 0 0 
0.0605957 0 0 0 0 
-0.0976765 0 0 0 0 
-0.00291185 0 0 0 0 
-0.075734 0 0 0 0 
0.0035044 0 0 0 0 
-0.114235 0 0 0 0 
0.0110735 0 0 0 0 
0.0262722 0 0 0 0 
-0.0215158 0 0 0 0 
-0.00487644 0 0 0 0 
-0.0522033 0 0 0 0 
-0.0385532 0 0 0 0 
-0.0353011 0 0 0 0 
-0.0116286 0 0 0 0 
-0.00156193 0 0 0 0 
-0.0201061 0 0 0 0 
-0.0173709 0 0 0 0 
-0.0586888 0 0 0 0 
0.103162 0 0 0 0 
-0.0292005 0 0 0 0 
-0.126002 0 0 0 0 
0.0207717 0 0 0 0 
-0.0851067 0 0 0 0 
-0.118883 0 0 0 0 
-0.0237507 0 0 0 0 
-0.0687239 0 0 0 0 
-0.0294322 0 0 0 0 
-0.0376761 0 0 0 0 
-0.0859929 0 0 0 0 
-0.00772862 0 0 0 0 
0.0106923 0 0 0 0 
-0.0760047 0 0 0 0 
0.0170013 0 0 0 0 
0.0423545 0 0 0 0 
-0.10222 0 0 0 0 
-0.0205573 0 0 0 0 
0.00963547 0 0 0 0 
-0.00262173 0 0 0 0 
0.0045469 0 0 0 0 
-0.027176 0 0 0 0 
0.0132978 0 0 0 0 
-0.0380662 0 0 0 0 
-0.112269 0 0 0 0 
-0.0384094 0 0 0 0 
-0.0611094 0 0 0 0 
0.0354097 0 0 0 0 
0.0261445 0 0 0 0 
-0.042781 0 0 0 0 
0.0977139 0 0 0 0 
-0.00606054 0 0 0 0 
-0.161665 0 0 0 0 
0.00620448 0 0 0 0 
0.00197847 0 0 0 0 
0.0466292 0 0 0 0 
-0.00621004 0 0 0 0 
-0.0129042 0 0 0 0 
-0.138835 0 0 0 0 
0.0519625 0 0 0 0 
0.0344951 0 0 0 0 
-0.055041 0 0 0 0 
-0.0275359 0 0 0 0 
0.017664 0 0 0 0 
-0.033153 0 0 0 0 
-0.100288 0 0 0 0 
-0.0398597 0 0 0 0 
0.0628406 0 0 0 0 
0.0245822 0 0 0 0 
-0.0534306 0 0 0 0 
0.058144 0 0 0 0 
-0.0786758 0 0 0 0 
-0.0162978 0 0 0 0 
-0.116645 0 0 0 0 
-0.0212688 0 0 0 0 
-0.0114934 0 0 0 0 
-0.0911744 0 0 0 0 
-0.151368 0 0 0 0 
-0.0646425 0 0 0 0 
-0.031108 0 0 0 0 
-0.140046 0 0 0 0 
0.0223186 0 0 0 0 
-0.0201183 0 0 0 0 
-0.0762222 0 0 0 0 
0.0003349 0 0 0 0 
-0.068206 0 0 0 0 
-0.0568584 0 0 0 0 
0.135002 0 0 0 0 
0.0457803 0 0 0 0 
-0.00272584 0 0 0 0 
-0.0483805 0 0 0 0 
0.00201623 0 0 0 0 
-0.000671136 0 0 0 0 
-0.0612153 0 0 0 0 
-0.220024 0 0 0 0 
-0.00730424 0 0 0 0 
-0.0192801 0 0 0 0 
0.0918485 0 0 0 0 
-0.0979536 0 0 0 0 
-0.0130508 0 0 0 0 
0.00948623 0 0 0 0 
-0.0372999 0 0 0 0 
-0.00444985 0 0 0 0 
-0.118246 0 0 0 0 
-0.0353923 0 0 0 0 
-0.00660869 0 0 0 0 
-0.0367087 0 0 0 0 
-0.0486613 0 0 0 0 
-0.0815296 0 0 0 0 
-0.14553 0 0 0 0 
-0.0494843 0 0 0 0 
-0.0986963 0 0 0 0 
-0.0558161 0 0 0 0 
-0.0425794 0 0 0 0 
-0.0281505 0 0 0 0 
0.0125011 0 0 0 0 
-0.0391611 0 0 0 0 
-0.149333 0 0 0 0 
-0.106097 0 0 0 0 
0.0902563 0 0 0 0 
-0.108015 0 0 0 0 
-0.183801 0 0 0 0 
0.0303029 0 0 0 0 
-0.145281 0 0 0 0 
-0.054623 0 0 0 0 
0.0525629 0 0 0 0 
-0.137668 0 0 0 0 
-0.077811 0 0 0 0 
-0.0242145 0 0 0 0 
0.0329434 0 0 0 0 
-0.0387535 0 0 0 0 
-0.00317846 0 0 0 0 
-0.00263126 0 0 0 0 
-0.231786 0 0 0 0 
-0.0143937 0 0 0 0 
0.00605069 0 0 0 0 
0.0188266 0 0 0 0 
0.0176062 0 0 0 0 
-0.0106614 0 0 0 0 
-0.0492138 0 0 0 0 
0.0350286 0 0 0 0 
-0.0559655 0 0 0 0 
0.0576864 0 0 0 0 
-0.0407948 0 0 0 0 
-0.193606 0 0 0 0 
-0.0474022 0 0 0 0 
-0.00720942 0 0 0 0 
-0.0788657 0 0 0 0 
-0.0823283 0 0 0 0 
0.077947 0 0 0 0 
0.0183239 0 0 0 0 
0.0885538 0 0 0 0 
-0.00205145 0 0 0 0 
0.0277184 0 0 0 0 
0.0841922 0 0 0 0 
0.00279424 0 0 0 0 
-0.182323 0 0 0 0 
-0.047446 0 0 0 0 
0.0627664 0 0 0 0 
-0.00061038 0 0 0 0 
0.0167392 0 0 0 0 
-0.12832 0 0 0 0 
-0.064648 0 0 0 0 
-0.124932 0 0 0 0 
0.0368205 0 0 0 0 
-0.0604593 0 0 0 0 
0.0033196 0 0 0 0 
0.0126364 0 0 0 0 
0.0395184 0 0 0 0 
-0.226488 0 0 0 0 
-0.0287734 0 0 0 0 
0.00842905 0 0 0 0 
-0.116361 0 0 0 0 
-0.0490034 0 0 0 0 
-0.0313193 0 0 0 0 
-0.212295 0 0 0 0 
-0.0816696 0 0 0 0 
-0.173708 0 0 0 0 
-0.0217509 0 0 0 0 
-0.0659955 0 0 0 0 
0.0190928 0 0 0 0 
-0.164718 0 0 0 0 
-0.0755894 0 0 0 0 
-0.13693 0 0 0 0 
0.0324538 0 0 0 0 
0.187246 0 0 0 0 
0.05121 0 0 0 0 
-0.0621363 0 0 0 0 
-0.0290818 0 0 0 0 
-0.0491721 0 0 0 0 
-0.0132276 0 0 0 0 
-0.108184 0 0 0 0 
-0.00436595 0 0 0 0 
-0.00402974 0 0 0 0 
0.0961921 0 0 0 0 
-0.136659 0 0 0 0 
-0.165396 0 0 0 0 
0.0192983 0 0 0 0 
-0.0415624 0 0 0 0 
-0.0635008 0 0 0 0 
0.00230772 0 0 0 0 
-0.082121 0 0 0 0 
0.00877562 0 0 0 0 
0.0137019 0 0 0 0 
-0.0665956 0 0 0 0 
-0.0153913 0 0 0 0 
0.157285 0 0 0 0 
-0.182477 0 0 0 0 
-0.195351 0 0 0 0 
0.016194 0 0 0 0 
-0.109814 0 0 0 0 
-0.0548005 0 0 0 0 
-0.0653552 0 0 0 0 
-0.219378 0 0 0 0 
-0.0461938 0 0 0 0 
0.0598752 0 0 0 0 
-0.0367038 0 0 0 0 
-0.0101896 0 0 0 0 
-0.204476 0 0 0 0 
-0.0771564 0 0 0 0 
-0.0708789 0 0 0 0 
-0.172075 0 0 0 0 
0.0447367 0 0 0 0 
-0.212492 0 0 0 0 
0.0475142 0 0 0 0 
-0.0697727 0 0 0 0 
-0.10038 0 0 0 0 
-0.0608466 0 0 0 0 
0.0508095 0 0 0 0 
-0.314008 0 0 0 0 
-0.0183907 0 0 0 0 
0.0272889 0 0 0 0 
-0.0646021 0 0 0 0 
-0.0224576 0 0 0 0 
0.00324566 0 0 0 0 
0.0984457 0 0 0 0 
-0.0711343 0 0 0 0 
0.0409552 0 0 0 0 
-0.00916749 0 0 0 0 
-0.106919 0 0 0 0 
0.0294727 0 0 0 0 
-0.215088 0 0 0 0 
-0.00138714 0 0 0 0 
-0.0372254 0 0 0 0 
0.0985104 0 0 0 0 
0.0403493 0 0 0 0 
-0.00952192 0 0 0 0 
-0.107077 0 0 0 0 
0.0917768 0 0 0 0 
-0.117078 0 0 0 0 
0.0143383 0 0 0 0 
0.161424 0 0 0 0 
0.00271227 0 0 0 0 
-0.068716 0 0 0 0 
-0.0166387 0 0 0 0 
-0.140499 0 0 0 0 
0.00145329 0 0 0 0 
-0.18963 0 0 0 0 
-0.245722 0 0 0 0 
-0.0497501 0 0 0 0 
0.0533022 0 0 0 0 
-0.00491335 0 0 0 0 
-0.0502781 0 0 0 0 
-0.315587 0 0 0 0 
-0.09326 0 0 0 0 
-0.108723 0 0 0 0 
-0.197371 0 0 0 0 
0.000223959 0 0 0 0 
-0.0864127 0 0 0 0 
-0.147312 0 0 0 0 
-0.23704 0 0 0 0 
-0.0468166 0 0 0 0 
-0.269301 0 0 0 0 
0.00817438 0 0 0 0 
0.0645911 0 0 0 0 
-0.0977759 0 0 0 0 
-0.0352228 0 0 0 0 
-0.10263 0 0 0 0 
0.286513 0 0 0 0 
-0.019657 0 0 0 0 
-0.297663 0 0 0 0 
-0.0470729 0 0 0 0 
0.0486747 0 0 0 0 
0.025875 0 0 0 0 
-0.00152869 0 0 0 0 
-0.186406 0 0 0 0 
-0.19405 0 0 0 0 
0.00114664 0 0 0 0 
-0.161819 0 0 0 0 
-0.0859367 0 0 0 0 
-0.0514201 0 0 0 0 
-0.241262 0 0 0 0 
-0.0116697 0 0 0 0 
-0.108302 0 0 0 0 
0.0034831 0 0 0 0 
0.147476 0 0 0 0 
-0.0579996 0 0 0 0 
0.0231986 0 0 0 0 
-0.270242 0 0 0 0 
-0.223287 0 0 0 0 
0.0666326 0 0 0 0 
-0.0550557 0 0 0 0 
-0.0817869 0 0 0 0 
0.0186465 0 0 0 0 
-0.00225808 0 0 0 0 
0.0137569 0 0 0 0 
-0.268591 0 0 0 0 
-0.297406 0 0 0 0 
-0.0739055 0 0 0 0 
-0.196683 0 0 0 0 
-0.28803 0 0 0 0 
-0.0977083 0 0 0 0 
-0.127143 0 0 0 0 
-0.172593 0 0 0 0 
0.0312114 0 0 0 0 
0.0660717 0 0 0 0 
0.0434379 0 0 0 0 
-0.2625 0 0 0 0 
0.00111348 0 0 0 0 
-0.0331111 0 0 0 0 
0.00728078 0 0 0 0 
0.0390234 0 0 0 0 
-0.0969684 0 0 0 0 
-0.0946452 0 0 0 0 
0.00279041 0 0 0 0 
0.028494 0 0 0 0 
-0.13491 0 0 0 0 
-0.0277088 0 0 0 0 
0.0583471 0 0 0 0 
0.0145876 0 0 0 0 
-0.0341063 0 0 0 0 
-0.287405 0 0 0 0 
0.143996 0 0 0 0 
-0.175583 0 0 0 0 
-0.17054 0 0 0 0 
0.0533515 0 0 0 0 
-0.0191672 0 0 0 0 
0.147515 0 0 0 0 
0.108577 0 0 0 0 
-0.333004 0 0 0 0 
-0.207026 0 0 0 0 
0.0430706 0 0 0 0 
-0.00346414 0 0 0 0 
-0.174142 0 0 0 0 
-0.149499 0 0 0 0 
-0.124638 0 0 0 0 
-0.142805 0 0 0 0 
-0.382679 0 0 0 0 
0.0727982 0 0 0 0 
-0.263428 0 0 0 0 
-0.326671 0 0 0 0 
-0.0294822 0 0 0 0 
0.00143129 0 0 0 0 
-0.211015 0 0 0 0 
-0.145965 0 0 0 0 
-0.196627 0 0 0 0 
-0.139296 0 0 0 0 
-0.474334 0 0 0 0 
0.0965691 0 0 0 0 
-0.339146 0 0 0 0 
0.0761034 0 0 0 0 
-0.0725011 0 0 0 0 
-0.0313322 0 0 0 0 
0.270248 0 0 0 0 
-0.12082 0 0 0 0 
0.00695585 0 0 0 0 
-0.372008 0 0 0 0 
0.00707777 0 0 0 0 
0.379908 0 0 0 0 
-0.0545109 0 0 0 0 
-0.0723783 0 0 0 0 
-0.185005 0 0 0 0 
-0.238092 0 0 0 0 
0.00838367 0 0 0 0 
0.0315623 0 0 0 0 
-0.070327 0 0 0 0 
-0.196224 0 0 0 0 
0.0741909 0 0 0 0 
-0.176383 0 0 0 0 
-0.123939 0 0 0 0 
0.00859591 0 0 0 0 
-0.0828026 0 0 0 0 
-0.1832 0 0 0 0 
-0.359326 0 0 0 0 
-0.331018 0 0 0 0 
-0.232677 0 0 0 0 
-0.0774918 0 0 0 0 
-0.0123854 0 0 0 0 
-0.285646 0 0 0 0 
-0.17719 0 0 0 0 
-0.134592 0 0 0 0 
0.231751 0 0 0 0 
-0.269928 0 0 0 0 
0.0451164 0 0 0 0 
-0.389608 0 0 0 0 
0.000429059 0 0 0 0 
-0.334683 0 0 0 0 
0.0269603 0 0 0 0 
-0.377403 0 0 0 0 
-0.112104 0 0 0 0 
-0.136094 0 0 0 0 
-0.210996 0 0 0 0 
-0.078519 0 0 0 0 
0.05278 0 0 0 0 
-0.137201 0 0 0 0 
0.0968813 0 0 0 0 
-0.0713012 0 0 0 0 
-0.498715 0 0 0 0 
0.0460957 0 0 0 0 
0.026582 0 0 0 0 
-0.331887 0 0 0 0 
-0.021733 0 0 0 0 
0.183289 0 0 0 0 
-0.150004 0 0 0 0 
-0.0176131 0 0 0 0 
0.090558 0 0 0 0 
-0.00261529 0 0 0 0 
-0.491884 0 0 0 0 
-0.14444 0 0 0 0 
-0.544925 0 0 0 0 
0.155239 0 0 0 0 
0.0531578 0 0 0 0 
-0.0503767 0 0 0 0 
-0.0617316 0 0 0 0 
-0.203535 0 0 0 0 
-0.231182 0 0 0 0 
-0.213061 0 0 0 0 
-0.0307024 0 0 0 0 
0.000490411 0 0 0 0 
0.016575 0 0 0 0 
0.141626 0 0 0 0 
-0.15714 0 0 0 0 
-0.0255905 0 0 0 0 
0.07144 0 0 0 0 
-0.239861 0 0 0 0 
-0.343655 0 0 0 0 
0.0952063 0 0 0 0 
-0.321462 0 0 0 0 
-0.191195 0 0 0 0 
0.0817444 0 0 0 0 
-0.22874 0 0 0 0 
-0.469046 0 0 0 0 
-0.240583 0 0 0 0 
-0.223363 0 0 0 0 
-0.0529065 0 0 0 0 
-0.201033 0 0 0 0 
-0.460683 0 0 0 0 
-0.0921885 0 0 0 0 
-0.114517 0 0 0 0 
0.034651 0 0 0 0 
0.282171 0 0 0 0 
-0.26155 0 0 0 0 
-0.601051 0 0 0 0 
-0.247958 0 0 0 0 
-0.145887 0 0 0 0 
-0.28323 0 0 0 0 
0.497166 0 0 0 0 
0.0116716 0 0 0 0 
-0.588792 0 0 0 0 
0.0259267 0 0 0 0 
-0.0813194 0 0 0 0 
-0.0997551 0 0 0 0 
-0.0133545 0 0 0 0 
-0.238432 0 0 0 0 
-0.322892 0 0 0 0 
-0.132673 0 0 0 0 
0.113966 0 0 0 0 
-0.284225 0 0 0 0 
-0.337497 0 0 0 0 
-0.438325 0 0 0 0 
-0.421302 0 0 0 0 
0.158163 0 0 0 0 
0.229212 0 0 0 0 
0.0147525 0 0 0 0 
0.044084 0 0 0 0 
-0.0656606 0 0 0 0 
0.068031 0 0 0 0 
-0.117041 0 0 0 0 
-0.22365 0 0 0 0 
-0.0141082 0 0 0 0 
-0.405946 0 0 0 0 
-0.531297 0 0 0 0 
-0.347155 0 0 0 0 
-0.250666 0 0 0 0 
-0.215954 0 0 0 0 
-0.196348 0 0 0 0 
-0.499058 0 0 0 0 
-0.166359 0 0 0 0 
-0.314647 0 0 0 0 
-0.643814 0 0 0 0 
0.131858 0 0 0 0 
0.0953837 0 0 0 0 
0.143585 0 0 0 0 
0.0327393 0 0 0 0 
-0.717364 0 0 0 0 
-0.0425106 0 0 0 0 
-0.195291 0 0 0 0 
0.0231427 0 0 0 0 
-0.00878061 0 0 0 0 
-0.0759514 0 0 0 0 
-0.0350789 0 0 0 0 
-0.651847 0 0 0 0 
0.106944 0 0 0 0 
0.216355 0 0 0 0 
-0.0835945 0 0 0 0 
-0.218684 0 0 0 0 
-0.622723 0 0 0 0 
-0.315949 0 0 0 0 
-0.276278 0 0 0 0 
-0.076262 0 0 0 0 
-0.333915 0 0 0 0 
0.207227 0 0 0 0 
-0.217952 0 0 0 0 
0.0227397 0 0 0 0 
0.0595029 0 0 0 0 
-0.0573434 0 0 0 0 
-0.394563 0 0 0 0 
0.0606367 0 0 0 0 
-0.277909 0 0 0 0 
-0.462104 0 0 0 0 
0.164289 0 0 0 0 
-0.0366686 0 0 0 0 
0.142478 0 0 0 0 
0.11028 0 0 0 0 
-0.0906562 0 0 0 0 
-0.33874 0 0 0 0 
-0.493989 0 0 0 0 
-0.648324 0 0 0 0 
-0.476439 0 0 0 0 
-0.335357 0 0 0 0 
-0.392446 0 0 0 0 
0.409683 0 0 0 0 
-0.296457 0 0 0 0 
-0.199105 0 0 0 0 
-0.606684 0 0 0 0 
-0.223282 0 0 0 0 
-0.167948 0 0 0 0 
0.0411294 0 0 0 0 
-0.177306 0 0 0 0 
0.34372 0 0 0 0 
-0.416486 0 0 0 0 
0.668241 0 0 0 0 
-0.15196 0 0 0 0 
-0.0443609 0 0 0 0 
0.0295021 0 0 0 0 
-0.534206 0 0 0 0 
-0.77701 0 0 0 0 
-0.633824 0 0 0 0 
-0.121662 0 0 0 0 
-0.251121 0 0 0 0 
0.0224733 0 0 0 0 
0.172842 0 0 0 0 
-0.584226 0 0 0 0 
-0.409267 0 0 0 0 
-0.586313 0 0 0 0 
-0.11652 0 0 0 0 
0.0106642 0 0 0 0 
-0.655246 0 0 0 0 
0.056735 0 0 0 0 
0.0117494 0 0 0 0 
-0.341658 0 0 0 0 
-0.178755 0 0 0 0 
-0.733108 0 0 0 0 
-0.0198213 0 0 0 0 
-0.296011 0 0 0 0 
-0.524838 0 0 0 0 
-0.354218 0 0 0 0 
-0.356812 0 0 0 0 
0.126843 0 0 0 0 
-0.863628 0 0 0 0 
-0.654812 0 0 0 0 
-0.515799 0 0 0 0 
-0.249013 0 0 0 0 
0.128728 0 0 0 0 
-0.46602 0 0 0 0 
0.349906 0 0 0 0 
0.150329 0 0 0 0 
0.217476 0 0 0 0 
-0.959251 0 0 0 0 
-0.0248194 0 0 0 0 
-0.190294 0 0 0 0 
0.0406626 0 0 0 0 
0.228102 0 0 0 0 
0.331045 0 0 0 0 
0.108255 0 0 0 0 
-0.140104 0 0 0 0 
-0.0617517 0 0 0 0 
-0.0625391 0 0 0 0 
-0.733178 0 0 0 0 
-0.514075 0 0 0 0 
-0.329298 0 0 0 0 
-0.806351 0 0 0 0 
-0.410564 0 0 0 0 
-0.117049 0 0 0 0 
0.0381794 0 0 0 0 
-0.502582 0 0 0 0 
-0.321377 0 0 0 0 
0.290298 0 0 0 0 
-0.643596 0 0 0 0 
-0.654316 0 0 0 0 
-0.0910089 0 0 0 0 
0.233224 0 0 0 0 
-0.0561829 0 0 0 0 
-0.137563 0 0 0 0 
0.148809 0 0 0 0 
0.166023 0 0 0 0 
-0.756344 0 0 0 0 
-0.485852 0 0 0 0 
-0.753507 0 0 0 0 
-0.841932 0 0 0 0 
-0.824521 0 0 0 0 
-0.108504 0 0 0 0 
-0.315475 0 0 0 0 
-0.728772 0 0 0 0 
-0.447199 0 0 0 0 
-0.503604 0 0 0 0 
0.366981 0 0 0 0 
-0.814106 0 0 0 0 
-0.2311 0 0 0 0 
0.0183315 0 0 0 0 
-0.267513 0 0 0 0 
-0.162056 0 0 0 0 
-0.561505 0 0 0 0 
-0.602976 0 0 0 0 
-0.209708 0 0 0 0 
-0.843175 0 0 0 0 
0.0349447 0 0 0 0 
-0.980087 0 0 0 0 
-0.283269 0 0 0 0 
-0.182559 0 0 0 0 
-0.790523 0 0 0 0 
0.0468106 0 0 0 0 
-0.845193 0 0 0 0 
0.264336 0 0 0 0 
-0.603418 0 0 0 0 
0.0103612 0 0 0 0 
-0.799876 0 0 0 0 
0.0764069 0 0 0 0 
-0.989739 0 0 0 0 
-0.486278 0 0 0 0 
0.0153309 0 0 0 0 
0.0973715 0 0 0 0 
0.171742 0 0 0 0 
-1.02272 0 0 0 0 
-0.266571 0 0 0 0 
-0.436868 0 0 0 0 
-1.20086 0 0 0 0 
-0.0285904 0 0 0 0 
0.4966 0 0 0 0 
-1.20421 0 0 0 0 
-0.433279 0 0 0 0 
-0.514992 0 0 0 0 
-0.804907 0 0 0 0 
-0.698976 0 0 0 0 
-0.981943 0 0 0 0 
-0.375779 0 0 0 0 
-0.0489028 0 0 0 0 
0.199072 0 0 0 0 
0.419628 0 0 0 0 
0.326554 0 0 0 0 
-0.370071 0 0 0 0 
0.0293433 0 0 0 0 
-0.273161 0 0 0 0 
0.217739 0 0 0 0 
-1.31171 0 0 0 0 
0.356708 0 0 0 0 
-0.107354 0 0 0 0 
-0.623406 0 0 0 0 
-0.608013 0 0 0 0 
-0.672098 0 0 0 0 
-0.0597707 0 0 0 0 
-1.05667 0 0 0 0 
-0.495391 0 0 0 0 
0.0739349 0 0 0 0 
-0.0681573 0 0 0 0 
-0.474623 0 0 0 0 
-1.11873 0 0 0 0 
-0.19209 0 0 0 0 
-0.769174 0 0 0 0 
0.377125 0 0 0 0 
0.359174 0 0 0 0 
-0.923492 0 0 0 0 
-0.123643 0 0 0 0 
-0.0728968 0 0 0 0 
-0.304007 0 0 0 0 
-1.02123 0 0 0 0 
-0.0801036 0 0 0 0 
-0.191737 0 0 0 0 
0.280062 0 0 0 0 
0.0721082 0 0 0 0 
-0.557561 0 0 0 0 
-1.14839 0 0 0 0 
-0.34377 0 0 0 0 
-0.723224 0 0 0 0 
-1.22632 0 0 0 0 
-0.908094 0 0 0 0 
-0.679128 0 0 0 0 
-0.758542 0 0 0 0 
-1.16157 0 0 0 0 
-0.759298 0 0 0 0 
0.500119 0 0 0 0 
-0.40396 0 0 0 0 
-0.763017 0 0 0 0 
-1.21326 0 0 0 0 
0.0362037 0 0 0 0 
-1.68265 0 0 0 0 
-0.239436 0 0 0 0 
0.021413 0 0 0 0 
0.181485 0 0 0 0 
-0.374689 0 0 0 0 
-1.1528 0 0 0 0 
-0.278002 0 0 0 0 
-0.924704 0 0 0 0 
-0.0109749 0 0 0 0 
0.0970104 0 0 0 0 
-0.442103 0 0 0 0 
-0.910505 0 0 0 0 
0.384622 0 0 0 0 
-1.77742 0 0 0 0 
-1.05137 0 0 0 0 
-1.47476 0 0 0 0 
-0.713623 0 0 0 0 
0.360748 0 0 0 0 
-1.10523 0 0 0 0 
0.0420731 0 0 0 0 
-1.45235 0 0 0 0 
-0.09405 0 0 0 0 
-0.614259 0 0 0 0 
-0.395071 0 0 0 0 
0.520792 0 0 0 0 
0.0312978 0 0 0 0 
-0.0825933 0 0 0 0 
-0.570612 0 0 0 0 
-1.05438 0 0 0 0 
-0.768511 0 0 0 0 
-1.40554 0 0 0 0 
-1.23283 0 0 0 0 
-0.989867 0 0 0 0 
-0.567531 0 0 0 0 
0.419118 0 0 0 0 
0.251075 0 0 0 0 
0.478804 0 0 0 0 
-0.348569 0 0 0 0 
-0.1822 0 0 0 0 
0.357094 0 0 0 0 
-1.75583 0 0 0 0 
-0.517805 0 0 0 0 
-0.828208 0 0 0 0 
0.0983027 0 0 0 0 
-2.16537 0 0 0 0 
0.55863 0 0 0 0 
-0.0317087 0 0 0 0 
-0.898821 0 0 0 0 
-1.86845 0 0 0 0 
-0.749194 0 0 0 0 
-0.676051 0 0 0 0 
-0.128805 0 0 0 0 
-0.696502 0 0 0 0 
-1.17528 0 0 0 0 
-0.317576 0 0 0 0 
0.50881 0 0 0 0 
-2.21162 0 0 0 0 
0.581246 0 0 0 0 
-1.25062 0 0 0 0 
-1.14085 0 0 0 0 
0.229767 0 0 0 0 
-0.275892 0 0 0 0 
-0.132512 0 0 0 0 
0.357491 0 0 0 0 
-0.878318 0 0 0 0 
-0.495305 0 0 0 0 
-1.11793 0 0 0 0 
-1.19557 0 0 0 0 
-1.73429 0 0 0 0 
-1.86201 0 0 0 0 
-1.09687 0 0 0 0 
-1.02905 0 0 0 0 
-0.71775 0 0 0 0 
-1.14037 0 0 0 0 
-1.49963 0 0 0 0 
0.030739 0 0 0 0 
-0.328927 0 0 0 0 
-0.612075 0 0 0 0 
-1.2201 0 0 0 0 
-1.80402 0 0 0 0 
0.658074 0 0 0 0 
-0.0463643 0 0 0 0 
0.0221172 0 0 0 0 
-1.56929 0 0 0 0 
-2.01031 0 0 0 0 
-2.4388 0 0 0 0 
-0.527517 0 0 0 0 
-0.356977 0 0 0 0 
-0.473434 0 0 0 0 
0.605369 0 0 0 0 
0.00166604 0 0 0 0 
-0.421135 0 0 0 0 
-1.37997 0 0 0 0 
0.552174 0 0 0 0 
-2.20181 0 0 0 0 
-1.50201 0 0 0 0 
-1.07567 0 0 0 0 
0.343417 0 0 0 0 
-2.35281 0 0 0 0 
0.490799 0 0 0 0 
0.0249722 0 0 0 0 
-2.04247 0 0 0 0 
-0.61638 0 0 0 0 
-0.84786 0 0 0 0 
0.829237 0 0 0 0 
-0.204545 0 0 0 0 
-1.88446 0 0 0 0 
-0.633873 0 0 0 0 
-0.130399 0 0 0 0 
-1.58826 0 0 0 0 
1.11681 0 0 0 0 
-1.15669 0 0 0 0 
-1.85364 0 0 0 0 
-1.87705 0 0 0 0 
-0.85309 0 0 0 0 
-0.271988 0 0 0 0 
0.706041 0 0 0 0 
0.420275 0 0 0 0 
0.271305 0 0 0 0 
-0.517276 0 0 0 0 
0.0732762 0 0 0 0 
-0.0468377 0 0 0 0 
-0.86681 0 0 0 0 
-1.06473 0 0 0 0 
0.230237 0 0 0 0 
-0.477765 0 0 0 0 
-1.96722 0 0 0 0 
-2.33828 0 0 0 0 
-1.13401 0 0 0 0 
0.783336 0 0 0 0 
-2.4083 0 0 0 0 
-2.68267 0 0 0 0 
-1.12152 0 0 0 0 
-0.196432 0 0 0 0 
-1.0314 0 0 0 0 
0.75752 0 0 0 0 
-1.78649 0 0 0 0 
-0.489561 0 0 0 0 
0.817105 0 0 0 0 
0.387596 0 0 0 0 
-1.69419 0 0 0 0 
-0.213114 0 0 0 0 
-2.54 0 0 0 0 
-0.4194 0 0 0 0 
-0.81654 0 0 0 0 
-1.17977 0 0 0 0 
0.54199 0 0 0 0 
-0.695798 0 0 0 0 
-1.49915 0 0 0 0 
0.359867 0 0 0 0 
-2.61441 0 0 0 0 
-2.55557 0 0 0 0 
0.0365015 0 0 0 0 
-1.55504 0 0 0 0 
-1.66307 0 0 0 0 
-1.78338 0 0 0 0 
-1.70892 0 0 0 0 
-2.39515 0 0 0 0 
-0.92101 0 0 0 0 
-2.65847 0 0 0 0 
0.141864 0 0 0 0 
0.929687 0 0 0 0 
-0.450144 0 0 0 0 
0.0602503 0 0 0 0 
-3.38349 0 0 0 0 
-0.0167958 0 0 0 0 
-2.16366 0 0 0 0 
-1.78615 0 0 0 0 
-0.913614 0 0 0 0 
-0.851089 0 0 0 0 
-2.59192 0 0 0 0 
-0.625895 0 0 0 0 
-0.517929 0 0 0 0 
-0.451379 0 0 0 0 
-2.08464 0 0 0 0 
-3.29614 0 0 0 0 
0.830164 0 0 0 0 
0.760637 0 0 0 0 
-1.61963 0 0 0 0 
-2.41338 0 0 0 0 
-0.029279 0 0 0 0 
-2.86675 0 0 0 0 
-1.17967 0 0 0 0 
-2.68852 0 0 0 0 
1.54183 0 0 0 0 
-0.925888 0 0 0 0 
-0.682492 0 0 0 0 
-3.26519 0 0 0 0 
-0.295067 0 0 0 0 
-0.220368 0 0 0 0 
-0.383257 0 0 0 0 
-2.23902 0 0 0 0 
0.0984933 0 0 0 0 
-2.38884 0 0 0 0 
-0.0705758 0 0 0 0 
-1.74049 0 0 0 0 
-2.57382 0 0 0 0 
-2.84541 0 0 0 0 
-1.28078 0 0 0 0 
1.05519 0 0 0 0 
-0.707429 0 0 0 0 
0.768251 0 0 0 0 
0.135191 0 0 0 0 
-1.18798 0 0 0 0 
-1.43588 0 0 0 0 
-0.335554 0 0 0 0 
-3.64814 0 0 0 0 
0.442513 0 0 0 0 
-0.796156 0 0 0 0 
-2.87383 0 0 0 0 
0.96828 0 0 0 0 
-1.53589 0 0 0 0 
-1.66673 0 0 0 0 
1.11879 0 0 0 0 
-2.97394 0 0 0 0 
-2.05961 0 0 0 0 
-2.50065 0 0 0 0 
-2.7061 0 0 0 0 
-0.727578 0 0 0 0 
0.618117 0 0 0 0 
-0.442816 0 0 0 0 
1.04175 0 0 0 0 
-2.3626 0 0 0 0 
-0.605399 0 0 0 0 
-3.09437 0 0 0 0 
-0.319745 0 0 0 0 
-2.10888 0 0 0 0 
0.11753 0 0 0 0 
0.856554 0 0 0 0 
-0.978647 0 0 0 0 
-0.52367 0 0 0 0 
0.0510937 0 0 0 0 
-0.223256 0 0 0 0 
-3.93721 0 0 0 0 
-4.22002 0 0 0 0 
-3.56195 0 0 0 0 
-2.34859 0 0 0 0 
-2.5107 0 0 0 0 
-0.710693 0 0 0 0 
-2.7516 0 0 0 0 
-1.37753 0 0 0 0 
0.108366 0 0 0 0 
-2.56888 0 0 0 0 
-3.99611 0 0 0 0 
1.77982 0 0 0 0 
-0.00687272 0 0 0 0 
-4.70246 0 0 0 0 
-3.07964 0 0 0 0 
-5.36898 0 0 0 0 
-3.92054 0 0 0 0 
-0.211137 0 0 0 0 
-0.928923 0 0 0 0 
-4.93588 0 0 0 0 
-0.991828 0 0 0 0 
0.832241 0 0 0 0 
-0.0764564 0 0 0 0 
-3.14023 0 0 0 0 
1.25761 0 0 0 0 
-2.42901 0 0 0 0 
-3.59045 0 0 0 0 
1.59674 0 0 0 0 
1.01522 0 0 0 0 
-1.29707 0 0 0 0 
-4.08344 0 0 0 0 
-2.03445 0 0 0 0 
0.274462 0 0 0 0 
1.71649 0 0 0 0 
-1.97722 0 0 0 0 
-0.619018 0 0 0 0 
-0.539327 0 0 0 0 
-0.425558 0 0 0 0 
-0.103024 0 0 0 0 
-4.6459 0 0 0 0 
-3.59314 0 0 0 0 
0.259369 0 0 0 0 
-2.61132 0 0 0 0 
-3.74329 0 0 0 0 
0.22508 0 0 0 0 
-4.30185 0 0 0 0 
0.592273 0 0 0 0 
1.57858 0 0 0 0 
-1.93536 0 0 0 0 
-1.10091 0 0 0 0 
0.700704 0 0 0 0 
-1.99994 0 0 0 0 
-1.8667 0 0 0 0 
-5.45999 0 0 0 0 
-0.0275912 0 0 0 0 
-5.3155 0 0 0 0 
-4.03443 0 0 0 0 
-2.26942 0 0 0 0 
1.66434 0 0 0 0 
1.84582 0 0 0 0 
-2.53316 0 0 0 0 
-1.0755 0 0 0 0 
-4.09127 0 0 0 0 
1.18252 0 0 0 0 
-6.15663 0 0 0 0 
1.64889 0 0 0 0 
-0.380826 0 0 0 0 
-3.12983 0 0 0 0 
-3.30635 0 0 0 0 
0.277957 0 0 0 0 
0.0577983 0 0 0 0 
0.0952536 0 0 0 0 
-0.709486 0 0 0 0 
-2.8803 0 0 0 0 
1.30736 0 0 0 0 
-7.21808 0 0 0 0 
-5.92718 0 0 0 0 
-5.79753 0 0 0 0 
-5.3168 0 0 0 0 
-3.54934 0 0 0 0 
-4.01574 0 0 0 0 
-3.77826 0 0 0 0 
0.151194 0 0 0 0 
0.174787 0 0 0 0 
-2.05925 0 0 0 0 
-5.88889 0 0 0 0 
-3.87697 0 0 0 0 
0.00898254 0 0 0 0 
-4.3176 0 0 0 0 
1.48994 0 0 0 0 
-1.75305 0 0 0 0 
1.17688 0 0 0 0 
-1.86987 0 0 0 0 
-7.69894 0 0 0 0 
-6.4319 0 0 0 0 
-7.40866 0 0 0 0 
1.89092 0 0 0 0 
-1.43163 0 0 0 0 
-3.67488 0 0 0 0 
-4.72347 0 0 0 0 
-4.82259 0 0 0 0 
-1.43766 0 0 0 0 
-0.0592685 0 0 0 0 
-3.20224 0 0 0 0 
-5.78535 0 0 0 0 
0.595323 0 0 0 0 
-2.15059 0 0 0 0 
-1.14811 0 0 0 0 
2.51904 0 0 0 0 
-1.45653 0 0 0 0 
-0.611046 0 0 0 0 
-4.8957 0 0 0 0 
0.0621848 0 0 0 0 
0.357474 0 0 0 0 
-2.08755 0 0 0 0 
-5.40516 0 0 0 0 
-3.90286 0 0 0 0 
-5.10582 0 0 0 0 
2.41231 0 0 0 0 
-6.49452 0 0 0 0 
1.59137 0 0 0 0 
2.35131 0 0 0 0 
1.54484 0 0 0 0 
-1.46075 0 0 0 0 
-2.93991 0 0 0 0 
1.05473 0 0 0 0 
-2.71268 0 0 0 0 
-2.83346 0 0 0 0 
-1.61598 0 0 0 0 
0.0867479 0 0 0 0 
-7.69178 0 0 0 0 
-9.58964 0 0 0 0 
-8.16583 0 0 0 0 
-3.28949 0 0 0 0 
2.39036 0 0 0 0 
-5.35545 0 0 0 0 
-10.3944 0 0 0 0 
-1.58733 0 0 0 0 
-3.86904 0 0 0 0 
-6.17864 0 0 0 0 
-0.0462197 0 0 0 0 
-4.68002 0 0 0 0 
2.74362 0 0 0 0 
0.397147 0 0 0 0 
-3.94756 0 0 0 0 
1.79272 0 0 0 0 
-0.787784 0 0 0 0 
-1.14254 0 0 0 0 
-3.70539 0 0 0 0 
1.96363 0 0 0 0 
0.257811 0 0 0 0 
0.184236 0 0 0 0 
1.43227 0 0 0 0 
-1.74992 0 0 0 0 
-8.93887 0 0 0 0 
-7.24594 0 0 0 0 
-6.25116 0 0 0 0 
-5.36556 0 0 0 0 
-5.67717 0 0 0 0 
-0.716214 0 0 0 0 
-7.2834 0 0 0 0 
-3.08763 0 0 0 0 
-8.79545 0 0 0 0 
0.0391755 0 0 0 0 
-5.84741 0 0 0 0 
-5.99527 0 0 0 0 
-2.25329 0 0 0 0 
-2.53094 0 0 0 0 
3.41304 0 0 0 0 
-2.18311 0 0 0 0 
1.13609 0 0 0 0 
1.69762 0 0 0 0 
-6.17181 0 0 0 0 
-11.265 0 0 0 0 
2.82994 0 0 0 0 
-5.67066 0 0 0 0 
-1.67176 0 0 0 0 
-3.04651 0 0 0 0 
-7.10075 0 0 0 0 
-2.21738 0 0 0 0 
0.856211 0 0 0 0 
-6.58517 0 0 0 0 
-1.56377 0 0 0 0 
-10.5213 0 0 0 0 
-8.22796 0 0 0 0 
-0.414077 0 0 0 0 
4.28746 0 0 0 0 
-3.29284 0 0 0 0 
0.546962 0 0 0 0 
-0.87485 0 0 0 0 
-0.00281139 0 0 0 0 
-1.57222 0 0 0 0 
-5.84185 0 0 0 0 
-8.13082 0 0 0 0 
0.787936 0 0 0 0 
-7.4769 0 0 0 0 
2.63338 0 0 0 0 
3.50374 0 0 0 0 
-9.79777 0 0 0 0 
-1.66284 0 0 0 0 
1.55264 0 0 0 0 
2.37178 0 0 0 0 
-4.45988 0 0 0 0 
-3.69399 0 0 0 0 
-1.63587 0 0 0 0 
-10.7679 0 0 0 0 
-0.982695 0 0 0 0 
-13.5151 0 0 0 0 
-0.0961667 0 0 0 0 
-10.1618 0 0 0 0 
-5.27902 0 0 0 0 
-10.1719 0 0 0 0 
-4.93014 0 0 0 0 
3.55891 0 0 0 0 
-6.30295 0 0 0 0 
-2.33909 0 0 0 0 
-9.32332 0 0 0 0 
0.458823 0 0 0 0 
-5.83807 0 0 0 0 
-14.3005 0 0 0 0 
-6.87165 0 0 0 0 
4.08232 0 0 0 0 
-0.114441 0 0 0 0 
2.66615 0 0 0 0 
-1.19828 0 0 0 0 
0.205021 0 0 0 0 
-5.55769 0 0 0 0 
2.92849 0 0 0 0 
0.355148 0 0 0 0 
-13.503 0 0 0 0 
-10.4401 0 0 0 0 
-10.1026 0 0 0 0 
-1.99291 0 0 0 0 
0.402452 0 0 0 0 
-8.11741 0 0 0 0 
-8.53228 0 0 0 0 
0.0939906 0 0 0 0 
-4.5873 0 0 0 0 
-13.8888 0 0 0 0 
6.70751 0 0 0 0 
-8.81746 0 0 0 0 
-8.66062 0 0 0 0 
-5.72059 0 0 0 0 
-11.7577 0 0 0 0 
-4.84422 0 0 0 0 
0.562833 0 0 0 0 
0.134277 0 0 0 0 
-12.1306 0 0 0 0 
-1.88498 0 0 0 0 
4.21735 0 0 0 0 
-8.44644 0 0 0 0 
-17.1738 0 0 0 0 
1.1836 0 0 0 0 
-10.6706 0 0 0 0 
-3.36085 0 0 0 0 
1.64447 0 0 0 0 
-9.7097 0 0 0 0 
-12.202 0 0 0 0 
-1.64895 0 0 0 0 
-13.3612 0 0 0 0 
0.844395 0 0 0 0 
-2.3415 0 0 0 0 
6.22772 0 0 0 0 
-1.26768 0 0 0 0 
-4.89314 0 0 0 0 
12.2044 0 0 0 0 
-2.53312 0 0 0 0 
-8.79957 0 0 0 0 
-0.00142829 0 0 0 0 
-11.9389 0 0 0 0 
2.7211 0 0 0 0 
-12.2251 0 0 0 0 
2.28987 0 0 0 0 
5.25742 0 0 0 0 
-14.7665 0 0 0 0 
-3.02041 0 0 0 0 
-19.2016 0 0 0 0 
-17.8616 0 0 0 0 
-4.46388 0 0 0 0 
-5.28998 0 0 0 0 
2.85738 0 0 0 0 
-6.73901 0 0 0 0 
-0.831369 0 0 0 0 
-15.9433 0 0 0 0 
1.77394 0 0 0 0 
-11.0984 0 0 0 0 
3.57291 0 0 0 0 
-8.2191 0 0 0 0 
5.75415 0 0 0 0 
-7.66006 0 0 0 0 
-3.44253 0 0 0 0 
-13.4169 0 0 0 0 
-14.0516 0 0 0 0 
-9.97552 0 0 0 0 
-8.82878 0 0 0 0 
5.4303 0 0 0 0 
0.228608 0 0 0 0 
-19.4864 0 0 0 0 
-0.22338 0 0 0 0 
-2.1546 0 0 0 0 
-8.98414 0 0 0 0 
4.33327 0 0 0 0 
-1.72004 0 0 0 0 
-20.3699 0 0 0 0 
-14.9491 0 0 0 0 
-16.6964 0 0 0 0 
0.138111 0 0 0 0 
0.530301 0 0 0 0 
-4.72027 0 0 0 0 
-12.8269 0 0 0 0 
-12.3925 0 0 0 0 
-6.6207 0 0 0 0 
-14.5409 0 0 0 0 
-21.4269 0 0 0 0 
7.69852 0 0 0 0 
-15.0669 0 0 0 0 
-12.7742 0 0 0 0 
-13.3261 0 0 0 0 
-2.14652 0 0 0 0 
-6.69962 0 0 0 0 
0.239771 0 0 0 0 
1.38468 0 0 0 0 
-21.6174 0 0 0 0 
-3.32432 0 0 0 0 
-4.94084 0 0 0 0 
6.17529 0 0 0 0 
-11.994 0 0 0 0 
-25.8354 0 0 0 0 
-15.9811 0 0 0 0 
-0.123126 0 0 0 0 
-5.1773 0 0 0 0 
-18.4324 0 0 0 0 
-14.7742 0 0 0 0 
1.34569 0 0 0 0 
1.57828 0 0 0 0 
8.1245 0 0 0 0 
-11.7814 0 0 0 0 
-1.94209 0 0 0 0 
0.992377 0 0 0 0 
-27.3342 0 0 0 0 
-7.6102 0 0 0 0 
-24.4272 0 0 0 0 
-13.2493 0 0 0 0 
3.46285 0 0 0 0 
4.97501 0 0 0 0 
-16.8366 0 0 0 0 
-4.05659 0 0 0 0 
-18.2684 0 0 0 0 
7.79157 0 0 0 0 
-22.214 0 0 0 0 
-5.25656 0 0 0 0 
-7.442 0 0 0 0 
2.64197 0 0 0 0 
-9.85368 0 0 0 0 
2.22469 0 0 0 0 
-8.10268 0 0 0 0 
-25.04 0 0 0 0 
-1.3137 0 0 0 0 
1.21923 0 0 0 0 
-25.5828 0 0 0 0 
-11.9782 0 0 0 0 
9.49979 0 0 0 0 
-12.1198 0 0 0 0 
-5.07514 0 0 0 0 
6.17812 0 0 0 0 
-22.49 0 0 0 0 
-21.0179 0 0 0 0 
-13.8562 0 0 0 0 
-13.2959 0 0 0 0 
0.593084 0 0 0 0 
6.81241 0 0 0 0 
-7.83097 0 0 0 0 
6.13895 0 0 0 0 
-14.0652 0 0 0 0 
-4.14631 0 0 0 0 
-33.3916 0 0 0 0 
-15.0924 0 0 0 0 
-19.2857 0 0 0 0 
-3.66916 0 0 0 0 
-30.7334 0 0 0 0 
-0.172946 0 0 0 0 
-20.7775 0 0 0 0 
-26.5921 0 0 0 0 
-19.2485 0 0 0 0 
0.311948 0 0 0 0 
-8.76027 0 0 0 0 
-20.4379 0 0 0 0 
3.97196 0 0 0 0 
-32.9486 0 0 0 0 
-5.34112 0 0 0 0 
-23.3631 0 0 0 0 
-18.7463 0 0 0 0 
-2.49413 0 0 0 0 
9.99269 0 0 0 0 
-20.4158 0 0 0 0 
1.18543 0 0 0 0 
1.73946 0 0 0 0 
-10.1564 0 0 0 0 
-5.12293 0 0 0 0 
-26.6795 0 0 0 0 
8.71644 0 0 0 0 
-17.1614 0 0 0 0 
-36.7368 0 0 0 0 
-23.6802 0 0 0 0 
-5.52494 0 0 0 0 
-26.5546 0 0 0 0 
-7.15978 0 0 0 0 
2.40063 0 0 0 0 
-20.774 0 0 0 0 
-38.4149 0 0 0 0 
-32.443 0 0 0 0 
10.1568 0 0 0 0 
-3.01849 0 0 0 0 
2.49267 0 0 0 0 
-7.89451 0 0 0 0 
5.10172 0 0 0 0 
-20.5924 0 0 0 0 
-12.7006 0 0 0 0 
-19.1835 0 0 0 0 
9.96618 0 0 0 0 
-19.6301 0 0 0 0 
2.21168 0 0 0 0 
10.7169 0 0 0 0 
-7.08251 0 0 0 0 
-26.2642 0 0 0 0 
-33.5011 0 0 0 0 
-12.3372 0 0 0 0 
-8.51644 0 0 0 0 
6.41679 0 0 0 0 
-11.5724 0 0 0 0 
-38.4405 0 0 0 0 
4.18996 0 0 0 0 
-12.6791 0 0 0 0 
0.616283 0 0 0 0 
-47.3635 0 0 0 0 
-1.50747 0 0 0 0 
-17.0208 0 0 0 0 
-33.9278 0 0 0 0 
17.8899 0 0 0 0 
-17.8269 0 0 0 0 
-8.08467 0 0 0 0 
-23.5107 0 0 0 0 
9.13786 0 0 0 0 
-28.2661 0 0 0 0 
2.7192 0 0 0 0 
-22.5148 0 0 0 0 
-17.8367 0 0 0 0 
7.08953 0 0 0 0 
-14.9011 0 0 0 0 
7.51663 0 0 0 0 
-22.8659 0 0 0 0 
-4.4493 0 0 0 0 
-39.3603 0 0 0 0 
-2.22973 0 0 0 0 
-13.8348 0 0 0 0 
-48.9055 0 0 0 0 
-42.5238 0 0 0 0 
-10.5914 0 0 0 0 
-45.2402 0 0 0 0 
-29.8658 0 0 0 0 
-5.12415 0 0 0 0 
-2.3579 0 0 0 0 
-29.8443 0 0 0 0 
-3.43836 0 0 0 0 
4.94369 0 0 0 0 
-44.4397 0 0 0 0 
-28.0895 0 0 0 0 
-32.3139 0 0 0 0 
-32.6865 0 0 0 0 
-0.690194 0 0 0 0 
17.8965 0 0 0 0 
-19.3948 0 0 0 0 
-16.1169 0 0 0 0 
-11.8665 0 0 0 0 
7.63617 0 0 0 0 
13.6743 0 0 0 0 
-47.9686 0 0 0 0 
-52.303 0 0 0 0 
-40.375 0 0 0 0 
-34.7855 0 0 0 0 
-0.999117 0 0 0 0 
-12.8897 0 0 0 0 
9.09739 0 0 0 0 
-17.8152 0 0 0 0 
-11.3844 0 0 0 0 
5.34075 0 0 0 0 
-41.5432 0 0 0 0 
-0.836818 0 0 0 0 
-34.2281 0 0 0 0 
6.2411 0 0 0 0 
-45.6132 0 0 0 0 
-0.439343 0 0 0 0 
-43.6398 0 0 0 0 
-58.9389 0 0 0 0 
-30.3693 0 0 0 0 
-22.2555 0 0 0 0 
0.349338 0 0 0 0 
8.89685 0 0 0 0 
-50.628 0 0 0 0 
-27.0512 0 0 0 0 
-53.3855 0 0 0 0 
-1.65087 0 0 0 0 
-49.0577 0 0 0 0 
37.2732 0 0 0 0 
41.0493 0 0 0 0 
25.5739 0 0 0 0 
-12.8976 0 0 0 0 
5.18988 0 0 0 0 
-4.03907 0 0 0 0 
24.6119 0 0 0 0 
-3.41774 0 0 0 0 
8.78836 0 0 0 0 
-12.4029 0 0 0 0 
30.9418 0 0 0 0 
-54.1385 0 0 0 0 
-63.266 0 0 0 0 
-12.1467 0 0 0 0 
-9.25693 0 0 0 0 
