23 2 0 1560 
63 3 0 1561 
52 53 0 1562 
42 43 0 1563 
32 33 0 1564 
62 63 0 1565 
2 24 0 1566 
61 62 0 1567 
33 34 0 1568 
53 54 0 1569 
43 44 0 1570 
51 52 0 1571 
31 32 0 1572 
41 42 0 1573 
24 25 0 1574 
60 61 0 1575 
54 55 0 1576 
30 31 0 1577 
34 35 0 1578 
25 26 0 1579 
44 45 0 1580 
59 60 0 1581 
50 51 0 1582 
55 56 0 1583 
40 41 0 1584 
29 30 0 1585 
26 27 0 1586 
58 59 0 1587 
56 57 0 1588 
28 29 0 1589 
27 28 0 1590 
57 58 0 1591 
35 36 0 1592 
45 46 0 1593 
49 50 0 1594 
39 40 0 1595 
36 37 0 1596 
46 47 0 1597 
48 49 0 1598 
38 39 0 1599 
37 38 0 1600 
47 48 0 1601 
119 3 43 2 
3 64 1602 43 
2 124 44 7 
118 124 44 1 
63 119 45 2 
123 119 45 6 
122 33 46 5 
33 126 46 9 
124 24 47 7 
24 132 47 15 
53 127 48 10 
120 127 48 3 
127 54 49 10 
54 134 49 17 
62 123 50 6 
125 123 50 8 
32 122 51 5 
130 122 51 13 
132 25 52 15 
25 137 52 20 
61 125 53 8 
133 125 53 16 
119 64 54 43 
134 55 55 17 
55 141 55 24 
31 130 56 13 
135 130 56 18 
137 26 57 20 
26 144 57 27 
43 128 58 11 
121 128 58 4 
60 133 59 16 
139 133 59 22 
141 56 60 24 
56 146 60 29 
126 34 61 9 
34 136 61 19 
30 135 62 18 
143 135 62 26 
144 27 63 27 
27 148 63 31 
59 139 64 22 
145 139 64 28 
128 44 65 11 
44 138 65 21 
52 120 66 3 
129 120 66 12 
146 57 67 29 
57 149 67 32 
29 143 68 26 
147 143 68 30 
148 28 69 31 
28 147 69 30 
58 145 70 28 
149 145 70 32 
42 121 71 4 
131 121 71 14 
22 23 0 1603 
136 35 73 19 
35 150 73 33 
138 45 74 21 
45 151 74 34 
51 129 75 12 
140 129 75 23 
41 131 76 14 
142 131 76 25 
23 118 77 1 
161 118 77 72 
150 36 78 33 
36 154 78 37 
151 46 79 34 
46 155 79 38 
50 140 80 23 
152 140 80 35 
40 142 81 25 
153 142 81 36 
123 119 82 45 
154 37 83 37 
37 158 83 41 
155 47 84 38 
47 159 84 42 
49 152 85 35 
156 152 85 39 
39 153 86 36 
157 153 86 40 
124 132 87 47 
118 124 88 44 
124 163 88 87 
158 38 89 41 
38 157 89 40 
48 156 90 39 
159 156 90 42 
127 134 91 49 
125 123 92 50 
130 122 93 51 
132 137 94 52 
133 125 95 53 
134 141 96 55 
135 130 97 56 
160 64 98 54 
64 65 1604 98 
122 126 99 46 
137 144 100 57 
139 133 101 59 
141 146 102 60 
143 135 103 62 
144 148 104 63 
145 139 105 64 
146 149 106 67 
120 127 107 48 
147 143 108 68 
148 147 109 69 
149 145 110 70 
119 160 111 54 
162 160 111 82 
121 128 112 58 
161 118 113 77 
126 136 114 61 
129 120 115 66 
128 138 116 65 
131 121 117 71 
123 162 118 82 
165 162 118 92 
136 150 119 73 
140 129 120 75 
138 151 121 74 
163 132 122 87 
132 167 122 94 
118 163 123 88 
184 163 123 113 
142 131 124 76 
125 165 125 92 
168 165 125 95 
164 134 126 91 
134 169 126 96 
160 65 127 98 
130 166 128 93 
170 166 128 97 
21 22 0 1605 
166 122 130 93 
122 171 130 99 
150 154 131 78 
167 137 132 94 
137 172 132 100 
152 140 133 80 
151 155 134 79 
133 168 135 95 
173 168 135 101 
153 142 136 81 
169 141 137 96 
141 174 137 102 
154 158 138 83 
135 170 139 97 
175 170 139 103 
156 152 140 85 
155 159 141 84 
157 153 142 86 
172 144 143 100 
144 176 143 104 
127 164 144 91 
179 164 144 107 
139 173 145 101 
177 173 145 105 
158 157 146 89 
159 156 147 90 
174 146 148 102 
146 178 148 106 
143 175 149 103 
180 175 149 108 
176 148 150 104 
148 181 150 109 
145 177 151 105 
182 177 151 110 
178 149 152 106 
149 182 152 110 
147 180 153 108 
181 180 153 109 
162 160 154 111 
22 161 155 72 
194 161 155 129 
161 184 156 113 
171 126 157 99 
126 185 157 114 
120 179 158 107 
186 179 158 115 
160 193 159 127 
205 193 159 154 
165 162 160 118 
183 128 161 112 
128 187 161 116 
121 183 162 112 
188 183 162 117 
163 167 163 122 
168 165 164 125 
193 65 165 127 
65 66 1606 165 
170 166 166 128 
164 169 167 126 
184 163 168 123 
167 172 169 132 
185 136 170 114 
136 189 170 119 
173 168 171 135 
129 186 172 115 
190 186 172 120 
187 138 173 116 
138 191 173 121 
169 174 174 137 
175 170 175 139 
131 188 176 117 
192 188 176 124 
172 176 177 143 
177 173 178 145 
174 178 179 148 
194 161 180 155 
161 206 180 156 
180 175 181 149 
176 181 182 150 
182 177 183 151 
178 182 184 152 
181 180 185 153 
189 150 186 119 
150 195 186 131 
140 190 187 120 
196 190 187 133 
191 151 188 121 
151 197 188 134 
142 192 189 124 
198 192 189 136 
166 171 190 130 
195 154 191 131 
154 199 191 138 
152 196 192 133 
200 196 192 140 
197 155 193 134 
155 201 193 141 
205 193 194 159 
162 205 195 154 
207 205 195 160 
153 198 196 136 
202 198 196 142 
199 158 197 138 
158 203 197 146 
156 200 198 140 
204 200 198 147 
201 159 199 141 
159 204 199 147 
157 202 200 142 
203 202 200 146 
179 164 201 144 
206 184 202 156 
193 66 203 165 
20 21 0 1607 
165 207 205 160 
209 207 205 164 
163 208 206 163 
212 208 206 168 
208 167 207 163 
167 213 207 169 
21 194 208 129 
230 194 208 204 
168 209 209 164 
214 209 209 171 
171 185 210 157 
170 210 211 166 
216 210 211 175 
213 172 212 169 
172 217 212 177 
169 215 213 174 
211 215 213 167 
173 214 214 171 
218 214 214 178 
184 212 215 168 
228 212 215 202 
194 206 216 180 
186 179 217 158 
215 174 218 174 
174 219 218 179 
175 216 219 175 
220 216 219 181 
217 176 220 177 
176 221 220 182 
177 218 221 178 
222 218 221 183 
183 187 222 161 
219 178 223 179 
178 223 223 184 
180 220 224 181 
224 220 224 185 
221 181 225 182 
181 224 225 185 
182 222 226 183 
223 222 226 184 
188 183 227 162 
210 166 228 166 
166 225 228 190 
185 189 229 170 
226 193 230 194 
193 229 230 203 
164 211 231 167 
227 211 231 201 
190 186 232 172 
187 191 233 173 
207 205 234 195 
192 188 235 176 
189 195 236 186 
196 190 237 187 
191 197 238 188 
198 192 239 189 
229 66 240 203 
66 67 1608 240 
205 226 241 194 
239 226 241 234 
206 228 242 202 
195 199 243 191 
200 196 244 192 
197 201 245 193 
202 198 246 196 
209 207 247 205 
199 203 248 197 
225 171 249 190 
171 231 249 210 
204 200 250 198 
201 204 251 199 
203 202 252 200 
230 194 253 208 
194 232 253 216 
212 208 254 206 
208 213 255 207 
255 213 255 254 
214 209 256 209 
179 227 257 201 
233 227 257 217 
232 206 258 216 
206 245 258 242 
213 217 259 212 
218 214 260 214 
216 210 261 211 
215 219 262 218 
220 216 263 219 
217 221 264 220 
222 218 265 221 
219 223 266 223 
224 220 267 224 
228 212 268 215 
212 255 268 254 
221 224 269 225 
223 222 270 226 
211 215 271 213 
226 229 272 230 
231 185 273 210 
185 236 273 229 
183 234 274 222 
235 234 274 227 
186 233 275 217 
237 233 275 232 
229 67 276 240 
207 239 277 234 
250 239 277 247 
234 187 278 222 
187 238 278 233 
19 20 0 1609 
210 225 280 228 
188 235 281 227 
240 235 281 235 
20 230 282 204 
271 230 282 279 
230 232 283 253 
239 226 284 241 
245 228 285 242 
227 211 286 231 
236 189 287 229 
189 241 287 236 
209 250 288 247 
256 250 288 256 
190 237 289 232 
242 237 289 237 
238 191 290 233 
191 243 290 238 
192 240 291 235 
244 240 291 239 
232 245 292 258 
255 213 293 255 
213 257 293 259 
214 256 294 256 
258 256 294 260 
241 195 295 236 
195 246 295 243 
196 242 296 237 
247 242 296 244 
257 217 297 259 
217 262 297 264 
243 197 298 238 
197 248 298 245 
218 258 299 260 
263 258 299 265 
198 244 300 239 
249 244 300 246 
261 216 301 263 
216 259 301 261 
226 269 302 272 
274 269 302 284 
260 219 303 262 
219 264 303 266 
215 260 304 262 
268 260 304 271 
220 261 305 263 
265 261 305 267 
228 255 306 268 
275 255 306 285 
262 221 307 264 
221 266 307 269 
222 263 308 265 
267 263 308 270 
246 199 309 243 
199 251 309 248 
200 247 310 244 
252 247 310 250 
264 223 311 266 
223 267 311 270 
248 201 312 245 
201 253 312 251 
224 265 313 267 
266 265 313 269 
202 249 314 246 
254 249 314 252 
251 203 315 248 
203 254 315 252 
225 231 316 249 
204 252 317 250 
253 252 317 251 
269 229 318 272 
229 270 318 276 
233 227 319 257 
270 67 320 276 
67 68 1610 320 
259 210 321 261 
210 272 321 280 
250 239 322 277 
230 273 323 283 
271 273 323 282 
211 268 324 271 
276 268 324 286 
273 232 325 283 
232 277 325 292 
231 236 326 273 
235 234 327 274 
256 250 328 288 
277 245 329 292 
274 269 330 302 
237 233 331 275 
255 257 332 293 
245 275 333 285 
284 275 333 329 
258 256 334 294 
234 238 335 278 
239 274 336 284 
280 274 336 322 
240 235 337 281 
257 262 338 297 
263 258 339 299 
260 264 340 303 
272 225 341 280 
225 278 341 316 
265 261 342 305 
262 266 343 307 
267 263 344 308 
264 267 345 311 
266 265 346 313 
236 241 347 287 
269 270 348 318 
242 237 349 289 
238 243 350 290 
275 255 351 306 
244 240 352 291 
227 276 353 286 
279 276 353 319 
270 68 354 320 
261 259 355 301 
241 246 356 295 
247 242 357 296 
243 248 358 298 
249 244 359 300 
246 251 360 309 
252 247 361 310 
18 19 0 1611 
248 253 363 312 
254 249 364 314 
268 260 365 304 
19 271 366 279 
313 271 366 362 
251 254 367 315 
253 252 368 317 
271 273 369 323 
273 277 370 325 
250 280 371 322 
283 280 371 328 
278 231 372 316 
231 281 372 326 
277 284 373 329 
285 269 374 330 
269 300 374 348 
233 279 375 319 
286 279 375 331 
256 283 376 328 
288 283 376 334 
255 287 377 332 
303 287 377 351 
259 272 378 321 
287 257 379 332 
257 291 379 338 
258 288 380 334 
292 288 380 339 
284 275 381 333 
291 262 382 338 
262 295 382 343 
280 274 383 336 
263 292 384 339 
296 292 384 344 
276 268 385 324 
293 264 386 340 
264 297 386 345 
265 294 387 342 
298 294 387 346 
295 266 388 343 
266 298 388 346 
267 296 389 344 
297 296 389 345 
274 285 390 330 
324 285 390 383 
300 270 391 348 
270 305 391 354 
305 68 392 354 
68 69 1612 392 
282 234 393 327 
234 289 393 335 
294 261 394 342 
261 306 394 355 
281 236 395 326 
236 299 395 347 
235 282 396 327 
290 282 396 337 
237 286 397 331 
301 286 397 349 
260 293 398 340 
316 293 398 365 
275 303 399 351 
323 303 399 381 
289 238 400 335 
238 302 400 350 
319 273 401 369 
273 320 401 370 
271 319 402 369 
313 319 402 366 
240 290 403 337 
304 290 403 352 
272 278 404 341 
320 277 405 370 
277 321 405 373 
299 241 406 347 
241 307 406 356 
242 301 407 349 
308 301 407 357 
279 276 408 353 
283 280 409 371 
302 243 410 350 
243 309 410 358 
244 304 411 352 
310 304 411 359 
285 300 412 374 
307 246 413 356 
246 311 413 360 
306 259 414 355 
259 322 414 378 
321 284 415 373 
247 308 416 357 
312 308 416 361 
309 248 417 358 
248 314 417 363 
249 310 418 359 
315 310 418 364 
288 283 419 376 
311 251 420 360 
251 317 420 367 
252 312 421 361 
318 312 421 368 
314 253 422 363 
253 318 422 368 
254 315 423 364 
317 315 423 367 
287 291 424 379 
268 316 425 365 
325 316 425 385 
292 288 426 380 
305 69 427 392 
300 305 428 391 
303 287 429 377 
291 295 430 382 
278 281 431 372 
296 292 432 384 
298 294 433 387 
295 298 434 388 
297 296 435 389 
293 297 436 386 
284 323 437 381 
330 323 437 415 
286 279 438 375 
280 324 439 383 
328 324 439 409 
324 285 440 390 
17 18 0 1613 
319 320 442 401 
313 319 443 402 
322 272 444 378 
272 326 444 404 
18 313 445 362 
346 313 445 441 
320 321 446 405 
323 303 447 399 
285 329 448 412 
345 329 448 440 
276 325 449 385 
327 325 449 408 
282 289 450 393 
281 299 451 395 
290 282 452 396 
282 351 452 450 
294 306 453 394 
301 286 454 397 
283 328 455 409 
331 328 455 419 
329 300 456 412 
300 335 456 428 
316 293 457 398 
289 302 458 400 
304 290 459 403 
334 69 460 427 
69 70 1614 460 
288 331 461 419 
333 331 461 426 
287 332 462 424 
336 332 462 429 
305 334 463 427 
335 334 463 428 
321 330 464 415 
326 278 465 404 
278 338 465 431 
299 307 466 406 
332 291 467 424 
291 337 467 430 
308 301 468 407 
302 309 469 410 
292 333 470 426 
339 333 470 432 
310 304 471 411 
337 295 472 430 
295 341 472 434 
303 336 473 429 
350 336 473 447 
296 339 474 432 
342 339 474 435 
279 327 475 408 
344 327 475 438 
341 298 476 434 
298 340 476 433 
297 342 477 435 
343 342 477 436 
307 311 478 413 
312 308 479 416 
309 314 480 417 
315 310 481 418 
306 322 482 414 
311 317 483 420 
318 312 484 421 
314 318 485 422 
317 315 486 423 
319 347 487 442 
348 347 487 443 
328 324 488 439 
347 320 489 442 
320 349 489 446 
330 323 490 437 
313 348 491 443 
346 348 491 445 
325 316 492 425 
345 329 493 448 
349 321 494 446 
321 358 494 464 
340 294 495 433 
294 353 495 453 
338 281 496 431 
281 352 496 451 
324 345 497 440 
372 345 497 488 
293 343 498 436 
355 343 498 457 
286 344 499 438 
354 344 499 454 
329 335 500 456 
323 350 501 447 
373 350 501 490 
331 328 502 455 
334 70 503 460 
322 326 504 444 
367 326 504 482 
335 334 505 463 
333 331 506 461 
327 325 507 449 
325 374 507 492 
336 332 508 462 
290 351 509 452 
357 351 509 459 
332 337 510 467 
339 333 511 470 
351 289 512 450 
289 356 512 458 
352 299 513 451 
299 359 513 466 
358 330 514 464 
337 341 515 472 
342 339 516 474 
353 306 517 453 
306 367 517 482 
301 354 518 454 
360 354 518 468 
348 347 519 487 
350 336 520 473 
336 381 520 508 
347 349 521 489 
387 349 521 519 
16 17 0 1615 
346 348 523 491 
341 340 524 476 
17 346 525 441 
388 346 525 522 
316 355 526 457 
374 355 526 492 
356 302 527 458 
302 361 527 469 
375 329 528 493 
329 376 528 500 
304 357 529 459 
362 357 529 471 
349 358 530 494 
326 338 531 465 
343 342 532 477 
359 307 533 466 
307 363 533 478 
328 372 534 488 
377 372 534 502 
330 373 535 490 
384 373 535 514 
308 360 536 468 
364 360 536 479 
361 309 537 469 
309 365 537 480 
310 362 538 471 
366 362 538 481 
344 327 539 475 
363 311 540 478 
311 368 540 483 
312 364 541 479 
369 364 541 484 
365 314 542 480 
314 370 542 485 
315 366 543 481 
371 366 543 486 
378 70 544 503 
70 71 1616 544 
345 375 545 493 
368 317 546 483 
317 371 546 486 
318 369 547 484 
370 369 547 485 
376 335 548 500 
335 379 548 505 
372 345 549 497 
345 395 549 545 
334 378 550 503 
379 378 550 505 
373 350 551 501 
331 377 552 502 
380 377 552 506 
340 353 553 495 
338 352 554 496 
392 352 554 531 
367 326 555 504 
326 392 555 531 
333 380 556 506 
383 380 556 511 
381 332 557 508 
332 382 557 510 
382 337 558 510 
337 385 558 515 
354 344 559 499 
344 394 559 539 
355 343 560 498 
339 383 561 511 
386 383 561 516 
348 387 562 519 
389 387 562 523 
327 374 563 507 
394 374 563 539 
385 341 564 515 
341 390 564 524 
387 349 565 521 
349 391 565 530 
346 389 566 523 
388 389 566 525 
350 381 567 520 
396 381 567 551 
358 384 568 514 
342 386 569 516 
393 386 569 532 
375 376 570 528 
391 358 571 530 
358 399 571 568 
357 351 572 509 
351 356 573 512 
352 359 574 513 
377 372 575 534 
378 71 576 544 
353 367 577 517 
397 367 577 553 
360 354 578 518 
376 379 579 548 
384 373 580 535 
379 378 581 550 
356 361 582 527 
402 361 582 573 
374 355 583 526 
355 398 583 560 
362 357 584 529 
390 340 585 524 
340 397 585 553 
359 363 586 533 
380 377 587 552 
395 375 588 545 
364 360 589 536 
361 365 590 537 
366 362 591 538 
372 395 592 549 
404 395 592 575 
343 393 593 532 
398 393 593 560 
373 396 594 551 
408 396 594 580 
363 368 595 540 
369 364 596 541 
365 370 597 542 
371 366 598 543 
383 380 599 556 
368 371 600 546 
370 369 601 547 
381 382 602 557 
389 387 603 562 
382 385 604 558 
424 385 604 602 
386 383 605 561 
375 400 606 570 
413 400 606 588 
387 391 607 565 
392 352 608 554 
352 403 608 574 
15 16 0 1617 
388 389 610 566 
16 388 611 522 
428 388 611 609 
354 394 612 559 
406 394 612 578 
391 399 613 571 
400 376 614 570 
376 407 614 579 
396 381 615 567 
381 424 615 602 
399 384 616 568 
367 392 617 555 
405 71 618 576 
71 72 1618 618 
378 405 619 576 
409 405 619 581 
385 390 620 564 
407 379 621 579 
379 409 621 581 
394 374 622 563 
377 404 623 575 
412 404 623 587 
397 367 624 577 
367 432 624 617 
393 386 625 569 
401 351 626 572 
351 402 626 573 
384 408 627 580 
431 408 627 616 
374 398 628 583 
434 398 628 622 
357 401 629 572 
410 401 629 584 
380 412 630 587 
421 412 630 599 
403 359 631 574 
359 411 631 586 
425 387 632 603 
387 427 632 607 
413 400 633 606 
389 425 634 603 
429 425 634 610 
404 395 635 592 
402 361 636 582 
361 415 636 590 
360 406 637 578 
414 406 637 589 
395 413 638 588 
437 413 638 635 
383 421 639 599 
426 421 639 605 
427 391 640 607 
391 430 640 613 
388 429 641 610 
428 429 641 611 
424 385 642 604 
385 433 642 620 
408 396 643 594 
390 397 644 585 
433 397 644 620 
362 410 645 584 
416 410 645 591 
400 407 646 614 
430 399 647 613 
405 72 648 618 
411 363 649 586 
363 417 649 595 
364 414 650 589 
418 414 650 596 
415 365 651 590 
365 419 651 597 
398 393 652 593 
393 435 652 625 
366 416 653 591 
420 416 653 598 
396 424 654 615 
438 424 654 643 
409 405 655 619 
417 368 656 595 
368 422 656 600 
407 409 657 621 
369 418 658 596 
423 418 658 601 
419 370 659 597 
370 423 659 601 
371 420 660 598 
422 420 660 600 
386 426 661 605 
435 426 661 625 
399 431 662 616 
440 431 662 647 
392 403 663 608 
406 394 664 612 
412 404 665 623 
431 408 666 627 
425 427 667 632 
429 425 668 634 
421 412 669 630 
436 400 670 633 
400 439 670 646 
432 392 671 617 
392 444 671 663 
427 430 672 640 
428 429 673 641 
14 15 0 1619 
413 436 675 633 
15 428 676 609 
453 428 676 674 
401 402 677 626 
394 434 678 622 
445 434 678 664 
441 72 679 648 
72 73 1620 679 
426 421 680 639 
421 450 680 669 
404 437 681 635 
446 437 681 665 
405 441 682 648 
442 441 682 655 
408 438 683 643 
447 438 683 666 
397 432 684 624 
439 407 685 646 
407 443 685 657 
430 440 686 647 
437 413 687 638 
413 454 687 675 
433 397 688 644 
403 411 689 631 
410 401 690 629 
409 442 691 655 
443 442 691 657 
424 433 692 642 
414 406 693 637 
434 398 694 628 
398 435 695 652 
438 424 696 654 
416 410 697 645 
440 431 698 662 
411 417 699 649 
459 417 699 689 
418 414 700 650 
414 462 700 693 
415 419 701 651 
420 416 702 653 
416 466 702 697 
417 422 703 656 
423 418 704 658 
419 423 705 659 
468 423 705 701 
422 420 706 660 
469 420 706 703 
412 446 707 665 
450 446 707 669 
425 448 708 667 
449 448 708 668 
448 427 709 667 
427 451 709 672 
429 449 710 668 
452 449 710 673 
435 426 711 661 
436 439 712 670 
428 452 713 673 
453 452 713 676 
451 430 714 672 
430 457 714 686 
441 73 715 679 
431 447 716 666 
467 447 716 698 
444 403 717 663 
403 459 717 689 
439 443 718 685 
442 441 719 682 
458 397 720 688 
397 456 720 684 
443 442 721 691 
454 436 722 675 
406 445 723 664 
462 445 723 693 
465 424 724 696 
424 461 724 692 
426 450 725 680 
471 450 725 711 
446 437 726 681 
398 464 727 695 
463 464 727 694 
447 438 728 683 
457 440 729 686 
437 454 730 687 
401 455 731 677 
460 455 731 690 
455 402 732 677 
432 444 733 671 
482 402 734 732 
402 415 734 636 
438 465 735 696 
479 465 735 728 
445 434 736 678 
449 448 737 708 
477 436 738 722 
436 472 738 712 
448 451 739 709 
485 451 739 737 
452 449 740 710 
450 446 741 707 
410 460 742 690 
466 460 742 697 
440 467 743 698 
480 467 743 729 
482 415 744 734 
415 468 744 701 
456 432 745 684 
432 483 745 733 
472 439 746 712 
439 474 746 718 
459 417 747 699 
417 469 747 703 
453 452 748 713 
13 14 0 1621 
451 457 750 714 
473 73 751 715 
73 74 1622 751 
433 458 752 688 
14 453 753 674 
489 453 753 749 
441 473 754 715 
475 473 754 719 
418 462 755 700 
470 462 755 704 
461 433 756 692 
433 491 756 752 
434 463 757 694 
484 463 757 736 
420 466 758 702 
464 435 759 695 
435 471 759 711 
442 475 760 719 
476 475 760 721 
474 443 761 718 
443 476 761 721 
478 437 762 726 
437 481 762 730 
468 423 763 705 
423 470 763 704 
467 447 764 716 
469 420 765 706 
420 492 765 758 
454 477 766 722 
446 478 767 726 
487 478 767 741 
447 479 768 728 
493 479 768 764 
457 480 769 729 
444 459 770 717 
481 454 771 730 
454 494 771 766 
477 472 772 738 
462 445 773 723 
449 485 774 737 
486 485 774 740 
471 450 775 725 
485 451 776 739 
451 490 776 750 
465 461 777 724 
452 486 778 740 
488 486 778 748 
458 456 779 720 
473 74 780 751 
479 465 781 735 
465 500 781 777 
472 474 782 746 
453 488 783 748 
489 488 783 753 
455 482 784 732 
490 457 785 750 
457 495 785 769 
475 473 786 754 
460 455 787 731 
480 467 788 743 
463 464 789 727 
450 487 790 741 
499 487 790 775 
474 476 791 761 
476 475 792 760 
483 444 793 733 
444 496 793 770 
464 471 794 759 
466 460 795 742 
482 468 796 744 
459 469 797 747 
445 484 798 736 
498 484 798 773 
478 481 799 762 
467 493 800 764 
507 493 800 788 
470 462 801 755 
456 483 802 745 
501 483 802 779 
468 470 803 763 
491 458 804 752 
458 501 804 779 
487 478 805 767 
478 515 805 799 
477 497 806 772 
494 477 807 766 
477 518 807 806 
486 485 808 774 
461 491 809 756 
500 491 809 777 
484 463 810 757 
463 508 810 789 
497 472 811 772 
472 503 811 782 
493 479 812 768 
485 490 813 776 
495 480 814 769 
488 486 815 778 
502 74 816 780 
74 75 1623 816 
473 502 817 780 
505 502 817 786 
481 494 818 771 
515 494 818 799 
492 466 819 758 
489 488 820 783 
12 13 0 1624 
503 474 822 782 
474 509 822 791 
490 495 823 785 
13 489 824 749 
526 489 824 821 
475 505 825 786 
510 505 825 792 
469 492 826 765 
509 476 827 791 
476 510 827 792 
496 459 828 770 
459 514 828 797 
480 507 829 788 
522 507 829 814 
479 500 830 781 
520 500 830 812 
462 498 831 773 
516 498 831 801 
455 504 832 784 
506 504 832 787 
508 464 833 789 
464 511 833 794 
471 499 834 775 
504 482 835 784 
482 513 835 796 
460 506 836 787 
512 506 836 795 
507 493 837 800 
519 485 838 808 
485 521 838 813 
486 519 839 808 
523 519 839 815 
502 75 840 816 
499 487 841 790 
487 515 842 805 
532 515 842 841 
497 503 843 811 
483 496 844 793 
521 490 845 813 
490 527 845 823 
488 523 846 815 
525 523 846 820 
518 497 847 806 
511 471 848 794 
471 529 848 834 
466 512 849 795 
524 512 849 819 
505 502 850 817 
513 468 851 796 
468 517 851 803 
494 518 852 807 
503 509 853 822 
498 484 854 798 
515 494 855 818 
494 537 855 852 
489 525 856 820 
526 525 856 824 
493 520 857 812 
530 520 857 837 
510 505 858 825 
501 483 859 802 
483 534 859 844 
514 469 860 797 
469 528 860 826 
495 522 861 814 
527 495 862 823 
495 541 862 861 
500 491 863 809 
509 510 864 827 
491 501 865 804 
542 501 865 863 
470 516 866 801 
517 516 866 803 
484 508 867 810 
539 508 867 854 
522 507 868 829 
535 497 869 847 
497 533 869 843 
492 524 870 819 
528 524 870 826 
531 75 871 840 
75 76 1625 871 
519 521 872 838 
523 519 873 839 
502 531 874 840 
536 531 874 850 
496 514 875 828 
533 503 876 843 
503 538 876 853 
520 500 877 830 
525 523 878 846 
521 527 879 845 
506 504 880 832 
507 530 881 837 
544 530 881 868 
505 536 882 850 
540 536 882 858 
516 498 883 831 
526 525 884 856 
11 12 0 1626 
538 509 886 853 
509 543 886 864 
510 540 887 858 
543 540 887 864 
12 526 888 821 
554 526 888 885 
508 511 889 833 
527 541 890 862 
504 513 891 835 
551 513 891 880 
518 535 892 847 
512 506 893 836 
537 518 894 852 
518 557 894 892 
529 499 895 834 
515 537 896 855 
530 520 897 857 
541 522 898 861 
532 515 899 842 
515 560 899 896 
513 517 900 851 
499 532 901 841 
559 532 901 895 
534 496 902 844 
496 547 902 875 
524 512 903 849 
512 558 903 893 
517 516 904 866 
511 529 905 848 
555 529 905 889 
514 528 906 860 
535 533 907 869 
531 76 908 871 
498 539 909 854 
552 539 909 883 
501 534 910 859 
519 545 911 872 
546 545 911 873 
522 544 912 868 
562 544 912 898 
545 521 913 872 
521 550 913 879 
523 546 914 873 
549 546 914 878 
500 542 915 863 
548 542 915 877 
536 531 916 874 
542 501 917 865 
533 538 918 876 
539 508 919 867 
508 555 919 889 
528 524 920 870 
525 549 921 878 
553 549 921 884 
550 527 922 879 
527 556 922 890 
540 536 923 882 
538 543 924 886 
543 540 925 887 
526 553 926 884 
554 553 926 888 
544 530 927 881 
556 541 928 890 
557 535 929 892 
506 551 930 880 
558 551 930 893 
520 548 931 877 
561 548 931 897 
537 557 932 894 
547 514 933 875 
514 565 933 906 
541 562 934 898 
577 562 934 928 
560 537 935 896 
537 579 935 932 
516 552 936 883 
564 552 936 904 
535 566 937 907 
578 566 937 929 
551 513 938 891 
513 563 938 900 
567 76 939 908 
76 77 1627 939 
501 568 940 910 
570 568 940 917 
566 533 941 907 
533 571 941 918 
531 567 942 908 
569 567 942 916 
546 545 943 911 
545 550 944 913 
580 550 944 943 
549 546 945 914 
546 580 945 943 
536 569 946 916 
573 569 946 923 
530 561 947 897 
576 561 947 927 
532 560 948 899 
571 538 949 918 
538 574 949 924 
553 549 950 921 
529 559 951 895 
550 556 952 922 
562 544 953 912 
540 573 954 923 
575 573 954 925 
555 529 955 905 
529 583 955 951 
524 558 956 903 
572 558 956 920 
574 543 957 924 
543 575 957 925 
563 517 958 900 
517 564 958 904 
554 553 959 926 
10 11 0 1628 
11 554 961 885 
587 554 961 960 
534 547 962 902 
559 532 963 901 
532 581 963 948 
565 528 964 906 
528 572 964 920 
556 577 965 928 
552 539 966 909 
548 542 967 915 
544 576 968 927 
585 576 968 953 
539 555 969 919 
568 534 970 910 
534 588 970 962 
567 77 971 939 
578 566 972 937 
557 578 973 929 
542 570 974 917 
591 570 974 967 
569 567 975 942 
579 557 976 932 
557 595 976 973 
566 571 977 941 
577 562 978 934 
560 579 979 935 
580 550 980 944 
550 584 980 952 
549 580 981 945 
582 580 981 950 
573 569 982 946 
571 574 983 949 
561 548 984 931 
553 582 985 950 
586 582 985 959 
558 551 986 930 
575 573 987 954 
574 575 988 957 
584 556 989 952 
556 589 989 965 
547 565 990 933 
554 586 991 959 
587 586 991 961 
564 552 992 936 
551 563 993 938 
562 585 994 953 
598 585 994 978 
576 561 995 947 
570 568 996 940 
590 539 997 966 
539 592 997 969 
589 577 998 965 
563 564 999 958 
572 558 1000 956 
593 77 1001 971 
77 78 1629 1001 
594 566 1002 972 
566 597 1002 977 
583 559 1003 951 
581 560 1004 948 
560 599 1004 979 
567 593 1005 971 
596 593 1005 975 
555 583 1006 955 
565 572 1007 964 
569 596 1008 975 
600 596 1008 982 
597 571 1009 977 
571 601 1009 983 
585 576 1010 968 
582 580 1011 981 
588 547 1012 962 
547 606 1012 990 
580 584 1013 980 
559 581 1014 963 
614 581 1014 1003 
578 594 1015 972 
573 600 1016 982 
604 600 1016 987 
595 578 1017 973 
578 620 1017 1015 
552 590 1018 966 
607 590 1018 992 
601 574 1019 983 
574 605 1019 988 
586 582 1020 985 
579 595 1021 976 
577 598 1022 978 
611 598 1022 998 
575 604 1023 987 
605 604 1023 988 
548 591 1024 967 
602 591 1024 984 
584 589 1025 989 
592 555 1026 969 
555 615 1026 1006 
587 586 1027 991 
9 10 0 1630 
568 588 1029 970 
610 588 1029 996 
10 587 1030 960 
625 587 1030 1028 
591 570 1031 974 
570 610 1031 996 
599 579 1032 979 
579 622 1032 1021 
603 551 1033 986 
551 608 1033 993 
598 585 1034 994 
593 78 1035 1001 
561 602 1036 984 
609 602 1036 995 
558 603 1037 986 
613 603 1037 1000 
594 597 1038 1002 
596 593 1039 1005 
606 565 1040 990 
565 616 1040 1007 
589 611 1041 998 
600 596 1042 1008 
618 580 1043 1011 
580 619 1043 1013 
564 607 1044 992 
612 607 1044 999 
597 601 1045 1009 
608 563 1046 993 
563 612 1046 999 
582 618 1047 1011 
621 618 1047 1020 
619 584 1048 1013 
584 623 1048 1025 
604 600 1049 1016 
601 605 1050 1019 
605 604 1051 1023 
576 609 1052 995 
617 609 1052 1010 
586 621 1053 1020 
624 621 1053 1027 
623 589 1054 1025 
589 630 1054 1041 
620 594 1055 1015 
590 592 1056 997 
587 624 1057 1027 
625 624 1057 1030 
581 599 1058 1004 
611 598 1059 1022 
595 620 1060 1017 
572 613 1061 1000 
616 613 1061 1007 
622 595 1062 1021 
595 640 1062 1060 
583 614 1063 1003 
615 583 1064 1006 
583 641 1064 1063 
585 617 1065 1010 
626 617 1065 1034 
588 606 1066 1012 
627 78 1067 1035 
78 79 1631 1067 
614 581 1068 1014 
581 638 1068 1058 
593 627 1069 1035 
629 627 1069 1039 
602 591 1070 1024 
607 590 1071 1018 
590 637 1071 1056 
594 628 1072 1038 
636 628 1072 1055 
610 588 1073 1029 
588 642 1073 1066 
628 597 1074 1038 
597 632 1074 1045 
596 629 1075 1039 
631 629 1075 1042 
598 626 1076 1034 
639 626 1076 1059 
592 615 1077 1026 
637 615 1077 1056 
591 610 1078 1031 
618 619 1079 1043 
600 631 1080 1042 
633 631 1080 1049 
632 601 1081 1045 
601 634 1081 1050 
621 618 1082 1047 
619 623 1083 1048 
604 633 1084 1049 
635 633 1084 1051 
630 611 1085 1041 
634 605 1086 1050 
605 635 1086 1051 
603 608 1087 1033 
599 622 1088 1032 
624 621 1089 1053 
609 602 1090 1036 
623 630 1091 1054 
625 624 1092 1057 
8 9 0 1632 
613 603 1094 1037 
606 616 1095 1040 
9 625 1096 1028 
655 625 1096 1093 
612 607 1097 1044 
608 612 1098 1046 
627 79 1099 1067 
620 636 1100 1055 
611 639 1101 1059 
648 639 1101 1085 
640 620 1102 1060 
620 661 1102 1100 
617 609 1103 1052 
636 628 1104 1072 
629 627 1105 1069 
616 613 1106 1061 
631 629 1107 1075 
628 632 1108 1074 
618 645 1109 1079 
646 645 1109 1082 
633 631 1110 1080 
631 666 1110 1107 
645 619 1111 1079 
619 647 1111 1083 
643 591 1112 1070 
591 644 1112 1078 
632 634 1113 1081 
638 599 1114 1058 
599 650 1114 1088 
626 617 1115 1065 
622 640 1116 1062 
635 633 1117 1084 
621 646 1118 1082 
651 646 1118 1089 
634 635 1119 1086 
647 623 1120 1083 
623 653 1120 1091 
641 614 1121 1063 
642 606 1122 1066 
606 657 1122 1095 
615 641 1123 1064 
607 637 1124 1071 
658 637 1124 1097 
624 651 1125 1089 
654 651 1125 1092 
614 638 1126 1068 
673 638 1126 1121 
639 626 1127 1076 
602 643 1128 1070 
652 643 1128 1090 
630 648 1129 1085 
637 615 1130 1077 
615 674 1130 1123 
653 630 1131 1091 
630 676 1131 1129 
625 654 1132 1092 
655 654 1132 1096 
610 642 1133 1073 
660 79 1134 1099 
79 80 1633 1134 
627 660 1135 1099 
664 660 1135 1105 
603 649 1136 1087 
656 649 1136 1094 
644 610 1137 1078 
610 677 1137 1133 
663 628 1138 1104 
628 667 1138 1108 
629 664 1139 1105 
666 664 1139 1107 
636 663 1140 1104 
649 608 1141 1087 
608 659 1141 1098 
609 652 1142 1090 
662 652 1142 1103 
650 622 1143 1088 
622 670 1143 1116 
648 639 1144 1101 
661 636 1145 1100 
636 678 1145 1140 
667 632 1146 1108 
632 668 1146 1113 
640 661 1147 1102 
633 666 1148 1110 
671 666 1148 1117 
646 645 1149 1109 
645 647 1150 1111 
657 616 1151 1095 
616 665 1151 1106 
612 658 1152 1097 
659 658 1152 1098 
613 656 1153 1094 
665 656 1153 1106 
668 634 1154 1113 
634 672 1154 1119 
651 646 1155 1118 
635 671 1156 1117 
672 671 1156 1119 
647 653 1157 1120 
617 662 1158 1103 
669 662 1158 1115 
654 651 1159 1125 
655 654 1160 1132 
7 8 0 1634 
653 676 1162 1131 
8 655 1163 1093 
687 655 1163 1161 
660 80 1164 1134 
676 648 1165 1129 
638 650 1166 1114 
664 660 1167 1135 
626 669 1168 1115 
675 669 1168 1127 
643 644 1169 1112 
670 640 1170 1116 
640 680 1170 1147 
663 667 1171 1138 
666 664 1172 1139 
674 641 1173 1123 
642 657 1174 1122 
658 637 1175 1124 
641 673 1176 1121 
696 673 1176 1173 
652 643 1177 1128 
643 693 1177 1169 
639 675 1178 1127 
679 675 1178 1144 
667 668 1179 1146 
637 674 1180 1130 
671 666 1181 1148 
681 645 1182 1149 
645 682 1182 1150 
673 638 1183 1126 
638 691 1183 1166 
646 681 1184 1149 
683 681 1184 1155 
682 647 1185 1150 
647 684 1185 1157 
668 672 1186 1154 
678 663 1187 1140 
672 671 1188 1156 
648 679 1189 1144 
690 679 1189 1165 
661 678 1190 1145 
651 683 1191 1155 
685 683 1191 1159 
656 649 1192 1136 
684 653 1193 1157 
653 688 1193 1162 
677 642 1194 1133 
642 697 1194 1174 
654 685 1195 1159 
686 685 1195 1160 
662 652 1196 1142 
649 659 1197 1141 
650 670 1198 1143 
689 80 1199 1164 
80 81 1635 1199 
655 686 1200 1160 
687 686 1200 1163 
659 658 1201 1152 
644 677 1202 1137 
657 665 1203 1151 
660 689 1204 1164 
692 689 1204 1167 
688 676 1205 1162 
680 661 1206 1147 
661 705 1206 1190 
665 656 1207 1153 
664 692 1208 1167 
695 692 1208 1172 
663 694 1209 1171 
703 694 1209 1187 
669 662 1210 1158 
694 667 1211 1171 
667 699 1211 1179 
666 695 1212 1172 
701 695 1212 1181 
676 690 1213 1165 
713 690 1213 1205 
699 668 1214 1179 
668 702 1214 1186 
681 682 1215 1182 
637 700 1216 1180 
698 700 1216 1175 
671 701 1217 1181 
704 701 1217 1188 
683 681 1218 1184 
682 684 1219 1185 
702 672 1220 1186 
672 704 1220 1188 
675 669 1221 1168 
689 81 1222 1199 
81 82 1636 1222 
685 683 1223 1191 
691 650 1224 1166 
650 709 1224 1198 
693 644 1225 1169 
644 711 1225 1202 
684 688 1226 1193 
670 680 1227 1170 
686 685 1228 1195 
678 703 1229 1187 
679 675 1230 1178 
652 693 1231 1177 
707 693 1231 1196 
705 678 1232 1190 
678 724 1232 1229 
697 657 1233 1174 
657 712 1233 1203 
674 696 1234 1173 
687 686 1235 1200 
1 7 1637 1236 
696 673 1237 1176 
658 698 1238 1175 
710 698 1238 1201 
7 687 1239 1161 
729 687 1239 1236 
690 679 1240 1189 
692 689 1241 1204 
688 713 1242 1205 
703 694 1243 1209 
673 691 1244 1183 
728 691 1244 1237 
700 674 1245 1180 
674 726 1245 1234 
695 692 1246 1208 
706 649 1247 1192 
649 708 1247 1197 
694 699 1248 1211 
656 706 1249 1192 
714 706 1249 1207 
701 695 1250 1212 
689 82 1251 1222 
731 82 1251 1241 
677 697 1252 1194 
662 707 1253 1196 
715 707 1253 1210 
699 702 1254 1214 
708 659 1255 1197 
659 710 1255 1201 
681 716 1256 1215 
717 716 1256 1218 
716 682 1257 1215 
682 718 1257 1219 
704 701 1258 1217 
713 690 1259 1213 
709 670 1260 1198 
670 722 1260 1227 
702 704 1261 1220 
683 717 1262 1218 
720 717 1262 1223 
718 684 1263 1219 
684 721 1263 1226 
712 665 1264 1203 
665 714 1264 1207 
680 705 1265 1206 
685 720 1266 1223 
723 720 1266 1228 
711 677 1267 1202 
677 737 1267 1252 
669 715 1268 1210 
719 715 1268 1221 
721 688 1269 1226 
688 732 1269 1242 
686 723 1270 1228 
727 723 1270 1235 
1 729 1271 1236 
117 1 1638 1271 
687 727 1272 1235 
729 727 1272 1239 
692 731 1273 1241 
734 731 1273 1246 
724 703 1274 1229 
703 733 1275 1243 
743 733 1275 1274 
698 700 1276 1216 
733 694 1277 1243 
694 735 1277 1248 
675 719 1278 1221 
725 719 1278 1230 
695 734 1279 1246 
736 734 1279 1250 
732 713 1280 1242 
691 709 1281 1224 
735 699 1282 1248 
699 738 1282 1254 
731 82 1283 1251 
82 4 1639 1283 
701 736 1284 1250 
739 736 1284 1258 
679 725 1285 1230 
730 725 1285 1240 
707 693 1286 1231 
693 711 1287 1225 
747 711 1287 1286 
722 680 1288 1227 
680 742 1288 1265 
717 716 1289 1256 
697 712 1290 1233 
716 718 1291 1257 
748 718 1291 1289 
738 702 1292 1254 
702 741 1292 1261 
710 698 1293 1238 
704 739 1294 1258 
741 739 1294 1261 
690 730 1295 1240 
740 730 1295 1259 
705 724 1296 1232 
720 717 1297 1262 
717 748 1297 1289 
696 728 1298 1237 
726 696 1299 1234 
696 752 1299 1298 
718 721 1300 1263 
728 691 1301 1244 
691 746 1301 1281 
723 720 1302 1266 
706 708 1303 1247 
713 740 1304 1259 
745 740 1304 1280 
700 726 1305 1245 
744 726 1305 1276 
714 706 1306 1249 
727 723 1307 1270 
721 732 1308 1269 
715 707 1309 1253 
708 710 1310 1255 
729 727 1311 1272 
712 714 1312 1264 
731 4 1313 1283 
4 83 1640 1313 
116 117 0 1641 
117 729 1314 1271 
729 117 1314 1311 
734 731 1315 1273 
737 697 1316 1252 
697 749 1316 1290 
709 722 1317 1260 
746 722 1317 1281 
733 735 1318 1277 
736 734 1319 1279 
742 705 1320 1265 
705 751 1320 1296 
719 715 1321 1268 
735 738 1322 1282 
724 743 1323 1274 
743 733 1324 1275 
739 736 1325 1284 
711 737 1326 1267 
732 745 1327 1280 
738 741 1328 1292 
741 739 1329 1294 
748 718 1330 1291 
718 753 1330 1300 
720 748 1331 1297 
754 748 1331 1302 
725 719 1332 1278 
698 744 1333 1276 
750 744 1333 1293 
731 83 1334 1313 
83 84 1642 1334 
84 83 1334 1315 
753 721 1335 1300 
721 758 1335 1308 
116 727 1336 1311 
115 116 1643 1336 
723 754 1337 1302 
757 754 1337 1307 
730 725 1338 1285 
727 757 1339 1307 
115 757 1339 1336 
758 732 1340 1308 
732 770 1340 1327 
740 730 1341 1295 
722 742 1342 1288 
707 747 1343 1286 
759 747 1343 1309 
767 733 1344 1324 
733 762 1344 1318 
747 711 1345 1287 
711 769 1345 1326 
745 740 1346 1304 
749 712 1347 1290 
712 761 1347 1312 
710 750 1348 1293 
760 750 1348 1310 
763 734 1349 1319 
734 84 1349 1315 
751 724 1350 1296 
724 766 1350 1323 
762 735 1351 1318 
735 765 1351 1322 
706 755 1352 1303 
756 755 1352 1306 
728 746 1353 1301 
736 763 1354 1319 
768 763 1354 1325 
752 728 1355 1298 
728 778 1355 1353 
744 726 1356 1305 
726 752 1357 1299 
779 752 1357 1356 
746 722 1358 1317 
722 776 1358 1342 
755 708 1359 1303 
708 760 1359 1310 
765 738 1360 1322 
738 771 1360 1328 
739 768 1361 1325 
772 768 1361 1329 
715 759 1362 1309 
764 759 1362 1321 
714 756 1363 1306 
761 756 1363 1312 
771 741 1364 1328 
741 772 1364 1329 
748 753 1365 1330 
754 748 1366 1331 
743 767 1367 1324 
770 745 1368 1327 
737 749 1369 1316 
753 758 1370 1335 
757 754 1371 1337 
719 764 1372 1321 
773 764 1372 1332 
742 751 1373 1320 
758 770 1374 1340 
766 743 1375 1323 
743 782 1375 1367 
767 762 1376 1344 
769 737 1377 1326 
737 784 1377 1369 
725 773 1378 1332 
774 773 1378 1338 
750 744 1379 1333 
762 765 1380 1351 
768 763 1381 1354 
115 757 1382 1339 
757 114 1382 1371 
114 115 1644 1382 
765 771 1383 1360 
730 774 1384 1338 
775 774 1384 1341 
763 84 1385 1349 
84 85 1645 1385 
85 84 1385 1381 
772 768 1386 1361 
771 772 1387 1364 
748 780 1388 1365 
781 780 1388 1366 
740 775 1389 1341 
777 775 1389 1346 
759 747 1390 1343 
780 753 1391 1365 
753 785 1391 1370 
745 777 1392 1346 
783 777 1392 1368 
760 750 1393 1348 
749 761 1394 1347 
754 781 1395 1366 
114 781 1395 1371 
776 742 1396 1342 
742 786 1396 1373 
747 769 1397 1345 
793 769 1397 1390 
756 755 1398 1352 
785 758 1399 1370 
758 787 1399 1374 
751 766 1400 1350 
755 760 1401 1359 
782 767 1402 1367 
770 783 1403 1368 
746 776 1404 1358 
761 756 1405 1363 
778 746 1406 1353 
746 801 1406 1404 
752 778 1407 1355 
764 759 1408 1362 
744 779 1409 1356 
789 779 1409 1379 
779 752 1410 1357 
752 803 1410 1407 
767 788 1411 1376 
799 788 1411 1402 
787 770 1412 1374 
770 800 1412 1403 
788 762 1413 1376 
762 790 1413 1380 
768 85 1414 1381 
85 86 1646 1414 
86 85 1414 1386 
790 765 1415 1380 
765 791 1415 1383 
773 764 1416 1372 
784 749 1417 1369 
749 795 1417 1394 
791 771 1418 1383 
771 792 1418 1387 
792 772 1419 1387 
772 86 1419 1386 
781 780 1420 1388 
786 751 1421 1373 
751 797 1421 1400 
780 785 1422 1391 
766 782 1423 1375 
774 773 1424 1378 
114 781 1425 1395 
113 114 1647 1425 
769 784 1426 1377 
750 789 1427 1379 
794 789 1427 1393 
785 787 1428 1399 
807 787 1428 1422 
775 774 1429 1384 
777 775 1430 1389 
783 777 1431 1392 
800 783 1432 1403 
788 790 1433 1413 
787 800 1434 1412 
759 793 1435 1390 
804 793 1435 1408 
799 788 1436 1411 
760 794 1437 1393 
798 794 1437 1401 
776 786 1438 1396 
796 755 1439 1398 
755 798 1439 1401 
795 761 1440 1394 
761 802 1440 1405 
793 769 1441 1397 
769 810 1441 1426 
790 791 1442 1415 
815 791 1442 1433 
756 796 1443 1398 
802 796 1443 1405 
782 799 1444 1402 
791 792 1445 1418 
797 766 1446 1400 
766 808 1446 1423 
113 781 1447 1425 
781 806 1447 1420 
789 779 1448 1409 
806 780 1449 1420 
780 807 1449 1422 
764 804 1450 1408 
805 804 1450 1416 
801 776 1451 1404 
776 818 1451 1438 
803 778 1452 1407 
779 803 1453 1410 
820 803 1453 1448 
778 801 1454 1406 
821 801 1454 1452 
807 787 1455 1428 
787 816 1455 1434 
792 86 1456 1419 
86 87 1648 1456 
87 86 1456 1445 
773 805 1457 1416 
809 805 1457 1424 
784 795 1458 1417 
817 788 1459 1436 
788 815 1459 1433 
786 797 1460 1421 
774 809 1461 1424 
811 809 1461 1429 
816 800 1462 1434 
815 791 1463 1442 
808 782 1464 1423 
782 819 1464 1444 
112 113 0 1649 
113 806 1465 1447 
794 789 1466 1427 
799 817 1467 1436 
775 811 1468 1429 
812 811 1468 1430 
800 814 1469 1432 
824 814 1469 1462 
791 87 1470 1445 
87 88 1650 1470 
88 87 1470 1463 
810 784 1471 1426 
784 822 1471 1458 
777 812 1472 1430 
813 812 1472 1431 
814 783 1473 1432 
783 813 1473 1431 
806 807 1474 1449 
112 807 1474 1465 
804 793 1475 1435 
798 794 1476 1437 
795 802 1477 1440 
796 798 1478 1439 
807 816 1479 1455 
818 786 1480 1438 
786 823 1480 1460 
802 796 1481 1443 
796 830 1481 1478 
793 810 1482 1441 
827 810 1482 1475 
817 815 1483 1459 
797 808 1484 1446 
819 799 1485 1444 
799 826 1485 1467 
805 804 1486 1450 
804 827 1486 1475 
112 807 1487 1474 
807 111 1487 1479 
111 112 1651 1487 
789 820 1488 1448 
825 820 1488 1466 
816 824 1489 1462 
801 818 1490 1451 
820 803 1491 1453 
803 821 1492 1452 
835 821 1492 1491 
809 805 1493 1457 
821 801 1494 1454 
801 834 1494 1490 
811 809 1495 1461 
822 795 1496 1458 
795 829 1496 1477 
823 797 1497 1460 
797 832 1497 1484 
826 817 1498 1467 
812 811 1499 1468 
808 819 1500 1464 
824 814 1501 1469 
813 812 1502 1472 
794 825 1503 1466 
828 825 1503 1476 
814 813 1504 1473 
108 813 1504 1501 
815 88 1505 1463 
88 89 1652 1505 
817 831 1506 1483 
838 831 1506 1498 
831 815 1507 1483 
815 89 1507 1505 
111 816 1508 1479 
816 833 1508 1489 
810 822 1509 1471 
798 828 1510 1476 
830 828 1510 1478 
829 802 1511 1477 
802 830 1512 1481 
839 830 1512 1511 
833 824 1513 1489 
805 827 1514 1486 
836 827 1514 1493 
818 823 1515 1480 
827 810 1516 1482 
810 103 1516 1509 
819 826 1517 1485 
832 808 1518 1484 
808 93 1518 1500 
825 820 1519 1488 
838 831 1520 1506 
834 818 1521 1490 
818 95 1521 1515 
809 836 1522 1493 
837 836 1522 1495 
110 111 0 1653 
111 833 1523 1508 
820 835 1524 1491 
835 821 1525 1492 
821 834 1526 1494 
96 834 1526 1525 
822 829 1527 1496 
811 837 1528 1495 
106 837 1528 1499 
823 832 1529 1497 
831 89 1530 1507 
89 90 1654 1530 
90 89 1530 1520 
828 825 1531 1503 
826 838 1532 1498 
92 838 1532 1517 
108 813 1533 1504 
813 107 1533 1502 
107 108 1655 1533 
830 828 1534 1510 
828 99 1534 1531 
833 109 1535 1513 
109 6 1656 1535 
110 833 1536 1523 
833 6 1536 1535 
6 110 1657 1536 
829 839 1537 1511 
839 830 1538 1512 
838 90 1539 1520 
90 5 1658 1539 
107 812 1540 1502 
812 106 1540 1499 
106 107 1659 1540 
109 824 1541 1513 
824 108 1541 1501 
108 109 1660 1541 
836 827 1542 1514 
819 92 1543 1517 
92 93 1661 1543 
93 92 1543 1500 
820 97 1544 1524 
97 98 1662 1544 
98 97 1544 1519 
103 822 1545 1509 
822 102 1545 1527 
102 103 1663 1545 
823 94 1546 1529 
94 95 1664 1546 
95 94 1546 1515 
837 836 1547 1522 
825 98 1548 1519 
98 99 1665 1548 
99 98 1548 1531 
827 103 1549 1516 
103 104 1666 1549 
104 103 1549 1542 
829 101 1550 1537 
101 102 1667 1550 
102 101 1550 1527 
100 830 1551 1538 
830 99 1551 1534 
99 100 1668 1551 
92 838 1552 1532 
91 92 1669 1552 
91 838 1553 1552 
838 5 1553 1539 
5 91 1670 1553 
835 96 1554 1525 
96 97 1671 1554 
97 96 1554 1524 
94 832 1555 1529 
832 93 1555 1518 
93 94 1672 1555 
834 95 1556 1521 
95 96 1673 1556 
96 95 1556 1526 
839 100 1557 1538 
100 101 1674 1557 
101 100 1557 1537 
105 836 1558 1547 
836 104 1558 1542 
104 105 1675 1558 
106 837 1559 1528 
837 105 1559 1547 
105 106 1676 1559 
