1 6 155 2858 2 
114 47 2 1 0 
115 47 3 2 0 
6 7 199 2859 2 
7 8 249 2860 2 
115 48 5 3 0 
46 114 6 1 0 
116 114 6 4 0 
114 115 7 2 0 
117 48 8 5 0 
119 48 9 8 0 
8 9 315 2861 2 
9 10 377 2862 2 
119 49 11 9 0 
45 116 12 4 0 
120 116 12 10 0 
115 117 13 5 0 
116 114 14 6 0 
118 115 15 7 0 
115 122 15 13 0 
121 49 16 11 0 
10 11 382 2863 2 
114 118 17 7 0 
123 118 17 14 0 
117 119 18 8 0 
119 121 19 11 0 
120 116 20 12 0 
44 120 21 10 0 
121 50 22 16 0 
122 117 23 13 0 
116 123 24 14 0 
126 123 24 20 0 
118 122 25 15 0 
11 12 373 2864 2 
44 127 26 21 0 
123 118 27 17 0 
127 120 28 21 0 
121 128 29 22 0 
124 119 30 18 0 
119 125 30 19 0 
117 124 31 18 0 
129 124 31 23 0 
128 50 32 22 0 
12 13 369 2865 2 
125 121 33 19 0 
121 133 33 29 0 
120 126 34 20 0 
132 126 34 28 0 
133 128 35 29 0 
13 14 365 2866 2 
128 51 37 32 0 
43 127 38 26 0 
135 127 38 36 0 
118 130 39 25 0 
131 130 39 27 0 
127 132 40 28 0 
126 123 41 24 0 
122 129 42 23 0 
136 51 43 37 0 
14 15 362 2867 2 
123 131 44 27 0 
138 131 44 41 0 
128 136 45 37 0 
134 136 45 35 0 
127 137 46 40 0 
135 137 46 38 0 
130 122 47 25 0 
122 139 47 42 0 
124 125 48 30 0 
15 16 356 2868 2 
136 52 50 43 0 
125 133 51 33 0 
140 133 51 48 0 
129 124 52 31 0 
124 140 52 48 0 
42 135 53 36 0 
141 135 53 49 0 
134 136 54 45 0 
132 126 55 34 0 
133 134 56 35 0 
135 137 57 46 0 
142 52 58 50 0 
16 17 351 2869 2 
137 132 59 40 0 
131 130 60 39 0 
136 142 61 50 0 
143 142 61 54 0 
141 135 62 53 0 
135 146 62 57 0 
17 18 346 2870 2 
142 53 64 58 0 
138 131 65 44 0 
126 138 66 41 0 
144 138 66 55 0 
139 129 67 42 0 
150 53 68 64 0 
18 19 338 2871 2 
41 141 69 49 0 
149 141 69 63 0 
150 54 70 68 0 
130 139 71 47 0 
19 20 328 2872 2 
40 149 73 63 0 
140 133 74 51 0 
133 145 74 56 0 
20 21 320 2873 2 
40 156 75 73 0 
129 140 76 52 0 
152 140 76 67 0 
134 143 77 54 0 
21 22 312 2874 2 
153 55 78 70 0 
146 137 79 57 0 
142 150 80 64 0 
145 134 81 56 0 
134 157 81 77 0 
143 142 82 61 0 
142 159 82 80 0 
132 144 83 55 0 
147 144 83 59 0 
149 141 84 69 0 
141 146 85 62 0 
160 146 85 84 0 
148 130 86 60 0 
130 154 86 71 0 
137 147 87 59 0 
158 147 87 79 0 
22 23 299 2875 2 
131 148 89 60 0 
151 148 89 65 0 
23 24 288 2876 2 
153 55 91 78 0 
55 161 91 88 0 
144 138 92 66 0 
39 156 93 75 0 
155 156 93 72 0 
139 152 94 67 0 
138 151 95 65 0 
163 151 95 92 0 
140 145 96 74 0 
150 153 97 70 0 
24 25 276 2877 2 
156 149 99 73 0 
152 140 100 76 0 
148 154 101 86 0 
157 143 102 77 0 
147 144 103 83 0 
154 139 104 71 0 
139 164 104 94 0 
146 158 105 79 0 
25 26 267 2878 2 
161 56 107 88 0 
56 167 107 98 0 
159 150 108 80 0 
150 166 108 97 0 
145 157 109 81 0 
143 159 110 82 0 
171 159 110 102 0 
149 160 111 84 0 
168 160 111 99 0 
38 155 112 72 0 
162 155 112 90 0 
160 146 113 85 0 
146 173 113 105 0 
158 147 114 87 0 
151 148 115 89 0 
26 27 255 2879 2 
27 28 243 2880 2 
153 161 118 91 0 
28 29 227 2881 2 
155 156 120 93 0 
144 163 121 92 0 
172 163 121 103 0 
140 165 122 96 0 
169 165 122 100 0 
167 57 123 98 0 
57 179 123 117 0 
163 151 124 95 0 
164 152 125 94 0 
37 162 126 90 0 
174 162 126 106 0 
165 145 127 96 0 
145 175 127 109 0 
29 30 213 2882 2 
166 153 129 97 0 
153 180 129 118 0 
156 168 130 99 0 
182 168 130 120 0 
152 169 131 100 0 
184 169 131 125 0 
157 171 132 102 0 
147 172 133 103 0 
176 172 133 114 0 
30 31 198 2883 2 
148 170 135 101 0 
177 170 135 115 0 
154 164 136 104 0 
173 158 137 105 0 
161 167 138 107 0 
159 166 139 108 0 
170 154 140 101 0 
154 188 140 136 0 
162 155 141 112 0 
171 159 142 110 0 
159 191 142 139 0 
168 160 143 111 0 
179 58 144 117 0 
58 185 144 128 0 
175 157 145 109 0 
157 186 145 132 0 
31 32 183 2884 2 
160 173 147 113 0 
193 173 147 143 0 
32 33 166 2885 2 
36 174 149 106 0 
181 174 149 119 0 
158 176 150 114 0 
189 176 150 137 0 
151 177 151 115 0 
183 177 151 124 0 
33 34 152 2886 2 
172 163 153 121 0 
180 161 154 118 0 
161 190 154 138 0 
34 35 134 2887 2 
155 182 156 120 0 
192 182 156 141 0 
169 165 157 122 0 
185 59 158 128 0 
59 195 158 148 0 
35 36 119 2888 2 
167 179 160 123 0 
165 175 161 127 0 
199 175 161 157 0 
174 162 162 126 0 
164 184 163 125 0 
35 181 164 119 0 
187 181 164 134 0 
163 183 165 124 0 
197 183 165 153 0 
36 37 106 2889 2 
176 172 167 133 0 
166 180 168 129 0 
182 168 169 130 0 
184 169 170 131 0 
169 199 170 157 0 
186 171 171 132 0 
37 38 90 2890 2 
38 39 72 2891 2 
178 1 174 116 0 
211 1 175 174 0 
212 1 176 175 0 
1 198 176 155 0 
177 170 177 135 0 
173 189 178 137 0 
195 60 179 148 0 
60 200 179 159 0 
190 167 180 138 0 
167 201 180 160 0 
191 166 181 139 0 
166 206 181 168 0 
179 185 182 144 0 
39 40 75 2892 2 
162 192 184 141 0 
202 192 184 162 0 
171 191 185 142 0 
208 191 185 171 0 
168 193 186 143 0 
207 193 186 169 0 
188 164 187 136 0 
164 203 187 163 0 
34 187 188 134 0 
196 187 188 152 0 
181 174 189 149 0 
175 186 190 145 0 
193 173 191 147 0 
173 214 191 178 0 
170 188 192 140 0 
183 177 193 151 0 
40 41 63 2893 2 
189 176 195 150 0 
212 198 196 176 0 
200 61 197 159 0 
61 209 197 172 0 
41 42 49 2894 2 
42 43 36 2895 2 
211 212 200 175 0 
180 190 201 154 0 
89 178 202 116 0 
194 178 202 146 0 
192 182 203 156 0 
172 197 204 153 0 
205 197 204 167 0 
33 196 205 152 0 
204 196 205 166 0 
43 44 26 2896 2 
185 195 207 158 0 
201 179 208 160 0 
179 215 208 182 0 
199 175 209 161 0 
175 218 209 190 0 
198 6 210 155 0 
6 225 210 199 0 
187 181 211 164 0 
174 202 212 162 0 
217 202 212 189 0 
44 45 10 2897 2 
197 183 214 165 0 
209 62 215 172 0 
62 221 215 194 0 
170 219 216 192 0 
213 219 216 177 0 
203 184 217 163 0 
184 199 218 170 0 
234 199 218 217 0 
45 46 4 2898 2 
176 205 220 167 0 
222 205 220 195 0 
206 180 221 168 0 
180 227 221 201 0 
182 207 222 169 0 
228 207 222 203 0 
32 204 223 166 0 
216 204 223 183 0 
186 208 224 171 0 
178 211 225 174 0 
46 47 1 2899 2 
47 48 3 2900 2 
195 200 228 179 0 
190 201 229 180 0 
214 189 230 178 0 
212 223 231 196 0 
48 49 9 2901 2 
177 213 233 177 0 
220 213 233 193 0 
191 206 234 181 0 
202 192 235 184 0 
196 187 236 188 0 
215 185 237 182 0 
185 230 237 207 0 
221 63 238 194 0 
63 229 238 206 0 
208 191 239 185 0 
191 245 239 234 0 
207 193 240 186 0 
188 203 241 187 0 
181 217 242 189 0 
231 217 242 211 0 
49 50 16 2902 2 
193 214 244 191 0 
248 214 244 240 0 
31 216 245 183 0 
224 216 245 198 0 
183 220 246 193 0 
233 220 246 214 0 
50 51 32 2903 2 
218 186 248 190 0 
186 236 248 224 0 
51 52 43 2904 2 
219 188 250 192 0 
188 249 250 241 0 
226 212 251 200 0 
212 243 251 231 0 
200 209 252 197 0 
88 194 253 146 0 
210 194 253 173 0 
229 64 254 206 0 
64 235 254 219 0 
52 53 58 2905 2 
189 222 256 195 0 
242 222 256 230 0 
205 197 257 204 0 
227 190 258 201 0 
190 241 258 229 0 
204 196 259 205 0 
53 54 68 2906 2 
192 228 261 203 0 
246 228 261 235 0 
211 226 262 200 0 
30 224 263 198 0 
232 224 263 213 0 
199 218 264 209 0 
230 195 265 207 0 
195 240 265 228 0 
201 215 266 208 0 
54 55 78 2907 2 
217 202 268 212 0 
187 231 269 211 0 
247 231 269 236 0 
55 56 88 2908 2 
225 7 271 199 0 
7 252 271 249 0 
213 219 272 216 0 
235 65 273 219 0 
65 244 273 232 0 
209 221 274 215 0 
211 258 275 262 0 
237 258 275 225 0 
56 57 98 2909 2 
29 232 277 213 0 
239 232 277 227 0 
206 227 278 221 0 
216 204 279 223 0 
197 233 280 214 0 
255 233 280 257 0 
57 58 117 2910 2 
234 199 282 218 0 
203 234 283 217 0 
222 205 284 220 0 
228 207 285 222 0 
194 178 286 202 0 
244 66 287 232 0 
66 251 287 247 0 
58 59 128 2911 2 
236 208 289 224 0 
59 60 148 2912 2 
240 200 291 228 0 
200 253 291 252 0 
60 61 159 2913 2 
241 201 293 229 0 
201 260 293 266 0 
220 213 294 233 0 
214 242 295 230 0 
221 229 296 238 0 
28 239 297 227 0 
250 239 297 243 0 
215 230 298 237 0 
61 62 172 2914 2 
196 247 300 236 0 
256 247 300 259 0 
202 246 301 235 0 
262 246 301 268 0 
245 206 302 234 0 
206 267 302 278 0 
62 63 194 2915 2 
233 220 304 246 0 
208 245 305 239 0 
276 245 305 289 0 
207 248 306 240 0 
273 248 306 285 0 
87 210 307 173 0 
238 210 307 226 0 
231 217 308 242 0 
224 216 309 245 0 
243 223 310 231 0 
251 67 311 247 0 
67 257 311 260 0 
63 64 206 2916 2 
223 198 313 196 0 
248 214 314 244 0 
214 280 314 295 0 
64 65 219 2917 2 
65 66 232 2918 2 
198 225 317 210 0 
290 225 317 313 0 
27 250 318 243 0 
254 250 318 255 0 
249 203 319 241 0 
203 271 319 283 0 
66 67 247 2919 2 
229 235 321 254 0 
218 236 322 248 0 
67 68 260 2920 2 
226 243 324 251 0 
253 209 325 252 0 
209 265 325 274 0 
257 68 326 260 0 
68 263 326 270 0 
199 259 327 264 0 
270 259 327 282 0 
68 69 270 2921 2 
227 241 329 258 0 
267 241 329 278 0 
205 255 330 257 0 
272 255 330 284 0 
69 70 281 2922 2 
232 224 332 263 0 
219 249 333 250 0 
242 222 334 256 0 
26 254 335 255 0 
261 254 335 267 0 
204 256 336 259 0 
268 256 336 279 0 
246 228 337 261 0 
70 71 292 2923 2 
230 240 339 265 0 
71 72 303 2924 2 
258 226 341 262 0 
263 69 342 270 0 
69 269 342 281 0 
260 215 343 266 0 
215 282 343 298 0 
178 237 344 225 0 
274 237 344 286 0 
264 219 345 272 0 
219 301 345 333 0 
72 73 316 2925 2 
73 74 323 2926 2 
235 244 348 273 0 
247 231 349 269 0 
252 8 350 249 0 
8 291 350 315 0 
74 75 331 2927 2 
217 262 352 268 0 
286 262 352 308 0 
25 261 353 267 0 
266 261 353 276 0 
75 76 340 2928 2 
259 218 355 264 0 
218 295 355 322 0 
76 77 347 2929 2 
265 221 357 274 0 
221 281 357 296 0 
239 232 358 277 0 
77 78 354 2930 2 
269 70 360 281 0 
70 278 360 292 0 
78 79 359 2931 2 
79 80 363 2932 2 
80 81 367 2933 2 
213 264 364 272 0 
279 264 364 294 0 
81 82 371 2934 2 
210 194 366 253 0 
194 274 366 286 0 
82 83 374 2935 2 
255 233 368 280 0 
83 84 388 2936 2 
24 266 370 276 0 
275 266 370 288 0 
84 85 361 2937 2 
216 268 372 279 0 
287 268 372 309 0 
85 86 290 2938 2 
86 87 226 2939 2 
244 251 375 287 0 
228 273 376 285 0 
303 273 376 337 0 
87 88 173 2940 2 
278 71 378 292 0 
71 284 378 303 0 
240 253 379 291 0 
222 272 380 284 0 
302 272 380 334 0 
234 270 381 282 0 
88 89 146 2941 2 
271 234 383 283 0 
234 330 383 381 0 
250 239 384 297 0 
23 275 385 288 0 
283 275 385 299 0 
236 276 386 289 0 
241 260 387 293 0 
89 1 116 2942 2 
284 72 389 303 0 
72 292 389 316 0 
281 229 390 296 0 
229 294 390 321 0 
256 247 391 300 0 
282 230 392 298 0 
230 305 392 339 0 
280 242 393 295 0 
262 246 394 301 0 
251 257 395 311 0 
245 267 396 302 0 
267 241 397 329 0 
241 334 397 387 0 
22 283 398 299 0 
289 283 398 312 0 
220 279 399 294 0 
285 279 399 304 0 
226 297 400 324 0 
307 297 400 341 0 
273 248 401 306 0 
86 238 402 226 0 
277 238 402 290 0 
233 285 403 304 0 
322 285 403 368 0 
292 73 404 316 0 
73 296 404 323 0 
224 287 405 309 0 
300 287 405 332 0 
276 245 406 305 0 
245 340 406 396 0 
231 286 407 308 0 
311 286 407 349 0 
254 250 408 318 0 
237 258 409 275 0 
21 289 410 312 0 
293 289 410 320 0 
248 280 411 314 0 
341 280 411 401 0 
243 288 412 310 0 
296 74 413 323 0 
74 299 413 331 0 
225 252 414 271 0 
257 263 415 326 0 
253 265 416 325 0 
20 293 417 320 0 
298 293 417 328 0 
294 235 418 321 0 
235 310 418 348 0 
299 75 419 331 0 
75 306 419 340 0 
261 254 420 335 0 
249 271 421 319 0 
272 255 422 330 0 
19 298 423 328 0 
304 298 423 338 0 
268 256 424 336 0 
232 300 425 332 0 
315 300 425 358 0 
295 236 426 322 0 
236 333 426 386 0 
306 76 427 340 0 
76 309 427 347 0 
270 259 428 327 0 
263 269 429 342 0 
246 303 430 337 0 
338 303 430 394 0 
18 304 431 338 0 
308 304 431 346 0 
305 240 432 339 0 
240 329 432 379 0 
309 77 433 347 0 
77 313 433 354 0 
260 282 434 343 0 
334 282 434 387 0 
297 243 435 324 0 
243 344 435 412 0 
266 261 436 353 0 
17 308 437 346 0 
312 308 437 351 0 
291 9 438 315 0 
9 328 438 377 0 
242 302 439 334 0 
337 302 439 393 0 
264 301 440 345 0 
313 78 441 354 0 
78 316 441 359 0 
301 249 442 333 0 
249 349 442 421 0 
310 244 443 348 0 
244 327 443 375 0 
288 223 444 310 0 
223 290 444 313 0 
16 312 445 351 0 
314 312 445 356 0 
286 262 446 352 0 
247 311 447 349 0 
336 311 447 391 0 
269 278 448 360 0 
258 307 449 341 0 
316 79 450 359 0 
79 319 450 363 0 
265 281 451 357 0 
238 210 452 307 0 
15 314 453 356 0 
318 314 453 362 0 
319 80 454 363 0 
80 321 454 367 0 
239 315 455 358 0 
332 315 455 384 0 
85 277 456 290 0 
317 277 456 361 0 
14 318 457 362 0 
320 318 457 365 0 
275 266 458 370 0 
321 81 459 367 0 
81 324 459 371 0 
13 320 460 365 0 
323 320 460 369 0 
324 82 461 371 0 
82 326 461 374 0 
12 323 462 369 0 
325 323 462 373 0 
259 295 463 355 0 
352 295 463 428 0 
287 268 464 372 0 
326 83 465 374 0 
83 335 465 388 0 
279 264 466 364 0 
84 317 467 361 0 
335 317 467 388 0 
11 325 468 373 0 
331 325 468 382 0 
278 284 469 378 0 
10 331 470 382 0 
328 331 470 377 0 
303 273 471 376 0 
273 341 471 401 0 
327 251 472 375 0 
251 339 472 395 0 
258 358 473 449 0 
343 358 473 409 0 
283 275 474 385 0 
210 274 475 366 0 
360 274 475 452 0 
255 322 476 368 0 
350 322 476 422 0 
290 225 477 317 0 
225 345 477 414 0 
284 292 478 389 0 
329 253 479 379 0 
253 347 479 416 0 
250 332 480 384 0 
342 332 480 408 0 
281 294 481 390 0 
289 283 482 398 0 
302 272 483 380 0 
272 350 483 422 0 
333 276 484 386 0 
330 270 485 381 0 
270 352 485 428 0 
271 330 486 383 0 
282 305 487 392 0 
322 285 488 403 0 
285 279 489 399 0 
292 296 490 404 0 
256 336 491 391 0 
351 336 491 424 0 
339 257 492 395 0 
257 346 492 415 0 
262 338 493 394 0 
356 338 493 446 0 
340 267 494 396 0 
267 334 495 397 0 
375 334 495 494 0 
300 287 496 405 0 
274 237 497 344 0 
237 343 497 409 0 
293 289 498 410 0 
311 286 499 407 0 
280 337 500 393 0 
296 299 501 413 0 
276 340 502 406 0 
369 340 502 484 0 
307 297 503 400 0 
298 293 504 417 0 
341 280 505 411 0 
280 379 505 500 0 
252 291 506 350 0 
334 282 507 434 0 
282 371 507 487 0 
299 306 508 419 0 
294 310 509 418 0 
346 263 510 415 0 
263 353 510 429 0 
348 254 511 420 0 
254 342 511 408 0 
304 298 512 423 0 
347 265 513 416 0 
265 359 513 451 0 
306 309 514 427 0 
261 348 515 420 0 
354 348 515 436 0 
344 288 516 412 0 
315 300 517 425 0 
308 304 518 431 0 
309 313 519 433 0 
268 351 520 424 0 
362 351 520 464 0 
303 341 521 471 0 
312 308 522 437 0 
353 269 523 429 0 
269 357 523 448 0 
338 303 524 430 0 
303 392 524 521 0 
305 329 525 432 0 
371 329 525 487 0 
313 316 526 441 0 
295 333 527 426 0 
314 312 528 445 0 
349 271 529 421 0 
271 370 529 486 0 
316 319 530 450 0 
310 327 531 443 0 
266 354 532 436 0 
361 354 532 458 0 
264 355 533 440 0 
363 355 533 466 0 
318 314 534 453 0 
319 321 535 454 0 
317 277 536 456 0 
336 311 537 447 0 
320 318 538 457 0 
321 324 539 459 0 
357 278 540 448 0 
278 364 540 469 0 
323 320 541 460 0 
324 326 542 461 0 
337 302 543 439 0 
332 315 544 455 0 
286 356 545 446 0 
378 356 545 499 0 
297 344 546 435 0 
325 323 547 462 0 
359 281 548 451 0 
281 367 548 481 0 
277 238 549 402 0 
335 317 550 467 0 
326 335 551 465 0 
331 325 552 468 0 
328 331 553 470 0 
358 307 554 449 0 
355 301 555 440 0 
288 290 556 444 0 
275 361 557 458 0 
365 361 557 474 0 
301 349 558 442 0 
417 349 558 555 0 
302 350 559 483 0 
407 350 559 543 0 
352 295 560 463 0 
295 395 560 527 0 
364 284 561 469 0 
284 366 561 478 0 
327 339 562 472 0 
287 362 563 464 0 
376 362 563 496 0 
291 328 564 438 0 
283 365 565 474 0 
368 365 565 482 0 
350 322 566 476 0 
330 352 567 485 0 
342 332 568 480 0 
279 363 569 466 0 
373 363 569 489 0 
329 347 570 479 0 
366 292 571 478 0 
292 374 571 490 0 
345 252 572 414 0 
252 383 572 506 0 
289 368 573 482 0 
377 368 573 498 0 
367 294 574 481 0 
294 385 574 509 0 
339 346 575 492 0 
381 297 576 503 0 
297 409 576 546 0 
351 336 577 491 0 
374 296 578 490 0 
296 380 578 501 0 
333 369 579 484 0 
356 338 580 493 0 
293 377 581 498 0 
382 377 581 504 0 
348 342 582 511 0 
300 376 583 496 0 
389 376 583 517 0 
372 285 584 488 0 
285 373 584 489 0 
322 372 585 488 0 
421 372 585 566 0 
340 375 586 494 0 
375 334 587 495 0 
380 299 588 501 0 
299 384 588 508 0 
370 330 589 486 0 
330 422 589 567 0 
311 378 590 499 0 
402 378 590 537 0 
298 382 591 504 0 
386 382 591 512 0 
346 353 592 510 0 
369 340 593 502 0 
340 430 593 586 0 
379 337 594 500 0 
384 306 595 508 0 
306 387 595 514 0 
334 371 596 507 0 
431 371 596 587 0 
371 329 597 525 0 
329 424 597 570 0 
347 359 598 513 0 
424 359 598 570 0 
385 310 599 509 0 
310 398 599 531 0 
274 343 600 497 0 
304 386 601 512 0 
390 386 601 518 0 
341 379 602 505 0 
354 348 603 515 0 
307 381 604 503 0 
416 381 604 554 0 
387 309 605 514 0 
309 391 605 519 0 
238 360 606 452 0 
411 360 606 549 0 
308 390 607 518 0 
393 390 607 522 0 
353 357 608 523 0 
391 313 609 519 0 
313 394 609 526 0 
315 389 610 517 0 
408 389 610 544 0 
362 351 611 520 0 
351 426 611 577 0 
312 393 612 522 0 
396 393 612 528 0 
388 288 613 516 0 
288 418 613 556 0 
394 316 614 526 0 
316 397 614 530 0 
361 354 615 532 0 
290 345 616 477 0 
344 388 617 516 0 
314 396 618 528 0 
399 396 618 534 0 
397 319 619 530 0 
319 400 619 535 0 
392 341 620 521 0 
341 435 620 602 0 
343 358 621 473 0 
360 274 622 475 0 
274 434 622 600 0 
401 277 623 536 0 
277 411 623 549 0 
338 392 624 524 0 
428 392 624 580 0 
318 399 625 534 0 
403 399 625 538 0 
398 327 626 531 0 
327 419 626 562 0 
357 364 627 540 0 
400 321 628 535 0 
321 404 628 539 0 
320 403 629 538 0 
405 403 629 541 0 
317 401 630 536 0 
412 401 630 550 0 
404 324 631 539 0 
324 406 631 542 0 
363 355 632 533 0 
323 405 633 541 0 
410 405 633 547 0 
406 326 634 542 0 
326 413 634 551 0 
349 370 635 529 0 
325 410 636 547 0 
414 410 636 552 0 
336 402 637 537 0 
426 402 637 577 0 
359 367 638 548 0 
365 361 639 557 0 
378 356 640 545 0 
356 428 640 580 0 
328 415 641 553 0 
420 415 641 564 0 
331 414 642 552 0 
415 414 642 553 0 
335 412 643 550 0 
413 412 643 551 0 
395 333 644 527 0 
333 427 644 579 0 
332 408 645 544 0 
423 408 645 568 0 
364 366 646 561 0 
376 362 647 563 0 
368 365 648 565 0 
337 407 649 543 0 
433 407 649 594 0 
419 339 650 562 0 
339 425 650 575 0 
358 416 651 554 0 
366 374 652 571 0 
409 344 653 546 0 
344 440 653 617 0 
407 350 654 559 0 
352 395 655 560 0 
355 417 656 555 0 
417 349 657 558 0 
349 444 657 635 0 
373 363 658 569 0 
342 423 659 568 0 
429 423 659 582 0 
377 368 660 573 0 
383 291 661 506 0 
291 420 661 564 0 
367 385 662 574 0 
445 385 662 638 0 
350 421 663 566 0 
452 421 663 654 0 
374 380 664 578 0 
381 409 665 576 0 
370 422 666 589 0 
425 346 667 575 0 
346 432 667 592 0 
382 377 668 581 0 
422 352 669 567 0 
352 453 669 655 0 
372 373 670 584 0 
380 384 671 588 0 
389 376 672 583 0 
376 448 672 647 0 
424 359 673 598 0 
359 445 673 638 0 
348 429 674 582 0 
436 429 674 603 0 
386 382 675 591 0 
402 378 676 590 0 
384 387 677 595 0 
421 372 678 585 0 
375 431 679 587 0 
427 369 680 579 0 
390 386 681 601 0 
430 375 682 586 0 
375 467 682 679 0 
432 353 683 592 0 
353 437 683 608 0 
362 426 684 611 0 
448 426 684 647 0 
387 391 685 605 0 
385 398 686 599 0 
371 424 687 597 0 
358 450 688 651 0 
441 450 688 621 0 
393 390 689 607 0 
369 430 690 593 0 
468 430 690 680 0 
431 371 691 596 0 
371 472 691 687 0 
391 394 692 609 0 
354 436 693 603 0 
438 436 693 615 0 
396 393 694 612 0 
378 428 695 640 0 
464 428 695 676 0 
408 389 696 610 0 
418 290 697 556 0 
290 439 697 616 0 
379 433 698 594 0 
394 397 699 614 0 
435 379 700 602 0 
379 477 700 698 0 
416 381 701 604 0 
437 357 702 608 0 
357 442 702 627 0 
399 396 703 618 0 
397 400 704 619 0 
403 399 705 625 0 
355 454 706 656 0 
443 454 706 632 0 
400 404 707 628 0 
405 403 708 629 0 
361 438 709 615 0 
446 438 709 639 0 
412 401 710 630 0 
404 406 711 631 0 
398 419 712 626 0 
471 419 712 686 0 
410 405 713 633 0 
345 383 714 572 0 
439 383 714 616 0 
406 413 715 634 0 
428 392 716 624 0 
414 410 717 636 0 
413 412 718 643 0 
415 414 719 642 0 
420 415 720 641 0 
401 411 721 623 0 
442 364 722 627 0 
364 447 722 646 0 
392 435 723 620 0 
489 435 723 716 0 
426 402 724 637 0 
402 464 724 676 0 
423 408 725 645 0 
408 476 725 696 0 
365 446 726 639 0 
449 446 726 648 0 
440 388 727 617 0 
447 366 728 646 0 
366 451 728 652 0 
363 443 729 632 0 
455 443 729 658 0 
395 427 730 644 0 
419 425 731 650 0 
368 449 732 648 0 
456 449 732 660 0 
444 370 733 635 0 
370 459 733 666 0 
445 385 734 662 0 
385 471 734 686 0 
411 360 735 606 0 
451 374 736 652 0 
374 457 736 664 0 
429 423 737 659 0 
433 407 738 649 0 
383 420 739 661 0 
450 416 740 651 0 
377 456 741 660 0 
460 456 741 668 0 
389 448 742 672 0 
476 448 742 696 0 
457 380 743 664 0 
380 462 743 671 0 
425 432 744 667 0 
497 432 744 731 0 
409 440 745 653 0 
381 458 746 665 0 
479 458 746 701 0 
388 418 747 613 0 
382 460 748 668 0 
463 460 748 675 0 
373 455 749 658 0 
461 455 749 670 0 
417 444 750 657 0 
454 417 751 656 0 
417 505 751 750 0 
462 384 752 671 0 
384 465 752 677 0 
436 429 753 674 0 
429 499 753 737 0 
434 343 754 600 0 
343 441 754 621 0 
452 421 755 663 0 
424 445 756 673 0 
466 372 757 678 0 
372 461 757 670 0 
453 395 758 655 0 
395 496 758 730 0 
422 453 759 669 0 
386 463 760 675 0 
469 463 760 681 0 
407 452 761 654 0 
500 452 761 738 0 
459 422 762 666 0 
422 508 762 759 0 
458 409 763 665 0 
409 503 763 745 0 
465 387 764 677 0 
387 470 764 685 0 
432 437 765 683 0 
390 469 766 681 0 
473 469 766 689 0 
448 426 767 684 0 
470 391 768 685 0 
391 474 768 692 0 
438 436 769 693 0 
360 434 770 622 0 
498 434 770 735 0 
467 431 771 679 0 
393 473 772 689 0 
475 473 772 694 0 
421 466 773 678 0 
506 466 773 755 0 
427 468 774 680 0 
430 467 775 682 0 
468 467 775 690 0 
474 394 776 692 0 
394 478 776 699 0 
437 442 777 702 0 
509 442 777 765 0 
396 475 778 694 0 
480 475 778 703 0 
478 397 779 699 0 
397 481 779 704 0 
464 428 780 695 0 
472 424 781 687 0 
424 507 781 756 0 
471 419 782 712 0 
419 497 782 731 0 
426 464 783 724 0 
510 464 783 767 0 
399 480 784 703 0 
482 480 784 705 0 
495 388 785 727 0 
388 504 785 747 0 
481 400 786 704 0 
400 483 786 707 0 
446 438 787 709 0 
438 511 787 769 0 
431 472 788 691 0 
512 472 788 771 0 
403 482 789 705 0 
484 482 789 708 0 
485 401 790 710 0 
401 494 790 721 0 
483 404 791 707 0 
404 486 791 711 0 
477 433 792 698 0 
435 477 793 700 0 
489 477 793 723 0 
405 484 794 708 0 
487 484 794 713 0 
443 454 795 706 0 
486 406 796 711 0 
406 488 796 715 0 
412 485 797 710 0 
491 485 797 718 0 
410 487 798 713 0 
490 487 798 717 0 
423 476 799 725 0 
499 476 799 737 0 
442 447 800 722 0 
488 413 801 715 0 
413 491 801 718 0 
414 490 802 717 0 
492 490 802 719 0 
493 415 803 720 0 
415 492 803 719 0 
416 479 804 701 0 
502 479 804 740 0 
449 446 805 726 0 
428 489 806 716 0 
514 489 806 780 0 
439 383 807 714 0 
383 501 807 739 0 
447 451 808 728 0 
517 451 808 800 0 
420 493 809 720 0 
501 493 809 739 0 
494 411 810 721 0 
411 498 810 735 0 
456 449 811 732 0 
449 518 811 805 0 
455 443 812 729 0 
443 516 812 795 0 
451 457 813 736 0 
440 495 814 727 0 
445 471 815 734 0 
444 459 816 733 0 
468 467 817 775 0 
460 456 818 741 0 
441 450 819 688 0 
496 427 820 730 0 
427 513 820 774 0 
457 462 821 743 0 
519 462 821 813 0 
476 448 822 742 0 
418 439 823 697 0 
463 460 824 748 0 
460 524 824 818 0 
436 499 825 753 0 
511 499 825 769 0 
462 465 826 752 0 
461 455 827 749 0 
433 500 828 738 0 
515 500 828 792 0 
469 463 829 760 0 
497 432 830 744 0 
432 509 830 765 0 
450 502 831 740 0 
466 461 832 757 0 
465 470 833 764 0 
528 470 833 826 0 
479 458 834 746 0 
473 469 835 766 0 
469 530 835 829 0 
470 474 836 768 0 
489 477 837 793 0 
503 440 838 745 0 
440 520 838 814 0 
505 444 839 750 0 
444 522 839 816 0 
454 505 840 751 0 
516 505 840 795 0 
475 473 841 772 0 
434 441 842 754 0 
507 445 843 756 0 
445 521 843 815 0 
452 506 844 755 0 
453 496 845 758 0 
474 478 846 776 0 
534 478 846 836 0 
500 452 847 761 0 
452 538 847 844 0 
480 475 848 778 0 
475 536 848 841 0 
509 442 849 777 0 
442 517 849 800 0 
459 508 850 762 0 
478 481 851 779 0 
508 453 852 759 0 
453 539 852 845 0 
482 480 853 784 0 
458 503 854 763 0 
481 483 855 786 0 
541 483 855 851 0 
448 510 856 767 0 
526 510 856 822 0 
446 511 857 787 0 
518 511 857 805 0 
484 482 858 789 0 
482 542 858 853 0 
471 497 859 782 0 
485 494 860 790 0 
483 486 861 791 0 
467 512 862 771 0 
523 512 862 817 0 
487 484 863 794 0 
506 466 864 773 0 
486 488 865 796 0 
546 488 865 861 0 
491 485 866 797 0 
490 487 867 798 0 
487 547 867 863 0 
488 491 868 801 0 
493 492 869 803 0 
492 490 870 802 0 
551 490 870 869 0 
513 468 871 774 0 
499 476 872 799 0 
472 507 873 781 0 
510 464 874 783 0 
464 514 875 780 0 
555 514 875 874 0 
512 472 876 788 0 
472 554 876 873 0 
517 451 877 808 0 
451 519 877 813 0 
450 531 878 831 0 
525 531 878 819 0 
477 515 879 792 0 
502 479 880 804 0 
456 518 881 811 0 
524 518 881 818 0 
494 498 882 810 0 
501 493 883 809 0 
493 551 883 869 0 
514 489 884 806 0 
489 535 884 837 0 
455 516 885 812 0 
529 516 885 827 0 
504 418 886 747 0 
418 527 886 823 0 
516 505 887 840 0 
497 509 888 830 0 
468 523 889 817 0 
552 523 889 871 0 
519 462 890 821 0 
462 528 890 826 0 
498 434 891 770 0 
434 537 891 842 0 
521 471 892 815 0 
471 544 892 859 0 
463 524 893 824 0 
530 524 893 829 0 
439 501 894 807 0 
527 501 894 823 0 
511 499 895 825 0 
520 495 896 814 0 
522 459 897 816 0 
459 540 897 850 0 
458 543 898 854 0 
533 543 898 834 0 
496 513 899 820 0 
476 526 900 822 0 
553 526 900 872 0 
528 470 901 833 0 
470 534 901 836 0 
535 477 902 837 0 
477 556 902 879 0 
473 530 903 835 0 
536 530 903 841 0 
461 529 904 827 0 
532 529 904 832 0 
515 500 905 828 0 
531 502 906 831 0 
548 466 907 864 0 
466 532 907 832 0 
495 504 908 785 0 
534 478 909 846 0 
478 541 909 851 0 
509 517 910 849 0 
480 536 911 848 0 
542 536 911 853 0 
479 533 912 834 0 
557 533 912 880 0 
507 521 913 843 0 
541 483 914 855 0 
483 546 914 861 0 
518 511 915 857 0 
503 520 916 838 0 
505 522 917 839 0 
484 542 918 858 0 
547 542 918 863 0 
485 545 919 860 0 
549 545 919 866 0 
523 512 920 862 0 
546 488 921 865 0 
488 550 921 868 0 
490 547 922 867 0 
491 549 923 866 0 
550 549 923 868 0 
526 510 924 856 0 
539 496 925 845 0 
496 563 925 899 0 
551 490 926 870 0 
490 573 926 922 0 
538 506 927 844 0 
562 495 928 896 0 
495 566 928 908 0 
500 538 929 847 0 
564 538 929 905 0 
544 497 930 859 0 
497 560 930 888 0 
540 508 931 850 0 
508 539 932 852 0 
576 539 932 931 0 
545 494 933 860 0 
494 558 933 882 0 
543 503 934 854 0 
503 570 934 916 0 
506 548 935 864 0 
575 548 935 927 0 
517 519 936 877 0 
513 552 937 871 0 
499 553 938 872 0 
561 553 938 895 0 
514 535 939 884 0 
441 525 940 819 0 
537 525 940 842 0 
554 507 941 873 0 
507 568 941 913 0 
524 518 942 881 0 
501 551 943 883 0 
512 554 944 876 0 
572 554 944 920 0 
510 555 945 874 0 
574 555 945 924 0 
555 514 946 875 0 
514 579 946 939 0 
556 515 947 879 0 
519 528 948 890 0 
529 516 949 885 0 
558 498 950 882 0 
498 537 950 891 0 
502 557 951 880 0 
565 557 951 906 0 
530 524 952 893 0 
533 543 953 898 0 
559 505 954 887 0 
505 571 954 917 0 
516 559 955 887 0 
552 523 956 889 0 
560 509 957 888 0 
509 567 957 910 0 
521 544 958 892 0 
527 501 959 894 0 
501 581 959 943 0 
522 540 960 897 0 
528 534 961 901 0 
511 561 962 895 0 
569 561 962 915 0 
536 530 963 903 0 
553 526 964 900 0 
520 562 965 896 0 
532 529 966 904 0 
534 541 967 909 0 
548 532 968 907 0 
535 556 969 902 0 
563 513 970 899 0 
513 578 970 937 0 
542 536 971 911 0 
541 546 972 914 0 
525 531 973 878 0 
547 542 974 918 0 
549 545 975 919 0 
567 517 976 910 0 
517 577 976 936 0 
546 550 977 921 0 
531 565 978 906 0 
515 564 979 905 0 
582 564 979 947 0 
550 549 980 923 0 
549 603 980 975 0 
504 527 981 886 0 
557 533 982 912 0 
533 586 982 953 0 
518 569 983 915 0 
580 569 983 942 0 
568 521 984 913 0 
521 589 984 958 0 
544 560 985 930 0 
523 572 986 920 0 
588 572 986 956 0 
570 520 987 916 0 
520 594 987 965 0 
526 574 988 924 0 
593 574 988 964 0 
539 563 989 925 0 
545 558 990 933 0 
603 558 990 975 0 
573 547 991 922 0 
571 522 992 917 0 
522 590 992 960 0 
551 573 993 926 0 
564 538 994 929 0 
577 519 995 936 0 
519 583 995 948 0 
561 553 996 938 0 
538 575 997 927 0 
611 575 997 994 0 
540 576 998 931 0 
575 548 999 935 0 
524 580 1000 942 0 
585 580 1000 952 0 
576 539 1001 932 0 
539 608 1001 989 0 
543 570 1002 934 0 
586 570 1002 953 0 
554 568 1003 941 0 
578 552 1004 937 0 
552 588 1004 956 0 
516 587 1005 955 0 
584 587 1005 949 0 
572 554 1006 944 0 
554 615 1006 1003 0 
579 535 1007 939 0 
535 598 1007 969 0 
574 555 1008 945 0 
583 528 1009 948 0 
528 591 1009 961 0 
555 579 1010 946 0 
616 579 1010 1008 0 
530 585 1011 952 0 
592 585 1011 963 0 
581 551 1012 943 0 
551 610 1012 993 0 
556 582 1013 947 0 
598 582 1013 969 0 
560 567 1014 957 0 
565 557 1015 951 0 
566 504 1016 908 0 
504 606 1016 981 0 
531 605 1017 978 0 
601 605 1017 973 0 
558 537 1018 950 0 
537 525 1019 940 0 
529 584 1020 949 0 
595 584 1020 966 0 
591 534 1021 961 0 
534 596 1021 967 0 
569 561 1022 962 0 
587 559 1023 955 0 
589 544 1024 958 0 
544 607 1024 985 0 
536 592 1025 963 0 
599 592 1025 971 0 
559 571 1026 954 0 
622 571 1026 1023 0 
590 540 1027 960 0 
540 613 1027 998 0 
596 541 1028 967 0 
541 600 1028 972 0 
553 593 1029 964 0 
612 593 1029 996 0 
542 599 1030 971 0 
602 599 1030 974 0 
527 581 1031 959 0 
606 581 1031 981 0 
562 566 1032 928 0 
532 595 1033 966 0 
597 595 1033 968 0 
548 597 1034 968 0 
614 597 1034 999 0 
600 546 1035 972 0 
546 604 1035 977 0 
563 578 1036 970 0 
547 602 1037 974 0 
609 602 1037 991 0 
567 577 1038 976 0 
594 562 1039 965 0 
557 586 1040 982 0 
618 586 1040 1015 0 
550 603 1041 980 0 
604 603 1041 977 0 
578 588 1042 1004 0 
580 569 1043 983 0 
586 570 1044 1002 0 
605 565 1045 978 0 
582 564 1046 979 0 
568 589 1047 984 0 
588 572 1048 986 0 
603 558 1049 990 0 
558 619 1049 1018 0 
598 582 1050 1013 0 
577 583 1051 995 0 
607 560 1052 985 0 
560 617 1052 1014 0 
593 574 1053 988 0 
585 580 1054 1000 0 
610 573 1055 993 0 
573 609 1055 991 0 
571 590 1056 992 0 
626 562 1057 1039 0 
562 623 1057 1032 0 
570 594 1058 987 0 
629 594 1058 1044 0 
561 612 1059 996 0 
621 612 1059 1022 0 
608 563 1060 989 0 
563 624 1060 1036 0 
579 598 1061 1007 0 
613 576 1062 998 0 
575 614 1063 999 0 
564 611 1064 994 0 
631 611 1064 1046 0 
583 591 1065 1009 0 
611 575 1066 997 0 
575 641 1066 1063 0 
615 568 1067 1003 0 
568 632 1067 1047 0 
576 608 1068 1001 0 
640 608 1068 1062 0 
584 587 1069 1005 0 
592 585 1070 1011 0 
572 615 1071 1006 0 
633 615 1071 1048 0 
574 616 1072 1008 0 
636 616 1072 1053 0 
525 601 1073 973 0 
620 601 1073 1019 0 
581 610 1074 1012 0 
591 596 1075 1021 0 
616 579 1076 1010 0 
579 639 1076 1061 0 
617 567 1077 1014 0 
567 625 1077 1038 0 
599 592 1078 1025 0 
595 584 1079 1020 0 
584 643 1079 1069 0 
589 607 1080 1024 0 
565 618 1081 1015 0 
630 618 1081 1045 0 
569 621 1082 1022 0 
628 621 1082 1043 0 
596 600 1083 1028 0 
602 599 1084 1030 0 
619 537 1085 1018 0 
537 620 1085 1019 0 
590 613 1086 1027 0 
587 622 1087 1023 0 
643 622 1087 1069 0 
600 604 1088 1035 0 
612 593 1089 1029 0 
597 595 1090 1033 0 
604 603 1091 1041 0 
622 571 1092 1026 0 
571 638 1092 1056 0 
614 597 1093 1034 0 
606 581 1094 1031 0 
581 645 1094 1074 0 
609 602 1095 1037 0 
625 577 1096 1038 0 
577 635 1096 1051 0 
578 627 1097 1042 0 
624 627 1097 1036 0 
580 628 1098 1043 0 
637 628 1098 1054 0 
610 609 1099 1055 0 
618 586 1100 1040 0 
594 626 1101 1039 0 
627 588 1102 1042 0 
588 633 1102 1048 0 
586 629 1103 1044 0 
632 589 1104 1047 0 
589 648 1104 1080 0 
566 606 1105 1016 0 
623 606 1105 1032 0 
605 630 1106 1045 0 
601 605 1107 1017 0 
607 617 1108 1052 0 
582 631 1109 1046 0 
634 631 1109 1050 0 
603 619 1110 1049 0 
635 583 1111 1051 0 
583 642 1111 1065 0 
585 637 1112 1054 0 
644 637 1112 1070 0 
593 636 1113 1053 0 
653 636 1113 1089 0 
621 612 1114 1059 0 
598 634 1115 1050 0 
629 594 1116 1058 0 
594 660 1116 1101 0 
642 591 1117 1065 0 
591 646 1117 1075 0 
639 598 1118 1061 0 
598 667 1118 1115 0 
608 624 1119 1060 0 
615 632 1120 1067 0 
641 614 1121 1063 0 
638 590 1122 1056 0 
590 651 1122 1086 0 
592 644 1123 1070 0 
647 644 1123 1078 0 
613 640 1124 1062 0 
633 615 1125 1071 0 
615 669 1125 1120 0 
631 611 1126 1064 0 
636 616 1127 1072 0 
611 641 1128 1066 0 
672 641 1128 1126 0 
617 625 1129 1077 0 
646 596 1130 1075 0 
596 649 1130 1083 0 
640 608 1131 1068 0 
608 668 1131 1119 0 
599 647 1132 1078 0 
650 647 1132 1084 0 
616 639 1133 1076 0 
673 639 1133 1127 0 
628 621 1134 1082 0 
595 643 1135 1079 0 
654 643 1135 1090 0 
586 661 1136 1103 0 
659 661 1136 1100 0 
649 600 1137 1083 0 
600 652 1137 1088 0 
643 622 1138 1087 0 
602 650 1139 1084 0 
657 650 1139 1095 0 
648 607 1140 1080 0 
607 664 1140 1108 0 
645 610 1141 1074 0 
610 658 1141 1099 0 
630 618 1142 1081 0 
652 604 1143 1088 0 
604 655 1143 1091 0 
655 603 1144 1091 0 
603 665 1144 1110 0 
619 620 1145 1085 0 
624 627 1146 1097 0 
627 633 1147 1102 0 
626 623 1148 1057 0 
605 662 1149 1106 0 
663 662 1149 1107 0 
612 653 1150 1089 0 
666 653 1150 1114 0 
597 654 1151 1090 0 
656 654 1151 1093 0 
651 613 1152 1086 0 
613 671 1152 1124 0 
625 635 1153 1096 0 
614 656 1154 1093 0 
670 656 1154 1121 0 
609 657 1155 1095 0 
658 657 1155 1099 0 
622 638 1156 1092 0 
637 628 1157 1098 0 
606 645 1158 1094 0 
634 631 1159 1109 0 
620 601 1160 1073 0 
623 606 1161 1105 0 
606 685 1161 1158 0 
635 642 1162 1111 0 
632 648 1163 1104 0 
660 626 1164 1101 0 
644 637 1165 1112 0 
664 617 1166 1108 0 
617 674 1166 1129 0 
662 630 1167 1106 0 
618 659 1168 1100 0 
677 659 1168 1142 0 
661 629 1169 1103 0 
653 636 1170 1113 0 
621 666 1171 1114 0 
675 666 1171 1134 0 
642 646 1172 1117 0 
665 619 1173 1110 0 
619 678 1173 1145 0 
667 634 1174 1115 0 
647 644 1175 1123 0 
646 649 1176 1130 0 
639 667 1177 1118 0 
629 660 1178 1116 0 
693 660 1178 1169 0 
638 651 1179 1122 0 
669 632 1180 1120 0 
632 689 1180 1163 0 
676 622 1181 1138 0 
622 683 1181 1156 0 
633 669 1182 1125 0 
650 647 1183 1132 0 
690 626 1184 1164 0 
626 681 1184 1148 0 
668 624 1185 1119 0 
624 679 1185 1146 0 
645 658 1186 1141 0 
671 640 1187 1124 0 
641 670 1188 1121 0 
649 652 1189 1137 0 
674 625 1190 1129 0 
625 682 1190 1153 0 
631 672 1191 1126 0 
686 672 1191 1159 0 
636 673 1192 1127 0 
694 673 1192 1170 0 
654 643 1193 1135 0 
652 655 1194 1143 0 
657 650 1195 1139 0 
650 702 1195 1183 0 
628 675 1196 1134 0 
684 675 1196 1157 0 
640 668 1197 1131 0 
704 668 1197 1187 0 
672 641 1198 1128 0 
641 705 1198 1188 0 
673 639 1199 1133 0 
639 699 1199 1177 0 
648 664 1200 1140 0 
627 680 1201 1147 0 
655 665 1202 1144 0 
680 633 1203 1147 0 
633 701 1203 1182 0 
658 657 1204 1155 0 
659 661 1205 1136 0 
601 663 1206 1107 0 
687 663 1206 1160 0 
656 654 1207 1151 0 
679 627 1208 1146 0 
627 710 1208 1201 0 
666 653 1209 1150 0 
670 656 1210 1154 0 
656 714 1210 1207 0 
630 677 1211 1142 0 
692 677 1211 1167 0 
678 620 1212 1145 0 
620 687 1212 1160 0 
682 635 1213 1153 0 
635 688 1213 1162 0 
651 671 1214 1152 0 
643 676 1215 1138 0 
637 684 1216 1157 0 
691 684 1216 1165 0 
683 638 1217 1156 0 
638 700 1217 1179 0 
634 686 1218 1159 0 
696 686 1218 1174 0 
688 642 1219 1162 0 
642 695 1219 1172 0 
664 674 1220 1166 0 
685 645 1221 1158 0 
645 703 1221 1186 0 
689 648 1222 1163 0 
648 709 1222 1200 0 
644 691 1223 1165 0 
697 691 1223 1175 0 
675 666 1224 1171 0 
660 690 1225 1164 0 
677 659 1226 1168 0 
659 713 1226 1205 0 
653 694 1227 1170 0 
715 694 1227 1209 0 
695 646 1228 1172 0 
646 698 1228 1176 0 
662 692 1229 1167 0 
647 697 1230 1175 0 
702 697 1230 1183 0 
661 693 1231 1169 0 
713 693 1231 1205 0 
663 662 1232 1149 0 
665 678 1233 1173 0 
667 696 1234 1174 0 
699 696 1234 1177 0 
681 623 1235 1148 0 
623 685 1235 1161 0 
698 649 1236 1176 0 
649 706 1236 1189 0 
668 679 1237 1185 0 
669 689 1238 1180 0 
674 682 1239 1190 0 
706 652 1240 1189 0 
652 708 1240 1194 0 
657 702 1241 1195 0 
712 702 1241 1204 0 
707 643 1242 1193 0 
643 717 1242 1215 0 
693 660 1243 1178 0 
660 720 1243 1225 0 
676 683 1244 1181 0 
708 655 1245 1194 0 
655 711 1245 1202 0 
703 658 1246 1186 0 
658 712 1246 1204 0 
684 675 1247 1196 0 
701 669 1248 1182 0 
669 725 1248 1238 0 
671 704 1249 1187 0 
700 651 1250 1179 0 
651 716 1250 1214 0 
694 673 1251 1192 0 
705 670 1252 1188 0 
686 672 1253 1191 0 
673 699 1254 1199 0 
730 699 1254 1251 0 
710 680 1255 1201 0 
709 664 1256 1200 0 
664 718 1256 1220 0 
654 707 1257 1193 0 
714 707 1257 1207 0 
704 668 1258 1197 0 
668 724 1258 1237 0 
690 681 1259 1184 0 
672 705 1260 1198 0 
732 705 1260 1253 0 
682 688 1261 1213 0 
666 715 1262 1209 0 
719 715 1262 1224 0 
680 701 1263 1203 0 
733 701 1263 1255 0 
691 684 1264 1216 0 
670 714 1265 1210 0 
731 714 1265 1252 0 
711 665 1266 1202 0 
665 723 1266 1233 0 
678 687 1267 1212 0 
692 677 1268 1211 0 
679 710 1269 1208 0 
716 671 1270 1214 0 
671 729 1270 1249 0 
713 693 1271 1231 0 
699 696 1272 1234 0 
688 695 1273 1219 0 
662 721 1274 1229 0 
722 721 1274 1232 0 
696 686 1275 1218 0 
697 691 1276 1223 0 
717 676 1277 1215 0 
683 700 1278 1217 0 
689 709 1279 1222 0 
718 674 1280 1220 0 
674 726 1280 1239 0 
685 703 1281 1221 0 
695 698 1282 1228 0 
677 713 1283 1226 0 
738 713 1283 1268 0 
687 663 1284 1206 0 
663 722 1284 1232 0 
702 697 1285 1230 0 
675 719 1286 1224 0 
728 719 1286 1247 0 
715 694 1287 1227 0 
698 706 1288 1236 0 
703 712 1289 1246 0 
721 692 1290 1229 0 
720 690 1291 1225 0 
706 708 1292 1240 0 
676 727 1293 1244 0 
745 727 1293 1277 0 
712 702 1294 1241 0 
708 711 1295 1245 0 
681 685 1296 1235 0 
723 678 1297 1233 0 
678 737 1297 1267 0 
725 689 1298 1238 0 
689 747 1298 1279 0 
726 682 1299 1239 0 
682 735 1299 1261 0 
684 728 1300 1247 0 
736 728 1300 1264 0 
724 679 1301 1237 0 
679 739 1301 1269 0 
701 725 1302 1248 0 
700 716 1303 1250 0 
694 730 1304 1251 0 
751 730 1304 1287 0 
730 699 1305 1254 0 
699 741 1305 1272 0 
707 717 1306 1242 0 
693 720 1307 1243 0 
729 704 1308 1249 0 
709 718 1309 1256 0 
714 707 1310 1257 0 
707 762 1310 1306 0 
727 683 1311 1244 0 
683 746 1311 1278 0 
705 731 1312 1252 0 
710 733 1313 1255 0 
739 733 1313 1269 0 
755 690 1314 1291 0 
690 734 1314 1259 0 
686 732 1315 1253 0 
743 732 1315 1275 0 
719 715 1316 1262 0 
735 688 1317 1261 0 
688 742 1317 1273 0 
733 701 1318 1263 0 
701 760 1318 1302 0 
731 714 1319 1265 0 
691 736 1320 1264 0 
744 736 1320 1276 0 
704 724 1321 1258 0 
764 724 1321 1308 0 
732 705 1322 1260 0 
705 766 1322 1312 0 
711 723 1323 1266 0 
741 696 1324 1272 0 
696 743 1324 1275 0 
737 687 1325 1267 0 
687 722 1325 1284 0 
716 729 1326 1270 0 
692 738 1327 1268 0 
754 738 1327 1290 0 
742 695 1328 1273 0 
695 749 1328 1282 0 
685 748 1329 1281 0 
759 748 1329 1296 0 
697 744 1330 1276 0 
750 744 1330 1285 0 
740 693 1331 1271 0 
693 763 1331 1307 0 
713 740 1332 1271 0 
718 726 1333 1280 0 
747 709 1334 1279 0 
709 765 1334 1309 0 
749 698 1335 1282 0 
698 752 1335 1288 0 
728 719 1336 1286 0 
702 750 1337 1285 0 
757 750 1337 1294 0 
717 745 1338 1277 0 
762 745 1338 1306 0 
746 700 1339 1278 0 
700 761 1339 1303 0 
738 713 1340 1283 0 
713 771 1340 1332 0 
715 751 1341 1287 0 
767 751 1341 1316 0 
752 706 1342 1288 0 
706 756 1342 1292 0 
748 703 1343 1281 0 
703 753 1343 1289 0 
745 727 1344 1293 0 
756 708 1345 1292 0 
708 758 1345 1295 0 
753 712 1346 1289 0 
712 757 1346 1294 0 
734 681 1347 1259 0 
681 759 1347 1296 0 
726 735 1348 1299 0 
772 735 1348 1333 0 
758 711 1349 1295 0 
711 769 1349 1323 0 
721 754 1350 1290 0 
720 755 1351 1291 0 
725 747 1352 1298 0 
723 737 1353 1297 0 
769 737 1353 1323 0 
736 728 1354 1300 0 
728 773 1354 1336 0 
730 741 1355 1305 0 
739 733 1356 1313 0 
722 721 1357 1274 0 
741 743 1358 1324 0 
724 739 1359 1301 0 
751 730 1360 1304 0 
730 778 1360 1355 0 
760 725 1361 1302 0 
725 777 1361 1352 0 
765 718 1362 1309 0 
718 772 1362 1333 0 
735 742 1363 1317 0 
761 716 1364 1303 0 
716 770 1364 1326 0 
714 762 1365 1310 0 
768 762 1365 1319 0 
729 764 1366 1308 0 
743 732 1367 1315 0 
727 746 1368 1311 0 
774 746 1368 1344 0 
744 736 1369 1320 0 
719 767 1370 1316 0 
773 767 1370 1336 0 
755 734 1371 1314 0 
733 760 1372 1318 0 
766 731 1373 1312 0 
763 720 1374 1307 0 
720 776 1374 1351 0 
731 768 1375 1319 0 
789 768 1375 1373 0 
742 749 1376 1328 0 
783 749 1376 1363 0 
764 724 1377 1321 0 
724 782 1377 1359 0 
750 744 1378 1330 0 
744 786 1378 1369 0 
737 722 1379 1325 0 
732 766 1380 1322 0 
785 766 1380 1367 0 
754 738 1381 1327 0 
770 729 1382 1326 0 
729 784 1382 1366 0 
749 752 1383 1335 0 
747 765 1384 1334 0 
757 750 1385 1337 0 
762 745 1386 1338 0 
759 748 1387 1329 0 
748 753 1388 1343 0 
752 756 1389 1342 0 
792 756 1389 1383 0 
753 757 1390 1346 0 
721 775 1391 1350 0 
780 775 1391 1357 0 
740 763 1392 1331 0 
772 735 1393 1348 0 
735 783 1393 1363 0 
771 740 1394 1332 0 
767 751 1395 1341 0 
756 758 1396 1345 0 
769 737 1397 1353 0 
746 761 1398 1339 0 
745 774 1399 1344 0 
795 774 1399 1386 0 
736 773 1400 1354 0 
786 773 1400 1369 0 
738 771 1401 1340 0 
791 771 1401 1381 0 
779 733 1402 1356 0 
733 788 1402 1372 0 
777 747 1403 1352 0 
747 793 1403 1384 0 
758 769 1404 1349 0 
802 769 1404 1396 0 
775 754 1405 1350 0 
741 781 1406 1358 0 
734 759 1407 1347 0 
778 741 1408 1355 0 
741 806 1408 1406 0 
776 755 1409 1351 0 
760 777 1410 1361 0 
788 777 1410 1372 0 
765 772 1411 1362 0 
793 772 1411 1384 0 
751 778 1412 1360 0 
801 778 1412 1395 0 
739 779 1413 1356 0 
782 779 1413 1359 0 
774 746 1414 1368 0 
746 804 1414 1398 0 
768 762 1415 1365 0 
761 770 1416 1364 0 
773 767 1417 1370 0 
767 801 1417 1395 0 
781 743 1418 1358 0 
743 785 1418 1367 0 
783 749 1419 1376 0 
749 792 1419 1383 0 
784 764 1420 1366 0 
750 786 1421 1378 0 
794 786 1421 1385 0 
737 790 1422 1379 0 
803 790 1422 1397 0 
789 768 1423 1375 0 
755 787 1424 1371 0 
808 787 1424 1409 0 
766 789 1425 1373 0 
800 740 1426 1394 0 
740 799 1426 1392 0 
763 776 1427 1374 0 
764 782 1428 1377 0 
811 782 1428 1420 0 
790 722 1429 1379 0 
722 780 1429 1357 0 
792 756 1430 1389 0 
756 802 1430 1396 0 
770 784 1431 1382 0 
753 798 1432 1390 0 
797 798 1432 1388 0 
785 766 1433 1380 0 
766 813 1433 1425 0 
796 748 1434 1387 0 
748 797 1434 1388 0 
757 794 1435 1385 0 
798 794 1435 1390 0 
754 791 1436 1381 0 
805 791 1436 1405 0 
772 783 1437 1393 0 
759 796 1438 1387 0 
807 796 1438 1407 0 
786 773 1439 1400 0 
788 777 1440 1410 0 
793 772 1441 1411 0 
772 816 1441 1437 0 
779 788 1442 1402 0 
802 769 1443 1404 0 
762 795 1444 1386 0 
809 795 1444 1415 0 
771 800 1445 1394 0 
799 763 1446 1392 0 
763 814 1446 1427 0 
804 761 1447 1398 0 
761 810 1447 1416 0 
795 774 1448 1399 0 
787 734 1449 1371 0 
734 807 1449 1407 0 
777 793 1450 1403 0 
818 793 1450 1440 0 
773 801 1451 1417 0 
817 801 1451 1439 0 
769 803 1452 1397 0 
820 803 1452 1443 0 
782 779 1453 1413 0 
791 771 1454 1401 0 
771 821 1454 1445 0 
781 785 1455 1418 0 
806 781 1456 1406 0 
775 805 1457 1405 0 
801 778 1458 1412 0 
778 806 1459 1408 0 
827 806 1459 1458 0 
776 808 1460 1409 0 
783 792 1461 1419 0 
780 775 1462 1391 0 
774 804 1463 1414 0 
794 786 1464 1421 0 
768 809 1465 1415 0 
812 809 1465 1423 0 
810 770 1466 1416 0 
770 815 1466 1431 0 
808 787 1467 1424 0 
784 811 1468 1420 0 
792 802 1469 1430 0 
789 812 1470 1423 0 
798 794 1471 1435 0 
790 780 1472 1429 0 
797 798 1473 1432 0 
803 790 1474 1422 0 
790 838 1474 1472 0 
800 799 1475 1426 0 
813 789 1476 1425 0 
789 836 1476 1470 0 
811 782 1477 1428 0 
796 797 1478 1434 0 
814 776 1479 1427 0 
776 828 1479 1460 0 
822 774 1480 1448 0 
774 831 1480 1463 0 
815 784 1481 1431 0 
784 834 1481 1468 0 
805 791 1482 1436 0 
785 813 1483 1433 0 
816 783 1484 1437 0 
783 829 1484 1461 0 
807 796 1485 1438 0 
796 842 1485 1478 0 
819 788 1486 1442 0 
788 818 1486 1440 0 
786 817 1487 1439 0 
832 817 1487 1464 0 
809 795 1488 1444 0 
775 826 1489 1457 0 
830 826 1489 1462 0 
793 816 1490 1441 0 
779 819 1491 1442 0 
823 819 1491 1453 0 
804 810 1492 1447 0 
825 781 1493 1456 0 
781 824 1493 1455 0 
818 793 1494 1450 0 
793 846 1494 1490 0 
799 814 1495 1446 0 
840 814 1495 1475 0 
821 800 1496 1445 0 
800 840 1496 1475 0 
817 801 1497 1451 0 
782 823 1498 1453 0 
841 823 1498 1477 0 
802 820 1499 1443 0 
787 807 1500 1449 0 
791 821 1501 1454 0 
843 821 1501 1482 0 
795 822 1502 1448 0 
845 822 1502 1488 0 
820 803 1503 1452 0 
824 785 1504 1455 0 
785 844 1504 1483 0 
826 805 1505 1457 0 
801 827 1506 1458 0 
848 827 1506 1497 0 
806 825 1507 1456 0 
827 825 1507 1459 0 
829 792 1508 1461 0 
792 835 1508 1469 0 
812 809 1509 1465 0 
794 832 1510 1464 0 
837 832 1510 1471 0 
828 808 1511 1460 0 
810 815 1512 1466 0 
798 837 1513 1471 0 
839 837 1513 1473 0 
831 804 1514 1463 0 
804 847 1514 1492 0 
835 802 1515 1469 0 
802 849 1515 1499 0 
834 811 1516 1468 0 
819 818 1517 1486 0 
836 812 1518 1470 0 
808 833 1519 1467 0 
854 833 1519 1511 0 
838 780 1520 1472 0 
780 830 1520 1462 0 
803 838 1521 1474 0 
851 838 1521 1503 0 
797 839 1522 1473 0 
842 839 1522 1478 0 
821 840 1523 1496 0 
813 836 1524 1476 0 
814 828 1525 1479 0 
815 834 1526 1481 0 
816 829 1527 1484 0 
807 842 1528 1485 0 
850 842 1528 1500 0 
822 831 1529 1480 0 
832 817 1530 1487 0 
805 843 1531 1482 0 
852 843 1531 1505 0 
811 841 1532 1477 0 
856 841 1532 1516 0 
827 825 1533 1507 0 
823 819 1534 1491 0 
840 814 1535 1495 0 
814 861 1535 1525 0 
844 813 1536 1483 0 
813 860 1536 1524 0 
825 824 1537 1493 0 
809 845 1538 1488 0 
853 845 1538 1509 0 
833 787 1539 1467 0 
787 850 1539 1500 0 
846 816 1540 1490 0 
816 863 1540 1527 0 
847 810 1541 1492 0 
810 855 1541 1512 0 
818 846 1542 1494 0 
817 848 1543 1497 0 
865 848 1543 1530 0 
829 835 1544 1508 0 
849 820 1545 1499 0 
843 821 1546 1501 0 
837 832 1547 1510 0 
841 823 1548 1498 0 
823 867 1548 1534 0 
839 837 1549 1513 0 
845 822 1550 1502 0 
826 852 1551 1505 0 
824 844 1552 1504 0 
868 844 1552 1537 0 
820 851 1553 1503 0 
871 851 1553 1545 0 
848 827 1554 1506 0 
812 853 1555 1509 0 
858 853 1555 1518 0 
830 826 1556 1489 0 
819 857 1557 1517 0 
867 857 1557 1534 0 
828 854 1558 1511 0 
855 815 1559 1512 0 
815 862 1559 1526 0 
835 849 1560 1515 0 
857 818 1561 1517 0 
818 869 1561 1542 0 
838 830 1562 1520 0 
830 878 1562 1556 0 
854 833 1563 1519 0 
831 847 1564 1514 0 
842 839 1565 1522 0 
836 858 1566 1518 0 
834 856 1567 1516 0 
822 864 1568 1529 0 
875 864 1568 1550 0 
851 838 1569 1521 0 
821 859 1570 1523 0 
872 859 1570 1546 0 
859 840 1571 1523 0 
863 829 1572 1527 0 
829 870 1572 1544 0 
866 825 1573 1533 0 
825 868 1573 1537 0 
850 842 1574 1528 0 
862 834 1575 1526 0 
834 885 1575 1567 0 
860 836 1576 1524 0 
836 884 1576 1566 0 
861 828 1577 1525 0 
828 879 1577 1558 0 
832 865 1578 1530 0 
873 865 1578 1547 0 
852 843 1579 1531 0 
856 841 1580 1532 0 
864 831 1581 1529 0 
831 882 1581 1564 0 
877 827 1582 1554 0 
827 866 1582 1533 0 
840 861 1583 1535 0 
887 861 1583 1571 0 
853 845 1584 1538 0 
833 850 1585 1539 0 
881 850 1585 1563 0 
844 860 1586 1536 0 
826 876 1587 1551 0 
878 876 1587 1556 0 
846 863 1588 1540 0 
847 855 1589 1541 0 
841 867 1590 1548 0 
890 867 1590 1580 0 
870 835 1591 1544 0 
835 880 1591 1560 0 
865 848 1592 1543 0 
837 873 1593 1547 0 
874 873 1593 1549 0 
869 846 1594 1542 0 
846 893 1594 1588 0 
868 844 1595 1552 0 
844 892 1595 1586 0 
849 871 1596 1545 0 
839 874 1597 1549 0 
883 874 1597 1565 0 
876 852 1598 1551 0 
843 872 1599 1546 0 
889 872 1599 1579 0 
848 877 1600 1554 0 
895 877 1600 1592 0 
858 853 1601 1555 0 
867 857 1602 1557 0 
871 851 1603 1553 0 
851 886 1603 1569 0 
866 868 1604 1573 0 
845 875 1605 1550 0 
891 875 1605 1584 0 
855 862 1606 1559 0 
880 849 1607 1560 0 
849 896 1607 1596 0 
838 878 1608 1562 0 
886 878 1608 1569 0 
842 883 1609 1565 0 
888 883 1609 1574 0 
879 854 1610 1558 0 
857 869 1611 1561 0 
875 864 1612 1568 0 
884 858 1613 1566 0 
882 847 1614 1564 0 
847 894 1614 1589 0 
854 881 1615 1563 0 
902 881 1615 1610 0 
885 856 1616 1567 0 
863 870 1617 1572 0 
873 865 1618 1578 0 
877 866 1619 1582 0 
872 859 1620 1570 0 
862 885 1621 1575 0 
859 887 1622 1571 0 
910 887 1622 1620 0 
850 888 1623 1574 0 
881 888 1623 1585 0 
860 884 1624 1576 0 
861 879 1625 1577 0 
852 889 1626 1579 0 
897 889 1626 1598 0 
874 873 1627 1593 0 
864 882 1628 1581 0 
856 890 1629 1580 0 
906 890 1629 1616 0 
870 880 1630 1591 0 
887 861 1631 1583 0 
861 913 1631 1625 0 
893 863 1632 1588 0 
863 907 1632 1617 0 
853 891 1633 1584 0 
898 891 1633 1601 0 
894 855 1634 1589 0 
855 901 1634 1606 0 
892 860 1635 1586 0 
860 912 1635 1624 0 
899 857 1636 1602 0 
857 903 1636 1611 0 
871 886 1637 1603 0 
865 895 1638 1592 0 
908 895 1638 1618 0 
869 893 1639 1594 0 
890 867 1640 1590 0 
883 874 1641 1597 0 
868 892 1642 1595 0 
889 872 1643 1599 0 
895 877 1644 1600 0 
877 909 1644 1619 0 
896 871 1645 1596 0 
871 917 1645 1637 0 
876 897 1646 1598 0 
858 898 1647 1601 0 
905 898 1647 1613 0 
866 900 1648 1604 0 
909 900 1648 1619 0 
904 864 1649 1612 0 
864 915 1649 1628 0 
880 896 1650 1607 0 
916 896 1650 1630 0 
891 875 1651 1605 0 
886 878 1652 1608 0 
878 876 1653 1587 0 
925 876 1653 1652 0 
903 869 1654 1611 0 
869 918 1654 1639 0 
901 862 1655 1606 0 
862 911 1655 1621 0 
867 899 1656 1602 0 
919 899 1656 1640 0 
888 883 1657 1609 0 
900 868 1658 1604 0 
868 921 1658 1642 0 
902 881 1659 1615 0 
879 902 1660 1610 0 
882 894 1661 1614 0 
915 894 1661 1628 0 
884 905 1662 1613 0 
875 904 1663 1612 0 
924 904 1663 1651 0 
907 870 1664 1617 0 
870 916 1664 1630 0 
910 887 1665 1622 0 
885 906 1666 1616 0 
873 908 1667 1618 0 
914 908 1667 1627 0 
881 888 1668 1623 0 
872 910 1669 1620 0 
922 910 1669 1643 0 
911 885 1670 1621 0 
885 931 1670 1666 0 
874 914 1671 1627 0 
920 914 1671 1641 0 
897 889 1672 1626 0 
912 884 1673 1624 0 
884 929 1673 1662 0 
913 879 1674 1625 0 
879 928 1674 1660 0 
899 903 1675 1636 0 
893 907 1676 1632 0 
898 891 1677 1633 0 
906 890 1678 1629 0 
894 901 1679 1634 0 
876 923 1680 1646 0 
925 923 1680 1653 0 
908 895 1681 1638 0 
887 913 1682 1631 0 
895 909 1683 1644 0 
939 909 1683 1681 0 
892 912 1684 1635 0 
916 896 1685 1650 0 
918 893 1686 1639 0 
893 935 1686 1676 0 
883 920 1687 1641 0 
926 920 1687 1657 0 
917 886 1688 1637 0 
886 925 1688 1652 0 
909 900 1689 1648 0 
915 894 1690 1661 0 
894 938 1690 1679 0 
905 898 1691 1647 0 
890 919 1692 1640 0 
937 919 1692 1678 0 
923 897 1693 1646 0 
921 892 1694 1642 0 
892 941 1694 1684 0 
904 915 1695 1649 0 
889 922 1696 1643 0 
933 922 1696 1672 0 
896 917 1697 1645 0 
942 917 1697 1685 0 
901 911 1698 1655 0 
938 911 1698 1679 0 
903 918 1699 1654 0 
934 918 1699 1675 0 
930 887 1700 1665 0 
887 940 1700 1682 0 
888 926 1701 1657 0 
932 926 1701 1668 0 
907 916 1702 1664 0 
914 908 1703 1667 0 
929 905 1704 1662 0 
891 924 1705 1651 0 
936 924 1705 1677 0 
919 899 1706 1656 0 
900 921 1707 1658 0 
928 902 1708 1660 0 
902 927 1709 1659 0 
952 927 1709 1708 0 
931 906 1710 1666 0 
924 904 1711 1663 0 
904 946 1711 1695 0 
881 932 1712 1668 0 
927 932 1712 1659 0 
920 914 1713 1671 0 
911 931 1714 1670 0 
922 910 1715 1669 0 
910 930 1716 1665 0 
956 930 1716 1715 0 
912 929 1717 1673 0 
897 933 1718 1672 0 
945 933 1718 1693 0 
913 928 1719 1674 0 
899 934 1720 1675 0 
950 934 1720 1706 0 
935 907 1721 1676 0 
907 947 1721 1702 0 
943 900 1722 1689 0 
900 951 1722 1707 0 
898 936 1723 1677 0 
944 936 1723 1691 0 
908 939 1724 1681 0 
948 939 1724 1703 0 
906 937 1725 1678 0 
953 937 1725 1710 0 
939 909 1726 1683 0 
917 925 1727 1688 0 
926 920 1728 1687 0 
909 943 1729 1689 0 
959 943 1729 1726 0 
918 935 1730 1686 0 
934 918 1731 1699 0 
918 962 1731 1730 0 
941 912 1732 1684 0 
912 957 1732 1717 0 
940 913 1733 1682 0 
913 958 1733 1719 0 
916 942 1734 1685 0 
947 942 1734 1702 0 
938 911 1735 1698 0 
911 955 1735 1714 0 
915 938 1736 1690 0 
905 944 1737 1691 0 
949 944 1737 1704 0 
937 919 1738 1692 0 
925 923 1739 1680 0 
923 945 1740 1693 0 
933 922 1741 1696 0 
922 956 1741 1715 0 
946 915 1742 1695 0 
915 963 1742 1736 0 
921 941 1743 1694 0 
942 917 1744 1697 0 
932 926 1745 1701 0 
914 948 1746 1703 0 
954 948 1746 1713 0 
924 946 1747 1711 0 
936 924 1748 1705 0 
930 940 1749 1700 0 
929 949 1750 1704 0 
952 927 1751 1709 0 
928 952 1752 1708 0 
919 950 1753 1706 0 
964 950 1753 1738 0 
951 921 1754 1707 0 
921 967 1754 1743 0 
927 932 1755 1712 0 
931 953 1756 1710 0 
920 954 1757 1713 0 
961 954 1757 1728 0 
955 931 1758 1714 0 
931 977 1758 1756 0 
956 930 1759 1716 0 
935 947 1760 1721 0 
945 933 1761 1718 0 
947 942 1762 1734 0 
957 929 1763 1717 0 
929 973 1763 1750 0 
948 939 1764 1724 0 
917 960 1765 1727 0 
968 960 1765 1744 0 
944 936 1766 1723 0 
950 934 1767 1720 0 
958 928 1768 1719 0 
928 975 1768 1752 0 
943 951 1769 1722 0 
923 966 1770 1740 0 
965 966 1770 1739 0 
953 937 1771 1725 0 
933 956 1772 1741 0 
980 956 1772 1761 0 
960 925 1773 1727 0 
925 965 1773 1739 0 
926 961 1774 1728 0 
969 961 1774 1745 0 
962 935 1775 1730 0 
935 979 1775 1760 0 
934 962 1776 1731 0 
984 962 1776 1767 0 
939 959 1777 1726 0 
982 959 1777 1764 0 
938 955 1778 1735 0 
941 957 1779 1732 0 
940 958 1780 1733 0 
972 958 1780 1749 0 
949 944 1781 1737 0 
959 943 1782 1729 0 
943 985 1782 1769 0 
954 948 1783 1746 0 
971 924 1784 1748 0 
924 970 1784 1747 0 
978 930 1785 1759 0 
930 972 1785 1749 0 
966 945 1786 1740 0 
963 938 1787 1736 0 
938 987 1787 1778 0 
937 964 1788 1738 0 
986 964 1788 1771 0 
967 941 1789 1743 0 
941 988 1789 1779 0 
932 969 1790 1745 0 
976 969 1790 1755 0 
946 963 1791 1742 0 
973 949 1792 1750 0 
942 968 1793 1744 0 
981 968 1793 1762 0 
970 946 1794 1747 0 
946 992 1794 1791 0 
936 971 1795 1748 0 
983 971 1795 1766 0 
952 974 1796 1751 0 
964 950 1797 1753 0 
950 984 1797 1767 0 
927 976 1798 1755 0 
974 976 1798 1751 0 
951 967 1799 1754 0 
985 967 1799 1769 0 
975 952 1800 1752 0 
952 994 1800 1796 0 
977 953 1801 1756 0 
961 954 1802 1757 0 
955 977 1803 1758 0 
979 947 1804 1760 0 
947 981 1804 1762 0 
945 980 1805 1761 0 
991 980 1805 1786 0 
948 982 1806 1764 0 
990 982 1806 1783 0 
957 973 1807 1763 0 
956 978 1808 1759 0 
972 958 1809 1780 0 
944 983 1810 1766 0 
989 983 1810 1781 0 
984 962 1811 1776 0 
958 975 1812 1768 0 
1000 975 1812 1809 0 
968 960 1813 1765 0 
960 965 1814 1773 0 
1002 965 1814 1813 0 
969 961 1815 1774 0 
959 985 1816 1782 0 
962 979 1817 1775 0 
1001 979 1817 1811 0 
982 959 1818 1777 0 
959 1004 1818 1816 0 
980 956 1819 1772 0 
956 999 1819 1808 0 
953 986 1820 1771 0 
995 986 1820 1801 0 
978 972 1821 1785 0 
965 966 1822 1770 0 
949 989 1823 1781 0 
993 989 1823 1792 0 
988 957 1824 1779 0 
957 998 1824 1807 0 
971 970 1825 1784 0 
954 990 1826 1783 0 
996 990 1826 1802 0 
987 955 1827 1778 0 
955 997 1827 1803 0 
976 969 1828 1790 0 
964 984 1829 1797 0 
981 968 1830 1793 0 
985 967 1831 1799 0 
966 991 1832 1786 0 
970 992 1833 1794 0 
986 964 1834 1788 0 
964 1009 1834 1829 0 
967 988 1835 1789 0 
1011 988 1835 1831 0 
963 987 1836 1787 0 
994 974 1837 1796 0 
973 993 1838 1792 0 
992 963 1839 1791 0 
963 1014 1839 1836 0 
983 971 1840 1795 0 
971 1007 1840 1825 0 
979 981 1841 1804 0 
974 976 1842 1798 0 
975 994 1843 1800 0 
961 996 1844 1802 0 
1003 996 1844 1815 0 
977 995 1845 1801 0 
990 982 1846 1806 0 
997 977 1847 1803 0 
977 1020 1847 1845 0 
991 980 1848 1805 0 
989 983 1849 1810 0 
998 973 1850 1807 0 
973 1016 1850 1838 0 
984 1001 1851 1811 0 
968 1002 1852 1813 0 
1010 1002 1852 1830 0 
1002 965 1853 1814 0 
965 1006 1853 1822 0 
999 978 1854 1808 0 
972 1000 1855 1809 0 
1005 1000 1855 1821 0 
978 1005 1856 1821 0 
1025 1005 1856 1854 0 
969 1003 1857 1815 0 
1008 1003 1857 1828 0 
966 1012 1858 1832 0 
1006 1012 1858 1822 0 
1001 979 1859 1817 0 
1000 975 1860 1812 0 
975 1019 1860 1843 0 
1004 985 1861 1816 0 
995 986 1862 1820 0 
982 1004 1863 1818 0 
1021 1004 1863 1846 0 
980 999 1864 1819 0 
1022 999 1864 1848 0 
993 989 1865 1823 0 
989 1023 1865 1849 0 
1007 970 1866 1825 0 
970 1013 1866 1833 0 
996 990 1867 1826 0 
988 998 1868 1824 0 
987 997 1869 1827 0 
976 1008 1870 1828 0 
1018 1008 1870 1842 0 
1012 991 1871 1832 0 
1013 992 1872 1833 0 
979 1017 1873 1841 0 
1026 1017 1873 1859 0 
981 1010 1874 1830 0 
1009 984 1875 1829 0 
984 1024 1875 1851 0 
985 1011 1876 1831 0 
1027 1011 1876 1861 0 
1017 981 1877 1841 0 
981 1034 1877 1874 0 
983 1007 1878 1840 0 
1023 1007 1878 1849 0 
986 1009 1879 1834 0 
1028 1009 1879 1862 0 
1016 993 1880 1838 0 
1011 988 1881 1835 0 
988 1030 1881 1868 0 
974 1018 1882 1842 0 
1015 1018 1882 1837 0 
994 1015 1883 1837 0 
1014 987 1884 1836 0 
987 1031 1884 1869 0 
992 1014 1885 1839 0 
1033 1014 1885 1872 0 
1003 996 1886 1844 0 
990 1021 1887 1846 0 
1029 1021 1887 1867 0 
1019 994 1888 1843 0 
994 1036 1888 1883 0 
1020 995 1889 1845 0 
997 1020 1890 1847 0 
1005 1000 1891 1855 0 
1002 1006 1892 1853 0 
991 1022 1893 1848 0 
1032 1022 1893 1871 0 
998 1016 1894 1850 0 
1024 1001 1895 1851 0 
1025 1005 1896 1856 0 
1010 1002 1897 1852 0 
1008 1003 1898 1857 0 
1003 1037 1898 1886 0 
993 1023 1899 1865 0 
1035 1023 1899 1880 0 
1021 1004 1900 1863 0 
999 1025 1901 1854 0 
1004 1027 1902 1861 0 
1046 1027 1902 1900 0 
1000 1019 1903 1860 0 
1001 1026 1904 1859 0 
1043 1026 1904 1895 0 
1006 1012 1905 1858 0 
1007 1013 1906 1866 0 
995 1028 1907 1862 0 
1038 1028 1907 1889 0 
1022 999 1908 1864 0 
999 1047 1908 1901 0 
1018 1008 1909 1870 0 
996 1029 1910 1867 0 
1037 1029 1910 1886 0 
1030 998 1911 1868 0 
998 1042 1911 1894 0 
1031 997 1912 1869 0 
997 1039 1912 1890 0 
1012 1032 1913 1871 0 
1013 1033 1914 1872 0 
1027 1011 1915 1876 0 
1026 1017 1916 1873 0 
1009 1024 1917 1875 0 
1023 1007 1918 1878 0 
1007 1050 1918 1906 0 
1034 1010 1919 1874 0 
1015 1018 1920 1882 0 
1018 1051 1920 1909 0 
1036 1015 1921 1883 0 
1017 1034 1922 1877 0 
1055 1034 1922 1916 0 
1028 1009 1923 1879 0 
1009 1056 1923 1917 0 
1016 1035 1924 1880 0 
1011 1030 1925 1881 0 
1054 1030 1925 1915 0 
1029 1021 1926 1887 0 
1014 1031 1927 1884 0 
1033 1014 1928 1885 0 
1014 1061 1928 1927 0 
1019 1036 1929 1888 0 
1040 1000 1930 1891 0 
1000 1048 1930 1903 0 
1020 1038 1931 1889 0 
1008 1037 1932 1898 0 
1051 1037 1932 1909 0 
1002 1041 1933 1892 0 
1045 1041 1933 1897 0 
1039 1020 1934 1890 0 
1020 1063 1934 1931 0 
1005 1040 1935 1891 0 
1044 1040 1935 1896 0 
1032 1022 1936 1893 0 
1041 1006 1937 1892 0 
1006 1049 1937 1905 0 
1025 1044 1938 1896 0 
1024 1043 1939 1895 0 
1042 1016 1940 1894 0 
1016 1059 1940 1924 0 
1010 1045 1941 1897 0 
1057 1045 1941 1919 0 
1035 1023 1942 1899 0 
1012 1052 1943 1913 0 
1049 1052 1943 1905 0 
1021 1046 1944 1900 0 
1060 1046 1944 1926 0 
1043 1026 1945 1904 0 
1026 1055 1945 1916 0 
1046 1027 1946 1902 0 
1050 1013 1947 1906 0 
1013 1053 1947 1914 0 
1047 1025 1948 1901 0 
1025 1065 1948 1938 0 
1048 1019 1949 1903 0 
1019 1062 1949 1929 0 
1038 1028 1950 1907 0 
1037 1029 1951 1910 0 
1022 1047 1952 1908 0 
1064 1047 1952 1936 0 
1030 1042 1953 1911 0 
1015 1051 1954 1920 0 
1058 1051 1954 1921 0 
1031 1039 1955 1912 0 
1052 1032 1956 1913 0 
1055 1034 1957 1922 0 
1034 1057 1957 1919 0 
1023 1050 1958 1918 0 
1067 1050 1958 1942 0 
1053 1033 1959 1914 0 
1027 1054 1960 1915 0 
1068 1054 1960 1946 0 
1056 1024 1961 1917 0 
1024 1066 1961 1939 0 
1059 1035 1962 1924 0 
1028 1056 1963 1923 0 
1069 1056 1963 1950 0 
1036 1058 1964 1921 0 
1054 1030 1965 1925 0 
1030 1071 1965 1953 0 
1029 1060 1966 1926 0 
1070 1060 1966 1951 0 
1061 1031 1967 1927 0 
1031 1072 1967 1955 0 
1033 1061 1968 1928 0 
1074 1061 1968 1959 0 
1051 1037 1969 1932 0 
1045 1041 1970 1933 0 
1044 1040 1971 1935 0 
1062 1036 1972 1929 0 
1036 1076 1972 1964 0 
1040 1048 1973 1930 0 
1079 1048 1973 1971 0 
1063 1038 1974 1931 0 
1043 1055 1975 1945 0 
1039 1063 1976 1934 0 
1041 1049 1977 1937 0 
1078 1049 1977 1970 0 
1032 1064 1978 1936 0 
1073 1064 1978 1956 0 
1042 1059 1979 1940 0 
1065 1044 1980 1938 0 
1060 1046 1981 1944 0 
1057 1045 1982 1941 0 
1045 1078 1982 1970 0 
1066 1043 1983 1939 0 
1055 1057 1984 1957 0 
1049 1052 1985 1943 0 
1035 1067 1986 1942 0 
1075 1067 1986 1962 0 
1050 1053 1987 1947 0 
1046 1068 1988 1946 0 
1085 1068 1988 1981 0 
1047 1065 1989 1948 0 
1048 1062 1990 1949 0 
1037 1070 1991 1951 0 
1077 1070 1991 1969 0 
1038 1069 1992 1950 0 
1080 1069 1992 1974 0 
1064 1047 1993 1952 0 
1047 1090 1993 1989 0 
1058 1051 1994 1954 0 
1071 1042 1995 1953 0 
1042 1083 1995 1979 0 
1068 1054 1996 1960 0 
1072 1039 1997 1955 0 
1039 1082 1997 1976 0 
1053 1074 1998 1959 0 
1052 1073 1999 1956 0 
1067 1050 2000 1958 0 
1050 1089 2000 1987 0 
1076 1058 2001 1964 0 
1056 1066 2002 1961 0 
1059 1075 2003 1962 0 
1069 1056 2004 1963 0 
1056 1097 2004 2002 0 
1070 1060 2005 1966 0 
1043 1081 2006 1975 0 
1086 1081 2006 1983 0 
1054 1071 2007 1965 0 
1093 1071 2007 1996 0 
1074 1061 2008 1968 0 
1061 1072 2009 1967 0 
1100 1072 2009 2008 0 
1084 1044 2010 1980 0 
1044 1079 2010 1971 0 
1079 1048 2011 1973 0 
1048 1091 2011 1990 0 
1062 1076 2012 1972 0 
1081 1055 2013 1975 0 
1055 1087 2013 1984 0 
1078 1049 2014 1977 0 
1049 1088 2014 1985 0 
1051 1077 2015 1969 0 
1092 1077 2015 1994 0 
1082 1063 2016 1976 0 
1063 1080 2017 1974 0 
1102 1080 2017 2016 0 
1057 1078 2018 1982 0 
1073 1064 2019 1978 0 
1060 1085 2020 1981 0 
1099 1085 2020 2005 0 
1066 1086 2021 1983 0 
1083 1059 2022 1979 0 
1059 1098 2022 2003 0 
1065 1084 2023 1980 0 
1088 1052 2024 1985 0 
1052 1095 2024 1999 0 
1075 1067 2025 1986 0 
1087 1057 2026 1984 0 
1057 1103 2026 2018 0 
1089 1053 2027 1987 0 
1053 1094 2027 1998 0 
1085 1068 2028 1988 0 
1090 1065 2029 1989 0 
1065 1106 2029 2023 0 
1077 1070 2030 1991 0 
1080 1069 2031 1992 0 
1091 1062 2032 1990 0 
1062 1101 2032 2012 0 
1064 1090 2033 1993 0 
1104 1090 2033 2019 0 
1058 1092 2034 1994 0 
1096 1092 2034 2001 0 
1071 1083 2035 1995 0 
1072 1082 2036 1997 0 
1067 1089 2037 2000 0 
1107 1089 2037 2025 0 
1095 1073 2038 1999 0 
1068 1093 2039 1996 0 
1108 1093 2039 2028 0 
1094 1074 2040 1998 0 
1098 1075 2041 2003 0 
1097 1066 2042 2002 0 
1066 1105 2042 2021 0 
1086 1081 2043 2006 0 
1081 1087 2044 2013 0 
1076 1096 2045 2001 0 
1069 1097 2046 2004 0 
1110 1097 2046 2031 0 
1070 1099 2047 2005 0 
1109 1099 2047 2030 0 
1084 1079 2048 2010 0 
1093 1071 2049 2007 0 
1071 1111 2049 2035 0 
1078 1088 2050 2014 0 
1079 1091 2051 2011 0 
1092 1077 2052 2015 0 
1074 1100 2053 2008 0 
1114 1100 2053 2040 0 
1100 1072 2054 2009 0 
1072 1112 2054 2036 0 
1082 1102 2055 2016 0 
1101 1076 2056 2012 0 
1076 1118 2056 2045 0 
1102 1080 2057 2017 0 
1099 1085 2058 2020 0 
1073 1104 2059 2019 0 
1113 1104 2059 2038 0 
1088 1095 2060 2024 0 
1083 1098 2061 2022 0 
1103 1078 2062 2018 0 
1078 1120 2062 2050 0 
1105 1086 2063 2021 0 
1086 1116 2063 2043 0 
1089 1094 2064 2027 0 
1075 1107 2065 2025 0 
1115 1107 2065 2041 0 
1106 1084 2066 2023 0 
1087 1103 2067 2026 0 
1085 1108 2068 2028 0 
1125 1108 2068 2058 0 
1096 1092 2069 2034 0 
1091 1101 2070 2032 0 
1121 1101 2070 2051 0 
1077 1109 2071 2030 0 
1122 1109 2071 2052 0 
1090 1106 2072 2029 0 
1104 1090 2073 2033 0 
1090 1132 2073 2072 0 
1080 1110 2074 2031 0 
1124 1110 2074 2057 0 
1108 1093 2075 2039 0 
1116 1081 2076 2043 0 
1081 1117 2076 2044 0 
1094 1114 2077 2040 0 
1107 1089 2078 2037 0 
1089 1128 2078 2064 0 
1111 1083 2079 2035 0 
1083 1127 2079 2061 0 
1112 1082 2080 2036 0 
1082 1123 2080 2055 0 
1095 1113 2081 2038 0 
1098 1115 2082 2041 0 
1118 1096 2083 2045 0 
1097 1105 2084 2042 0 
1117 1087 2085 2044 0 
1087 1130 2085 2067 0 
1084 1119 2086 2048 0 
1129 1119 2086 2066 0 
1119 1079 2087 2048 0 
1079 1121 2087 2051 0 
1110 1097 2088 2046 0 
1097 1138 2088 2084 0 
1109 1099 2089 2047 0 
1093 1111 2090 2049 0 
1133 1111 2090 2075 0 
1105 1116 2091 2063 0 
1120 1088 2092 2050 0 
1088 1126 2092 2060 0 
1114 1100 2093 2053 0 
1099 1125 2094 2058 0 
1139 1125 2094 2089 0 
1100 1112 2095 2054 0 
1141 1112 2095 2093 0 
1101 1118 2096 2056 0 
1092 1122 2097 2052 0 
1131 1122 2097 2069 0 
1123 1102 2098 2055 0 
1102 1124 2099 2057 0 
1143 1124 2099 2098 0 
1113 1104 2100 2059 0 
1126 1095 2101 2060 0 
1095 1135 2101 2081 0 
1103 1120 2102 2062 0 
1127 1098 2103 2061 0 
1098 1136 2103 2082 0 
1115 1107 2104 2065 0 
1128 1094 2105 2064 0 
1094 1134 2105 2077 0 
1125 1108 2106 2068 0 
1121 1101 2107 2070 0 
1101 1142 2107 2096 0 
1130 1103 2108 2067 0 
1103 1145 2108 2102 0 
1106 1129 2109 2066 0 
1116 1117 2110 2076 0 
1122 1109 2111 2071 0 
1096 1131 2112 2069 0 
1137 1131 2112 2083 0 
1124 1110 2113 2074 0 
1132 1106 2114 2072 0 
1106 1148 2114 2109 0 
1104 1132 2115 2073 0 
1144 1132 2115 2100 0 
1108 1133 2116 2075 0 
1147 1133 2116 2106 0 
1107 1128 2117 2078 0 
1112 1123 2118 2080 0 
1111 1127 2119 2079 0 
1129 1119 2120 2086 0 
1135 1113 2121 2081 0 
1134 1114 2122 2077 0 
1136 1115 2123 2082 0 
1117 1130 2124 2085 0 
1149 1130 2124 2110 0 
1119 1121 2125 2087 0 
1155 1121 2125 2120 0 
1138 1105 2126 2084 0 
1105 1140 2126 2091 0 
1118 1137 2127 2083 0 
1133 1111 2128 2090 0 
1111 1154 2128 2119 0 
1109 1139 2129 2089 0 
1150 1139 2129 2111 0 
1110 1138 2130 2088 0 
1151 1138 2130 2113 0 
1120 1126 2131 2092 0 
1140 1116 2132 2091 0 
1116 1149 2132 2110 0 
1139 1125 2133 2094 0 
1131 1122 2134 2097 0 
1123 1143 2135 2098 0 
1114 1141 2136 2093 0 
1157 1141 2136 2122 0 
1142 1118 2137 2096 0 
1118 1159 2137 2127 0 
1141 1112 2138 2095 0 
1112 1153 2138 2118 0 
1146 1107 2139 2104 0 
1107 1152 2139 2117 0 
1143 1124 2140 2099 0 
1126 1135 2141 2101 0 
1113 1144 2142 2100 0 
1156 1144 2142 2121 0 
1127 1136 2143 2103 0 
1128 1134 2144 2105 0 
1125 1147 2145 2106 0 
1161 1147 2145 2133 0 
1115 1146 2146 2104 0 
1158 1146 2146 2123 0 
1121 1142 2147 2107 0 
1145 1120 2148 2102 0 
1120 1160 2148 2131 0 
1137 1131 2149 2112 0 
1147 1133 2150 2116 0 
1148 1129 2151 2109 0 
1130 1145 2152 2108 0 
1149 1130 2153 2124 0 
1130 1172 2153 2152 0 
1122 1150 2154 2111 0 
1162 1150 2154 2134 0 
1144 1132 2155 2115 0 
1132 1148 2155 2114 0 
1124 1151 2156 2113 0 
1164 1151 2156 2140 0 
1129 1155 2157 2120 0 
1171 1155 2157 2151 0 
1138 1140 2158 2126 0 
1134 1157 2159 2122 0 
1153 1123 2160 2118 0 
1123 1163 2160 2135 0 
1154 1127 2161 2119 0 
1127 1166 2161 2143 0 
1136 1158 2162 2123 0 
1155 1121 2163 2125 0 
1121 1168 2163 2147 0 
1135 1156 2164 2121 0 
1159 1137 2165 2127 0 
1152 1128 2166 2117 0 
1128 1167 2166 2144 0 
1140 1149 2167 2132 0 
1150 1139 2168 2129 0 
1151 1138 2169 2130 0 
1138 1173 2169 2158 0 
1133 1154 2170 2128 0 
1160 1126 2171 2131 0 
1126 1165 2171 2141 0 
1139 1161 2172 2133 0 
1179 1161 2172 2168 0 
1144 1148 2173 2155 0 
1131 1162 2174 2134 0 
1169 1162 2174 2149 0 
1157 1141 2175 2136 0 
1142 1159 2176 2137 0 
1141 1153 2177 2138 0 
1182 1153 2177 2175 0 
1163 1143 2178 2135 0 
1165 1135 2179 2141 0 
1135 1176 2179 2164 0 
1143 1164 2180 2140 0 
1184 1164 2180 2178 0 
1156 1144 2181 2142 0 
1161 1147 2182 2145 0 
1146 1152 2183 2139 0 
1166 1136 2184 2143 0 
1136 1175 2184 2162 0 
1158 1146 2185 2146 0 
1146 1187 2185 2183 0 
1167 1134 2186 2144 0 
1134 1174 2186 2159 0 
1145 1160 2187 2148 0 
1170 1133 2188 2150 0 
1133 1180 2188 2170 0 
1147 1170 2189 2150 0 
1186 1170 2189 2182 0 
1137 1169 2190 2149 0 
1177 1169 2190 2165 0 
1168 1142 2191 2147 0 
1142 1183 2191 2176 0 
1171 1155 2192 2157 0 
1162 1150 2193 2154 0 
1172 1145 2194 2152 0 
1145 1188 2194 2187 0 
1148 1171 2195 2151 0 
1149 1172 2196 2153 0 
1140 1178 2197 2167 0 
1173 1178 2197 2158 0 
1164 1151 2198 2156 0 
1153 1163 2199 2160 0 
1154 1166 2200 2161 0 
1174 1157 2201 2159 0 
1176 1156 2202 2164 0 
1175 1158 2203 2162 0 
1152 1167 2204 2166 0 
1187 1167 2204 2183 0 
1155 1168 2205 2163 0 
1160 1165 2206 2171 0 
1178 1149 2207 2167 0 
1149 1192 2207 2196 0 
1159 1177 2208 2165 0 
1151 1173 2209 2169 0 
1193 1173 2209 2198 0 
1150 1179 2210 2168 0 
1190 1179 2210 2193 0 
1144 1181 2211 2173 0 
1185 1181 2211 2181 0 
1180 1154 2212 2170 0 
1154 1195 2212 2200 0 
1181 1148 2213 2173 0 
1148 1191 2213 2195 0 
1169 1162 2214 2174 0 
1179 1161 2215 2172 0 
1163 1184 2216 2178 0 
1165 1176 2217 2179 0 
1200 1176 2217 2206 0 
1157 1182 2218 2175 0 
1196 1182 2218 2201 0 
1183 1159 2219 2176 0 
1159 1201 2219 2208 0 
1182 1153 2220 2177 0 
1153 1194 2220 2199 0 
1184 1164 2221 2180 0 
1161 1186 2222 2182 0 
1203 1186 2222 2215 0 
1166 1175 2223 2184 0 
1156 1185 2224 2181 0 
1197 1185 2224 2202 0 
1158 1187 2225 2185 0 
1198 1187 2225 2203 0 
1167 1174 2226 2186 0 
1186 1170 2227 2189 0 
1173 1178 2228 2197 0 
1188 1160 2229 2187 0 
1160 1200 2229 2206 0 
1177 1169 2230 2190 0 
1170 1180 2231 2188 0 
1208 1180 2231 2227 0 
1171 1189 2232 2192 0 
1189 1155 2233 2192 0 
1155 1199 2233 2205 0 
1168 1183 2234 2191 0 
1162 1190 2235 2193 0 
1202 1190 2235 2214 0 
1172 1188 2236 2194 0 
1187 1167 2237 2204 0 
1167 1207 2237 2226 0 
1191 1171 2238 2195 0 
1171 1211 2238 2232 0 
1164 1193 2239 2198 0 
1205 1193 2239 2221 0 
1192 1172 2240 2196 0 
1172 1213 2240 2236 0 
1174 1196 2241 2201 0 
1175 1198 2242 2203 0 
1194 1163 2243 2199 0 
1163 1204 2243 2216 0 
1195 1166 2244 2200 0 
1166 1206 2244 2223 0 
1176 1197 2245 2202 0 
1178 1192 2246 2207 0 
1201 1177 2247 2208 0 
1193 1173 2248 2209 0 
1199 1168 2249 2205 0 
1168 1212 2249 2234 0 
1190 1179 2250 2210 0 
1185 1181 2251 2211 0 
1200 1176 2252 2217 0 
1176 1216 2252 2245 0 
1180 1195 2253 2212 0 
1179 1203 2254 2215 0 
1220 1203 2254 2250 0 
1169 1202 2255 2214 0 
1210 1202 2255 2230 0 
1181 1191 2256 2213 0 
1221 1191 2256 2251 0 
1196 1182 2257 2218 0 
1183 1201 2258 2219 0 
1203 1186 2259 2222 0 
1204 1184 2260 2216 0 
1182 1194 2261 2220 0 
1223 1194 2261 2257 0 
1198 1187 2262 2225 0 
1184 1205 2263 2221 0 
1226 1205 2263 2260 0 
1197 1185 2264 2224 0 
1185 1221 2264 2251 0 
1206 1175 2265 2223 0 
1175 1215 2265 2242 0 
1207 1174 2266 2226 0 
1174 1214 2266 2241 0 
1209 1178 2267 2228 0 
1178 1217 2267 2246 0 
1188 1200 2268 2229 0 
1173 1209 2269 2228 0 
1219 1209 2269 2248 0 
1186 1208 2270 2227 0 
1225 1208 2270 2259 0 
1211 1189 2271 2232 0 
1208 1180 2272 2231 0 
1180 1222 2272 2253 0 
1177 1210 2273 2230 0 
1218 1210 2273 2247 0 
1189 1199 2274 2233 0 
1229 1199 2274 2271 0 
1202 1190 2275 2235 0 
1187 1207 2276 2237 0 
1212 1183 2277 2234 0 
1183 1224 2277 2258 0 
1205 1193 2278 2239 0 
1213 1188 2279 2236 0 
1188 1228 2279 2268 0 
1191 1211 2280 2238 0 
1194 1204 2281 2243 0 
1214 1196 2282 2241 0 
1195 1206 2283 2244 0 
1192 1213 2284 2240 0 
1215 1198 2285 2242 0 
1216 1197 2286 2245 0 
1217 1192 2287 2246 0 
1192 1237 2287 2284 0 
1201 1218 2288 2247 0 
1190 1220 2289 2250 0 
1230 1220 2289 2275 0 
1199 1212 2290 2249 0 
1200 1216 2291 2252 0 
1193 1219 2292 2248 0 
1232 1219 2292 2278 0 
1210 1202 2293 2255 0 
1202 1230 2293 2275 0 
1221 1191 2294 2256 0 
1191 1233 2294 2280 0 
1222 1195 2295 2253 0 
1195 1236 2295 2283 0 
1220 1203 2296 2254 0 
1203 1225 2297 2259 0 
1243 1225 2297 2296 0 
1227 1187 2298 2262 0 
1187 1231 2298 2276 0 
1209 1217 2299 2267 0 
1204 1226 2300 2260 0 
1197 1221 2301 2264 0 
1239 1221 2301 2286 0 
1196 1223 2302 2257 0 
1235 1223 2302 2282 0 
1224 1201 2303 2258 0 
1201 1240 2303 2288 0 
1223 1194 2304 2261 0 
1194 1234 2304 2281 0 
1226 1205 2305 2263 0 
1206 1215 2306 2265 0 
1207 1214 2307 2266 0 
1198 1227 2308 2262 0 
1238 1227 2308 2285 0 
1225 1208 2309 2270 0 
1228 1200 2310 2268 0 
1200 1242 2310 2291 0 
1218 1210 2311 2273 0 
1219 1209 2312 2269 0 
1229 1199 2313 2274 0 
1199 1241 2313 2290 0 
1208 1222 2314 2272 0 
1249 1222 2314 2309 0 
1211 1229 2315 2271 0 
1212 1224 2316 2277 0 
1213 1228 2317 2279 0 
1214 1235 2318 2282 0 
1205 1232 2319 2278 0 
1246 1232 2319 2305 0 
1215 1238 2320 2285 0 
1233 1211 2321 2280 0 
1211 1252 2321 2315 0 
1210 1230 2322 2293 0 
1250 1230 2322 2311 0 
1231 1207 2323 2276 0 
1207 1248 2323 2307 0 
1234 1204 2324 2281 0 
1204 1245 2324 2300 0 
1236 1206 2325 2283 0 
1206 1247 2325 2306 0 
1217 1237 2326 2287 0 
1237 1213 2327 2284 0 
1213 1254 2327 2317 0 
1216 1239 2328 2286 0 
1240 1218 2329 2288 0 
1230 1220 2330 2289 0 
1241 1212 2331 2290 0 
1212 1253 2331 2316 0 
1232 1219 2332 2292 0 
1219 1251 2332 2312 0 
1242 1216 2333 2291 0 
1216 1258 2333 2328 0 
1244 1217 2334 2299 0 
1217 1257 2334 2326 0 
1222 1236 2335 2295 0 
1220 1243 2336 2296 0 
1260 1243 2336 2330 0 
1221 1233 2337 2294 0 
1243 1225 2338 2297 0 
1209 1244 2339 2299 0 
1251 1244 2339 2312 0 
1235 1223 2340 2302 0 
1239 1221 2341 2301 0 
1221 1262 2341 2337 0 
1224 1240 2342 2303 0 
1245 1226 2343 2300 0 
1223 1234 2344 2304 0 
1264 1234 2344 2340 0 
1227 1231 2345 2298 0 
1238 1227 2346 2308 0 
1227 1267 2346 2345 0 
1247 1215 2347 2306 0 
1215 1256 2347 2320 0 
1225 1249 2348 2309 0 
1263 1249 2348 2338 0 
1226 1246 2349 2305 0 
1266 1246 2349 2343 0 
1248 1214 2350 2307 0 
1214 1255 2350 2318 0 
1228 1242 2351 2310 0 
1249 1222 2352 2314 0 
1222 1261 2352 2335 0 
1229 1241 2353 2313 0 
1218 1250 2354 2311 0 
1259 1250 2354 2329 0 
1252 1229 2355 2315 0 
1253 1224 2356 2316 0 
1224 1265 2356 2342 0 
1254 1228 2357 2317 0 
1228 1268 2357 2351 0 
1246 1232 2358 2319 0 
1255 1235 2359 2318 0 
1250 1230 2360 2322 0 
1231 1248 2361 2323 0 
1267 1248 2361 2345 0 
1257 1237 2362 2326 0 
1234 1245 2363 2324 0 
1236 1247 2364 2325 0 
1256 1238 2365 2320 0 
1258 1239 2366 2328 0 
1233 1252 2367 2321 0 
1262 1252 2367 2337 0 
1237 1254 2368 2327 0 
1274 1254 2368 2362 0 
1232 1251 2369 2332 0 
1271 1251 2369 2358 0 
1240 1259 2370 2329 0 
1230 1260 2371 2330 0 
1273 1260 2371 2360 0 
1244 1257 2372 2334 0 
1242 1258 2373 2333 0 
1241 1253 2374 2331 0 
1269 1253 2374 2353 0 
1243 1263 2375 2338 0 
1260 1243 2376 2336 0 
1243 1282 2376 2375 0 
1261 1236 2377 2335 0 
1236 1276 2377 2364 0 
1251 1244 2378 2339 0 
1244 1280 2378 2372 0 
1270 1229 2379 2355 0 
1229 1269 2379 2353 0 
1245 1266 2380 2343 0 
1239 1262 2381 2341 0 
1278 1262 2381 2366 0 
1235 1264 2382 2340 0 
1272 1264 2382 2359 0 
1265 1240 2383 2342 0 
1240 1279 2383 2370 0 
1263 1249 2384 2348 0 
1264 1234 2385 2344 0 
1234 1275 2385 2363 0 
1238 1267 2386 2346 0 
1277 1267 2386 2365 0 
1247 1256 2387 2347 0 
1266 1246 2388 2349 0 
1248 1255 2389 2350 0 
1249 1261 2390 2352 0 
1284 1261 2390 2384 0 
1259 1250 2391 2354 0 
1268 1242 2392 2351 0 
1242 1281 2392 2373 0 
1262 1252 2393 2367 0 
1252 1270 2394 2355 0 
1289 1270 2394 2393 0 
1267 1248 2395 2361 0 
1248 1287 2395 2389 0 
1253 1265 2396 2356 0 
1255 1272 2397 2359 0 
1256 1277 2398 2365 0 
1254 1268 2399 2357 0 
1274 1268 2399 2368 0 
1246 1271 2400 2358 0 
1286 1271 2400 2388 0 
1276 1247 2401 2364 0 
1247 1285 2401 2387 0 
1275 1245 2402 2363 0 
1245 1283 2402 2380 0 
1257 1274 2403 2362 0 
1269 1253 2404 2374 0 
1253 1290 2404 2396 0 
1258 1278 2405 2366 0 
1271 1251 2406 2369 0 
1250 1273 2407 2360 0 
1288 1273 2407 2391 0 
1279 1259 2408 2370 0 
1280 1257 2409 2372 0 
1257 1293 2409 2403 0 
1273 1260 2410 2371 0 
1260 1282 2410 2376 0 
1282 1263 2411 2375 0 
1251 1280 2412 2378 0 
1295 1280 2412 2406 0 
1281 1258 2413 2373 0 
1258 1294 2413 2405 0 
1261 1276 2414 2377 0 
1270 1269 2415 2379 0 
1272 1264 2416 2382 0 
1278 1262 2417 2381 0 
1265 1279 2418 2383 0 
1283 1266 2419 2380 0 
1277 1267 2420 2386 0 
1264 1275 2421 2385 0 
1300 1275 2421 2416 0 
1263 1284 2422 2384 0 
1297 1284 2422 2411 0 
1274 1268 2423 2399 0 
1285 1256 2424 2387 0 
1256 1292 2424 2398 0 
1287 1255 2425 2389 0 
1255 1291 2425 2397 0 
1266 1286 2426 2388 0 
1303 1286 2426 2419 0 
1284 1261 2427 2390 0 
1261 1298 2427 2414 0 
1259 1288 2428 2391 0 
1296 1288 2428 2408 0 
1268 1281 2429 2392 0 
1273 1282 2430 2410 0 
1262 1289 2431 2393 0 
1301 1289 2431 2417 0 
1267 1287 2432 2395 0 
1289 1270 2433 2394 0 
1290 1265 2434 2396 0 
1265 1302 2434 2418 0 
1291 1272 2435 2397 0 
1276 1285 2436 2401 0 
1286 1271 2437 2400 0 
1292 1277 2438 2398 0 
1275 1283 2439 2402 0 
1294 1278 2440 2405 0 
1288 1273 2441 2407 0 
1293 1274 2442 2403 0 
1269 1290 2443 2404 0 
1299 1290 2443 2415 0 
1279 1296 2444 2408 0 
1280 1293 2445 2409 0 
1271 1295 2446 2406 0 
1312 1295 2446 2437 0 
1282 1297 2447 2411 0 
1281 1294 2448 2413 0 
1270 1299 2449 2415 0 
1309 1299 2449 2433 0 
1298 1276 2450 2414 0 
1276 1311 2450 2436 0 
1304 1267 2451 2420 0 
1267 1308 2451 2432 0 
1295 1280 2452 2412 0 
1280 1319 2452 2445 0 
1297 1284 2453 2422 0 
1305 1268 2454 2423 0 
1268 1306 2454 2429 0 
1283 1303 2455 2419 0 
1272 1300 2456 2416 0 
1310 1300 2456 2435 0 
1302 1279 2457 2418 0 
1279 1318 2457 2444 0 
1274 1305 2458 2423 0 
1317 1305 2458 2442 0 
1300 1275 2459 2421 0 
1275 1314 2459 2439 0 
1277 1304 2460 2420 0 
1313 1304 2460 2438 0 
1285 1292 2461 2424 0 
1278 1301 2462 2417 0 
1315 1301 2462 2440 0 
1287 1291 2463 2425 0 
1303 1286 2464 2426 0 
1284 1298 2465 2427 0 
1322 1298 2465 2453 0 
1296 1288 2466 2428 0 
1273 1307 2467 2430 0 
1316 1307 2467 2441 0 
1306 1281 2468 2429 0 
1281 1321 2468 2448 0 
1307 1282 2469 2430 0 
1282 1320 2469 2447 0 
1301 1289 2470 2431 0 
1299 1290 2471 2443 0 
1290 1302 2472 2434 0 
1291 1310 2473 2435 0 
1292 1313 2474 2438 0 
1308 1287 2475 2432 0 
1287 1325 2475 2463 0 
1309 1299 2476 2449 0 
1311 1285 2477 2436 0 
1285 1324 2477 2461 0 
1286 1312 2478 2437 0 
1326 1312 2478 2464 0 
1314 1283 2479 2439 0 
1283 1323 2479 2455 0 
1289 1309 2480 2433 0 
1328 1309 2480 2470 0 
1318 1296 2481 2444 0 
1294 1315 2482 2440 0 
1319 1293 2483 2445 0 
1288 1316 2484 2441 0 
1327 1316 2484 2466 0 
1293 1317 2485 2442 0 
1336 1317 2485 2483 0 
1312 1295 2486 2446 0 
1295 1319 2487 2452 0 
1337 1319 2487 2486 0 
1321 1294 2488 2448 0 
1294 1335 2488 2482 0 
1298 1311 2489 2450 0 
1320 1297 2490 2447 0 
1297 1322 2491 2453 0 
1339 1322 2491 2490 0 
1305 1306 2492 2454 0 
1304 1308 2493 2451 0 
1310 1300 2494 2456 0 
1302 1318 2495 2457 0 
1313 1304 2496 2460 0 
1304 1341 2496 2493 0 
1323 1303 2497 2455 0 
1300 1314 2498 2459 0 
1342 1314 2498 2494 0 
1317 1305 2499 2458 0 
1305 1340 2499 2492 0 
1315 1301 2500 2462 0 
1324 1292 2501 2461 0 
1292 1332 2501 2474 0 
1325 1291 2502 2463 0 
1291 1331 2502 2473 0 
1322 1298 2503 2465 0 
1298 1338 2503 2489 0 
1303 1326 2504 2464 0 
1344 1326 2504 2497 0 
1296 1327 2505 2466 0 
1334 1327 2505 2481 0 
1316 1307 2506 2467 0 
1290 1330 2507 2472 0 
1329 1330 2507 2471 0 
1306 1321 2508 2468 0 
1340 1321 2508 2492 0 
1307 1320 2509 2469 0 
1346 1320 2509 2506 0 
1301 1328 2510 2470 0 
1345 1328 2510 2500 0 
1308 1325 2511 2475 0 
1341 1325 2511 2493 0 
1330 1302 2512 2472 0 
1302 1343 2512 2495 0 
1331 1310 2513 2473 0 
1311 1324 2514 2477 0 
1332 1313 2515 2474 0 
1309 1333 2516 2476 0 
1299 1329 2517 2471 0 
1333 1329 2517 2476 0 
1314 1323 2518 2479 0 
1326 1312 2519 2478 0 
1319 1336 2520 2483 0 
1335 1315 2521 2482 0 
1327 1316 2522 2484 0 
1316 1346 2522 2506 0 
1328 1309 2523 2480 0 
1309 1350 2523 2516 0 
1318 1334 2524 2481 0 
1336 1317 2525 2485 0 
1321 1335 2526 2488 0 
1312 1337 2527 2486 0 
1352 1337 2527 2519 0 
1339 1322 2528 2491 0 
1338 1311 2529 2489 0 
1311 1348 2529 2514 0 
1337 1319 2530 2487 0 
1320 1339 2531 2490 0 
1310 1342 2532 2494 0 
1347 1342 2532 2513 0 
1323 1344 2533 2497 0 
1313 1341 2534 2496 0 
1349 1341 2534 2515 0 
1343 1318 2535 2495 0 
1318 1355 2535 2524 0 
1317 1340 2536 2499 0 
1356 1340 2536 2525 0 
1324 1332 2537 2501 0 
1342 1314 2538 2498 0 
1314 1351 2538 2518 0 
1325 1331 2539 2502 0 
1322 1338 2540 2503 0 
1358 1338 2540 2528 0 
1315 1345 2541 2500 0 
1354 1345 2541 2521 0 
1344 1326 2542 2504 0 
1334 1327 2543 2505 0 
1340 1321 2544 2508 0 
1321 1357 2544 2526 0 
1329 1330 2545 2507 0 
1346 1320 2546 2509 0 
1320 1360 2546 2531 0 
1333 1329 2547 2517 0 
1319 1353 2548 2520 0 
1359 1353 2548 2530 0 
1341 1325 2549 2511 0 
1325 1363 2549 2539 0 
1327 1346 2550 2522 0 
1365 1346 2550 2543 0 
1345 1328 2551 2510 0 
1331 1347 2552 2513 0 
1332 1349 2553 2515 0 
1330 1343 2554 2512 0 
1366 1343 2554 2545 0 
1348 1324 2555 2514 0 
1324 1362 2555 2537 0 
1351 1323 2556 2518 0 
1323 1361 2556 2533 0 
1353 1336 2557 2520 0 
1326 1352 2558 2519 0 
1364 1352 2558 2542 0 
1350 1333 2559 2516 0 
1355 1334 2560 2524 0 
1335 1354 2561 2521 0 
1328 1350 2562 2523 0 
1368 1350 2562 2551 0 
1336 1356 2563 2525 0 
1371 1356 2563 2557 0 
1352 1337 2564 2527 0 
1339 1358 2565 2528 0 
1357 1335 2566 2526 0 
1335 1374 2566 2561 0 
1338 1348 2567 2529 0 
1360 1339 2568 2531 0 
1339 1376 2568 2565 0 
1347 1342 2569 2532 0 
1349 1341 2570 2534 0 
1343 1355 2571 2535 0 
1337 1359 2572 2530 0 
1375 1359 2572 2564 0 
1356 1340 2573 2536 0 
1361 1344 2574 2533 0 
1342 1351 2575 2538 0 
1378 1351 2575 2569 0 
1358 1338 2576 2540 0 
1338 1377 2576 2567 0 
1362 1332 2577 2537 0 
1332 1370 2577 2553 0 
1363 1331 2578 2539 0 
1331 1369 2578 2552 0 
1340 1357 2579 2544 0 
1381 1357 2579 2573 0 
1344 1364 2580 2542 0 
1382 1364 2580 2574 0 
1334 1365 2581 2543 0 
1373 1365 2581 2560 0 
1329 1366 2582 2545 0 
1367 1366 2582 2547 0 
1372 1333 2583 2559 0 
1333 1367 2583 2547 0 
1346 1360 2584 2546 0 
1341 1363 2585 2549 0 
1379 1363 2585 2570 0 
1359 1353 2586 2548 0 
1366 1343 2587 2554 0 
1343 1380 2587 2571 0 
1365 1346 2588 2550 0 
1346 1383 2588 2584 0 
1348 1362 2589 2555 0 
1370 1349 2590 2553 0 
1369 1347 2591 2552 0 
1345 1368 2592 2551 0 
1351 1361 2593 2556 0 
1364 1352 2594 2558 0 
1353 1371 2595 2557 0 
1384 1371 2595 2586 0 
1374 1354 2596 2561 0 
1355 1373 2597 2560 0 
1350 1372 2598 2559 0 
1368 1350 2599 2562 0 
1350 1393 2599 2598 0 
1376 1358 2600 2565 0 
1371 1356 2601 2563 0 
1356 1381 2601 2573 0 
1357 1374 2602 2566 0 
1377 1348 2603 2567 0 
1348 1385 2603 2589 0 
1352 1375 2604 2564 0 
1390 1375 2604 2594 0 
1345 1388 2605 2592 0 
1354 1388 2605 2541 0 
1360 1376 2606 2568 0 
1347 1378 2607 2569 0 
1387 1378 2607 2591 0 
1375 1359 2608 2572 0 
1359 1384 2608 2586 0 
1380 1355 2609 2571 0 
1355 1392 2609 2597 0 
1349 1379 2610 2570 0 
1386 1379 2610 2590 0 
1361 1382 2611 2574 0 
1358 1377 2612 2576 0 
1394 1377 2612 2600 0 
1362 1370 2613 2577 0 
1378 1351 2614 2575 0 
1351 1389 2614 2593 0 
1363 1369 2615 2578 0 
1372 1367 2616 2583 0 
1367 1366 2617 2582 0 
1381 1357 2618 2579 0 
1357 1395 2618 2602 0 
1373 1365 2619 2581 0 
1354 1388 2620 2605 0 
1391 1388 2620 2596 0 
1382 1364 2621 2580 0 
1383 1360 2622 2584 0 
1360 1396 2622 2606 0 
1379 1363 2623 2585 0 
1363 1399 2623 2615 0 
1384 1371 2624 2595 0 
1366 1380 2625 2587 0 
1401 1380 2625 2617 0 
1371 1381 2626 2601 0 
1365 1383 2627 2588 0 
1402 1383 2627 2619 0 
1370 1386 2628 2590 0 
1369 1387 2629 2591 0 
1385 1362 2630 2589 0 
1362 1398 2630 2613 0 
1388 1368 2631 2592 0 
1389 1361 2632 2593 0 
1361 1397 2632 2611 0 
1392 1373 2633 2597 0 
1364 1390 2634 2594 0 
1403 1390 2634 2621 0 
1374 1391 2635 2596 0 
1376 1394 2636 2600 0 
1393 1372 2637 2598 0 
1368 1393 2638 2599 0 
1408 1393 2638 2631 0 
1375 1384 2639 2608 0 
1395 1374 2640 2602 0 
1374 1410 2640 2635 0 
1377 1385 2641 2603 0 
1390 1375 2642 2604 0 
1375 1413 2642 2639 0 
1387 1378 2643 2607 0 
1386 1379 2644 2610 0 
1380 1392 2645 2609 0 
1394 1377 2646 2612 0 
1377 1414 2646 2641 0 
1396 1376 2647 2606 0 
1376 1411 2647 2636 0 
1372 1400 2648 2616 0 
1412 1400 2648 2637 0 
1378 1389 2649 2614 0 
1415 1389 2649 2643 0 
1397 1382 2650 2611 0 
1398 1370 2651 2613 0 
1370 1406 2651 2628 0 
1400 1367 2652 2616 0 
1367 1401 2652 2617 0 
1399 1369 2653 2615 0 
1369 1407 2653 2629 0 
1381 1395 2654 2618 0 
1391 1388 2655 2620 0 
1373 1402 2656 2619 0 
1409 1402 2656 2633 0 
1382 1403 2657 2621 0 
1418 1403 2657 2650 0 
1404 1371 2658 2624 0 
1371 1405 2658 2626 0 
1383 1396 2659 2622 0 
1379 1399 2660 2623 0 
1416 1399 2660 2644 0 
1384 1404 2661 2624 0 
1401 1380 2662 2625 0 
1380 1417 2662 2645 0 
1402 1383 2663 2627 0 
1383 1421 2663 2659 0 
1405 1381 2664 2626 0 
1381 1419 2664 2654 0 
1385 1398 2665 2630 0 
1406 1386 2666 2628 0 
1407 1387 2667 2629 0 
1389 1397 2668 2632 0 
1388 1408 2669 2631 0 
1420 1408 2669 2655 0 
1403 1390 2670 2634 0 
1392 1409 2671 2633 0 
1410 1391 2672 2635 0 
1411 1394 2673 2636 0 
1393 1412 2674 2637 0 
1395 1410 2675 2640 0 
1408 1393 2676 2638 0 
1393 1431 2676 2674 0 
1414 1385 2677 2641 0 
1385 1423 2677 2665 0 
1413 1384 2678 2639 0 
1384 1422 2678 2661 0 
1412 1400 2679 2648 0 
1390 1413 2680 2642 0 
1427 1413 2680 2670 0 
1400 1401 2681 2652 0 
1387 1415 2682 2643 0 
1425 1415 2682 2667 0 
1394 1414 2683 2646 0 
1430 1414 2683 2673 0 
1386 1416 2684 2644 0 
1424 1416 2684 2666 0 
1417 1392 2685 2645 0 
1392 1428 2685 2671 0 
1396 1411 2686 2647 0 
1397 1418 2687 2650 0 
1398 1406 2688 2651 0 
1415 1389 2689 2649 0 
1389 1426 2689 2668 0 
1399 1407 2690 2653 0 
1409 1402 2691 2656 0 
1391 1420 2692 2655 0 
1429 1420 2692 2672 0 
1418 1403 2693 2657 0 
1404 1405 2694 2658 0 
1419 1395 2695 2654 0 
1395 1432 2695 2675 0 
1416 1399 2696 2660 0 
1399 1438 2696 2690 0 
1421 1396 2697 2659 0 
1396 1435 2697 2686 0 
1422 1404 2698 2661 0 
1401 1417 2699 2662 0 
1402 1421 2700 2663 0 
1439 1421 2700 2691 0 
1406 1424 2701 2666 0 
1407 1425 2702 2667 0 
1423 1398 2703 2665 0 
1398 1437 2703 2688 0 
1405 1419 2704 2664 0 
1420 1408 2705 2669 0 
1408 1431 2705 2676 0 
1426 1397 2706 2668 0 
1397 1436 2706 2687 0 
1428 1409 2707 2671 0 
1403 1427 2708 2670 0 
1440 1427 2708 2693 0 
1411 1430 2709 2673 0 
1410 1429 2710 2672 0 
1412 1433 2711 2679 0 
1414 1423 2712 2677 0 
1432 1410 2713 2675 0 
1410 1449 2713 2710 0 
1413 1422 2714 2678 0 
1431 1412 2715 2674 0 
1412 1450 2715 2711 0 
1433 1400 2716 2679 0 
1400 1434 2716 2681 0 
1434 1401 2717 2681 0 
1401 1443 2717 2699 0 
1427 1413 2718 2680 0 
1413 1452 2718 2714 0 
1425 1415 2719 2682 0 
1430 1414 2720 2683 0 
1414 1451 2720 2712 0 
1424 1416 2721 2684 0 
1417 1428 2722 2685 0 
1415 1426 2723 2689 0 
1453 1426 2723 2719 0 
1435 1411 2724 2686 0 
1411 1448 2724 2709 0 
1437 1406 2725 2688 0 
1406 1444 2725 2701 0 
1436 1418 2726 2687 0 
1404 1441 2727 2694 0 
1442 1441 2727 2698 0 
1438 1407 2728 2690 0 
1407 1445 2728 2702 0 
1420 1431 2729 2705 0 
1429 1420 2730 2692 0 
1420 1457 2730 2729 0 
1409 1439 2731 2691 0 
1447 1439 2731 2707 0 
1441 1405 2732 2694 0 
1405 1446 2732 2704 0 
1419 1432 2733 2695 0 
1418 1440 2734 2693 0 
1456 1440 2734 2726 0 
1422 1442 2735 2698 0 
1416 1438 2736 2696 0 
1454 1438 2736 2721 0 
1421 1435 2737 2697 0 
1439 1421 2738 2700 0 
1421 1460 2738 2737 0 
1443 1417 2739 2699 0 
1417 1455 2739 2722 0 
1423 1437 2740 2703 0 
1444 1424 2741 2701 0 
1445 1425 2742 2702 0 
1426 1436 2743 2706 0 
1446 1419 2744 2704 0 
1419 1458 2744 2733 0 
1428 1447 2745 2707 0 
1440 1427 2746 2708 0 
1448 1430 2747 2709 0 
1449 1429 2748 2710 0 
1450 1433 2749 2711 0 
1433 1434 2750 2716 0 
1432 1449 2751 2713 0 
1451 1423 2752 2712 0 
1423 1461 2752 2740 0 
1452 1422 2753 2714 0 
1422 1459 2753 2735 0 
1431 1450 2754 2715 0 
1430 1451 2755 2720 0 
1467 1451 2755 2747 0 
1434 1443 2756 2717 0 
1470 1443 2756 2750 0 
1427 1452 2757 2718 0 
1466 1452 2757 2746 0 
1425 1453 2758 2719 0 
1463 1453 2758 2742 0 
1424 1454 2759 2721 0 
1462 1454 2759 2741 0 
1455 1428 2760 2722 0 
1428 1465 2760 2745 0 
1442 1441 2761 2727 0 
1437 1444 2762 2725 0 
1435 1448 2763 2724 0 
1436 1456 2764 2726 0 
1453 1426 2765 2723 0 
1426 1464 2765 2743 0 
1438 1445 2766 2728 0 
1447 1439 2767 2731 0 
1441 1446 2768 2732 0 
1473 1446 2768 2761 0 
1456 1440 2769 2734 0 
1457 1431 2770 2729 0 
1431 1472 2770 2754 0 
1429 1457 2771 2730 0 
1468 1457 2771 2748 0 
1458 1432 2772 2733 0 
1432 1471 2772 2751 0 
1459 1442 2773 2735 0 
1442 1473 2773 2761 0 
1454 1438 2774 2736 0 
1438 1477 2774 2766 0 
1460 1435 2775 2737 0 
1435 1475 2775 2763 0 
1439 1460 2776 2738 0 
1478 1460 2776 2767 0 
1443 1455 2777 2739 0 
1444 1462 2778 2741 0 
1445 1463 2779 2742 0 
1461 1437 2780 2740 0 
1437 1474 2780 2762 0 
1465 1447 2781 2745 0 
1446 1458 2782 2744 0 
1464 1436 2783 2743 0 
1436 1476 2783 2764 0 
1448 1467 2784 2747 0 
1469 1433 2785 2749 0 
1433 1470 2785 2750 0 
1440 1466 2786 2746 0 
1479 1466 2786 2769 0 
1449 1468 2787 2748 0 
1450 1469 2788 2749 0 
1451 1461 2789 2752 0 
1471 1449 2790 2751 0 
1449 1483 2790 2787 0 
1452 1459 2791 2753 0 
1470 1443 2792 2756 0 
1443 1480 2792 2777 0 
1467 1451 2793 2755 0 
1451 1485 2793 2789 0 
1462 1454 2794 2759 0 
1463 1453 2795 2758 0 
1455 1465 2796 2760 0 
1466 1452 2797 2757 0 
1472 1450 2798 2754 0 
1450 1484 2798 2788 0 
1453 1464 2799 2765 0 
101 1464 2799 2795 0 
1474 1444 2800 2762 0 
1444 105 2800 2778 0 
1475 1448 2801 2763 0 
1476 1456 2802 2764 0 
1473 1446 2803 2768 0 
1446 1482 2803 2782 0 
1459 1473 2804 2773 0 
1477 1445 2805 2766 0 
1445 1481 2805 2779 0 
1447 1478 2806 2767 0 
110 1478 2806 2781 0 
1468 1457 2807 2771 0 
1456 1479 2808 2769 0 
1457 1472 2809 2770 0 
91 1472 2809 2807 0 
1458 1471 2810 2772 0 
1454 1477 2811 2774 0 
1460 1475 2812 2775 0 
1478 1460 2813 2776 0 
1460 109 2813 2812 0 
108 1448 2814 2801 0 
1448 5 2814 2784 0 
2 90 2851 2943 4 
1461 1474 2815 2780 0 
1480 1455 2816 2777 0 
1455 111 2816 2796 0 
1469 1470 2817 2785 0 
1481 1463 2818 2779 0 
1464 1476 2819 2783 0 
1482 1458 2820 2782 0 
1458 94 2820 2810 0 
1479 1466 2821 2786 0 
1466 97 2821 2797 0 
97 1452 2822 2797 0 
1452 96 2822 2791 0 
90 91 2844 2944 4 
1483 1468 2823 2787 0 
99 1456 2824 2802 0 
1456 98 2824 2808 0 
91 92 2842 2945 4 
1471 1483 2825 2790 0 
1484 1469 2826 2788 0 
1485 1461 2827 2789 0 
1461 106 2827 2815 0 
1470 1480 2828 2792 0 
113 1480 2828 2817 0 
1467 1485 2829 2793 0 
4 1463 2830 2818 0 
1463 101 2830 2795 0 
92 93 2849 2946 4 
1459 3 2831 2804 0 
93 94 2843 2947 4 
96 3 2831 2791 0 
105 1462 2832 2778 0 
1462 104 2832 2794 0 
94 95 2856 2948 4 
104 1454 2833 2794 0 
1454 103 2833 2811 0 
95 3 2841 2949 4 
1465 110 2834 2781 0 
3 96 2831 2950 4 
111 110 2834 2796 0 
1472 1484 2835 2798 0 
5 1467 2836 2784 0 
1467 107 2836 2829 0 
96 97 2822 2951 4 
1473 1482 2837 2803 0 
2 1469 2838 2826 0 
1469 113 2838 2817 0 
97 98 2850 2952 4 
1477 1481 2839 2805 0 
101 1464 2840 2799 0 
1464 100 2840 2819 0 
98 99 2824 2953 4 
3 1473 2841 2804 0 
1473 95 2841 2837 0 
99 100 2846 2954 4 
92 1468 2842 2823 0 
1468 91 2842 2807 0 
100 101 2840 2955 4 
1471 93 2843 2825 0 
101 4 2830 2956 4 
94 93 2843 2810 0 
1472 90 2844 2835 0 
4 102 2847 2957 4 
91 90 2844 2809 0 
1474 105 2845 2800 0 
102 103 2853 2958 4 
106 105 2845 2815 0 
1476 99 2846 2802 0 
103 104 2833 2959 4 
100 99 2846 2819 0 
1481 4 2847 2818 0 
104 105 2832 2960 4 
102 4 2847 2839 0 
110 1478 2848 2806 0 
1478 109 2848 2813 0 
105 106 2845 2961 4 
1483 92 2849 2823 0 
106 107 2857 2962 4 
93 92 2849 2825 0 
98 1479 2850 2808 0 
1479 97 2850 2821 0 
107 5 2836 2963 4 
1484 2 2851 2826 0 
5 108 2814 2964 4 
90 2 2851 2835 0 
1475 108 2852 2801 0 
108 109 2852 2965 4 
109 108 2852 2812 0 
1477 102 2853 2839 0 
109 110 2848 2966 4 
103 102 2853 2811 0 
1480 111 2854 2816 0 
110 111 2834 2967 4 
113 1480 2855 2828 0 
1480 112 2855 2854 0 
111 112 2854 2968 4 
95 1482 2856 2837 0 
1482 94 2856 2820 0 
112 113 2855 2969 4 
107 1485 2857 2829 0 
1485 106 2857 2827 0 
113 2 2838 2970 4 
