47 114 1 2 
114 46 1 6 
47 115 2 3 
115 114 2 7 
48 115 3 5 
46 116 4 6 
116 45 4 12 
48 117 5 8 
117 115 5 13 
114 116 6 14 
115 118 7 15 
118 114 7 17 
48 119 8 9 
119 117 8 18 
49 119 9 11 
45 120 10 12 
120 44 10 21 
49 121 11 16 
121 119 11 19 
116 120 12 20 
117 122 13 23 
122 115 13 15 
114 123 14 17 
123 116 14 24 
122 118 15 25 
50 121 16 22 
118 123 17 27 
119 124 18 30 
124 117 18 31 
121 125 19 33 
125 119 19 30 
116 126 20 24 
126 120 20 34 
120 127 21 28 
127 44 21 26 
50 128 22 32 
128 121 22 29 
117 129 23 31 
129 122 23 42 
123 126 24 41 
122 130 25 47 
130 118 25 39 
127 43 26 38 
118 131 27 39 
131 123 27 44 
120 132 28 34 
132 127 28 40 
128 133 29 35 
133 121 29 33 
125 124 30 48 
124 129 31 52 
51 128 32 37 
133 125 33 51 
126 132 34 55 
128 134 35 45 
134 133 35 56 
43 135 36 38 
135 42 36 53 
51 136 37 43 
136 128 37 45 
127 135 38 46 
130 131 39 60 
132 137 40 59 
137 127 40 46 
123 138 41 44 
138 126 41 66 
129 139 42 67 
139 122 42 47 
52 136 43 50 
131 138 44 65 
136 134 45 54 
137 135 46 57 
139 130 47 71 
125 140 48 51 
140 124 48 52 
42 141 49 53 
141 41 49 69 
52 142 50 58 
142 136 50 61 
133 140 51 74 
140 129 52 76 
135 141 53 62 
136 143 54 61 
143 134 54 77 
126 144 55 66 
144 132 55 83 
134 145 56 81 
145 133 56 74 
137 146 57 79 
146 135 57 62 
53 142 58 64 
132 147 59 83 
147 137 59 87 
130 148 60 86 
148 131 60 89 
142 143 61 82 
146 141 62 85 
41 149 63 69 
149 40 63 73 
53 150 64 68 
150 142 64 80 
131 151 65 89 
151 138 65 95 
138 144 66 92 
129 152 67 76 
152 139 67 94 
54 150 68 70 
141 149 69 84 
54 153 70 78 
153 150 70 97 
139 154 71 104 
154 130 71 86 
39 155 72 93 
155 38 72 112 
149 156 73 99 
156 40 73 75 
145 140 74 96 
156 39 75 93 
140 152 76 100 
143 157 77 102 
157 134 77 81 
55 153 78 91 
137 158 79 87 
158 146 79 105 
150 159 80 108 
159 142 80 82 
157 145 81 109 
159 143 82 110 
144 147 83 103 
141 160 84 85 
160 149 84 111 
146 160 85 113 
154 148 86 101 
147 158 87 114 
56 161 88 107 
161 55 88 91 
148 151 89 115 
38 162 90 112 
162 37 90 126 
161 153 91 118 
138 163 92 95 
163 144 92 121 
156 155 93 120 
152 164 94 125 
164 139 94 104 
151 163 95 124 
145 165 96 127 
165 140 96 122 
153 166 97 129 
166 150 97 108 
57 167 98 123 
167 56 98 107 
149 168 99 111 
168 156 99 130 
140 169 100 122 
169 152 100 131 
154 170 101 140 
170 148 101 135 
143 171 102 110 
171 157 102 132 
144 172 103 121 
172 147 103 133 
164 154 104 136 
158 173 105 137 
173 146 105 113 
37 174 106 126 
174 36 106 149 
167 161 107 138 
166 159 108 139 
157 175 109 145 
175 145 109 127 
159 171 110 142 
160 168 111 143 
155 162 112 141 
173 160 113 147 
147 176 114 133 
176 158 114 150 
148 177 115 135 
177 151 115 151 
1 178 116 174 
178 89 116 202 
58 179 117 144 
179 57 117 123 
161 180 118 154 
180 153 118 129 
36 181 119 149 
181 35 119 164 
156 182 120 130 
182 155 120 156 
163 172 121 153 
165 169 122 157 
179 167 123 160 
151 183 124 151 
183 163 124 165 
152 184 125 131 
184 164 125 163 
162 174 126 162 
175 165 127 161 
59 185 128 158 
185 58 128 144 
180 166 129 168 
168 182 130 169 
169 184 131 170 
171 186 132 171 
186 157 132 145 
172 176 133 167 
35 187 134 164 
187 34 134 188 
170 177 135 177 
164 188 136 187 
188 154 136 140 
158 189 137 150 
189 173 137 178 
167 190 138 180 
190 161 138 154 
166 191 139 181 
191 159 139 142 
188 170 140 192 
155 192 141 156 
192 162 141 184 
191 171 142 185 
160 193 143 147 
193 168 143 186 
185 179 144 182 
186 175 145 190 
89 194 146 202 
194 88 146 253 
173 193 147 191 
60 195 148 179 
195 59 148 158 
174 181 149 189 
176 189 150 195 
177 183 151 193 
34 196 152 188 
196 33 152 205 
163 197 153 165 
197 172 153 204 
190 180 154 201 
6 198 155 210 
198 1 155 176 
182 192 156 203 
165 199 157 161 
199 169 157 170 
195 185 158 207 
61 200 159 197 
200 60 159 179 
179 201 160 208 
201 167 160 180 
175 199 161 209 
162 202 162 184 
202 174 162 212 
184 203 163 217 
203 164 163 187 
181 187 164 211 
183 197 165 214 
33 204 166 205 
204 32 166 223 
172 205 167 204 
205 176 167 220 
180 206 168 221 
206 166 168 181 
168 207 169 186 
207 182 169 222 
199 184 170 218 
171 208 171 185 
208 186 171 224 
62 209 172 215 
209 61 172 197 
88 210 173 253 
210 87 173 307 
1 211 174 175 
211 178 174 225 
1 212 175 176 
212 211 175 200 
198 212 176 196 
170 213 177 216 
213 177 177 233 
189 214 178 230 
214 173 178 191 
200 195 179 228 
201 190 180 229 
206 191 181 234 
185 215 182 237 
215 179 182 208 
32 216 183 223 
216 31 183 245 
192 202 184 235 
191 208 185 239 
193 207 186 240 
203 188 187 241 
187 196 188 236 
174 217 189 212 
217 181 189 242 
186 218 190 248 
218 175 190 209 
214 193 191 244 
188 219 192 250 
219 170 192 216 
177 220 193 233 
220 183 193 246 
63 221 194 238 
221 62 194 215 
176 222 195 220 
222 189 195 256 
198 223 196 313 
223 212 196 231 
209 200 197 252 
31 224 198 245 
224 30 198 263 
7 225 199 271 
225 6 199 210 
212 226 200 251 
226 211 200 262 
190 227 201 258 
227 180 201 221 
178 194 202 286 
182 228 203 222 
228 192 203 261 
197 205 204 257 
196 204 205 259 
64 229 206 254 
229 63 206 238 
195 230 207 265 
230 185 207 237 
215 201 208 266 
218 199 209 264 
225 198 210 317 
181 231 211 242 
231 187 211 269 
202 217 212 268 
30 232 213 263 
232 29 213 277 
183 233 214 246 
233 197 214 280 
221 209 215 274 
219 213 216 272 
184 234 217 218 
234 203 217 283 
199 234 218 282 
65 235 219 273 
235 64 219 254 
205 222 220 284 
227 206 221 278 
207 228 222 285 
204 216 223 279 
208 236 224 289 
236 186 224 248 
211 237 225 275 
237 178 225 344 
87 238 226 307 
238 86 226 402 
29 239 227 277 
239 28 227 297 
200 240 228 291 
240 195 228 265 
201 241 229 293 
241 190 229 258 
189 242 230 256 
242 214 230 295 
223 243 231 310 
243 212 231 251 
66 244 232 287 
244 65 232 273 
213 220 233 294 
206 245 234 302 
245 191 234 239 
192 246 235 261 
246 202 235 301 
187 247 236 269 
247 196 236 300 
230 215 237 298 
229 221 238 296 
245 208 239 305 
193 248 240 244 
248 207 240 306 
203 249 241 319 
249 188 241 250 
217 231 242 308 
28 250 243 297 
250 27 243 318 
214 248 244 314 
216 224 245 309 
220 233 246 304 
67 251 247 311 
251 66 247 287 
236 218 248 322 
8 252 249 350 
252 7 249 271 
249 219 250 333 
243 226 251 324 
209 253 252 325 
253 200 252 291 
194 210 253 366 
235 229 254 321 
27 254 255 318 
254 26 255 335 
222 242 256 334 
197 255 257 280 
255 205 257 330 
241 227 258 329 
196 256 259 300 
256 204 259 336 
68 257 260 326 
257 67 260 311 
228 246 261 337 
226 258 262 341 
258 211 262 275 
224 232 263 332 
218 259 264 355 
259 199 264 327 
240 230 265 339 
215 260 266 343 
260 201 266 293 
26 261 267 335 
261 25 267 353 
202 262 268 301 
262 217 268 352 
231 247 269 349 
69 263 270 342 
263 68 270 326 
252 225 271 414 
219 264 272 345 
264 213 272 364 
244 235 273 348 
221 265 274 357 
265 209 274 325 
258 237 275 409 
25 266 276 353 
266 24 276 370 
232 239 277 358 
227 267 278 329 
267 206 278 302 
204 268 279 336 
268 216 279 372 
233 255 280 368 
70 269 281 360 
269 69 281 342 
199 270 282 327 
270 234 282 381 
234 271 283 383 
271 203 283 319 
205 272 284 330 
272 222 284 380 
207 273 285 306 
273 228 285 376 
178 274 286 344 
274 194 286 366 
251 244 287 375 
24 275 288 370 
275 23 288 385 
208 276 289 305 
276 236 289 386 
86 277 290 402 
277 85 290 456 
253 240 291 379 
71 278 292 378 
278 70 292 360 
260 241 293 387 
213 279 294 364 
279 220 294 399 
242 280 295 393 
280 214 295 314 
229 281 296 390 
281 221 296 357 
239 250 297 384 
230 282 298 392 
282 215 298 343 
23 283 299 385 
283 22 299 398 
247 256 300 391 
246 262 301 394 
267 245 302 396 
72 284 303 389 
284 71 303 378 
220 285 304 399 
285 233 304 403 
245 276 305 406 
248 273 306 401 
210 238 307 452 
217 286 308 352 
286 231 308 407 
216 287 309 372 
287 224 309 405 
223 288 310 444 
288 243 310 412 
257 251 311 395 
22 289 312 398 
289 21 312 410 
198 290 313 317 
290 223 313 444 
280 248 314 411 
9 291 315 438 
291 8 315 350 
73 292 316 404 
292 72 316 389 
225 290 317 477 
250 254 318 408 
271 249 319 421 
21 293 320 410 
293 20 320 417 
235 294 321 418 
294 229 321 390 
236 295 322 426 
295 218 322 355 
74 296 323 413 
296 73 323 404 
243 297 324 435 
297 226 324 400 
265 253 325 416 
263 257 326 415 
259 270 327 428 
20 298 328 417 
298 19 328 423 
241 267 329 397 
255 272 330 422 
75 299 331 419 
299 74 331 413 
224 300 332 405 
300 232 332 425 
249 301 333 442 
301 219 333 345 
222 302 334 380 
302 242 334 439 
254 261 335 420 
256 268 336 424 
228 303 337 376 
303 246 337 430 
19 304 338 423 
304 18 338 431 
240 305 339 432 
305 230 339 392 
76 306 340 427 
306 75 340 419 
226 307 341 400 
307 258 341 449 
269 263 342 429 
282 260 343 434 
237 274 344 497 
301 264 345 440 
18 308 346 431 
308 17 346 437 
77 309 347 433 
309 76 347 427 
244 310 348 443 
310 235 348 418 
231 311 349 407 
311 247 349 447 
291 252 350 506 
17 312 351 437 
312 16 351 445 
262 286 352 446 
261 266 353 436 
78 313 354 441 
313 77 354 433 
295 259 355 463 
16 314 356 445 
314 15 356 453 
281 265 357 451 
232 315 358 425 
315 239 358 455 
79 316 359 450 
316 78 359 441 
278 269 360 448 
85 317 361 456 
317 84 361 467 
15 318 362 453 
318 14 362 457 
80 319 363 454 
319 79 363 450 
264 279 364 466 
14 320 365 457 
320 13 365 460 
274 210 366 475 
81 321 367 459 
321 80 367 454 
233 322 368 403 
322 255 368 476 
13 323 369 460 
323 12 369 462 
266 275 370 458 
82 324 371 461 
324 81 371 459 
268 287 372 464 
12 325 373 462 
325 11 373 468 
83 326 374 465 
326 82 374 461 
251 327 375 472 
327 244 375 443 
273 303 376 471 
10 328 377 470 
328 9 377 438 
284 278 378 469 
253 329 379 479 
329 240 379 432 
272 302 380 483 
270 330 381 485 
330 234 381 383 
11 331 382 468 
331 10 382 470 
330 271 383 486 
239 332 384 455 
332 250 384 480 
275 283 385 474 
276 333 386 484 
333 236 386 426 
260 334 387 434 
334 241 387 397 
84 335 388 467 
335 83 388 465 
292 284 389 478 
294 281 390 481 
247 336 391 447 
336 256 391 491 
305 282 392 487 
242 337 393 439 
337 280 393 500 
246 338 394 430 
338 262 394 493 
257 339 395 492 
339 251 395 472 
267 340 396 494 
340 245 396 406 
334 267 397 495 
283 289 398 482 
279 285 399 489 
297 307 400 503 
248 341 401 411 
341 273 401 471 
238 277 402 549 
285 322 403 488 
296 292 404 490 
287 300 405 496 
340 276 406 502 
286 311 407 499 
250 342 408 480 
342 254 408 511 
258 343 409 473 
343 237 409 497 
289 293 410 498 
280 341 411 505 
288 344 412 516 
344 243 412 435 
299 296 413 501 
252 345 414 572 
345 225 414 477 
263 346 415 510 
346 257 415 492 
265 347 416 513 
347 253 416 479 
293 298 417 504 
310 294 418 509 
306 299 419 508 
254 348 420 511 
348 261 420 515 
271 349 421 529 
349 249 421 442 
255 350 422 476 
350 272 422 483 
298 304 423 512 
256 351 424 491 
351 268 424 520 
300 315 425 517 
333 295 426 527 
309 306 427 514 
259 352 428 463 
352 270 428 485 
269 353 429 523 
353 263 429 510 
303 338 430 524 
304 308 431 518 
329 305 432 525 
313 309 433 519 
282 334 434 507 
344 297 435 546 
261 354 436 515 
354 266 436 532 
308 312 437 522 
328 291 438 564 
302 337 439 543 
301 355 440 555 
355 264 440 533 
316 313 441 526 
349 301 442 558 
327 310 443 531 
290 288 444 556 
312 314 445 528 
262 356 446 493 
356 286 446 545 
311 336 447 537 
278 357 448 540 
357 269 448 523 
307 358 449 554 
358 258 449 473 
319 316 450 530 
281 359 451 548 
359 265 451 513 
210 360 452 475 
360 238 452 606 
314 318 453 534 
321 319 454 535 
315 332 455 544 
277 317 456 536 
318 320 457 538 
266 361 458 532 
361 275 458 557 
324 321 459 539 
320 323 460 541 
326 324 461 542 
323 325 462 547 
295 352 463 560 
268 362 464 520 
362 287 464 563 
335 326 465 551 
264 363 466 533 
363 279 466 569 
317 335 467 550 
325 331 468 552 
284 364 469 561 
364 278 469 540 
331 328 470 553 
341 303 471 521 
339 327 472 562 
358 343 473 621 
275 365 474 557 
365 283 474 565 
274 360 475 622 
322 350 476 566 
345 290 477 616 
292 366 478 571 
366 284 478 561 
347 329 479 570 
332 342 480 568 
294 367 481 574 
367 281 481 548 
283 368 482 565 
368 289 482 573 
350 302 483 559 
276 369 484 502 
369 333 484 579 
352 330 485 567 
330 370 486 589 
370 271 486 529 
305 371 487 525 
371 282 487 507 
285 372 488 584 
372 322 488 585 
279 373 489 569 
373 285 489 584 
296 374 490 578 
374 292 490 571 
336 351 491 577 
346 339 492 575 
338 356 493 580 
267 375 494 495 
375 340 494 586 
334 375 495 587 
287 376 496 563 
376 300 496 583 
343 274 497 600 
289 377 498 573 
377 293 498 581 
286 378 499 545 
378 311 499 590 
337 379 500 594 
379 280 500 505 
299 380 501 588 
380 296 501 578 
340 369 502 593 
297 381 503 576 
381 307 503 604 
293 382 504 581 
382 298 504 591 
379 341 505 602 
291 383 506 661 
383 252 506 572 
371 334 507 596 
306 384 508 595 
384 299 508 588 
310 385 509 599 
385 294 509 574 
353 346 510 592 
342 348 511 582 
298 386 512 591 
386 304 512 601 
359 347 513 598 
309 387 514 605 
387 306 514 595 
348 354 515 603 
288 388 516 613 
388 344 516 617 
300 389 517 583 
389 315 517 610 
304 390 518 601 
390 308 518 607 
313 391 519 609 
391 309 519 605 
351 362 520 611 
341 392 521 620 
392 303 521 524 
308 393 522 607 
393 312 522 612 
357 353 523 608 
392 338 524 624 
329 371 525 597 
316 394 526 614 
394 313 526 609 
333 395 527 644 
395 295 527 560 
312 396 528 612 
396 314 528 618 
370 349 529 635 
319 397 530 619 
397 316 530 614 
327 398 531 626 
398 310 531 599 
354 361 532 615 
355 363 533 632 
314 399 534 618 
399 318 534 625 
321 400 535 628 
400 319 535 619 
277 401 536 623 
401 317 536 630 
311 402 537 590 
402 336 537 637 
318 403 538 625 
403 320 538 629 
324 404 539 631 
404 321 539 628 
364 357 540 627 
320 405 541 629 
405 323 541 633 
326 406 542 634 
406 324 542 631 
302 407 543 559 
407 337 543 649 
315 408 544 610 
408 332 544 645 
356 378 545 640 
344 409 546 653 
409 297 546 576 
323 410 547 633 
410 325 547 636 
367 359 548 638 
238 411 549 606 
411 277 549 623 
317 412 550 630 
412 335 550 643 
335 413 551 643 
413 326 551 634 
325 414 552 636 
414 331 552 642 
331 415 553 642 
415 328 553 641 
307 416 554 604 
416 358 554 651 
301 417 555 558 
417 355 555 656 
290 418 556 697 
418 288 556 613 
361 365 557 639 
349 417 558 657 
350 407 559 654 
395 352 560 655 
366 364 561 646 
339 419 562 650 
419 327 562 626 
362 376 563 647 
328 420 564 641 
420 291 564 661 
365 368 565 648 
322 421 566 585 
421 350 566 663 
352 422 567 669 
422 330 567 589 
332 423 568 645 
423 342 568 659 
363 373 569 658 
347 424 570 598 
424 329 570 597 
374 366 571 652 
383 345 572 714 
368 377 573 660 
385 367 574 662 
346 425 575 667 
425 339 575 650 
409 381 576 665 
336 426 577 637 
426 351 577 611 
380 374 578 664 
369 427 579 680 
427 333 579 644 
338 428 580 624 
428 356 580 640 
377 382 581 668 
342 429 582 659 
429 348 582 674 
376 389 583 672 
373 372 584 670 
372 421 585 678 
375 430 586 682 
430 340 586 593 
334 431 587 596 
431 375 587 679 
384 380 588 671 
422 370 589 666 
378 402 590 676 
382 386 591 675 
353 432 592 683 
432 346 592 667 
430 369 593 690 
337 433 594 649 
433 379 594 698 
387 384 595 677 
371 431 596 691 
424 371 597 687 
359 424 598 673 
398 385 599 686 
343 434 600 754 
434 274 600 622 
386 390 601 681 
379 435 602 700 
435 341 602 620 
348 436 603 674 
436 354 603 693 
381 416 604 701 
391 387 605 685 
360 411 606 735 
390 393 607 689 
357 437 608 702 
437 353 608 683 
394 391 609 692 
389 408 610 696 
426 362 611 684 
393 396 612 694 
418 388 613 747 
397 394 614 699 
354 438 615 693 
438 361 615 709 
345 439 616 714 
439 290 616 697 
388 440 617 727 
440 344 617 653 
396 399 618 703 
400 397 619 704 
435 392 620 723 
358 441 621 688 
441 343 621 754 
434 360 622 770 
411 401 623 721 
392 428 624 716 
399 403 625 705 
419 398 626 712 
364 442 627 722 
442 357 627 702 
404 400 628 707 
403 405 629 708 
401 412 630 710 
406 404 631 711 
355 443 632 706 
443 363 632 729 
405 410 633 713 
413 406 634 715 
370 444 635 733 
444 349 635 657 
410 414 636 717 
402 426 637 724 
367 445 638 662 
445 359 638 673 
361 446 639 709 
446 365 639 726 
428 378 640 695 
415 420 641 720 
414 415 642 719 
412 413 643 718 
427 395 644 730 
408 423 645 725 
366 447 646 728 
447 364 646 722 
362 448 647 684 
448 376 647 672 
365 449 648 726 
449 368 648 732 
407 433 649 738 
425 419 650 731 
416 450 651 740 
450 358 651 688 
374 451 652 736 
451 366 652 728 
440 409 653 745 
350 452 654 663 
452 407 654 761 
395 453 655 758 
453 352 655 669 
417 454 656 751 
454 355 656 706 
444 417 657 750 
363 455 658 729 
455 373 658 749 
423 429 659 737 
368 456 660 732 
456 377 660 741 
420 383 661 739 
385 445 662 734 
421 452 663 755 
380 457 664 743 
457 374 664 736 
409 458 665 763 
458 381 665 746 
422 459 666 762 
459 370 666 733 
432 425 667 744 
377 460 668 741 
460 382 668 748 
453 422 669 759 
373 461 670 749 
461 372 670 757 
384 462 671 752 
462 380 671 743 
448 389 672 742 
445 424 673 756 
429 436 674 753 
382 463 675 748 
463 386 675 760 
378 464 676 695 
464 402 676 724 
387 465 677 764 
465 384 677 752 
372 466 678 757 
466 421 678 773 
431 467 679 771 
467 375 679 682 
369 468 680 690 
468 427 680 774 
386 469 681 760 
469 390 681 766 
467 430 682 775 
437 432 683 765 
426 448 684 767 
391 470 685 768 
470 387 685 764 
398 471 686 712 
471 385 686 734 
424 472 687 781 
472 371 687 691 
450 441 688 819 
390 473 689 766 
473 393 689 772 
430 468 690 775 
472 431 691 788 
394 474 692 776 
474 391 692 768 
436 438 693 769 
393 475 694 772 
475 396 694 778 
428 464 695 780 
389 476 696 742 
476 408 696 725 
439 418 697 823 
433 477 698 792 
477 379 698 700 
397 478 699 779 
478 394 699 776 
477 435 700 793 
381 479 701 746 
479 416 701 804 
442 437 702 777 
396 480 703 778 
480 399 703 784 
400 481 704 786 
481 397 704 779 
399 482 705 784 
482 403 705 789 
454 443 706 795 
404 483 707 791 
483 400 707 786 
403 484 708 789 
484 405 708 794 
438 446 709 787 
401 485 710 790 
485 412 710 797 
406 486 711 796 
486 404 711 791 
419 471 712 782 
405 487 713 794 
487 410 713 798 
383 439 714 807 
413 488 715 801 
488 406 715 796 
392 489 716 723 
489 428 716 806 
410 490 717 798 
490 414 717 802 
412 491 718 797 
491 413 718 801 
414 492 719 802 
492 415 719 803 
415 493 720 803 
493 420 720 809 
411 494 721 810 
494 401 721 790 
447 442 722 800 
435 489 723 793 
464 426 724 783 
476 423 725 799 
446 449 726 805 
388 495 727 785 
495 440 727 814 
451 447 728 808 
443 455 729 812 
427 496 730 820 
496 395 730 758 
425 497 731 744 
497 419 731 782 
449 456 732 811 
459 444 733 816 
471 445 734 815 
360 498 735 770 
498 411 735 810 
457 451 736 813 
423 499 737 799 
499 429 737 753 
407 500 738 761 
500 433 738 828 
420 501 739 809 
501 383 739 807 
416 502 740 804 
502 450 740 831 
456 460 741 818 
448 476 742 822 
462 457 743 821 
432 497 744 830 
440 503 745 838 
503 409 745 763 
458 479 746 834 
418 504 747 886 
504 388 747 785 
460 463 748 824 
455 461 749 827 
444 505 750 839 
505 417 750 751 
505 454 751 840 
465 462 752 826 
499 436 753 825 
441 434 754 842 
421 506 755 773 
506 452 755 844 
445 507 756 843 
507 424 756 781 
461 466 757 832 
496 453 758 845 
453 508 759 852 
508 422 759 762 
463 469 760 829 
452 500 761 847 
508 459 762 850 
503 458 763 854 
470 465 764 833 
437 509 765 777 
509 432 765 830 
469 473 766 835 
426 510 767 783 
510 448 767 856 
474 470 768 836 
436 511 769 825 
511 438 769 787 
434 498 770 891 
431 512 771 788 
512 467 771 862 
473 475 772 841 
466 506 773 864 
468 513 774 871 
513 427 774 820 
467 468 775 817 
478 474 776 846 
442 509 777 849 
475 480 778 848 
481 478 779 851 
428 514 780 806 
514 464 780 875 
507 472 781 873 
497 471 782 859 
464 510 783 874 
480 482 784 853 
504 495 785 908 
483 481 786 855 
511 446 787 857 
472 512 788 876 
482 484 789 858 
494 485 790 860 
486 483 791 861 
433 515 792 828 
515 477 792 879 
477 489 793 837 
484 487 794 863 
454 516 795 840 
516 443 795 812 
488 486 796 865 
485 491 797 866 
487 490 798 867 
476 499 799 872 
447 517 800 808 
517 442 800 849 
491 488 801 868 
490 492 802 870 
492 493 803 869 
479 502 804 880 
446 518 805 857 
518 449 805 811 
489 514 806 884 
501 439 807 894 
451 517 808 877 
493 501 809 883 
498 494 810 882 
518 456 811 881 
516 455 812 885 
457 519 813 821 
519 451 813 877 
495 520 814 896 
520 440 814 838 
471 521 815 892 
521 445 815 843 
459 522 816 897 
522 444 816 839 
467 523 817 862 
523 468 817 889 
456 524 818 881 
524 460 818 824 
450 525 819 878 
525 441 819 940 
513 496 820 899 
462 519 821 890 
448 526 822 856 
526 476 822 900 
439 527 823 894 
527 418 823 886 
524 463 824 893 
499 511 825 895 
465 528 826 833 
528 462 826 890 
455 529 827 885 
529 461 827 904 
500 515 828 905 
463 530 829 893 
530 469 829 835 
509 497 830 888 
502 531 831 906 
531 450 831 878 
461 532 832 904 
532 466 832 907 
470 528 833 901 
458 533 834 898 
533 479 834 912 
530 473 835 903 
474 534 836 846 
534 470 836 901 
477 535 837 902 
535 489 837 884 
520 503 838 916 
522 505 839 917 
505 516 840 887 
473 536 841 903 
536 475 841 848 
441 537 842 940 
537 434 842 891 
521 507 843 913 
506 538 844 927 
538 452 844 847 
496 539 845 925 
539 453 845 852 
478 534 846 909 
538 500 847 929 
536 480 848 911 
517 509 849 910 
508 540 850 931 
540 459 850 897 
481 541 851 855 
541 478 851 909 
539 508 852 932 
480 542 853 911 
542 482 853 858 
503 543 854 934 
543 458 854 898 
483 541 855 914 
510 526 856 924 
511 518 857 915 
542 484 858 918 
497 544 859 930 
544 471 859 892 
494 545 860 933 
545 485 860 919 
486 546 861 865 
546 483 861 914 
512 523 862 920 
484 547 863 918 
547 487 863 867 
466 548 864 907 
548 506 864 935 
488 546 865 921 
485 549 866 919 
549 491 866 923 
547 490 867 922 
491 550 868 923 
550 488 868 921 
492 551 869 870 
551 493 869 883 
490 551 870 926 
468 552 871 889 
552 513 871 937 
476 553 872 900 
553 499 872 938 
507 554 873 941 
554 472 873 876 
464 555 874 875 
555 510 874 945 
514 555 875 946 
554 512 876 944 
519 517 877 936 
531 525 878 973 
515 556 879 947 
556 477 879 902 
479 557 880 912 
557 502 880 951 
518 524 881 942 
498 558 882 950 
558 494 882 933 
551 501 883 943 
535 514 884 939 
516 529 885 949 
527 504 886 981 
505 559 887 954 
559 516 887 955 
509 560 888 957 
560 497 888 930 
523 552 889 956 
528 519 890 948 
537 498 891 950 
544 521 892 958 
524 530 893 952 
501 527 894 959 
499 561 895 938 
561 511 895 962 
495 562 896 928 
562 520 896 965 
540 522 897 960 
543 533 898 953 
513 563 899 970 
563 496 899 925 
526 553 900 964 
534 528 901 961 
556 535 902 969 
530 536 903 963 
529 532 904 966 
500 564 905 929 
564 515 905 979 
502 565 906 951 
565 531 906 978 
532 548 907 968 
504 566 908 1016 
566 495 908 928 
541 534 909 967 
517 567 910 976 
567 509 910 957 
536 542 911 971 
533 557 912 982 
521 568 913 984 
568 507 913 941 
546 541 914 972 
511 569 915 962 
569 518 915 983 
520 570 916 987 
570 503 916 934 
522 571 917 992 
571 505 917 954 
542 547 918 974 
545 549 919 975 
512 572 920 944 
572 523 920 986 
550 546 921 977 
547 573 922 991 
573 490 922 926 
549 550 923 980 
510 574 924 945 
574 526 924 988 
563 539 925 989 
573 551 926 993 
506 575 927 935 
575 538 927 997 
566 562 928 1032 
538 564 929 994 
560 544 930 985 
508 576 931 932 
576 540 931 998 
539 576 932 1001 
558 545 933 990 
570 543 934 1002 
548 575 935 999 
519 577 936 995 
577 517 936 976 
552 578 937 1004 
578 513 937 970 
553 561 938 996 
535 579 939 1007 
579 514 939 946 
525 537 940 1019 
568 554 941 1003 
518 580 942 983 
580 524 942 1000 
551 581 943 1012 
581 501 943 959 
554 572 944 1006 
555 574 945 1008 
579 555 946 1010 
515 582 947 979 
582 556 947 1013 
528 583 948 1009 
583 519 948 995 
516 584 949 1005 
584 529 949 1020 
537 558 950 1018 
557 565 951 1015 
524 585 952 1000 
585 530 952 1011 
543 586 953 1002 
586 533 953 982 
571 559 954 1026 
559 587 955 1023 
587 516 955 1005 
523 588 956 986 
588 552 956 1004 
567 560 957 1014 
544 589 958 1024 
589 521 958 984 
581 527 959 1031 
540 590 960 1027 
590 522 960 992 
534 591 961 1021 
591 528 961 1009 
561 569 962 1022 
530 592 963 1011 
592 536 963 1025 
526 593 964 988 
593 553 964 1029 
562 594 965 1039 
594 520 965 987 
529 595 966 1020 
595 532 966 1033 
541 596 967 1028 
596 534 967 1021 
532 597 968 1033 
597 548 968 1034 
556 598 969 1013 
598 535 969 1007 
578 563 970 1036 
536 599 971 1025 
599 542 971 1030 
546 600 972 1035 
600 541 972 1028 
531 601 973 1017 
601 525 973 1073 
542 602 974 1030 
602 547 974 1037 
545 603 975 990 
603 549 975 980 
577 567 976 1038 
550 604 977 1041 
604 546 977 1035 
565 605 978 1045 
605 531 978 1017 
564 582 979 1046 
603 550 980 1041 
527 606 981 1031 
606 504 981 1016 
586 557 982 1040 
569 580 983 1043 
589 568 984 1047 
560 607 985 1052 
607 544 985 1024 
572 588 986 1048 
594 570 987 1058 
574 593 988 1053 
563 608 989 1060 
608 539 989 1001 
558 603 990 1049 
547 609 991 1037 
609 573 991 1055 
590 571 992 1056 
573 610 993 1055 
610 551 993 1012 
538 611 994 997 
611 564 994 1064 
583 577 995 1051 
553 612 996 1029 
612 561 996 1059 
575 611 997 1066 
576 613 998 1062 
613 540 998 1027 
548 614 999 1034 
614 575 999 1063 
580 585 1000 1054 
608 576 1001 1068 
570 586 1002 1044 
568 615 1003 1067 
615 554 1003 1006 
588 578 1004 1042 
587 584 1005 1069 
615 572 1006 1071 
598 579 1007 1061 
555 616 1008 1010 
616 574 1008 1072 
591 583 1009 1065 
579 616 1010 1076 
585 592 1011 1070 
610 581 1012 1074 
582 598 1013 1050 
567 617 1014 1077 
617 560 1014 1052 
557 618 1015 1040 
618 565 1015 1081 
606 566 1016 1105 
605 601 1017 1107 
537 619 1018 1085 
619 558 1018 1049 
525 620 1019 1073 
620 537 1019 1085 
584 595 1020 1079 
596 591 1021 1075 
561 621 1022 1059 
621 569 1022 1082 
559 622 1023 1026 
622 587 1023 1087 
607 589 1024 1080 
592 599 1025 1078 
571 622 1026 1092 
613 590 1027 1086 
600 596 1028 1083 
593 612 1029 1089 
599 602 1030 1084 
581 606 1031 1094 
566 623 1032 1105 
623 562 1032 1057 
595 597 1033 1090 
597 614 1034 1093 
604 600 1035 1088 
578 624 1036 1097 
624 563 1036 1060 
602 609 1037 1095 
577 625 1038 1096 
625 567 1038 1077 
562 626 1039 1057 
626 594 1039 1101 
586 618 1040 1100 
603 604 1041 1091 
588 627 1042 1102 
627 578 1042 1097 
569 628 1043 1082 
628 580 1043 1098 
570 629 1044 1058 
629 586 1044 1103 
565 630 1045 1081 
630 605 1045 1106 
564 631 1046 1064 
631 582 1046 1109 
589 632 1047 1104 
632 568 1047 1067 
572 633 1048 1071 
633 588 1048 1102 
619 603 1049 1110 
582 634 1050 1109 
634 598 1050 1115 
583 635 1051 1111 
635 577 1051 1096 
617 607 1052 1108 
574 636 1053 1072 
636 593 1053 1113 
580 637 1054 1098 
637 585 1054 1112 
609 610 1055 1099 
590 638 1056 1122 
638 571 1056 1092 
623 626 1057 1148 
594 629 1058 1116 
612 621 1059 1114 
624 608 1060 1119 
598 639 1061 1118 
639 579 1061 1076 
576 640 1062 1068 
640 613 1062 1124 
614 641 1063 1121 
641 575 1063 1066 
611 631 1064 1126 
591 642 1065 1117 
642 583 1065 1111 
641 611 1066 1128 
632 615 1067 1120 
608 640 1068 1131 
587 643 1069 1087 
643 584 1069 1079 
585 644 1070 1112 
644 592 1070 1123 
615 633 1071 1125 
616 636 1072 1127 
601 620 1073 1160 
610 645 1074 1141 
645 581 1074 1094 
596 646 1075 1130 
646 591 1075 1117 
639 616 1076 1133 
625 617 1077 1129 
592 647 1078 1123 
647 599 1078 1132 
643 595 1079 1135 
607 648 1080 1140 
648 589 1080 1104 
618 630 1081 1142 
621 628 1082 1134 
600 649 1083 1137 
649 596 1083 1130 
599 650 1084 1132 
650 602 1084 1139 
620 619 1085 1145 
613 651 1086 1152 
651 590 1086 1122 
622 643 1087 1138 
604 652 1088 1143 
652 600 1088 1137 
593 653 1089 1113 
653 612 1089 1150 
595 654 1090 1135 
654 597 1090 1151 
603 655 1091 1144 
655 604 1091 1143 
638 622 1092 1156 
597 656 1093 1151 
656 614 1093 1154 
645 606 1094 1158 
602 657 1095 1139 
657 609 1095 1155 
635 625 1096 1153 
627 624 1097 1146 
628 637 1098 1157 
609 658 1099 1155 
658 610 1099 1141 
586 659 1100 1136 
659 618 1100 1168 
626 660 1101 1164 
660 594 1101 1116 
633 627 1102 1147 
629 661 1103 1169 
661 586 1103 1136 
648 632 1104 1163 
606 623 1105 1161 
630 662 1106 1167 
662 605 1106 1149 
605 663 1107 1149 
663 601 1107 1206 
617 664 1108 1166 
664 607 1108 1140 
631 634 1109 1159 
619 665 1110 1173 
665 603 1110 1144 
642 635 1111 1162 
637 644 1112 1165 
636 653 1113 1170 
612 666 1114 1150 
666 621 1114 1171 
634 667 1115 1174 
667 598 1115 1118 
660 629 1116 1178 
646 642 1117 1172 
667 639 1118 1177 
624 668 1119 1185 
668 608 1119 1131 
632 669 1120 1180 
669 615 1120 1125 
614 670 1121 1154 
670 641 1121 1188 
651 638 1122 1179 
644 647 1123 1175 
640 671 1124 1187 
671 613 1124 1152 
669 633 1125 1182 
611 672 1126 1128 
672 631 1126 1191 
616 673 1127 1133 
673 636 1127 1192 
641 672 1128 1198 
625 674 1129 1190 
674 617 1129 1166 
649 646 1130 1176 
668 640 1131 1197 
647 650 1132 1183 
639 673 1133 1199 
621 675 1134 1171 
675 628 1134 1196 
643 654 1135 1193 
661 659 1136 1205 
652 649 1137 1189 
622 676 1138 1181 
676 643 1138 1215 
650 657 1139 1195 
664 648 1140 1200 
658 645 1141 1186 
618 677 1142 1168 
677 630 1142 1211 
655 652 1143 1194 
665 655 1144 1202 
620 678 1145 1212 
678 619 1145 1173 
627 679 1146 1208 
679 624 1146 1185 
633 680 1147 1203 
680 627 1147 1201 
623 681 1148 1235 
681 626 1148 1184 
662 663 1149 1232 
653 666 1150 1209 
654 656 1151 1207 
671 651 1152 1214 
635 682 1153 1213 
682 625 1153 1190 
656 670 1154 1210 
657 658 1155 1204 
638 683 1156 1217 
683 622 1156 1181 
628 684 1157 1196 
684 637 1157 1216 
645 685 1158 1221 
685 606 1158 1161 
631 686 1159 1191 
686 634 1159 1218 
601 687 1160 1206 
687 620 1160 1212 
685 623 1161 1235 
642 688 1162 1219 
688 635 1162 1213 
648 689 1163 1222 
689 632 1163 1180 
626 690 1164 1184 
690 660 1164 1225 
637 691 1165 1216 
691 644 1165 1223 
674 664 1166 1220 
630 692 1167 1211 
692 662 1167 1229 
659 677 1168 1226 
629 693 1169 1178 
693 661 1169 1231 
636 694 1170 1192 
694 653 1170 1227 
666 675 1171 1224 
646 695 1172 1228 
695 642 1172 1219 
678 665 1173 1233 
634 696 1174 1218 
696 667 1174 1234 
644 697 1175 1223 
697 647 1175 1230 
649 698 1176 1236 
698 646 1176 1228 
667 699 1177 1234 
699 639 1177 1199 
660 693 1178 1243 
651 700 1179 1250 
700 638 1179 1217 
689 669 1180 1238 
683 676 1181 1244 
669 701 1182 1248 
701 633 1182 1203 
647 702 1183 1230 
702 650 1183 1195 
681 690 1184 1259 
679 668 1185 1237 
658 703 1186 1246 
703 645 1186 1221 
640 704 1187 1197 
704 671 1187 1249 
670 705 1188 1252 
705 641 1188 1198 
652 706 1189 1240 
706 649 1189 1236 
682 674 1190 1239 
672 686 1191 1253 
673 694 1192 1251 
643 707 1193 1242 
707 654 1193 1257 
655 708 1194 1245 
708 652 1194 1240 
702 657 1195 1241 
675 684 1196 1247 
668 704 1197 1258 
705 672 1198 1260 
699 673 1199 1254 
664 709 1200 1256 
709 648 1200 1222 
680 710 1201 1255 
710 627 1201 1208 
665 711 1202 1266 
711 655 1202 1245 
701 680 1203 1263 
657 712 1204 1241 
712 658 1204 1246 
661 713 1205 1231 
713 659 1205 1226 
663 687 1206 1284 
654 714 1207 1257 
714 656 1207 1210 
710 679 1208 1269 
653 715 1209 1227 
715 666 1209 1262 
714 670 1210 1265 
677 692 1211 1268 
687 678 1212 1267 
688 682 1213 1261 
671 716 1214 1270 
716 651 1214 1250 
676 717 1215 1277 
717 643 1215 1242 
684 691 1216 1264 
700 683 1217 1278 
686 696 1218 1275 
695 688 1219 1273 
674 718 1220 1280 
718 664 1220 1256 
703 685 1221 1281 
709 689 1222 1279 
691 697 1223 1276 
666 719 1224 1262 
719 675 1224 1286 
690 720 1225 1291 
720 660 1225 1243 
713 677 1226 1283 
694 715 1227 1287 
698 695 1228 1282 
692 721 1229 1290 
721 662 1229 1274 
697 702 1230 1285 
693 713 1231 1271 
662 722 1232 1274 
722 663 1232 1284 
678 723 1233 1297 
723 665 1233 1266 
696 699 1234 1272 
685 681 1235 1296 
706 698 1236 1288 
679 724 1237 1301 
724 668 1237 1258 
689 725 1238 1298 
725 669 1238 1248 
682 726 1239 1299 
726 674 1239 1280 
708 706 1240 1292 
702 712 1241 1294 
717 707 1242 1306 
720 693 1243 1307 
683 727 1244 1311 
727 676 1244 1293 
711 708 1245 1295 
712 703 1246 1289 
675 728 1247 1286 
728 684 1247 1300 
725 701 1248 1302 
704 729 1249 1308 
729 671 1249 1270 
716 700 1250 1303 
673 730 1251 1254 
730 694 1251 1304 
670 731 1252 1265 
731 705 1252 1312 
672 732 1253 1260 
732 686 1253 1315 
699 730 1254 1305 
680 733 1255 1263 
733 710 1255 1313 
718 709 1256 1309 
707 714 1257 1310 
724 704 1258 1321 
681 734 1259 1347 
734 690 1259 1314 
705 732 1260 1322 
688 735 1261 1317 
735 682 1261 1299 
715 719 1262 1316 
701 733 1263 1318 
684 736 1264 1300 
736 691 1264 1320 
714 731 1265 1319 
723 711 1266 1323 
687 737 1267 1325 
737 678 1267 1297 
677 738 1268 1283 
738 692 1268 1327 
710 739 1269 1313 
739 679 1269 1301 
729 716 1270 1326 
693 740 1271 1331 
740 713 1271 1332 
696 741 1272 1324 
741 699 1272 1305 
695 742 1273 1328 
742 688 1273 1317 
721 722 1274 1357 
686 743 1275 1315 
743 696 1275 1324 
691 744 1276 1320 
744 697 1276 1330 
676 745 1277 1293 
745 717 1277 1338 
700 746 1278 1339 
746 683 1278 1311 
709 747 1279 1334 
747 689 1279 1298 
726 718 1280 1333 
703 748 1281 1343 
748 685 1281 1329 
698 749 1282 1335 
749 695 1282 1328 
713 738 1283 1340 
722 687 1284 1325 
697 750 1285 1330 
750 702 1285 1337 
719 728 1286 1336 
694 751 1287 1304 
751 715 1287 1341 
706 752 1288 1342 
752 698 1288 1335 
712 753 1289 1346 
753 703 1289 1343 
692 754 1290 1327 
754 721 1290 1350 
690 755 1291 1314 
755 720 1291 1351 
708 756 1292 1345 
756 706 1292 1342 
727 745 1293 1344 
702 757 1294 1337 
757 712 1294 1346 
711 758 1295 1349 
758 708 1295 1345 
685 759 1296 1329 
759 681 1296 1347 
737 723 1297 1353 
747 725 1298 1352 
735 726 1299 1348 
728 736 1300 1354 
739 724 1301 1359 
725 760 1302 1361 
760 701 1302 1318 
716 761 1303 1364 
761 700 1303 1339 
730 751 1304 1360 
741 730 1305 1355 
717 762 1306 1338 
762 707 1306 1310 
720 763 1307 1374 
763 693 1307 1331 
704 764 1308 1321 
764 729 1308 1366 
718 765 1309 1362 
765 709 1309 1334 
762 714 1310 1365 
746 727 1311 1368 
731 766 1312 1373 
766 705 1312 1322 
733 739 1313 1356 
734 755 1314 1371 
732 743 1315 1367 
715 767 1316 1341 
767 719 1316 1370 
742 735 1317 1363 
760 733 1318 1372 
714 768 1319 1365 
768 731 1319 1375 
736 744 1320 1369 
724 764 1321 1377 
766 732 1322 1380 
723 769 1323 1353 
769 711 1323 1349 
743 741 1324 1358 
722 737 1325 1379 
729 770 1326 1382 
770 716 1326 1364 
738 754 1327 1381 
749 742 1328 1376 
748 759 1329 1387 
744 750 1330 1378 
763 740 1331 1392 
740 771 1332 1394 
771 713 1332 1340 
726 772 1333 1348 
772 718 1333 1362 
765 747 1334 1384 
752 749 1335 1383 
719 773 1336 1370 
773 728 1336 1354 
750 757 1337 1385 
745 762 1338 1386 
761 746 1339 1398 
771 738 1340 1401 
751 767 1341 1395 
756 752 1342 1389 
753 748 1343 1388 
727 774 1344 1368 
774 745 1344 1399 
758 756 1345 1396 
757 753 1346 1390 
759 734 1347 1407 
735 772 1348 1393 
769 758 1349 1404 
754 775 1350 1405 
775 721 1350 1391 
755 776 1351 1409 
776 720 1351 1374 
747 777 1352 1403 
777 725 1352 1361 
737 769 1353 1397 
773 736 1354 1400 
741 778 1355 1408 
778 730 1355 1360 
733 779 1356 1402 
779 739 1356 1413 
721 780 1357 1391 
780 722 1357 1429 
743 781 1358 1418 
781 741 1358 1406 
739 782 1359 1413 
782 724 1359 1377 
778 751 1360 1412 
777 760 1361 1410 
772 765 1362 1411 
742 783 1363 1376 
783 735 1363 1393 
770 761 1364 1416 
762 768 1365 1415 
764 784 1366 1420 
784 729 1366 1382 
732 785 1367 1380 
785 743 1367 1418 
746 774 1368 1414 
736 786 1369 1400 
786 744 1369 1378 
767 773 1370 1417 
734 787 1371 1449 
787 755 1371 1424 
760 788 1372 1410 
788 733 1372 1402 
731 789 1373 1375 
789 766 1373 1425 
776 763 1374 1427 
768 789 1375 1423 
749 783 1376 1419 
782 764 1377 1428 
786 750 1378 1421 
722 790 1379 1429 
790 737 1379 1422 
766 785 1380 1433 
738 791 1381 1401 
791 754 1381 1436 
784 770 1382 1431 
752 792 1383 1389 
792 749 1383 1419 
765 793 1384 1411 
793 747 1384 1403 
750 794 1385 1421 
794 757 1385 1435 
745 795 1386 1399 
795 762 1386 1444 
748 796 1387 1434 
796 759 1387 1438 
753 797 1388 1432 
797 748 1388 1434 
756 792 1389 1430 
757 798 1390 1435 
798 753 1390 1432 
775 780 1391 1462 
763 799 1392 1446 
799 740 1392 1426 
783 772 1393 1437 
740 800 1394 1426 
800 771 1394 1445 
751 801 1395 1412 
801 767 1395 1417 
758 802 1396 1404 
802 756 1396 1430 
737 803 1397 1422 
803 769 1397 1452 
761 804 1398 1447 
804 746 1398 1414 
774 795 1399 1448 
773 786 1400 1439 
771 791 1401 1454 
788 779 1402 1442 
793 777 1403 1450 
769 802 1404 1443 
754 805 1405 1436 
805 775 1405 1457 
781 806 1406 1456 
806 741 1406 1408 
759 807 1407 1438 
807 734 1407 1449 
806 778 1408 1459 
755 808 1409 1424 
808 776 1409 1460 
777 788 1410 1440 
772 793 1411 1441 
778 801 1412 1458 
779 782 1413 1453 
804 774 1414 1463 
762 809 1415 1444 
809 768 1415 1465 
770 810 1416 1466 
810 761 1416 1447 
801 773 1417 1451 
785 781 1418 1455 
792 783 1419 1461 
764 811 1420 1428 
811 784 1420 1468 
786 794 1421 1464 
790 803 1422 1474 
768 812 1423 1465 
812 789 1423 1470 
787 808 1424 1467 
789 813 1425 1476 
813 766 1425 1433 
799 800 1426 1475 
776 814 1427 1479 
814 763 1427 1446 
782 811 1428 1477 
780 790 1429 1472 
802 792 1430 1469 
784 815 1431 1481 
815 770 1431 1466 
798 797 1432 1473 
813 785 1433 1483 
797 796 1434 1478 
794 798 1435 1471 
791 805 1436 1482 
783 816 1437 1484 
816 772 1437 1441 
796 807 1438 1485 
773 817 1439 1451 
817 786 1439 1487 
777 818 1440 1450 
818 788 1440 1486 
816 793 1441 1490 
788 819 1442 1486 
819 779 1442 1491 
769 820 1443 1452 
820 802 1443 1499 
795 809 1444 1488 
800 821 1445 1496 
821 771 1445 1454 
814 799 1446 1495 
810 804 1447 1492 
774 822 1448 1480 
822 795 1448 1502 
807 787 1449 1500 
793 818 1450 1494 
801 817 1451 1497 
803 820 1452 1503 
779 823 1453 1491 
823 782 1453 1498 
821 791 1454 1501 
785 824 1455 1504 
824 781 1455 1493 
781 825 1456 1493 
825 806 1456 1507 
805 826 1457 1505 
826 775 1457 1489 
778 827 1458 1459 
827 801 1458 1506 
806 827 1459 1507 
808 828 1460 1511 
828 776 1460 1479 
792 829 1461 1508 
829 783 1461 1484 
775 830 1462 1489 
830 780 1462 1520 
804 831 1463 1514 
831 774 1463 1480 
786 832 1464 1487 
832 794 1464 1510 
809 812 1465 1509 
815 810 1466 1512 
787 833 1467 1539 
833 808 1467 1519 
811 834 1468 1516 
834 784 1468 1481 
802 835 1469 1515 
835 792 1469 1508 
812 836 1470 1518 
836 789 1470 1476 
794 837 1471 1510 
837 798 1471 1513 
780 838 1472 1520 
838 790 1472 1474 
798 839 1473 1513 
839 797 1473 1522 
838 803 1474 1521 
799 840 1475 1495 
840 800 1475 1496 
836 813 1476 1524 
782 841 1477 1498 
841 811 1477 1532 
797 842 1478 1522 
842 796 1478 1485 
828 814 1479 1525 
831 822 1480 1529 
834 815 1481 1526 
791 843 1482 1501 
843 805 1482 1531 
813 844 1483 1536 
844 785 1483 1504 
829 816 1484 1527 
842 807 1485 1528 
818 819 1486 1517 
817 832 1487 1530 
795 845 1488 1502 
845 809 1488 1538 
826 830 1489 1556 
816 846 1490 1540 
846 793 1490 1494 
819 823 1491 1534 
810 847 1492 1541 
847 804 1492 1514 
824 825 1493 1537 
846 818 1494 1542 
814 840 1495 1535 
840 821 1496 1523 
801 848 1497 1506 
848 817 1497 1543 
823 841 1498 1548 
820 849 1499 1545 
849 802 1499 1515 
807 850 1500 1528 
850 787 1500 1539 
821 843 1501 1546 
822 845 1502 1550 
803 851 1503 1521 
851 820 1503 1553 
844 824 1504 1552 
805 852 1505 1531 
852 826 1505 1551 
827 848 1506 1554 
825 827 1507 1533 
835 829 1508 1544 
809 853 1509 1538 
853 812 1509 1555 
832 837 1510 1547 
808 854 1511 1519 
854 828 1511 1558 
815 855 1512 1559 
855 810 1512 1541 
837 839 1513 1549 
847 831 1514 1564 
849 835 1515 1560 
811 856 1516 1532 
856 834 1516 1567 
818 857 1517 1561 
857 819 1517 1557 
812 858 1518 1555 
858 836 1518 1566 
833 854 1519 1563 
830 838 1520 1562 
838 851 1521 1569 
839 842 1522 1565 
840 859 1523 1571 
859 821 1523 1570 
836 860 1524 1576 
860 813 1524 1536 
828 861 1525 1577 
861 814 1525 1535 
834 862 1526 1575 
862 815 1526 1559 
829 863 1527 1572 
863 816 1527 1540 
842 850 1528 1574 
831 864 1529 1581 
864 822 1529 1568 
817 865 1530 1543 
865 832 1530 1578 
843 852 1531 1579 
841 856 1532 1580 
825 866 1533 1573 
866 827 1533 1582 
819 867 1534 1557 
867 823 1534 1548 
861 840 1535 1583 
860 844 1536 1586 
824 868 1537 1552 
868 825 1537 1573 
845 853 1538 1584 
850 833 1539 1585 
863 846 1540 1588 
855 847 1541 1589 
846 869 1542 1594 
869 818 1542 1561 
848 865 1543 1592 
835 870 1544 1591 
870 829 1544 1572 
820 871 1545 1553 
871 849 1545 1596 
821 872 1546 1570 
872 843 1546 1599 
832 873 1547 1578 
873 837 1547 1593 
867 841 1548 1590 
837 874 1549 1593 
874 839 1549 1597 
822 875 1550 1568 
875 845 1550 1605 
852 876 1551 1598 
876 826 1551 1587 
844 868 1552 1595 
851 871 1553 1603 
827 877 1554 1582 
877 848 1554 1600 
853 858 1555 1601 
826 878 1556 1587 
878 830 1556 1562 
857 867 1557 1602 
854 879 1558 1610 
879 828 1558 1577 
862 855 1559 1606 
849 880 1560 1607 
880 835 1560 1591 
869 857 1561 1611 
878 838 1562 1608 
833 881 1563 1585 
881 854 1563 1615 
847 882 1564 1614 
882 831 1564 1581 
839 883 1565 1597 
883 842 1565 1609 
858 884 1566 1613 
884 836 1566 1576 
856 885 1567 1616 
885 834 1567 1575 
864 875 1568 1612 
838 886 1569 1608 
886 851 1569 1603 
859 872 1570 1620 
840 887 1571 1583 
887 859 1571 1622 
870 863 1572 1617 
868 866 1573 1604 
842 888 1574 1609 
888 850 1574 1623 
885 862 1575 1621 
884 860 1576 1624 
879 861 1577 1625 
865 873 1578 1618 
843 889 1579 1599 
889 852 1579 1626 
841 890 1580 1590 
890 856 1580 1629 
882 864 1581 1628 
866 877 1582 1619 
861 887 1583 1631 
845 891 1584 1605 
891 853 1584 1633 
850 881 1585 1623 
860 892 1586 1635 
892 844 1586 1595 
876 878 1587 1653 
863 893 1588 1632 
893 846 1588 1594 
855 894 1589 1634 
894 847 1589 1614 
867 890 1590 1640 
880 870 1591 1630 
848 895 1592 1600 
895 865 1592 1638 
873 874 1593 1627 
893 869 1594 1639 
892 868 1595 1642 
871 896 1596 1645 
896 849 1596 1607 
874 883 1597 1641 
852 897 1598 1626 
897 876 1598 1646 
872 889 1599 1643 
877 895 1600 1644 
853 898 1601 1633 
898 858 1601 1647 
857 899 1602 1636 
899 867 1602 1656 
886 871 1603 1637 
868 900 1604 1658 
900 866 1604 1648 
875 891 1605 1651 
862 901 1606 1655 
901 855 1606 1634 
896 880 1607 1650 
878 886 1608 1652 
883 888 1609 1657 
854 902 1610 1615 
902 879 1610 1660 
869 903 1611 1654 
903 857 1611 1636 
864 904 1612 1649 
904 875 1612 1663 
858 905 1613 1647 
905 884 1613 1662 
894 882 1614 1661 
881 902 1615 1659 
856 906 1616 1629 
906 885 1616 1666 
870 907 1617 1664 
907 863 1617 1632 
865 908 1618 1638 
908 873 1618 1667 
866 909 1619 1648 
909 877 1619 1644 
859 910 1620 1622 
910 872 1620 1669 
885 911 1621 1670 
911 862 1621 1655 
887 910 1622 1665 
888 881 1623 1668 
884 912 1624 1673 
912 860 1624 1635 
879 913 1625 1674 
913 861 1625 1631 
889 897 1626 1672 
873 914 1627 1667 
914 874 1627 1671 
882 915 1628 1661 
915 864 1628 1649 
890 906 1629 1678 
880 916 1630 1650 
916 870 1630 1664 
913 887 1631 1682 
907 893 1632 1676 
891 898 1633 1677 
901 894 1634 1679 
912 892 1635 1684 
903 899 1636 1675 
886 917 1637 1688 
917 871 1637 1645 
895 908 1638 1681 
893 918 1639 1686 
918 869 1639 1654 
867 919 1640 1656 
919 890 1640 1692 
874 920 1641 1671 
920 883 1641 1687 
892 921 1642 1694 
921 868 1642 1658 
872 922 1643 1669 
922 889 1643 1696 
909 895 1644 1683 
917 896 1645 1697 
897 923 1646 1693 
923 876 1646 1680 
898 905 1647 1691 
900 909 1648 1689 
915 904 1649 1695 
896 916 1650 1685 
875 924 1651 1663 
924 891 1651 1705 
878 925 1652 1653 
925 886 1652 1688 
876 925 1653 1680 
918 903 1654 1699 
911 901 1655 1698 
899 919 1656 1706 
883 926 1657 1687 
926 888 1657 1701 
921 900 1658 1707 
881 927 1659 1712 
927 902 1659 1709 
902 928 1660 1708 
928 879 1660 1674 
894 915 1661 1690 
905 929 1662 1704 
929 884 1662 1673 
904 924 1663 1711 
916 907 1664 1702 
887 930 1665 1700 
930 910 1665 1716 
906 931 1666 1710 
931 885 1666 1670 
908 914 1667 1703 
888 932 1668 1701 
932 881 1668 1712 
910 922 1669 1715 
931 911 1670 1714 
914 920 1671 1713 
889 933 1672 1696 
933 897 1672 1718 
929 912 1673 1717 
928 913 1674 1719 
903 934 1675 1699 
934 899 1675 1720 
907 935 1676 1721 
935 893 1676 1686 
891 936 1677 1705 
936 898 1677 1723 
890 937 1678 1692 
937 906 1678 1725 
901 938 1679 1698 
938 894 1679 1690 
923 925 1680 1739 
895 939 1681 1683 
939 908 1681 1724 
913 940 1682 1733 
940 887 1682 1700 
909 939 1683 1726 
912 941 1684 1732 
941 892 1684 1694 
896 942 1685 1697 
942 916 1685 1734 
935 918 1686 1730 
920 926 1687 1728 
925 917 1688 1727 
900 943 1689 1722 
943 909 1689 1729 
938 915 1690 1736 
898 944 1691 1723 
944 905 1691 1737 
919 937 1692 1738 
897 945 1693 1718 
945 923 1693 1740 
941 921 1694 1743 
915 946 1695 1742 
946 904 1695 1711 
922 933 1696 1741 
917 942 1697 1744 
911 938 1698 1735 
918 934 1699 1731 
940 930 1700 1749 
926 932 1701 1745 
916 947 1702 1734 
947 907 1702 1721 
908 948 1703 1724 
948 914 1703 1746 
905 949 1704 1737 
949 929 1704 1750 
924 936 1705 1748 
899 950 1706 1720 
950 919 1706 1753 
921 951 1707 1754 
951 900 1707 1722 
902 952 1708 1709 
952 928 1708 1752 
927 952 1709 1751 
906 953 1710 1725 
953 931 1710 1756 
946 924 1711 1747 
932 927 1712 1755 
914 954 1713 1746 
954 920 1713 1757 
931 955 1714 1758 
955 911 1714 1735 
910 956 1715 1716 
956 922 1715 1741 
930 956 1716 1759 
929 957 1717 1763 
957 912 1717 1732 
933 945 1718 1761 
928 958 1719 1768 
958 913 1719 1733 
934 950 1720 1767 
947 935 1721 1760 
951 943 1722 1769 
936 944 1723 1766 
939 948 1724 1764 
937 953 1725 1771 
909 959 1726 1729 
959 939 1726 1777 
925 960 1727 1773 
960 917 1727 1765 
920 961 1728 1757 
961 926 1728 1774 
943 959 1729 1782 
935 962 1730 1775 
962 918 1730 1731 
962 934 1731 1776 
957 941 1732 1779 
958 940 1733 1780 
942 947 1734 1762 
955 938 1735 1778 
938 963 1736 1787 
963 915 1736 1742 
944 949 1737 1781 
919 964 1738 1753 
964 937 1738 1788 
923 965 1739 1770 
965 925 1739 1773 
945 966 1740 1786 
966 923 1740 1770 
956 933 1741 1772 
963 946 1742 1791 
941 967 1743 1789 
967 921 1743 1754 
917 968 1744 1765 
968 942 1744 1793 
926 969 1745 1774 
969 932 1745 1790 
948 954 1746 1783 
946 970 1747 1794 
970 924 1747 1784 
924 971 1748 1784 
971 936 1748 1795 
940 972 1749 1780 
972 930 1749 1785 
949 973 1750 1792 
973 929 1750 1763 
927 974 1751 1798 
974 952 1751 1796 
952 975 1752 1800 
975 928 1752 1768 
950 964 1753 1797 
967 951 1754 1799 
932 976 1755 1790 
976 927 1755 1798 
953 977 1756 1801 
977 931 1756 1758 
954 961 1757 1802 
977 955 1758 1803 
930 978 1759 1785 
978 956 1759 1808 
947 979 1760 1804 
979 935 1760 1775 
933 980 1761 1772 
980 945 1761 1805 
942 981 1762 1793 
981 947 1762 1804 
973 957 1763 1807 
939 982 1764 1777 
982 948 1764 1806 
960 968 1765 1813 
936 983 1766 1795 
983 944 1766 1810 
934 984 1767 1776 
984 950 1767 1797 
975 958 1768 1812 
951 985 1769 1799 
985 943 1769 1782 
966 965 1770 1822 
937 986 1771 1788 
986 953 1771 1820 
956 980 1772 1819 
965 960 1773 1814 
961 969 1774 1815 
979 962 1775 1817 
962 984 1776 1811 
959 982 1777 1818 
955 987 1778 1827 
987 938 1778 1787 
957 988 1779 1824 
988 941 1779 1789 
958 972 1780 1809 
944 989 1781 1810 
989 949 1781 1823 
985 959 1782 1816 
948 990 1783 1806 
990 954 1783 1826 
970 971 1784 1825 
972 978 1785 1821 
945 991 1786 1805 
991 966 1786 1832 
987 963 1787 1836 
964 986 1788 1834 
988 967 1789 1835 
969 976 1790 1828 
963 992 1791 1839 
992 946 1791 1794 
949 993 1792 1823 
993 973 1792 1838 
968 981 1793 1830 
992 970 1794 1833 
971 983 1795 1840 
974 994 1796 1837 
994 952 1796 1800 
984 964 1797 1829 
976 974 1798 1842 
967 985 1799 1831 
994 975 1800 1843 
953 995 1801 1820 
995 977 1801 1845 
954 996 1802 1826 
996 961 1802 1844 
977 997 1803 1847 
997 955 1803 1827 
981 979 1804 1841 
980 991 1805 1848 
982 990 1806 1846 
973 998 1807 1850 
998 957 1807 1824 
978 999 1808 1854 
999 956 1808 1819 
958 1000 1809 1812 
1000 972 1809 1855 
983 989 1810 1849 
962 1001 1811 1817 
1001 984 1811 1851 
975 1000 1812 1860 
960 1002 1813 1814 
1002 968 1813 1852 
965 1002 1814 1853 
961 1003 1815 1844 
1003 969 1815 1857 
985 1004 1816 1861 
1004 959 1816 1818 
979 1001 1817 1859 
1004 982 1818 1863 
999 980 1819 1864 
986 995 1820 1862 
972 1005 1821 1855 
1005 978 1821 1856 
966 1006 1822 1858 
1006 965 1822 1853 
989 993 1823 1865 
998 988 1824 1868 
970 1007 1825 1866 
1007 971 1825 1840 
990 996 1826 1867 
997 987 1827 1869 
969 1008 1828 1857 
1008 976 1828 1870 
984 1009 1829 1875 
1009 964 1829 1834 
968 1010 1830 1852 
1010 981 1830 1874 
967 1011 1831 1835 
1011 985 1831 1876 
991 1012 1832 1871 
1012 966 1832 1858 
992 1013 1833 1872 
1013 970 1833 1866 
1009 986 1834 1879 
988 1011 1835 1881 
987 1014 1836 1884 
1014 963 1836 1839 
974 1015 1837 1882 
1015 994 1837 1883 
993 1016 1838 1880 
1016 973 1838 1850 
1014 992 1839 1885 
1007 983 1840 1878 
981 1017 1841 1877 
1017 979 1841 1873 
976 1018 1842 1870 
1018 974 1842 1882 
994 1019 1843 1888 
1019 975 1843 1860 
996 1003 1844 1886 
995 1020 1845 1889 
1020 977 1845 1847 
982 1021 1846 1863 
1021 990 1846 1887 
1020 997 1847 1890 
980 1022 1848 1864 
1022 991 1848 1893 
983 1023 1849 1878 
1023 989 1849 1865 
1016 998 1850 1894 
1001 1024 1851 1895 
1024 984 1851 1875 
1002 1010 1852 1897 
1006 1002 1853 1892 
978 1025 1854 1856 
1025 999 1854 1901 
1000 1005 1855 1891 
1005 1025 1856 1896 
1003 1008 1857 1898 
1012 1006 1858 1905 
979 1026 1859 1873 
1026 1001 1859 1904 
1019 1000 1860 1903 
985 1027 1861 1876 
1027 1004 1861 1902 
986 1028 1862 1879 
1028 995 1862 1907 
1004 1021 1863 1900 
999 1022 1864 1908 
1023 993 1865 1899 
1013 1007 1866 1906 
990 1029 1867 1887 
1029 996 1867 1910 
998 1030 1868 1911 
1030 988 1868 1881 
997 1031 1869 1912 
1031 987 1869 1884 
1008 1018 1870 1909 
991 1032 1871 1893 
1032 1012 1871 1913 
992 1033 1872 1885 
1033 1013 1872 1914 
1017 1026 1873 1916 
1010 1034 1874 1919 
1034 981 1874 1877 
1024 1009 1875 1917 
1011 1027 1876 1915 
1034 1017 1877 1922 
1007 1023 1878 1918 
1009 1028 1879 1923 
993 1035 1880 1899 
1035 1016 1880 1924 
1030 1011 1881 1925 
1018 1015 1882 1920 
1015 1036 1883 1921 
1036 994 1883 1888 
1031 1014 1884 1927 
1014 1033 1885 1928 
996 1037 1886 1910 
1037 1003 1886 1898 
1021 1029 1887 1926 
1036 1019 1888 1929 
995 1038 1889 1907 
1038 1020 1889 1931 
1020 1039 1890 1934 
1039 997 1890 1912 
1000 1040 1891 1930 
1040 1005 1891 1935 
1006 1041 1892 1937 
1041 1002 1892 1933 
1022 1032 1893 1936 
1016 1042 1894 1940 
1042 998 1894 1911 
1001 1043 1895 1904 
1043 1024 1895 1939 
1005 1044 1896 1935 
1044 1025 1896 1938 
1002 1045 1897 1933 
1045 1010 1897 1941 
1037 1008 1898 1932 
1023 1035 1899 1942 
1004 1046 1900 1902 
1046 1021 1900 1944 
1025 1047 1901 1948 
1047 999 1901 1908 
1027 1046 1902 1946 
1019 1048 1903 1949 
1048 1000 1903 1930 
1026 1043 1904 1945 
1012 1049 1905 1943 
1049 1006 1905 1937 
1013 1050 1906 1947 
1050 1007 1906 1918 
1028 1038 1907 1950 
1047 1022 1908 1952 
1008 1051 1909 1932 
1051 1018 1909 1920 
1029 1037 1910 1951 
1042 1030 1911 1953 
1039 1031 1912 1955 
1032 1052 1913 1956 
1052 1012 1913 1943 
1033 1053 1914 1959 
1053 1013 1914 1947 
1011 1054 1915 1925 
1054 1027 1915 1960 
1017 1055 1916 1922 
1055 1026 1916 1945 
1024 1056 1917 1961 
1056 1009 1917 1923 
1050 1023 1918 1958 
1010 1057 1919 1941 
1057 1034 1919 1957 
1051 1015 1920 1954 
1015 1058 1921 1954 
1058 1036 1921 1964 
1034 1055 1922 1957 
1056 1028 1923 1963 
1035 1059 1924 1962 
1059 1016 1924 1940 
1030 1054 1925 1965 
1021 1060 1926 1944 
1060 1029 1926 1966 
1031 1061 1927 1967 
1061 1014 1927 1928 
1061 1033 1928 1968 
1036 1062 1929 1972 
1062 1019 1929 1949 
1048 1040 1930 1973 
1038 1063 1931 1974 
1063 1020 1931 1934 
1037 1051 1932 1969 
1041 1045 1933 1970 
1063 1039 1934 1976 
1040 1044 1935 1971 
1022 1064 1936 1952 
1064 1032 1936 1978 
1049 1041 1937 1977 
1044 1065 1938 1980 
1065 1025 1938 1948 
1043 1066 1939 1983 
1066 1024 1939 1961 
1059 1042 1940 1979 
1045 1057 1941 1982 
1023 1067 1942 1958 
1067 1035 1942 1986 
1052 1049 1943 1985 
1046 1060 1944 1981 
1055 1043 1945 1975 
1027 1068 1946 1960 
1068 1046 1946 1988 
1053 1050 1947 1987 
1065 1047 1948 1989 
1062 1048 1949 1990 
1028 1069 1950 1963 
1069 1038 1950 1992 
1029 1070 1951 1966 
1070 1037 1951 1991 
1047 1064 1952 1993 
1042 1071 1953 1995 
1071 1030 1953 1965 
1051 1058 1954 1994 
1039 1072 1955 1997 
1072 1031 1955 1967 
1032 1073 1956 1978 
1073 1052 1956 1999 
1057 1055 1957 1984 
1050 1067 1958 2000 
1033 1074 1959 1968 
1074 1053 1959 1998 
1054 1068 1960 1996 
1066 1056 1961 2002 
1035 1075 1962 1986 
1075 1059 1962 2003 
1056 1069 1963 2004 
1058 1076 1964 2001 
1076 1036 1964 1972 
1071 1054 1965 2007 
1060 1070 1966 2005 
1072 1061 1967 2009 
1061 1074 1968 2008 
1037 1077 1969 1991 
1077 1051 1969 2015 
1041 1078 1970 1977 
1078 1045 1970 1982 
1040 1079 1971 1973 
1079 1044 1971 2010 
1076 1062 1972 2012 
1048 1079 1973 2011 
1038 1080 1974 1992 
1080 1063 1974 2017 
1055 1081 1975 2013 
1081 1043 1975 2006 
1063 1082 1976 2016 
1082 1039 1976 1997 
1049 1078 1977 2014 
1064 1073 1978 2019 
1059 1083 1979 2022 
1083 1042 1979 1995 
1044 1084 1980 2010 
1084 1065 1980 2023 
1046 1085 1981 1988 
1085 1060 1981 2020 
1078 1057 1982 2018 
1043 1086 1983 2006 
1086 1066 1983 2021 
1057 1087 1984 2026 
1087 1055 1984 2013 
1052 1088 1985 2024 
1088 1049 1985 2014 
1067 1075 1986 2025 
1053 1089 1987 2027 
1089 1050 1987 2000 
1068 1085 1988 2028 
1065 1090 1989 2029 
1090 1047 1989 1993 
1062 1091 1990 2032 
1091 1048 1990 2011 
1070 1077 1991 2030 
1069 1080 1992 2031 
1090 1064 1993 2033 
1051 1092 1994 2015 
1092 1058 1994 2034 
1083 1071 1995 2035 
1054 1093 1996 2007 
1093 1068 1996 2039 
1082 1072 1997 2036 
1074 1094 1998 2040 
1094 1053 1998 2027 
1073 1095 1999 2038 
1095 1052 1999 2024 
1089 1067 2000 2037 
1058 1096 2001 2034 
1096 1076 2001 2045 
1066 1097 2002 2042 
1097 1056 2002 2004 
1075 1098 2003 2041 
1098 1059 2003 2022 
1097 1069 2004 2046 
1060 1099 2005 2020 
1099 1070 2005 2047 
1081 1086 2006 2043 
1071 1093 2007 2049 
1061 1100 2008 2009 
1100 1074 2008 2053 
1072 1100 2009 2054 
1079 1084 2010 2048 
1091 1079 2011 2051 
1076 1101 2012 2056 
1101 1062 2012 2032 
1087 1081 2013 2044 
1088 1078 2014 2050 
1077 1092 2015 2052 
1063 1102 2016 2017 
1102 1082 2016 2055 
1080 1102 2017 2057 
1078 1103 2018 2062 
1103 1057 2018 2026 
1064 1104 2019 2033 
1104 1073 2019 2059 
1085 1099 2020 2058 
1086 1105 2021 2063 
1105 1066 2021 2042 
1098 1083 2022 2061 
1084 1106 2023 2066 
1106 1065 2023 2029 
1095 1088 2024 2060 
1067 1107 2025 2037 
1107 1075 2025 2065 
1103 1087 2026 2067 
1094 1089 2027 2064 
1068 1108 2028 2039 
1108 1085 2028 2068 
1106 1090 2029 2072 
1070 1109 2030 2047 
1109 1077 2030 2071 
1069 1110 2031 2046 
1110 1080 2031 2074 
1101 1091 2032 2070 
1090 1104 2033 2073 
1092 1096 2034 2069 
1083 1111 2035 2079 
1111 1071 2035 2049 
1082 1112 2036 2080 
1112 1072 2036 2054 
1089 1107 2037 2078 
1073 1113 2038 2059 
1113 1095 2038 2081 
1093 1108 2039 2075 
1074 1114 2040 2053 
1114 1094 2040 2077 
1075 1115 2041 2065 
1115 1098 2041 2082 
1105 1097 2042 2084 
1081 1116 2043 2076 
1116 1086 2043 2063 
1087 1117 2044 2085 
1117 1081 2044 2076 
1096 1118 2045 2083 
1118 1076 2045 2056 
1097 1110 2046 2088 
1099 1109 2047 2089 
1079 1119 2048 2087 
1119 1084 2048 2086 
1111 1093 2049 2090 
1088 1120 2050 2092 
1120 1078 2050 2062 
1091 1121 2051 2070 
1121 1079 2051 2087 
1077 1122 2052 2071 
1122 1092 2052 2097 
1100 1114 2053 2093 
1112 1100 2054 2095 
1102 1123 2055 2098 
1123 1082 2055 2080 
1118 1101 2056 2096 
1080 1124 2057 2074 
1124 1102 2057 2099 
1085 1125 2058 2068 
1125 1099 2058 2094 
1104 1113 2059 2100 
1095 1126 2060 2101 
1126 1088 2060 2092 
1098 1127 2061 2103 
1127 1083 2061 2079 
1120 1103 2062 2102 
1116 1105 2063 2091 
1094 1128 2064 2105 
1128 1089 2064 2078 
1107 1115 2065 2104 
1084 1129 2066 2086 
1129 1106 2066 2109 
1103 1130 2067 2108 
1130 1087 2067 2085 
1108 1125 2068 2106 
1092 1131 2069 2097 
1131 1096 2069 2112 
1101 1121 2070 2107 
1109 1122 2071 2111 
1106 1132 2072 2114 
1132 1090 2072 2073 
1132 1104 2073 2115 
1110 1124 2074 2113 
1093 1133 2075 2090 
1133 1108 2075 2116 
1117 1116 2076 2110 
1114 1134 2077 2122 
1134 1094 2077 2105 
1128 1107 2078 2117 
1127 1111 2079 2119 
1123 1112 2080 2118 
1113 1135 2081 2121 
1135 1095 2081 2101 
1115 1136 2082 2123 
1136 1098 2082 2103 
1096 1137 2083 2112 
1137 1118 2083 2127 
1105 1138 2084 2126 
1138 1097 2084 2088 
1130 1117 2085 2124 
1119 1129 2086 2120 
1121 1119 2087 2125 
1138 1110 2088 2130 
1099 1139 2089 2094 
1139 1109 2089 2129 
1111 1133 2090 2128 
1116 1140 2091 2132 
1140 1105 2091 2126 
1126 1120 2092 2131 
1100 1141 2093 2095 
1141 1114 2093 2136 
1125 1139 2094 2133 
1112 1141 2095 2138 
1118 1142 2096 2137 
1142 1101 2096 2107 
1122 1131 2097 2134 
1102 1143 2098 2099 
1143 1123 2098 2135 
1124 1143 2099 2140 
1104 1144 2100 2115 
1144 1113 2100 2142 
1135 1126 2101 2141 
1120 1145 2102 2148 
1145 1103 2102 2108 
1136 1127 2103 2143 
1107 1146 2104 2139 
1146 1115 2104 2146 
1134 1128 2105 2144 
1108 1147 2106 2116 
1147 1125 2106 2145 
1142 1121 2107 2147 
1145 1130 2108 2152 
1129 1148 2109 2151 
1148 1106 2109 2114 
1117 1149 2110 2124 
1149 1116 2110 2132 
1109 1150 2111 2129 
1150 1122 2111 2154 
1131 1137 2112 2149 
1110 1151 2113 2130 
1151 1124 2113 2156 
1148 1132 2114 2155 
1132 1144 2115 2155 
1133 1147 2116 2150 
1128 1152 2117 2166 
1152 1107 2117 2139 
1123 1153 2118 2160 
1153 1112 2118 2138 
1127 1154 2119 2161 
1154 1111 2119 2128 
1119 1155 2120 2125 
1155 1129 2120 2157 
1113 1156 2121 2142 
1156 1135 2121 2164 
1114 1157 2122 2136 
1157 1134 2122 2159 
1115 1158 2123 2146 
1158 1136 2123 2162 
1130 1149 2124 2153 
1121 1155 2125 2163 
1140 1138 2126 2158 
1137 1159 2127 2165 
1159 1118 2127 2137 
1154 1133 2128 2170 
1139 1150 2129 2168 
1138 1151 2130 2169 
1126 1160 2131 2171 
1160 1120 2131 2148 
1149 1140 2132 2167 
1125 1161 2133 2145 
1161 1139 2133 2172 
1122 1162 2134 2154 
1162 1131 2134 2174 
1143 1163 2135 2178 
1163 1123 2135 2160 
1141 1157 2136 2175 
1159 1142 2137 2176 
1153 1141 2138 2177 
1152 1146 2139 2183 
1124 1164 2140 2156 
1164 1143 2140 2180 
1135 1165 2141 2179 
1165 1126 2141 2171 
1144 1156 2142 2181 
1136 1166 2143 2184 
1166 1127 2143 2161 
1134 1167 2144 2186 
1167 1128 2144 2166 
1147 1161 2145 2182 
1146 1158 2146 2185 
1142 1168 2147 2191 
1168 1121 2147 2163 
1160 1145 2148 2187 
1131 1169 2149 2174 
1169 1137 2149 2190 
1133 1170 2150 2188 
1170 1147 2150 2189 
1129 1171 2151 2157 
1171 1148 2151 2195 
1145 1172 2152 2194 
1172 1130 2152 2153 
1172 1149 2153 2196 
1150 1162 2154 2193 
1148 1144 2155 2173 
1151 1164 2156 2198 
1155 1171 2157 2192 
1140 1173 2158 2197 
1173 1138 2158 2169 
1157 1174 2159 2201 
1174 1134 2159 2186 
1163 1153 2160 2199 
1166 1154 2161 2200 
1158 1175 2162 2203 
1175 1136 2162 2184 
1168 1155 2163 2205 
1156 1176 2164 2202 
1176 1135 2164 2179 
1137 1177 2165 2190 
1177 1159 2165 2208 
1167 1152 2166 2204 
1149 1178 2167 2207 
1178 1140 2167 2197 
1139 1179 2168 2172 
1179 1150 2168 2210 
1173 1151 2169 2209 
1154 1180 2170 2212 
1180 1133 2170 2188 
1165 1160 2171 2206 
1161 1179 2172 2215 
1148 1181 2173 2213 
1181 1144 2173 2211 
1162 1169 2174 2214 
1141 1182 2175 2177 
1182 1157 2175 2218 
1159 1183 2176 2219 
1183 1142 2176 2191 
1153 1182 2177 2220 
1143 1184 2178 2180 
1184 1163 2178 2216 
1176 1165 2179 2217 
1164 1184 2180 2221 
1144 1185 2181 2211 
1185 1156 2181 2224 
1147 1186 2182 2189 
1186 1161 2182 2222 
1152 1187 2183 2204 
1187 1146 2183 2185 
1175 1166 2184 2223 
1187 1158 2185 2225 
1174 1167 2186 2226 
1160 1188 2187 2229 
1188 1145 2187 2194 
1180 1170 2188 2231 
1170 1186 2189 2227 
1169 1177 2190 2230 
1183 1168 2191 2234 
1155 1189 2192 2233 
1189 1171 2192 2232 
1150 1190 2193 2210 
1190 1162 2193 2235 
1188 1172 2194 2236 
1171 1191 2195 2238 
1191 1148 2195 2213 
1172 1192 2196 2240 
1192 1149 2196 2207 
1178 1173 2197 2228 
1151 1193 2198 2209 
1193 1164 2198 2239 
1163 1194 2199 2243 
1194 1153 2199 2220 
1166 1195 2200 2244 
1195 1154 2200 2212 
1157 1196 2201 2218 
1196 1174 2201 2241 
1156 1197 2202 2224 
1197 1176 2202 2245 
1158 1198 2203 2225 
1198 1175 2203 2242 
1167 1187 2204 2237 
1168 1199 2205 2249 
1199 1155 2205 2233 
1165 1200 2206 2217 
1200 1160 2206 2229 
1192 1178 2207 2246 
1177 1201 2208 2247 
1201 1159 2208 2219 
1173 1193 2209 2248 
1179 1190 2210 2250 
1181 1185 2211 2251 
1195 1180 2212 2253 
1191 1181 2213 2256 
1162 1202 2214 2235 
1202 1169 2214 2255 
1161 1203 2215 2222 
1203 1179 2215 2254 
1184 1204 2216 2260 
1204 1163 2216 2243 
1176 1200 2217 2252 
1182 1196 2218 2257 
1201 1183 2219 2258 
1194 1182 2220 2261 
1164 1205 2221 2239 
1205 1184 2221 2263 
1186 1203 2222 2259 
1175 1206 2223 2265 
1206 1166 2223 2244 
1185 1197 2224 2264 
1187 1198 2225 2262 
1174 1207 2226 2266 
1207 1167 2226 2237 
1170 1208 2227 2231 
1208 1186 2227 2270 
1178 1209 2228 2267 
1209 1173 2228 2269 
1200 1188 2229 2268 
1169 1210 2230 2255 
1210 1177 2230 2273 
1180 1208 2231 2272 
1189 1211 2232 2271 
1211 1171 2232 2238 
1199 1189 2233 2274 
1183 1212 2234 2277 
1212 1168 2234 2249 
1190 1202 2235 2275 
1188 1213 2236 2279 
1213 1172 2236 2240 
1207 1187 2237 2276 
1211 1191 2238 2280 
1193 1205 2239 2278 
1213 1192 2240 2284 
1196 1214 2241 2282 
1214 1174 2241 2266 
1198 1215 2242 2285 
1215 1175 2242 2265 
1204 1194 2243 2281 
1206 1195 2244 2283 
1197 1216 2245 2286 
1216 1176 2245 2252 
1192 1217 2246 2287 
1217 1178 2246 2267 
1177 1218 2247 2273 
1218 1201 2247 2288 
1173 1219 2248 2269 
1219 1193 2248 2292 
1212 1199 2249 2290 
1179 1220 2250 2254 
1220 1190 2250 2289 
1181 1221 2251 2256 
1221 1185 2251 2264 
1216 1200 2252 2291 
1195 1222 2253 2295 
1222 1180 2253 2272 
1203 1220 2254 2296 
1202 1210 2255 2293 
1191 1221 2256 2294 
1182 1223 2257 2261 
1223 1196 2257 2302 
1201 1224 2258 2303 
1224 1183 2258 2277 
1186 1225 2259 2270 
1225 1203 2259 2297 
1184 1226 2260 2263 
1226 1204 2260 2300 
1194 1223 2261 2304 
1187 1227 2262 2298 
1227 1198 2262 2308 
1205 1226 2263 2305 
1221 1197 2264 2301 
1215 1206 2265 2306 
1214 1207 2266 2307 
1217 1209 2267 2299 
1200 1228 2268 2310 
1228 1188 2268 2279 
1209 1219 2269 2312 
1208 1225 2270 2309 
1189 1229 2271 2274 
1229 1211 2271 2315 
1222 1208 2272 2314 
1210 1218 2273 2311 
1199 1229 2274 2313 
1190 1230 2275 2289 
1230 1202 2275 2293 
1207 1231 2276 2323 
1231 1187 2276 2298 
1224 1212 2277 2316 
1193 1232 2278 2292 
1232 1205 2278 2319 
1228 1213 2279 2317 
1211 1233 2280 2321 
1233 1191 2280 2294 
1204 1234 2281 2324 
1234 1194 2281 2304 
1196 1235 2282 2302 
1235 1214 2282 2318 
1206 1236 2283 2325 
1236 1195 2283 2295 
1213 1237 2284 2327 
1237 1192 2284 2287 
1198 1238 2285 2308 
1238 1215 2285 2320 
1197 1239 2286 2301 
1239 1216 2286 2328 
1237 1217 2287 2326 
1218 1240 2288 2329 
1240 1201 2288 2303 
1220 1230 2289 2330 
1212 1241 2290 2331 
1241 1199 2290 2313 
1216 1242 2291 2333 
1242 1200 2291 2310 
1219 1232 2292 2332 
1230 1210 2293 2322 
1233 1221 2294 2337 
1236 1222 2295 2335 
1203 1243 2296 2297 
1243 1220 2296 2336 
1225 1243 2297 2338 
1231 1227 2298 2345 
1217 1244 2299 2334 
1244 1209 2299 2339 
1226 1245 2300 2343 
1245 1204 2300 2324 
1221 1239 2301 2341 
1223 1235 2302 2340 
1240 1224 2303 2342 
1234 1223 2304 2344 
1205 1246 2305 2319 
1246 1226 2305 2349 
1215 1247 2306 2347 
1247 1206 2306 2325 
1214 1248 2307 2350 
1248 1207 2307 2323 
1227 1238 2308 2346 
1208 1249 2309 2314 
1249 1225 2309 2348 
1242 1228 2310 2351 
1210 1250 2311 2322 
1250 1218 2311 2354 
1209 1251 2312 2339 
1251 1219 2312 2332 
1241 1229 2313 2353 
1222 1249 2314 2352 
1229 1252 2315 2355 
1252 1211 2315 2321 
1224 1253 2316 2356 
1253 1212 2316 2331 
1228 1254 2317 2357 
1254 1213 2317 2327 
1235 1255 2318 2359 
1255 1214 2318 2350 
1232 1246 2319 2358 
1238 1256 2320 2365 
1256 1215 2320 2347 
1252 1233 2321 2367 
1230 1250 2322 2360 
1248 1231 2323 2361 
1245 1234 2324 2363 
1247 1236 2325 2364 
1237 1257 2326 2362 
1257 1217 2326 2334 
1254 1237 2327 2368 
1239 1258 2328 2366 
1258 1216 2328 2333 
1218 1259 2329 2354 
1259 1240 2329 2370 
1220 1260 2330 2336 
1260 1230 2330 2371 
1253 1241 2331 2374 
1251 1232 2332 2369 
1258 1242 2333 2373 
1257 1244 2334 2372 
1236 1261 2335 2377 
1261 1222 2335 2352 
1243 1260 2336 2376 
1233 1262 2337 2367 
1262 1221 2337 2341 
1225 1263 2338 2348 
1263 1243 2338 2375 
1244 1251 2339 2378 
1223 1264 2340 2344 
1264 1235 2340 2382 
1262 1239 2341 2381 
1240 1265 2342 2383 
1265 1224 2342 2356 
1226 1266 2343 2349 
1266 1245 2343 2380 
1234 1264 2344 2385 
1231 1267 2345 2361 
1267 1227 2345 2346 
1267 1238 2346 2386 
1256 1247 2347 2387 
1249 1263 2348 2384 
1246 1266 2349 2388 
1255 1248 2350 2389 
1242 1268 2351 2392 
1268 1228 2351 2357 
1261 1249 2352 2390 
1241 1269 2353 2374 
1269 1229 2353 2379 
1250 1259 2354 2391 
1229 1270 2355 2379 
1270 1252 2355 2394 
1265 1253 2356 2396 
1268 1254 2357 2399 
1232 1271 2358 2369 
1271 1246 2358 2400 
1235 1272 2359 2382 
1272 1255 2359 2397 
1230 1273 2360 2371 
1273 1250 2360 2407 
1248 1267 2361 2395 
1237 1274 2362 2368 
1274 1257 2362 2403 
1245 1275 2363 2402 
1275 1234 2363 2385 
1247 1276 2364 2401 
1276 1236 2364 2377 
1238 1277 2365 2386 
1277 1256 2365 2398 
1239 1278 2366 2381 
1278 1258 2366 2405 
1252 1262 2367 2393 
1254 1274 2368 2399 
1251 1271 2369 2406 
1259 1279 2370 2408 
1279 1240 2370 2383 
1260 1273 2371 2410 
1257 1280 2372 2409 
1280 1244 2372 2378 
1258 1281 2373 2413 
1281 1242 2373 2392 
1253 1269 2374 2404 
1263 1282 2375 2411 
1282 1243 2375 2376 
1282 1260 2376 2410 
1276 1261 2377 2414 
1280 1251 2378 2412 
1269 1270 2379 2415 
1266 1283 2380 2419 
1283 1245 2380 2402 
1262 1278 2381 2417 
1264 1272 2382 2416 
1279 1265 2383 2418 
1249 1284 2384 2390 
1284 1263 2384 2422 
1275 1264 2385 2421 
1267 1277 2386 2420 
1256 1285 2387 2424 
1285 1247 2387 2401 
1246 1286 2388 2400 
1286 1266 2388 2426 
1255 1287 2389 2425 
1287 1248 2389 2395 
1261 1284 2390 2427 
1250 1288 2391 2407 
1288 1259 2391 2428 
1281 1268 2392 2429 
1252 1289 2393 2394 
1289 1262 2393 2431 
1270 1289 2394 2433 
1287 1267 2395 2432 
1265 1290 2396 2434 
1290 1253 2396 2404 
1272 1291 2397 2435 
1291 1255 2397 2425 
1277 1292 2398 2438 
1292 1256 2398 2424 
1268 1274 2399 2423 
1271 1286 2400 2437 
1285 1276 2401 2436 
1283 1275 2402 2439 
1274 1293 2403 2442 
1293 1257 2403 2409 
1290 1269 2404 2443 
1278 1294 2405 2440 
1294 1258 2405 2413 
1251 1295 2406 2412 
1295 1271 2406 2446 
1273 1288 2407 2441 
1259 1296 2408 2428 
1296 1279 2408 2444 
1293 1280 2409 2445 
1282 1273 2410 2430 
1263 1297 2411 2422 
1297 1282 2411 2447 
1280 1295 2412 2452 
1294 1281 2413 2448 
1276 1298 2414 2450 
1298 1261 2414 2427 
1269 1299 2415 2443 
1299 1270 2415 2449 
1264 1300 2416 2421 
1300 1272 2416 2456 
1262 1301 2417 2431 
1301 1278 2417 2462 
1279 1302 2418 2457 
1302 1265 2418 2434 
1266 1303 2419 2426 
1303 1283 2419 2455 
1267 1304 2420 2451 
1304 1277 2420 2460 
1275 1300 2421 2459 
1284 1297 2422 2453 
1268 1305 2423 2454 
1305 1274 2423 2458 
1292 1285 2424 2461 
1291 1287 2425 2463 
1286 1303 2426 2464 
1298 1284 2427 2465 
1288 1296 2428 2466 
1281 1306 2429 2468 
1306 1268 2429 2454 
1282 1307 2430 2469 
1307 1273 2430 2467 
1289 1301 2431 2470 
1287 1308 2432 2475 
1308 1267 2432 2451 
1270 1309 2433 2449 
1309 1289 2433 2480 
1302 1290 2434 2472 
1272 1310 2435 2456 
1310 1291 2435 2473 
1285 1311 2436 2477 
1311 1276 2436 2450 
1271 1312 2437 2446 
1312 1286 2437 2478 
1277 1313 2438 2460 
1313 1292 2438 2474 
1283 1314 2439 2479 
1314 1275 2439 2459 
1278 1315 2440 2462 
1315 1294 2440 2482 
1273 1316 2441 2467 
1316 1288 2441 2484 
1274 1317 2442 2458 
1317 1293 2442 2485 
1290 1299 2443 2471 
1296 1318 2444 2481 
1318 1279 2444 2457 
1293 1319 2445 2483 
1319 1280 2445 2452 
1295 1312 2446 2486 
1297 1320 2447 2490 
1320 1282 2447 2469 
1294 1321 2448 2488 
1321 1281 2448 2468 
1299 1309 2449 2476 
1311 1298 2450 2489 
1308 1304 2451 2493 
1319 1295 2452 2487 
1284 1322 2453 2465 
1322 1297 2453 2491 
1306 1305 2454 2492 
1303 1323 2455 2497 
1323 1283 2455 2479 
1300 1310 2456 2494 
1318 1302 2457 2495 
1305 1317 2458 2499 
1314 1300 2459 2498 
1304 1313 2460 2496 
1292 1324 2461 2501 
1324 1285 2461 2477 
1301 1315 2462 2500 
1291 1325 2463 2502 
1325 1287 2463 2475 
1286 1326 2464 2478 
1326 1303 2464 2504 
1298 1322 2465 2503 
1288 1327 2466 2484 
1327 1296 2466 2505 
1307 1316 2467 2506 
1321 1306 2468 2508 
1320 1307 2469 2509 
1289 1328 2470 2480 
1328 1301 2470 2510 
1290 1329 2471 2507 
1329 1299 2471 2517 
1302 1330 2472 2512 
1330 1290 2472 2507 
1310 1331 2473 2513 
1331 1291 2473 2502 
1313 1332 2474 2515 
1332 1292 2474 2501 
1325 1308 2475 2511 
1299 1333 2476 2517 
1333 1309 2476 2516 
1324 1311 2477 2514 
1312 1326 2478 2519 
1323 1314 2479 2518 
1309 1328 2480 2523 
1296 1334 2481 2505 
1334 1318 2481 2524 
1315 1335 2482 2521 
1335 1294 2482 2488 
1293 1336 2483 2485 
1336 1319 2483 2520 
1316 1327 2484 2522 
1317 1336 2485 2525 
1295 1337 2486 2487 
1337 1312 2486 2527 
1319 1337 2487 2530 
1335 1321 2488 2526 
1311 1338 2489 2529 
1338 1298 2489 2503 
1297 1339 2490 2491 
1339 1320 2490 2531 
1322 1339 2491 2528 
1306 1340 2492 2508 
1340 1305 2492 2499 
1308 1341 2493 2511 
1341 1304 2493 2496 
1300 1342 2494 2498 
1342 1310 2494 2532 
1318 1343 2495 2535 
1343 1302 2495 2512 
1341 1313 2496 2534 
1303 1344 2497 2504 
1344 1323 2497 2533 
1314 1342 2498 2538 
1340 1317 2499 2536 
1301 1345 2500 2510 
1345 1315 2500 2541 
1332 1324 2501 2537 
1331 1325 2502 2539 
1338 1322 2503 2540 
1326 1344 2504 2542 
1327 1334 2505 2543 
1307 1346 2506 2509 
1346 1316 2506 2522 
1330 1329 2507 2545 
1321 1340 2508 2544 
1320 1346 2509 2546 
1328 1345 2510 2551 
1325 1341 2511 2549 
1343 1330 2512 2554 
1310 1347 2513 2532 
1347 1331 2513 2552 
1324 1348 2514 2555 
1348 1311 2514 2529 
1313 1349 2515 2534 
1349 1332 2515 2553 
1333 1350 2516 2559 
1350 1309 2516 2523 
1329 1333 2517 2547 
1323 1351 2518 2556 
1351 1314 2518 2538 
1312 1352 2519 2527 
1352 1326 2519 2558 
1336 1353 2520 2557 
1353 1319 2520 2548 
1315 1354 2521 2541 
1354 1335 2521 2561 
1346 1327 2522 2550 
1350 1328 2523 2562 
1334 1355 2524 2560 
1355 1318 2524 2535 
1317 1356 2525 2536 
1356 1336 2525 2563 
1335 1357 2526 2566 
1357 1321 2526 2544 
1337 1352 2527 2564 
1322 1358 2528 2540 
1358 1339 2528 2565 
1348 1338 2529 2567 
1319 1359 2530 2548 
1359 1337 2530 2572 
1339 1360 2531 2568 
1360 1320 2531 2546 
1342 1347 2532 2569 
1344 1361 2533 2574 
1361 1323 2533 2556 
1341 1349 2534 2570 
1355 1343 2535 2571 
1340 1356 2536 2573 
1332 1362 2537 2577 
1362 1324 2537 2555 
1351 1342 2538 2575 
1331 1363 2539 2578 
1363 1325 2539 2549 
1338 1358 2540 2576 
1345 1354 2541 2605 
1326 1364 2542 2558 
1364 1344 2542 2580 
1327 1365 2543 2550 
1365 1334 2543 2581 
1357 1340 2544 2579 
1330 1366 2545 2554 
1366 1329 2545 2582 
1360 1346 2546 2584 
1329 1367 2547 2582 
1367 1333 2547 2583 
1353 1359 2548 2586 
1363 1341 2549 2585 
1346 1365 2550 2588 
1328 1368 2551 2562 
1368 1345 2551 2592 
1347 1369 2552 2591 
1369 1331 2552 2578 
1349 1370 2553 2590 
1370 1332 2553 2577 
1343 1366 2554 2587 
1362 1348 2555 2589 
1361 1351 2556 2593 
1336 1371 2557 2563 
1371 1353 2557 2595 
1352 1364 2558 2594 
1333 1372 2559 2583 
1372 1350 2559 2598 
1334 1373 2560 2581 
1373 1355 2560 2597 
1354 1374 2561 2596 
1374 1335 2561 2566 
1350 1368 2562 2599 
1356 1371 2563 2601 
1337 1375 2564 2572 
1375 1352 2564 2604 
1358 1376 2565 2600 
1376 1339 2565 2568 
1374 1357 2566 2602 
1348 1377 2567 2603 
1377 1338 2567 2576 
1376 1360 2568 2606 
1342 1378 2569 2575 
1378 1347 2569 2607 
1341 1379 2570 2585 
1379 1349 2570 2610 
1355 1380 2571 2609 
1380 1343 2571 2587 
1359 1375 2572 2608 
1340 1381 2573 2579 
1381 1356 2573 2601 
1344 1382 2574 2580 
1382 1361 2574 2611 
1351 1378 2575 2614 
1377 1358 2576 2612 
1370 1362 2577 2613 
1369 1363 2578 2615 
1357 1381 2579 2618 
1364 1382 2580 2621 
1365 1373 2581 2619 
1366 1367 2582 2617 
1367 1372 2583 2616 
1360 1383 2584 2622 
1383 1346 2584 2588 
1363 1379 2585 2623 
1353 1384 2586 2595 
1384 1359 2586 2608 
1380 1366 2587 2625 
1383 1365 2588 2627 
1362 1385 2589 2630 
1385 1348 2589 2603 
1349 1386 2590 2610 
1386 1370 2590 2628 
1347 1387 2591 2607 
1387 1369 2591 2629 
1368 1388 2592 2631 
1388 1345 2592 2605 
1361 1389 2593 2632 
1389 1351 2593 2614 
1352 1390 2594 2604 
1390 1364 2594 2634 
1371 1384 2595 2624 
1354 1391 2596 2620 
1391 1374 2596 2635 
1373 1392 2597 2633 
1392 1355 2597 2609 
1372 1393 2598 2637 
1393 1350 2598 2599 
1393 1368 2599 2638 
1358 1394 2600 2612 
1394 1376 2600 2636 
1381 1371 2601 2626 
1374 1395 2602 2640 
1395 1357 2602 2618 
1385 1377 2603 2641 
1375 1390 2604 2642 
1388 1354 2605 2620 
1376 1396 2606 2647 
1396 1360 2606 2622 
1378 1387 2607 2643 
1384 1375 2608 2639 
1392 1380 2609 2645 
1379 1386 2610 2644 
1382 1397 2611 2650 
1397 1361 2611 2632 
1377 1394 2612 2646 
1370 1398 2613 2651 
1398 1362 2613 2630 
1389 1378 2614 2649 
1369 1399 2615 2653 
1399 1363 2615 2623 
1367 1400 2616 2652 
1400 1372 2616 2648 
1366 1401 2617 2625 
1401 1367 2617 2652 
1395 1381 2618 2654 
1365 1402 2619 2627 
1402 1373 2619 2656 
1388 1391 2620 2655 
1364 1403 2621 2634 
1403 1382 2621 2657 
1396 1383 2622 2659 
1399 1379 2623 2660 
1371 1404 2624 2658 
1404 1384 2624 2661 
1380 1401 2625 2662 
1381 1405 2626 2664 
1405 1371 2626 2658 
1383 1402 2627 2663 
1386 1406 2628 2666 
1406 1370 2628 2651 
1387 1407 2629 2667 
1407 1369 2629 2653 
1398 1385 2630 2665 
1368 1408 2631 2638 
1408 1388 2631 2669 
1397 1389 2632 2668 
1373 1409 2633 2656 
1409 1392 2633 2671 
1390 1403 2634 2670 
1391 1410 2635 2672 
1410 1374 2635 2640 
1394 1411 2636 2673 
1411 1376 2636 2647 
1372 1412 2637 2648 
1412 1393 2637 2674 
1393 1408 2638 2676 
1384 1413 2639 2678 
1413 1375 2639 2642 
1410 1395 2640 2675 
1385 1414 2641 2677 
1414 1377 2641 2646 
1413 1390 2642 2680 
1378 1415 2643 2649 
1415 1387 2643 2682 
1379 1416 2644 2660 
1416 1386 2644 2684 
1392 1417 2645 2685 
1417 1380 2645 2662 
1414 1394 2646 2683 
1411 1396 2647 2686 
1400 1412 2648 2679 
1389 1415 2649 2689 
1382 1418 2650 2657 
1418 1397 2650 2687 
1406 1398 2651 2688 
1401 1400 2652 2681 
1407 1399 2653 2690 
1395 1419 2654 2695 
1419 1381 2654 2664 
1388 1420 2655 2669 
1420 1391 2655 2692 
1402 1409 2656 2691 
1403 1418 2657 2693 
1405 1404 2658 2694 
1396 1421 2659 2697 
1421 1383 2659 2663 
1399 1416 2660 2696 
1404 1422 2661 2698 
1422 1384 2661 2678 
1417 1401 2662 2699 
1421 1402 2663 2700 
1419 1405 2664 2704 
1398 1423 2665 2703 
1423 1385 2665 2677 
1386 1424 2666 2684 
1424 1406 2666 2701 
1387 1425 2667 2682 
1425 1407 2667 2702 
1397 1426 2668 2706 
1426 1389 2668 2689 
1408 1420 2669 2705 
1390 1427 2670 2680 
1427 1403 2670 2708 
1409 1428 2671 2707 
1428 1392 2671 2685 
1391 1429 2672 2692 
1429 1410 2672 2710 
1394 1430 2673 2683 
1430 1411 2673 2709 
1412 1431 2674 2715 
1431 1393 2674 2676 
1410 1432 2675 2713 
1432 1395 2675 2695 
1431 1408 2676 2705 
1423 1414 2677 2712 
1422 1413 2678 2714 
1400 1433 2679 2716 
1433 1412 2679 2711 
1413 1427 2680 2718 
1401 1434 2681 2717 
1434 1400 2681 2716 
1415 1425 2682 2719 
1414 1430 2683 2720 
1416 1424 2684 2721 
1428 1417 2685 2722 
1411 1435 2686 2724 
1435 1396 2686 2697 
1418 1436 2687 2726 
1436 1397 2687 2706 
1406 1437 2688 2725 
1437 1398 2688 2703 
1426 1415 2689 2723 
1407 1438 2690 2728 
1438 1399 2690 2696 
1402 1439 2691 2700 
1439 1409 2691 2731 
1420 1429 2692 2730 
1403 1440 2693 2708 
1440 1418 2693 2734 
1405 1441 2694 2732 
1441 1404 2694 2727 
1432 1419 2695 2733 
1438 1416 2696 2736 
1435 1421 2697 2737 
1404 1442 2698 2727 
1442 1422 2698 2735 
1417 1443 2699 2739 
1443 1401 2699 2717 
1421 1439 2700 2738 
1424 1444 2701 2741 
1444 1406 2701 2725 
1425 1445 2702 2742 
1445 1407 2702 2728 
1437 1423 2703 2740 
1419 1446 2704 2744 
1446 1405 2704 2732 
1431 1420 2705 2729 
1436 1426 2706 2743 
1409 1447 2707 2731 
1447 1428 2707 2745 
1427 1440 2708 2746 
1430 1448 2709 2747 
1448 1411 2709 2724 
1429 1449 2710 2748 
1449 1410 2710 2713 
1433 1450 2711 2749 
1450 1412 2711 2715 
1423 1451 2712 2752 
1451 1414 2712 2720 
1449 1432 2713 2751 
1422 1452 2714 2753 
1452 1413 2714 2718 
1450 1431 2715 2754 
1434 1433 2716 2750 
1443 1434 2717 2756 
1452 1427 2718 2757 
1415 1453 2719 2723 
1453 1425 2719 2758 
1451 1430 2720 2755 
1416 1454 2721 2736 
1454 1424 2721 2759 
1428 1455 2722 2760 
1455 1417 2722 2739 
1426 1453 2723 2765 
1448 1435 2724 2763 
1444 1437 2725 2762 
1418 1456 2726 2734 
1456 1436 2726 2764 
1441 1442 2727 2761 
1445 1438 2728 2766 
1431 1457 2729 2770 
1457 1420 2729 2730 
1457 1429 2730 2771 
1439 1447 2731 2767 
1446 1441 2732 2768 
1432 1458 2733 2772 
1458 1419 2733 2744 
1440 1456 2734 2769 
1442 1459 2735 2773 
1459 1422 2735 2753 
1438 1454 2736 2774 
1435 1460 2737 2775 
1460 1421 2737 2738 
1460 1439 2738 2776 
1455 1443 2739 2777 
1437 1461 2740 2780 
1461 1423 2740 2752 
1424 1462 2741 2759 
1462 1444 2741 2778 
1425 1463 2742 2758 
1463 1445 2742 2779 
1436 1464 2743 2783 
1464 1426 2743 2765 
1458 1446 2744 2782 
1447 1465 2745 2781 
1465 1428 2745 2760 
1427 1466 2746 2757 
1466 1440 2746 2786 
1430 1467 2747 2755 
1467 1448 2747 2784 
1429 1468 2748 2771 
1468 1449 2748 2787 
1433 1469 2749 2785 
1469 1450 2749 2788 
1434 1470 2750 2756 
1470 1433 2750 2785 
1449 1471 2751 2790 
1471 1432 2751 2772 
1461 1451 2752 2789 
1459 1452 2753 2791 
1450 1472 2754 2798 
1472 1431 2754 2770 
1451 1467 2755 2793 
1443 1470 2756 2792 
1452 1466 2757 2797 
1453 1463 2758 2795 
1454 1462 2759 2794 
1465 1455 2760 2796 
1441 1473 2761 2768 
1473 1442 2761 2773 
1444 1474 2762 2800 
1474 1437 2762 2780 
1448 1475 2763 2801 
1475 1435 2763 2775 
1456 1476 2764 2802 
1476 1436 2764 2783 
1464 1453 2765 2799 
1445 1477 2766 2805 
1477 1438 2766 2774 
1439 1478 2767 2776 
1478 1447 2767 2806 
1446 1473 2768 2803 
1440 1479 2769 2786 
1479 1456 2769 2808 
1472 1457 2770 2809 
1457 1468 2771 2807 
1471 1458 2772 2810 
1473 1459 2773 2804 
1477 1454 2774 2811 
1475 1460 2775 2812 
1460 1478 2776 2813 
1455 1480 2777 2816 
1480 1443 2777 2792 
1462 105 2778 2832 
105 1444 2778 2800 
1463 1481 2779 2818 
1481 1445 2779 2805 
1474 1461 2780 2815 
1447 110 2781 2806 
110 1465 2781 2834 
1458 1482 2782 2820 
1482 1446 2782 2803 
1476 1464 2783 2819 
1467 5 2784 2836 
5 1448 2784 2814 
1470 1469 2785 2817 
1466 1479 2786 2821 
1468 1483 2787 2823 
1483 1449 2787 2790 
1469 1484 2788 2826 
1484 1450 2788 2798 
1461 1485 2789 2827 
1485 1451 2789 2793 
1483 1471 2790 2825 
1459 96 2791 2831 
96 1452 2791 2822 
1480 1470 2792 2828 
1485 1467 2793 2829 
1454 104 2794 2833 
104 1462 2794 2832 
1453 101 2795 2799 
101 1463 2795 2830 
1465 111 2796 2834 
111 1455 2796 2816 
1452 97 2797 2822 
97 1466 2797 2821 
1484 1472 2798 2835 
1464 101 2799 2840 
105 1474 2800 2845 
1448 108 2801 2814 
108 1475 2801 2852 
1456 99 2802 2824 
99 1476 2802 2846 
1482 1473 2803 2837 
1473 3 2804 2841 
3 1459 2804 2831 
1481 1477 2805 2839 
1478 110 2806 2848 
1457 91 2807 2809 
91 1468 2807 2842 
1479 98 2808 2850 
98 1456 2808 2824 
1472 91 2809 2844 
1471 94 2810 2843 
94 1458 2810 2820 
1477 103 2811 2853 
103 1454 2811 2833 
1475 109 2812 2852 
109 1460 2812 2813 
109 1478 2813 2848 
1474 106 2815 2845 
106 1461 2815 2827 
111 1480 2816 2854 
1470 113 2817 2828 
113 1469 2817 2838 
1463 4 2818 2830 
4 1481 2818 2847 
1476 100 2819 2846 
100 1464 2819 2840 
94 1482 2820 2856 
97 1479 2821 2850 
1468 92 2823 2842 
92 1483 2823 2849 
1483 93 2825 2849 
93 1471 2825 2843 
1469 2 2826 2838 
2 1484 2826 2851 
106 1485 2827 2857 
1480 113 2828 2855 
1485 107 2829 2857 
107 1467 2829 2836 
1484 90 2835 2851 
90 1472 2835 2844 
1482 95 2837 2856 
95 1473 2837 2841 
1481 102 2839 2847 
102 1477 2839 2853 
112 1480 2854 2855 
