-0.0705282 -0.0705282 -0.0705282 -0.0705282 
-18.6928 -18.6928 -18.6928 -18.6928 
2.22861 2.22861 2.22861 2.22861 
0.468891 0.468891 0.468891 0.468891 
4.52802 4.52802 4.52802 4.52802 
-19.3304 -19.3304 -19.3304 -19.3304 
-2.69768 -2.69768 -2.69768 -2.69768 
-16.653 -16.653 -16.653 -16.653 
-5.99667 -5.99667 -5.99667 -5.99667 
-12.3511 -12.3511 -12.3511 -12.3511 
0.0397599 0.0397599 0.0397599 0.0397599 
2.23941 2.23941 2.23941 2.23941 
4.66252 4.66252 4.66252 4.66252 
1.10118 1.10118 1.10118 1.10118 
-57.1572 -57.1572 -57.1572 -57.1572 
-14.6394 -14.6394 -14.6394 -14.6394 
-14.3429 -14.3429 -14.3429 -14.3429 
-0.283833 -0.283833 -0.283833 -0.283833 
-4.36103 -4.36103 -4.36103 -4.36103 
-49.3567 -49.3567 -49.3567 -49.3567 
-0.949623 -0.949623 -0.949623 -0.949623 
-13.1328 -13.1328 -13.1328 -13.1328 
0.492911 0.492911 0.492911 0.492911 
-16.7028 -16.7028 -16.7028 -16.7028 
1.00785 1.00785 1.00785 1.00785 
-1.84179 -1.84179 -1.84179 -1.84179 
-48.3144 -48.3144 -48.3144 -48.3144 
-0.531429 -0.531429 -0.531429 -0.531429 
-18.248 -18.248 -18.248 -18.248 
-30.5068 -30.5068 -30.5068 -30.5068 
-33.2455 -33.2455 -33.2455 -33.2455 
0.628755 0.628755 0.628755 0.628755 
-12.0254 -12.0254 -12.0254 -12.0254 
2.16957 2.16957 2.16957 2.16957 
0.941506 0.941506 0.941506 0.941506 
1.2947 1.2947 1.2947 1.2947 
-9.6078 -9.6078 -9.6078 -9.6078 
2.6016 2.6016 2.6016 2.6016 
-1.23675 -1.23675 -1.23675 -1.23675 
-5.25741 -5.25741 -5.25741 -5.25741 
-6.19528 -6.19528 -6.19528 -6.19528 
-0.567384 -0.567384 -0.567384 -0.567384 
wall y velocity
0.0998428
-0.458631